#
# There is insufficient memory for the Java Runtime Environment to continue.
# Native memory allocation (malloc) failed to allocate 813536 bytes for Chunk::new
# Possible reasons:
#   The system is out of physical RAM or swap space
#   The process is running with CompressedOops enabled, and the Java Heap may be blocking the growth of the native heap
# Possible solutions:
#   Reduce memory load on the system
#   Increase physical memory or swap space
#   Check if swap backing store is full
#   Decrease Java heap size (-Xmx/-Xms)
#   Decrease number of Java threads
#   Decrease Java thread stack sizes (-Xss)
#   Set larger code cache with -XX:ReservedCodeCacheSize=
#   JVM is running with Unscaled Compressed Oops mode in which the Java heap is
#     placed in the first 4GB address space. The Java Heap base address is the
#     maximum limit for the native heap growth. Please use -XX:HeapBaseMinAddress
#     to set the Java Heap base and to place the Java Heap above 4GB virtual address.
# This output file may be truncated or incomplete.
#
#  Out of Memory Error (./src/hotspot/share/memory/arena.cpp:197), pid=15704, tid=18288
#
# JRE version: OpenJDK Runtime Environment (11.0.13) (build 11.0.13+0-b1751.21-8125866)
# Java VM: OpenJDK 64-Bit Server VM (11.0.13+0-b1751.21-8125866, mixed mode, tiered, compressed oops, g1 gc, windows-amd64)
# No core dump will be written. Minidumps are not enabled by default on client versions of Windows
#

---------------  S U M M A R Y ------------

Command Line: -XX:MaxMetaspaceSize=512m --add-opens=java.base/java.util=ALL-UNNAMED --add-opens=java.base/java.lang=ALL-UNNAMED --add-opens=java.base/java.lang.invoke=ALL-UNNAMED --add-opens=java.base/java.util=ALL-UNNAMED --add-opens=java.prefs/java.util.prefs=ALL-UNNAMED --add-opens=java.prefs/java.util.prefs=ALL-UNNAMED --add-opens=java.base/java.nio.charset=ALL-UNNAMED --add-opens=java.base/java.net=ALL-UNNAMED --add-opens=java.base/java.util.concurrent.atomic=ALL-UNNAMED -Xmx2048m -Dfile.encoding=windows-1252 -Duser.country=US -Duser.language=en -Duser.variant org.gradle.launcher.daemon.bootstrap.GradleDaemon 7.5.1

Host: Intel(R) Core(TM) i5-3320M CPU @ 2.60GHz, 4 cores, 3G,  Windows 10 , 64 bit Build 19041 (10.0.19041.3155)
Time: Thu Jul 20 13:57:17 2023 Pakistan Standard Time elapsed time: 78.596986 seconds (0d 0h 1m 18s)

---------------  T H R E A D  ---------------

Current thread (0x000002202a8d3800):  JavaThread "C2 CompilerThread1" daemon [_thread_in_native, id=18288, stack(0x0000005c7b600000,0x0000005c7b700000)]


Current CompileTask:
C2:  78597 19871       4       com.android.tools.r8.internal.GM::a (447 bytes)

Stack: [0x0000005c7b600000,0x0000005c7b700000]
Native frames: (J=compiled Java code, j=interpreted, Vv=VM code, C=native code)
V  [jvm.dll+0x6100fa]
V  [jvm.dll+0x747090]
V  [jvm.dll+0x7486ad]
V  [jvm.dll+0x748d83]
V  [jvm.dll+0x24ab48]
V  [jvm.dll+0xc04dc]
V  [jvm.dll+0xc0a0c]
V  [jvm.dll+0x2bfab4]
V  [jvm.dll+0x524238]
V  [jvm.dll+0x204802]
V  [jvm.dll+0x2023c2]
V  [jvm.dll+0x188e01]
V  [jvm.dll+0x21106b]
V  [jvm.dll+0x20f8c1]
V  [jvm.dll+0x70de0f]
V  [jvm.dll+0x706a75]
V  [jvm.dll+0x60ed66]
C  [ucrtbase.dll+0x21bb2]
C  [KERNEL32.DLL+0x17614]
C  [ntdll.dll+0x526b1]


---------------  P R O C E S S  ---------------

Threads class SMR info:
_java_thread_list=0x00000220224454e0, length=92, elements={
0x00000220033a0800, 0x000002201d76e800, 0x000002201d76f800, 0x000002201d7cf000,
0x000002201d7d0000, 0x000002201d7d1000, 0x000002201d7d4800, 0x000002201d7d7800,
0x000002201d7d8800, 0x000002201da36000, 0x000002201fa12800, 0x000002201f0a1800,
0x000002201f2dd000, 0x000002201f019800, 0x000002201f175800, 0x000002201dead000,
0x000002201dc71000, 0x000002201ef7f000, 0x000002201ec1d000, 0x000002201f1a1000,
0x000002201f1a0800, 0x000002201f19e800, 0x000002201f19f800, 0x000002201dc17000,
0x000002201dc12000, 0x000002201dc15800, 0x000002201dc14800, 0x000002201dc16800,
0x000002201dc18000, 0x000002201dc14000, 0x000002201dc18800, 0x000002201dc1c000,
0x000002201dc1d000, 0x000002201dc1d800, 0x000002201dc20000, 0x000002201dc1e800,
0x000002201dc1f800, 0x000002201dc1a800, 0x000002201dc21000, 0x0000022024250000,
0x000002202424e800, 0x000002202424c000, 0x000002202424a800, 0x0000022024251000,
0x000002202424d800, 0x000002202424f800, 0x000002202424b000, 0x0000022024252000,
0x0000022024252800, 0x000002202424d000, 0x0000022024255000, 0x0000022024258800,
0x0000022024256000, 0x0000022024253800, 0x0000022024256800, 0x0000022024259000,
0x0000022024254000, 0x0000022024257800, 0x0000022024894800, 0x0000022024892000,
0x0000022024891000, 0x0000022024892800, 0x0000022024895000, 0x0000022024893800,
0x0000022024896000, 0x0000022024890000, 0x0000022024898800, 0x000002202489c800,
0x000002202489b800, 0x0000022024899000, 0x000002202489a000, 0x000002202489b000,
0x0000022024896800, 0x000002202489d800, 0x0000022024897800, 0x000002202489e000,
0x000002202489f000, 0x000002201f7b3000, 0x000002201f7b4000, 0x000002201f7b6800,
0x000002201f7b7000, 0x000002201f7b5000, 0x000002201f7b5800, 0x000002201f7b8000,
0x000002201f7b2800, 0x000002201f7b9800, 0x000002201f7bc000, 0x000002201f7b9000,
0x000002201f7be800, 0x000002201f7bd800, 0x000002201f7bd000, 0x000002202a8d3800
}

Java Threads: ( => current thread )
  0x00000220033a0800 JavaThread "main" [_thread_blocked, id=14412, stack(0x0000005c75200000,0x0000005c75300000)]
  0x000002201d76e800 JavaThread "Reference Handler" daemon [_thread_blocked, id=12956, stack(0x0000005c75900000,0x0000005c75a00000)]
  0x000002201d76f800 JavaThread "Finalizer" daemon [_thread_blocked, id=6088, stack(0x0000005c75a00000,0x0000005c75b00000)]
  0x000002201d7cf000 JavaThread "Signal Dispatcher" daemon [_thread_blocked, id=11736, stack(0x0000005c75b00000,0x0000005c75c00000)]
  0x000002201d7d0000 JavaThread "Attach Listener" daemon [_thread_blocked, id=17444, stack(0x0000005c75c00000,0x0000005c75d00000)]
  0x000002201d7d1000 JavaThread "Service Thread" daemon [_thread_blocked, id=15596, stack(0x0000005c75d00000,0x0000005c75e00000)]
  0x000002201d7d4800 JavaThread "C2 CompilerThread0" daemon [_thread_in_native, id=16768, stack(0x0000005c75e00000,0x0000005c75f00000)]
  0x000002201d7d7800 JavaThread "C1 CompilerThread0" daemon [_thread_blocked, id=18340, stack(0x0000005c75f00000,0x0000005c76000000)]
  0x000002201d7d8800 JavaThread "Sweeper thread" daemon [_thread_blocked, id=2684, stack(0x0000005c76000000,0x0000005c76100000)]
  0x000002201da36000 JavaThread "Common-Cleaner" daemon [_thread_blocked, id=2556, stack(0x0000005c76100000,0x0000005c76200000)]
  0x000002201fa12800 JavaThread "Daemon health stats" [_thread_blocked, id=17116, stack(0x0000005c76400000,0x0000005c76500000)]
  0x000002201f0a1800 JavaThread "Incoming local TCP Connector on port 54857" [_thread_in_native, id=1840, stack(0x0000005c76500000,0x0000005c76600000)]
  0x000002201f2dd000 JavaThread "Daemon periodic checks" [_thread_blocked, id=1180, stack(0x0000005c76600000,0x0000005c76700000)]
  0x000002201f019800 JavaThread "Daemon" [_thread_blocked, id=9604, stack(0x0000005c76700000,0x0000005c76800000)]
  0x000002201f175800 JavaThread "Handler for socket connection from /127.0.0.1:54857 to /127.0.0.1:54858" [_thread_in_native, id=12552, stack(0x0000005c76800000,0x0000005c76900000)]
  0x000002201dead000 JavaThread "Cancel handler" [_thread_blocked, id=10136, stack(0x0000005c76900000,0x0000005c76a00000)]
  0x000002201dc71000 JavaThread "Daemon worker" [_thread_blocked, id=8220, stack(0x0000005c76a00000,0x0000005c76b00000)]
  0x000002201ef7f000 JavaThread "Asynchronous log dispatcher for DefaultDaemonConnection: socket connection from /127.0.0.1:54857 to /127.0.0.1:54858" [_thread_blocked, id=10428, stack(0x0000005c76b00000,0x0000005c76c00000)]
  0x000002201ec1d000 JavaThread "Stdin handler" [_thread_blocked, id=5308, stack(0x0000005c76c00000,0x0000005c76d00000)]
  0x000002201f1a1000 JavaThread "Daemon client event forwarder" [_thread_blocked, id=15412, stack(0x0000005c76d00000,0x0000005c76e00000)]
  0x000002201f1a0800 JavaThread "Cache worker for journal cache (C:\Users\fezia\.gradle\caches\journal-1)" [_thread_blocked, id=4144, stack(0x0000005c76e00000,0x0000005c76f00000)]
  0x000002201f19e800 JavaThread "File lock request listener" [_thread_in_native, id=18168, stack(0x0000005c76f00000,0x0000005c77000000)]
  0x000002201f19f800 JavaThread "Cache worker for file hash cache (C:\Users\fezia\.gradle\caches\7.5.1\fileHashes)" [_thread_blocked, id=8640, stack(0x0000005c77200000,0x0000005c77300000)]
  0x000002201dc17000 JavaThread "File watcher server" daemon [_thread_in_native, id=7488, stack(0x0000005c77300000,0x0000005c77400000)]
  0x000002201dc12000 JavaThread "File watcher consumer" daemon [_thread_blocked, id=17628, stack(0x0000005c77400000,0x0000005c77500000)]
  0x000002201dc15800 JavaThread "Cache worker for checksums cache (C:\Users\fezia\Tradly\android\.gradle\7.5.1\checksums)" [_thread_blocked, id=5276, stack(0x0000005c77500000,0x0000005c77600000)]
  0x000002201dc14800 JavaThread "Cache worker for cache directory md-rule (C:\Users\fezia\.gradle\caches\7.5.1\md-rule)" [_thread_blocked, id=12992, stack(0x0000005c77600000,0x0000005c77700000)]
  0x000002201dc16800 JavaThread "Cache worker for file content cache (C:\Users\fezia\.gradle\caches\7.5.1\fileContent)" [_thread_blocked, id=18352, stack(0x0000005c77700000,0x0000005c77800000)]
  0x000002201dc18000 JavaThread "Cache worker for file hash cache (C:\Users\fezia\Tradly\android\.gradle\7.5.1\fileHashes)" [_thread_blocked, id=6648, stack(0x0000005c77800000,0x0000005c77900000)]
  0x000002201dc14000 JavaThread "Cache worker for cache directory md-supplier (C:\Users\fezia\.gradle\caches\7.5.1\md-supplier)" [_thread_blocked, id=8128, stack(0x0000005c77900000,0x0000005c77a00000)]
  0x000002201dc18800 JavaThread "Cache worker for execution history cache (C:\Users\fezia\.gradle\caches\7.5.1\executionHistory)" [_thread_blocked, id=7728, stack(0x0000005c77a00000,0x0000005c77b00000)]
  0x000002201dc1c000 JavaThread "jar transforms" [_thread_blocked, id=8580, stack(0x0000005c77b00000,0x0000005c77c00000)]
  0x000002201dc1d000 JavaThread "jar transforms Thread 2" [_thread_blocked, id=7328, stack(0x0000005c77c00000,0x0000005c77d00000)]
  0x000002201dc1d800 JavaThread "jar transforms Thread 3" [_thread_blocked, id=12324, stack(0x0000005c77d00000,0x0000005c77e00000)]
  0x000002201dc20000 JavaThread "jar transforms Thread 4" [_thread_blocked, id=5760, stack(0x0000005c77e00000,0x0000005c77f00000)]
  0x000002201dc1e800 JavaThread "Cache worker for kotlin-dsl (C:\Users\fezia\.gradle\caches\7.5.1\kotlin-dsl)" [_thread_blocked, id=8300, stack(0x0000005c77f00000,0x0000005c78000000)]
  0x000002201dc1f800 JavaThread "Cache worker for dependencies-accessors (C:\Users\fezia\Tradly\android\.gradle\7.5.1\dependencies-accessors)" [_thread_blocked, id=9884, stack(0x0000005c78000000,0x0000005c78100000)]
  0x000002201dc1a800 JavaThread "Cache worker for Build Output Cleanup Cache (C:\Users\fezia\Tradly\node_modules\react-native-gradle-plugin\.gradle\buildOutputCleanup)" [_thread_blocked, id=1888, stack(0x0000005c78100000,0x0000005c78200000)]
  0x000002201dc21000 JavaThread "Unconstrained build operations" [_thread_blocked, id=1916, stack(0x0000005c78200000,0x0000005c78300000)]
  0x0000022024250000 JavaThread "Unconstrained build operations Thread 2" [_thread_blocked, id=8832, stack(0x0000005c78300000,0x0000005c78400000)]
  0x000002202424e800 JavaThread "Unconstrained build operations Thread 3" [_thread_blocked, id=12376, stack(0x0000005c78400000,0x0000005c78500000)]
  0x000002202424c000 JavaThread "Unconstrained build operations Thread 4" [_thread_blocked, id=14724, stack(0x0000005c78500000,0x0000005c78600000)]
  0x000002202424a800 JavaThread "Unconstrained build operations Thread 5" [_thread_blocked, id=7608, stack(0x0000005c78600000,0x0000005c78700000)]
  0x0000022024251000 JavaThread "Unconstrained build operations Thread 6" [_thread_blocked, id=14008, stack(0x0000005c78700000,0x0000005c78800000)]
  0x000002202424d800 JavaThread "Unconstrained build operations Thread 7" [_thread_blocked, id=2484, stack(0x0000005c78800000,0x0000005c78900000)]
  0x000002202424f800 JavaThread "Unconstrained build operations Thread 8" [_thread_blocked, id=11780, stack(0x0000005c78900000,0x0000005c78a00000)]
  0x000002202424b000 JavaThread "Unconstrained build operations Thread 9" [_thread_blocked, id=7140, stack(0x0000005c78a00000,0x0000005c78b00000)]
  0x0000022024252000 JavaThread "Unconstrained build operations Thread 10" [_thread_blocked, id=3316, stack(0x0000005c78b00000,0x0000005c78c00000)]
  0x0000022024252800 JavaThread "Unconstrained build operations Thread 11" [_thread_blocked, id=16008, stack(0x0000005c78c00000,0x0000005c78d00000)]
  0x000002202424d000 JavaThread "Unconstrained build operations Thread 12" [_thread_blocked, id=5616, stack(0x0000005c78d00000,0x0000005c78e00000)]
  0x0000022024255000 JavaThread "Unconstrained build operations Thread 13" [_thread_blocked, id=3952, stack(0x0000005c78e00000,0x0000005c78f00000)]
  0x0000022024258800 JavaThread "Unconstrained build operations Thread 14" [_thread_blocked, id=15328, stack(0x0000005c78f00000,0x0000005c79000000)]
  0x0000022024256000 JavaThread "Unconstrained build operations Thread 15" [_thread_blocked, id=12536, stack(0x0000005c79000000,0x0000005c79100000)]
  0x0000022024253800 JavaThread "Unconstrained build operations Thread 16" [_thread_blocked, id=8648, stack(0x0000005c79100000,0x0000005c79200000)]
  0x0000022024256800 JavaThread "Unconstrained build operations Thread 17" [_thread_blocked, id=5884, stack(0x0000005c79200000,0x0000005c79300000)]
  0x0000022024259000 JavaThread "Unconstrained build operations Thread 18" [_thread_blocked, id=10520, stack(0x0000005c79300000,0x0000005c79400000)]
  0x0000022024254000 JavaThread "Unconstrained build operations Thread 19" [_thread_blocked, id=3028, stack(0x0000005c79400000,0x0000005c79500000)]
  0x0000022024257800 JavaThread "Unconstrained build operations Thread 20" [_thread_blocked, id=8848, stack(0x0000005c79500000,0x0000005c79600000)]
  0x0000022024894800 JavaThread "Unconstrained build operations Thread 21" [_thread_blocked, id=14808, stack(0x0000005c79600000,0x0000005c79700000)]
  0x0000022024892000 JavaThread "Unconstrained build operations Thread 22" [_thread_blocked, id=18424, stack(0x0000005c79700000,0x0000005c79800000)]
  0x0000022024891000 JavaThread "Unconstrained build operations Thread 23" [_thread_blocked, id=6468, stack(0x0000005c79800000,0x0000005c79900000)]
  0x0000022024892800 JavaThread "Unconstrained build operations Thread 24" [_thread_blocked, id=2256, stack(0x0000005c79900000,0x0000005c79a00000)]
  0x0000022024895000 JavaThread "Unconstrained build operations Thread 25" [_thread_blocked, id=3488, stack(0x0000005c79a00000,0x0000005c79b00000)]
  0x0000022024893800 JavaThread "Unconstrained build operations Thread 26" [_thread_blocked, id=5956, stack(0x0000005c79b00000,0x0000005c79c00000)]
  0x0000022024896000 JavaThread "Unconstrained build operations Thread 27" [_thread_blocked, id=11200, stack(0x0000005c79c00000,0x0000005c79d00000)]
  0x0000022024890000 JavaThread "Unconstrained build operations Thread 28" [_thread_blocked, id=8476, stack(0x0000005c79d00000,0x0000005c79e00000)]
  0x0000022024898800 JavaThread "Unconstrained build operations Thread 29" [_thread_blocked, id=17788, stack(0x0000005c79e00000,0x0000005c79f00000)]
  0x000002202489c800 JavaThread "Unconstrained build operations Thread 30" [_thread_blocked, id=1856, stack(0x0000005c79f00000,0x0000005c7a000000)]
  0x000002202489b800 JavaThread "Unconstrained build operations Thread 31" [_thread_blocked, id=9664, stack(0x0000005c7a000000,0x0000005c7a100000)]
  0x0000022024899000 JavaThread "Unconstrained build operations Thread 32" [_thread_blocked, id=344, stack(0x0000005c7a100000,0x0000005c7a200000)]
  0x000002202489a000 JavaThread "Unconstrained build operations Thread 33" [_thread_blocked, id=15688, stack(0x0000005c7a200000,0x0000005c7a300000)]
  0x000002202489b000 JavaThread "build event listener" [_thread_blocked, id=16392, stack(0x0000005c7a300000,0x0000005c7a400000)]
  0x0000022024896800 JavaThread "Memory manager" [_thread_blocked, id=13148, stack(0x0000005c7a400000,0x0000005c7a500000)]
  0x000002202489d800 JavaThread "Cache worker for Build Output Cleanup Cache (C:\Users\fezia\Tradly\android\.gradle\buildOutputCleanup)" [_thread_blocked, id=2936, stack(0x0000005c74f00000,0x0000005c75000000)]
  0x0000022024897800 JavaThread "included builds" [_thread_blocked, id=14080, stack(0x0000005c7a500000,0x0000005c7a600000)]
  0x000002202489e000 JavaThread "Execution worker" [_thread_in_vm, id=6140, stack(0x0000005c7a600000,0x0000005c7a700000)]
  0x000002202489f000 JavaThread "Execution worker Thread 2" [_thread_blocked, id=5328, stack(0x0000005c7a700000,0x0000005c7a800000)]
  0x000002201f7b3000 JavaThread "Execution worker Thread 3" [_thread_blocked, id=9916, stack(0x0000005c7a800000,0x0000005c7a900000)]
  0x000002201f7b4000 JavaThread "Cache worker for execution history cache (C:\Users\fezia\Tradly\node_modules\react-native-gradle-plugin\.gradle\7.5.1\executionHistory)" [_thread_blocked, id=13556, stack(0x0000005c7a900000,0x0000005c7aa00000)]
  0x000002201f7b6800 JavaThread "Unconstrained build operations Thread 34" [_thread_blocked, id=8392, stack(0x0000005c7aa00000,0x0000005c7ab00000)]
  0x000002201f7b7000 JavaThread "Unconstrained build operations Thread 35" [_thread_blocked, id=14432, stack(0x0000005c7ab00000,0x0000005c7ac00000)]
  0x000002201f7b5000 JavaThread "Unconstrained build operations Thread 36" [_thread_blocked, id=12172, stack(0x0000005c7ac00000,0x0000005c7ad00000)]
  0x000002201f7b5800 JavaThread "Unconstrained build operations Thread 37" [_thread_blocked, id=13320, stack(0x0000005c7ad00000,0x0000005c7ae00000)]
  0x000002201f7b8000 JavaThread "Unconstrained build operations Thread 38" [_thread_blocked, id=6028, stack(0x0000005c7ae00000,0x0000005c7af00000)]
  0x000002201f7b2800 JavaThread "Unconstrained build operations Thread 39" [_thread_blocked, id=544, stack(0x0000005c7af00000,0x0000005c7b000000)]
  0x000002201f7b9800 JavaThread "Unconstrained build operations Thread 40" [_thread_blocked, id=5716, stack(0x0000005c7b000000,0x0000005c7b100000)]
  0x000002201f7bc000 JavaThread "pool-3-thread-1" [_thread_blocked, id=7044, stack(0x0000005c7b300000,0x0000005c7b400000)]
  0x000002201f7b9000 JavaThread "build event listener" [_thread_blocked, id=5628, stack(0x0000005c7b400000,0x0000005c7b500000)]
  0x000002201f7be800 JavaThread "Cache worker for execution history cache (C:\Users\fezia\Tradly\android\.gradle\7.5.1\executionHistory)" [_thread_blocked, id=7128, stack(0x0000005c7b500000,0x0000005c7b600000)]
  0x000002201f7bd800 JavaThread "WorkerExecutor Queue" [_thread_blocked, id=16968, stack(0x0000005c75000000,0x0000005c75100000)]
  0x000002201f7bd000 JavaThread "WorkerExecutor Queue Thread 2" [_thread_blocked, id=9836, stack(0x0000005c75100000,0x0000005c75200000)]
=>0x000002202a8d3800 JavaThread "C2 CompilerThread1" daemon [_thread_in_native, id=18288, stack(0x0000005c7b600000,0x0000005c7b700000)]

Other Threads:
  0x000002201d768800 VMThread "VM Thread" [stack: 0x0000005c75800000,0x0000005c75900000] [id=14776]
  0x000002201da63000 WatcherThread [stack: 0x0000005c76200000,0x0000005c76300000] [id=16728]
  0x00000220033b9000 GCTaskThread "GC Thread#0" [stack: 0x0000005c75300000,0x0000005c75400000] [id=10956]
  0x000002201dc89000 GCTaskThread "GC Thread#1" [stack: 0x0000005c76300000,0x0000005c76400000] [id=13816]
  0x000002201dc64000 GCTaskThread "GC Thread#2" [stack: 0x0000005c77000000,0x0000005c77100000] [id=18116]
  0x000002201fa06800 GCTaskThread "GC Thread#3" [stack: 0x0000005c77100000,0x0000005c77200000] [id=15444]
  0x00000220033e8000 ConcurrentGCThread "G1 Main Marker" [stack: 0x0000005c75400000,0x0000005c75500000] [id=4468]
  0x00000220033e9800 ConcurrentGCThread "G1 Conc#0" [stack: 0x0000005c75500000,0x0000005c75600000] [id=11676]
  0x0000022003442800 ConcurrentGCThread "G1 Refine#0" [stack: 0x0000005c75600000,0x0000005c75700000] [id=16328]
  0x0000022003443800 ConcurrentGCThread "G1 Young RemSet Sampling" [stack: 0x0000005c75700000,0x0000005c75800000] [id=5388]

Threads with active compile tasks:
C2 CompilerThread0  78651 19670 %     4       com.android.tools.r8.ir.regalloc.b::a @ 682 (1831 bytes)
C2 CompilerThread1  78651 19871       4       com.android.tools.r8.internal.GM::a (447 bytes)

VM state:not at safepoint (normal execution)

VM Mutex/Monitor currently owned by a thread: None

OutOfMemory and StackOverflow Exception counts:
StackOverflowErrors=1
LinkageErrors=140

Heap address: 0x0000000080000000, size: 2048 MB, Compressed Oops mode: 32-bit
Narrow klass base: 0x0000000000000000, Narrow klass shift: 3
Compressed class space size: 528482304 Address: 0x0000000100000000

Heap:
 garbage-first heap   total 342016K, used 238883K [0x0000000080000000, 0x0000000100000000)
  region size 1024K, 52 young (53248K), 7 survivors (7168K)
 Metaspace       used 128617K, capacity 132650K, committed 132816K, reserved 632832K
  class space    used 16497K, capacity 17986K, committed 18048K, reserved 516096K
Heap Regions: E=young(eden), S=young(survivor), O=old, HS=humongous(starts), HC=humongous(continues), CS=collection set, F=free, A=archive, TAMS=top-at-mark-start (previous, next)
|   0|0x0000000080000000, 0x0000000080100000, 0x0000000080100000|100%|HS|  |TAMS 0x0000000080100000, 0x0000000080100000| Complete 
|   1|0x0000000080100000, 0x0000000080200000, 0x0000000080200000|100%|HC|  |TAMS 0x0000000080200000, 0x0000000080200000| Complete 
|   2|0x0000000080200000, 0x0000000080300000, 0x0000000080300000|100%|HC|  |TAMS 0x0000000080300000, 0x0000000080300000| Complete 
|   3|0x0000000080300000, 0x0000000080400000, 0x0000000080400000|100%| O|  |TAMS 0x0000000080400000, 0x0000000080400000| Untracked 
|   4|0x0000000080400000, 0x0000000080500000, 0x0000000080500000|100%| O|  |TAMS 0x0000000080500000, 0x0000000080500000| Untracked 
|   5|0x0000000080500000, 0x0000000080600000, 0x0000000080600000|100%| O|  |TAMS 0x0000000080600000, 0x0000000080600000| Untracked 
|   6|0x0000000080600000, 0x0000000080700000, 0x0000000080700000|100%| O|  |TAMS 0x0000000080700000, 0x0000000080700000| Untracked 
|   7|0x0000000080700000, 0x0000000080800000, 0x0000000080800000|100%| O|  |TAMS 0x0000000080800000, 0x0000000080800000| Untracked 
|   8|0x0000000080800000, 0x0000000080900000, 0x0000000080900000|100%| O|  |TAMS 0x0000000080900000, 0x0000000080900000| Untracked 
|   9|0x0000000080900000, 0x0000000080a00000, 0x0000000080a00000|100%| O|  |TAMS 0x0000000080a00000, 0x0000000080a00000| Untracked 
|  10|0x0000000080a00000, 0x0000000080b00000, 0x0000000080b00000|100%| O|  |TAMS 0x0000000080b00000, 0x0000000080b00000| Untracked 
|  11|0x0000000080b00000, 0x0000000080c00000, 0x0000000080c00000|100%| O|  |TAMS 0x0000000080c00000, 0x0000000080c00000| Untracked 
|  12|0x0000000080c00000, 0x0000000080d00000, 0x0000000080d00000|100%| O|  |TAMS 0x0000000080d00000, 0x0000000080d00000| Untracked 
|  13|0x0000000080d00000, 0x0000000080e00000, 0x0000000080e00000|100%| O|  |TAMS 0x0000000080e00000, 0x0000000080e00000| Untracked 
|  14|0x0000000080e00000, 0x0000000080f00000, 0x0000000080f00000|100%| O|  |TAMS 0x0000000080f00000, 0x0000000080f00000| Untracked 
|  15|0x0000000080f00000, 0x0000000081000000, 0x0000000081000000|100%| O|  |TAMS 0x0000000081000000, 0x0000000081000000| Untracked 
|  16|0x0000000081000000, 0x0000000081100000, 0x0000000081100000|100%| O|  |TAMS 0x0000000081100000, 0x0000000081100000| Untracked 
|  17|0x0000000081100000, 0x0000000081200000, 0x0000000081200000|100%| O|  |TAMS 0x0000000081200000, 0x0000000081200000| Untracked 
|  18|0x0000000081200000, 0x0000000081300000, 0x0000000081300000|100%| O|  |TAMS 0x0000000081300000, 0x0000000081300000| Untracked 
|  19|0x0000000081300000, 0x0000000081400000, 0x0000000081400000|100%| O|  |TAMS 0x0000000081400000, 0x0000000081400000| Untracked 
|  20|0x0000000081400000, 0x0000000081500000, 0x0000000081500000|100%| O|  |TAMS 0x0000000081500000, 0x0000000081500000| Untracked 
|  21|0x0000000081500000, 0x0000000081600000, 0x0000000081600000|100%| O|  |TAMS 0x0000000081600000, 0x0000000081600000| Untracked 
|  22|0x0000000081600000, 0x0000000081700000, 0x0000000081700000|100%| O|  |TAMS 0x0000000081700000, 0x0000000081700000| Untracked 
|  23|0x0000000081700000, 0x0000000081800000, 0x0000000081800000|100%| O|  |TAMS 0x0000000081800000, 0x0000000081800000| Untracked 
|  24|0x0000000081800000, 0x0000000081900000, 0x0000000081900000|100%| O|  |TAMS 0x0000000081900000, 0x0000000081900000| Untracked 
|  25|0x0000000081900000, 0x0000000081a00000, 0x0000000081a00000|100%| O|  |TAMS 0x0000000081a00000, 0x0000000081a00000| Untracked 
|  26|0x0000000081a00000, 0x0000000081b00000, 0x0000000081b00000|100%| O|  |TAMS 0x0000000081b00000, 0x0000000081b00000| Untracked 
|  27|0x0000000081b00000, 0x0000000081c00000, 0x0000000081c00000|100%| O|  |TAMS 0x0000000081c00000, 0x0000000081c00000| Untracked 
|  28|0x0000000081c00000, 0x0000000081d00000, 0x0000000081d00000|100%| O|  |TAMS 0x0000000081d00000, 0x0000000081d00000| Untracked 
|  29|0x0000000081d00000, 0x0000000081e00000, 0x0000000081e00000|100%| O|  |TAMS 0x0000000081e00000, 0x0000000081e00000| Untracked 
|  30|0x0000000081e00000, 0x0000000081f00000, 0x0000000081f00000|100%| O|  |TAMS 0x0000000081f00000, 0x0000000081f00000| Untracked 
|  31|0x0000000081f00000, 0x0000000082000000, 0x0000000082000000|100%| O|  |TAMS 0x0000000082000000, 0x0000000082000000| Untracked 
|  32|0x0000000082000000, 0x0000000082100000, 0x0000000082100000|100%|HS|  |TAMS 0x0000000082100000, 0x0000000082100000| Complete 
|  33|0x0000000082100000, 0x0000000082200000, 0x0000000082200000|100%| O|  |TAMS 0x0000000082200000, 0x0000000082200000| Untracked 
|  34|0x0000000082200000, 0x0000000082300000, 0x0000000082300000|100%|HS|  |TAMS 0x0000000082300000, 0x0000000082300000| Complete 
|  35|0x0000000082300000, 0x0000000082400000, 0x0000000082400000|100%|HC|  |TAMS 0x0000000082400000, 0x0000000082400000| Complete 
|  36|0x0000000082400000, 0x0000000082500000, 0x0000000082500000|100%|HC|  |TAMS 0x0000000082500000, 0x0000000082500000| Complete 
|  37|0x0000000082500000, 0x0000000082600000, 0x0000000082600000|100%| O|  |TAMS 0x0000000082600000, 0x0000000082600000| Untracked 
|  38|0x0000000082600000, 0x0000000082700000, 0x0000000082700000|100%| O|  |TAMS 0x0000000082700000, 0x0000000082700000| Untracked 
|  39|0x0000000082700000, 0x0000000082800000, 0x0000000082800000|100%| O|  |TAMS 0x0000000082800000, 0x0000000082800000| Untracked 
|  40|0x0000000082800000, 0x0000000082900000, 0x0000000082900000|100%| O|  |TAMS 0x0000000082900000, 0x0000000082900000| Untracked 
|  41|0x0000000082900000, 0x0000000082a00000, 0x0000000082a00000|100%| O|  |TAMS 0x0000000082a00000, 0x0000000082a00000| Untracked 
|  42|0x0000000082a00000, 0x0000000082b00000, 0x0000000082b00000|100%| O|  |TAMS 0x0000000082b00000, 0x0000000082b00000| Untracked 
|  43|0x0000000082b00000, 0x0000000082c00000, 0x0000000082c00000|100%| O|  |TAMS 0x0000000082c00000, 0x0000000082c00000| Untracked 
|  44|0x0000000082c00000, 0x0000000082d00000, 0x0000000082d00000|100%| O|  |TAMS 0x0000000082d00000, 0x0000000082d00000| Untracked 
|  45|0x0000000082d00000, 0x0000000082e00000, 0x0000000082e00000|100%| O|  |TAMS 0x0000000082e00000, 0x0000000082e00000| Untracked 
|  46|0x0000000082e00000, 0x0000000082f00000, 0x0000000082f00000|100%| O|  |TAMS 0x0000000082f00000, 0x0000000082f00000| Untracked 
|  47|0x0000000082f00000, 0x0000000083000000, 0x0000000083000000|100%| O|  |TAMS 0x0000000083000000, 0x0000000083000000| Untracked 
|  48|0x0000000083000000, 0x0000000083100000, 0x0000000083100000|100%| O|  |TAMS 0x0000000083100000, 0x0000000083100000| Untracked 
|  49|0x0000000083100000, 0x0000000083200000, 0x0000000083200000|100%| O|  |TAMS 0x0000000083200000, 0x0000000083200000| Untracked 
|  50|0x0000000083200000, 0x0000000083300000, 0x0000000083300000|100%| O|  |TAMS 0x0000000083300000, 0x0000000083300000| Untracked 
|  51|0x0000000083300000, 0x0000000083400000, 0x0000000083400000|100%| O|  |TAMS 0x0000000083400000, 0x0000000083400000| Untracked 
|  52|0x0000000083400000, 0x0000000083500000, 0x0000000083500000|100%|HS|  |TAMS 0x0000000083500000, 0x0000000083500000| Complete 
|  53|0x0000000083500000, 0x0000000083600000, 0x0000000083600000|100%|HS|  |TAMS 0x0000000083600000, 0x0000000083600000| Complete 
|  54|0x0000000083600000, 0x0000000083700000, 0x0000000083700000|100%| O|  |TAMS 0x0000000083700000, 0x0000000083700000| Untracked 
|  55|0x0000000083700000, 0x0000000083800000, 0x0000000083800000|100%| O|  |TAMS 0x0000000083800000, 0x0000000083800000| Untracked 
|  56|0x0000000083800000, 0x0000000083900000, 0x0000000083900000|100%| O|  |TAMS 0x0000000083900000, 0x0000000083900000| Untracked 
|  57|0x0000000083900000, 0x0000000083a00000, 0x0000000083a00000|100%| O|  |TAMS 0x0000000083a00000, 0x0000000083a00000| Untracked 
|  58|0x0000000083a00000, 0x0000000083b00000, 0x0000000083b00000|100%| O|  |TAMS 0x0000000083b00000, 0x0000000083b00000| Untracked 
|  59|0x0000000083b00000, 0x0000000083c00000, 0x0000000083c00000|100%|HS|  |TAMS 0x0000000083c00000, 0x0000000083c00000| Complete 
|  60|0x0000000083c00000, 0x0000000083d00000, 0x0000000083d00000|100%|HC|  |TAMS 0x0000000083d00000, 0x0000000083d00000| Complete 
|  61|0x0000000083d00000, 0x0000000083e00000, 0x0000000083e00000|100%| O|  |TAMS 0x0000000083e00000, 0x0000000083e00000| Untracked 
|  62|0x0000000083e00000, 0x0000000083f00000, 0x0000000083f00000|100%| O|  |TAMS 0x0000000083f00000, 0x0000000083f00000| Untracked 
|  63|0x0000000083f00000, 0x0000000084000000, 0x0000000084000000|100%| O|  |TAMS 0x0000000084000000, 0x0000000084000000| Untracked 
|  64|0x0000000084000000, 0x0000000084100000, 0x0000000084100000|100%| O|  |TAMS 0x0000000084100000, 0x0000000084100000| Untracked 
|  65|0x0000000084100000, 0x0000000084200000, 0x0000000084200000|100%| O|  |TAMS 0x0000000084200000, 0x0000000084200000| Untracked 
|  66|0x0000000084200000, 0x0000000084300000, 0x0000000084300000|100%| O|  |TAMS 0x0000000084300000, 0x0000000084300000| Untracked 
|  67|0x0000000084300000, 0x0000000084400000, 0x0000000084400000|100%| O|  |TAMS 0x0000000084400000, 0x0000000084400000| Untracked 
|  68|0x0000000084400000, 0x0000000084500000, 0x0000000084500000|100%| O|  |TAMS 0x0000000084500000, 0x0000000084500000| Untracked 
|  69|0x0000000084500000, 0x0000000084600000, 0x0000000084600000|100%| O|  |TAMS 0x0000000084600000, 0x0000000084600000| Untracked 
|  70|0x0000000084600000, 0x0000000084700000, 0x0000000084700000|100%| O|  |TAMS 0x0000000084700000, 0x0000000084700000| Untracked 
|  71|0x0000000084700000, 0x0000000084800000, 0x0000000084800000|100%| O|  |TAMS 0x0000000084800000, 0x0000000084800000| Untracked 
|  72|0x0000000084800000, 0x0000000084900000, 0x0000000084900000|100%| O|  |TAMS 0x0000000084900000, 0x0000000084900000| Untracked 
|  73|0x0000000084900000, 0x0000000084a00000, 0x0000000084a00000|100%| O|  |TAMS 0x0000000084a00000, 0x0000000084a00000| Untracked 
|  74|0x0000000084a00000, 0x0000000084b00000, 0x0000000084b00000|100%| O|  |TAMS 0x0000000084b00000, 0x0000000084b00000| Untracked 
|  75|0x0000000084b00000, 0x0000000084c00000, 0x0000000084c00000|100%| O|  |TAMS 0x0000000084c00000, 0x0000000084c00000| Untracked 
|  76|0x0000000084c00000, 0x0000000084d00000, 0x0000000084d00000|100%| O|  |TAMS 0x0000000084d00000, 0x0000000084d00000| Untracked 
|  77|0x0000000084d00000, 0x0000000084e00000, 0x0000000084e00000|100%|HS|  |TAMS 0x0000000084e00000, 0x0000000084e00000| Complete 
|  78|0x0000000084e00000, 0x0000000084f00000, 0x0000000084f00000|100%|HC|  |TAMS 0x0000000084f00000, 0x0000000084f00000| Complete 
|  79|0x0000000084f00000, 0x0000000085000000, 0x0000000085000000|100%|HS|  |TAMS 0x0000000085000000, 0x0000000085000000| Complete 
|  80|0x0000000085000000, 0x0000000085100000, 0x0000000085100000|100%|HC|  |TAMS 0x0000000085100000, 0x0000000085100000| Complete 
|  81|0x0000000085100000, 0x0000000085200000, 0x0000000085200000|100%| O|  |TAMS 0x0000000085200000, 0x0000000085200000| Untracked 
|  82|0x0000000085200000, 0x0000000085300000, 0x0000000085300000|100%| O|  |TAMS 0x0000000085300000, 0x0000000085300000| Untracked 
|  83|0x0000000085300000, 0x0000000085400000, 0x0000000085400000|100%| O|  |TAMS 0x0000000085400000, 0x0000000085400000| Untracked 
|  84|0x0000000085400000, 0x0000000085500000, 0x0000000085500000|100%| O|  |TAMS 0x0000000085500000, 0x0000000085500000| Untracked 
|  85|0x0000000085500000, 0x0000000085600000, 0x0000000085600000|100%| O|  |TAMS 0x0000000085600000, 0x0000000085600000| Untracked 
|  86|0x0000000085600000, 0x0000000085700000, 0x0000000085700000|100%| O|  |TAMS 0x0000000085700000, 0x0000000085700000| Untracked 
|  87|0x0000000085700000, 0x0000000085800000, 0x0000000085800000|100%|HS|  |TAMS 0x0000000085800000, 0x0000000085800000| Complete 
|  88|0x0000000085800000, 0x0000000085900000, 0x0000000085900000|100%|HS|  |TAMS 0x0000000085900000, 0x0000000085900000| Complete 
|  89|0x0000000085900000, 0x0000000085a00000, 0x0000000085a00000|100%|HC|  |TAMS 0x0000000085a00000, 0x0000000085a00000| Complete 
|  90|0x0000000085a00000, 0x0000000085b00000, 0x0000000085b00000|100%|HC|  |TAMS 0x0000000085b00000, 0x0000000085b00000| Complete 
|  91|0x0000000085b00000, 0x0000000085c00000, 0x0000000085c00000|100%| O|  |TAMS 0x0000000085c00000, 0x0000000085c00000| Untracked 
|  92|0x0000000085c00000, 0x0000000085d00000, 0x0000000085d00000|100%| O|  |TAMS 0x0000000085d00000, 0x0000000085d00000| Untracked 
|  93|0x0000000085d00000, 0x0000000085e00000, 0x0000000085e00000|100%| O|  |TAMS 0x0000000085e00000, 0x0000000085e00000| Untracked 
|  94|0x0000000085e00000, 0x0000000085f00000, 0x0000000085f00000|100%| O|  |TAMS 0x0000000085f00000, 0x0000000085f00000| Untracked 
|  95|0x0000000085f00000, 0x0000000086000000, 0x0000000086000000|100%| O|  |TAMS 0x0000000086000000, 0x0000000086000000| Untracked 
|  96|0x0000000086000000, 0x0000000086100000, 0x0000000086100000|100%| O|  |TAMS 0x0000000086100000, 0x0000000086100000| Untracked 
|  97|0x0000000086100000, 0x0000000086200000, 0x0000000086200000|100%| O|  |TAMS 0x0000000086200000, 0x0000000086200000| Untracked 
|  98|0x0000000086200000, 0x0000000086300000, 0x0000000086300000|100%| O|  |TAMS 0x0000000086300000, 0x0000000086300000| Untracked 
|  99|0x0000000086300000, 0x0000000086400000, 0x0000000086400000|100%| O|  |TAMS 0x0000000086400000, 0x0000000086400000| Untracked 
| 100|0x0000000086400000, 0x0000000086500000, 0x0000000086500000|100%| O|  |TAMS 0x0000000086500000, 0x0000000086500000| Untracked 
| 101|0x0000000086500000, 0x0000000086600000, 0x0000000086600000|100%| O|  |TAMS 0x0000000086600000, 0x0000000086600000| Untracked 
| 102|0x0000000086600000, 0x0000000086700000, 0x0000000086700000|100%|HS|  |TAMS 0x0000000086700000, 0x0000000086700000| Complete 
| 103|0x0000000086700000, 0x0000000086800000, 0x0000000086800000|100%|HS|  |TAMS 0x0000000086800000, 0x0000000086800000| Complete 
| 104|0x0000000086800000, 0x0000000086900000, 0x0000000086900000|100%|HS|  |TAMS 0x0000000086900000, 0x0000000086900000| Complete 
| 105|0x0000000086900000, 0x0000000086a00000, 0x0000000086a00000|100%|HC|  |TAMS 0x0000000086a00000, 0x0000000086a00000| Complete 
| 106|0x0000000086a00000, 0x0000000086b00000, 0x0000000086b00000|100%|HC|  |TAMS 0x0000000086b00000, 0x0000000086b00000| Complete 
| 107|0x0000000086b00000, 0x0000000086c00000, 0x0000000086c00000|100%| O|  |TAMS 0x0000000086c00000, 0x0000000086c00000| Untracked 
| 108|0x0000000086c00000, 0x0000000086d00000, 0x0000000086d00000|100%| O|  |TAMS 0x0000000086d00000, 0x0000000086d00000| Untracked 
| 109|0x0000000086d00000, 0x0000000086e00000, 0x0000000086e00000|100%| O|  |TAMS 0x0000000086e00000, 0x0000000086e00000| Untracked 
| 110|0x0000000086e00000, 0x0000000086f00000, 0x0000000086f00000|100%| O|  |TAMS 0x0000000086f00000, 0x0000000086f00000| Untracked 
| 111|0x0000000086f00000, 0x0000000087000000, 0x0000000087000000|100%| O|  |TAMS 0x0000000087000000, 0x0000000087000000| Untracked 
| 112|0x0000000087000000, 0x0000000087100000, 0x0000000087100000|100%| O|  |TAMS 0x0000000087100000, 0x0000000087100000| Untracked 
| 113|0x0000000087100000, 0x0000000087200000, 0x0000000087200000|100%| O|  |TAMS 0x0000000087200000, 0x0000000087200000| Untracked 
| 114|0x0000000087200000, 0x0000000087300000, 0x0000000087300000|100%| O|  |TAMS 0x0000000087300000, 0x0000000087300000| Untracked 
| 115|0x0000000087300000, 0x0000000087400000, 0x0000000087400000|100%| O|  |TAMS 0x0000000087400000, 0x0000000087400000| Untracked 
| 116|0x0000000087400000, 0x0000000087500000, 0x0000000087500000|100%| O|  |TAMS 0x0000000087500000, 0x0000000087500000| Untracked 
| 117|0x0000000087500000, 0x0000000087600000, 0x0000000087600000|100%| O|  |TAMS 0x0000000087600000, 0x0000000087600000| Untracked 
| 118|0x0000000087600000, 0x0000000087700000, 0x0000000087700000|100%| O|  |TAMS 0x0000000087700000, 0x0000000087700000| Untracked 
| 119|0x0000000087700000, 0x0000000087800000, 0x0000000087800000|100%| O|  |TAMS 0x0000000087800000, 0x0000000087800000| Untracked 
| 120|0x0000000087800000, 0x0000000087900000, 0x0000000087900000|100%| O|  |TAMS 0x0000000087900000, 0x0000000087900000| Untracked 
| 121|0x0000000087900000, 0x0000000087a00000, 0x0000000087a00000|100%| O|  |TAMS 0x0000000087a00000, 0x0000000087a00000| Untracked 
| 122|0x0000000087a00000, 0x0000000087b00000, 0x0000000087b00000|100%| O|  |TAMS 0x0000000087b00000, 0x0000000087b00000| Untracked 
| 123|0x0000000087b00000, 0x0000000087c00000, 0x0000000087c00000|100%| O|  |TAMS 0x0000000087c00000, 0x0000000087c00000| Untracked 
| 124|0x0000000087c00000, 0x0000000087d00000, 0x0000000087d00000|100%| O|  |TAMS 0x0000000087d00000, 0x0000000087d00000| Untracked 
| 125|0x0000000087d00000, 0x0000000087e00000, 0x0000000087e00000|100%| O|  |TAMS 0x0000000087e00000, 0x0000000087e00000| Untracked 
| 126|0x0000000087e00000, 0x0000000087f00000, 0x0000000087f00000|100%| O|  |TAMS 0x0000000087f00000, 0x0000000087f00000| Untracked 
| 127|0x0000000087f00000, 0x0000000088000000, 0x0000000088000000|100%| O|  |TAMS 0x0000000088000000, 0x0000000088000000| Untracked 
| 128|0x0000000088000000, 0x0000000088100000, 0x0000000088100000|100%| O|  |TAMS 0x0000000088100000, 0x0000000088100000| Untracked 
| 129|0x0000000088100000, 0x0000000088200000, 0x0000000088200000|100%| O|  |TAMS 0x0000000088200000, 0x0000000088200000| Untracked 
| 130|0x0000000088200000, 0x0000000088300000, 0x0000000088300000|100%| O|  |TAMS 0x0000000088300000, 0x0000000088300000| Untracked 
| 131|0x0000000088300000, 0x0000000088400000, 0x0000000088400000|100%| O|  |TAMS 0x0000000088400000, 0x0000000088400000| Untracked 
| 132|0x0000000088400000, 0x0000000088500000, 0x0000000088500000|100%| O|  |TAMS 0x0000000088500000, 0x0000000088500000| Untracked 
| 133|0x0000000088500000, 0x0000000088600000, 0x0000000088600000|100%| O|  |TAMS 0x0000000088600000, 0x0000000088600000| Untracked 
| 134|0x0000000088600000, 0x0000000088700000, 0x0000000088700000|100%| O|  |TAMS 0x0000000088700000, 0x0000000088700000| Untracked 
| 135|0x0000000088700000, 0x0000000088800000, 0x0000000088800000|100%| O|  |TAMS 0x0000000088800000, 0x0000000088800000| Untracked 
| 136|0x0000000088800000, 0x0000000088900000, 0x0000000088900000|100%| O|  |TAMS 0x0000000088900000, 0x0000000088900000| Untracked 
| 137|0x0000000088900000, 0x0000000088a00000, 0x0000000088a00000|100%| O|  |TAMS 0x0000000088a00000, 0x0000000088a00000| Untracked 
| 138|0x0000000088a00000, 0x0000000088b00000, 0x0000000088b00000|100%| O|  |TAMS 0x0000000088b00000, 0x0000000088b00000| Untracked 
| 139|0x0000000088b00000, 0x0000000088c00000, 0x0000000088c00000|100%| O|  |TAMS 0x0000000088c00000, 0x0000000088c00000| Untracked 
| 140|0x0000000088c00000, 0x0000000088d00000, 0x0000000088d00000|100%| O|  |TAMS 0x0000000088d00000, 0x0000000088d00000| Untracked 
| 141|0x0000000088d00000, 0x0000000088e00000, 0x0000000088e00000|100%| O|  |TAMS 0x0000000088e00000, 0x0000000088e00000| Untracked 
| 142|0x0000000088e00000, 0x0000000088f00000, 0x0000000088f00000|100%| O|  |TAMS 0x0000000088f00000, 0x0000000088f00000| Untracked 
| 143|0x0000000088f00000, 0x0000000089000000, 0x0000000089000000|100%| O|  |TAMS 0x0000000089000000, 0x0000000089000000| Untracked 
| 144|0x0000000089000000, 0x0000000089100000, 0x0000000089100000|100%| O|  |TAMS 0x0000000089100000, 0x0000000089100000| Untracked 
| 145|0x0000000089100000, 0x0000000089200000, 0x0000000089200000|100%| O|  |TAMS 0x0000000089200000, 0x0000000089200000| Untracked 
| 146|0x0000000089200000, 0x0000000089300000, 0x0000000089300000|100%| O|  |TAMS 0x0000000089300000, 0x0000000089300000| Untracked 
| 147|0x0000000089300000, 0x0000000089400000, 0x0000000089400000|100%| O|  |TAMS 0x0000000089400000, 0x0000000089400000| Untracked 
| 148|0x0000000089400000, 0x0000000089500000, 0x0000000089500000|100%| O|  |TAMS 0x0000000089500000, 0x0000000089500000| Untracked 
| 149|0x0000000089500000, 0x0000000089600000, 0x0000000089600000|100%| O|  |TAMS 0x0000000089600000, 0x0000000089600000| Untracked 
| 150|0x0000000089600000, 0x0000000089700000, 0x0000000089700000|100%| O|  |TAMS 0x0000000089700000, 0x0000000089700000| Untracked 
| 151|0x0000000089700000, 0x0000000089800000, 0x0000000089800000|100%| O|  |TAMS 0x0000000089800000, 0x0000000089800000| Untracked 
| 152|0x0000000089800000, 0x0000000089900000, 0x0000000089900000|100%| O|  |TAMS 0x0000000089900000, 0x0000000089900000| Untracked 
| 153|0x0000000089900000, 0x0000000089a00000, 0x0000000089a00000|100%| O|  |TAMS 0x0000000089a00000, 0x0000000089a00000| Untracked 
| 154|0x0000000089a00000, 0x0000000089b00000, 0x0000000089b00000|100%| O|  |TAMS 0x0000000089b00000, 0x0000000089b00000| Untracked 
| 155|0x0000000089b00000, 0x0000000089c00000, 0x0000000089c00000|100%| O|  |TAMS 0x0000000089c00000, 0x0000000089c00000| Untracked 
| 156|0x0000000089c00000, 0x0000000089d00000, 0x0000000089d00000|100%| O|  |TAMS 0x0000000089d00000, 0x0000000089d00000| Untracked 
| 157|0x0000000089d00000, 0x0000000089e00000, 0x0000000089e00000|100%| O|  |TAMS 0x0000000089e00000, 0x0000000089e00000| Untracked 
| 158|0x0000000089e00000, 0x0000000089f00000, 0x0000000089f00000|100%| O|  |TAMS 0x0000000089f00000, 0x0000000089f00000| Untracked 
| 159|0x0000000089f00000, 0x000000008a000000, 0x000000008a000000|100%| O|  |TAMS 0x000000008a000000, 0x000000008a000000| Untracked 
| 160|0x000000008a000000, 0x000000008a100000, 0x000000008a100000|100%| O|  |TAMS 0x000000008a100000, 0x000000008a100000| Untracked 
| 161|0x000000008a100000, 0x000000008a200000, 0x000000008a200000|100%| O|  |TAMS 0x000000008a200000, 0x000000008a200000| Untracked 
| 162|0x000000008a200000, 0x000000008a300000, 0x000000008a300000|100%| O|  |TAMS 0x000000008a300000, 0x000000008a300000| Untracked 
| 163|0x000000008a300000, 0x000000008a400000, 0x000000008a400000|100%| O|  |TAMS 0x000000008a400000, 0x000000008a400000| Untracked 
| 164|0x000000008a400000, 0x000000008a500000, 0x000000008a500000|100%| O|  |TAMS 0x000000008a500000, 0x000000008a500000| Untracked 
| 165|0x000000008a500000, 0x000000008a600000, 0x000000008a600000|100%| O|  |TAMS 0x000000008a600000, 0x000000008a600000| Untracked 
| 166|0x000000008a600000, 0x000000008a700000, 0x000000008a700000|100%|HS|  |TAMS 0x000000008a700000, 0x000000008a700000| Complete 
| 167|0x000000008a700000, 0x000000008a800000, 0x000000008a800000|100%|HC|  |TAMS 0x000000008a800000, 0x000000008a800000| Complete 
| 168|0x000000008a800000, 0x000000008a900000, 0x000000008a900000|100%| O|  |TAMS 0x000000008a900000, 0x000000008a900000| Untracked 
| 169|0x000000008a900000, 0x000000008aa00000, 0x000000008aa00000|100%| O|  |TAMS 0x000000008aa00000, 0x000000008aa00000| Untracked 
| 170|0x000000008aa00000, 0x000000008ab00000, 0x000000008ab00000|100%| O|  |TAMS 0x000000008ab00000, 0x000000008ab00000| Untracked 
| 171|0x000000008ab00000, 0x000000008ac00000, 0x000000008ac00000|100%| O|  |TAMS 0x000000008ac00000, 0x000000008ac00000| Untracked 
| 172|0x000000008ac00000, 0x000000008ad00000, 0x000000008ad00000|100%| O|  |TAMS 0x000000008ad00000, 0x000000008ad00000| Untracked 
| 173|0x000000008ad00000, 0x000000008ae00000, 0x000000008ae00000|100%| O|  |TAMS 0x000000008ae00000, 0x000000008ae00000| Untracked 
| 174|0x000000008ae00000, 0x000000008af00000, 0x000000008af00000|100%| O|  |TAMS 0x000000008af00000, 0x000000008af00000| Untracked 
| 175|0x000000008af00000, 0x000000008b000000, 0x000000008b000000|100%| O|  |TAMS 0x000000008b000000, 0x000000008b000000| Untracked 
| 176|0x000000008b000000, 0x000000008b100000, 0x000000008b100000|100%| O|  |TAMS 0x000000008b100000, 0x000000008b100000| Untracked 
| 177|0x000000008b100000, 0x000000008b200000, 0x000000008b200000|100%| O|  |TAMS 0x000000008b200000, 0x000000008b200000| Untracked 
| 178|0x000000008b200000, 0x000000008b300000, 0x000000008b300000|100%| O|  |TAMS 0x000000008b300000, 0x000000008b300000| Untracked 
| 179|0x000000008b300000, 0x000000008b400000, 0x000000008b400000|100%| O|  |TAMS 0x000000008b400000, 0x000000008b400000| Untracked 
| 180|0x000000008b400000, 0x000000008b500000, 0x000000008b500000|100%| O|  |TAMS 0x000000008b500000, 0x000000008b500000| Untracked 
| 181|0x000000008b500000, 0x000000008b600000, 0x000000008b600000|100%| O|  |TAMS 0x000000008b600000, 0x000000008b600000| Untracked 
| 182|0x000000008b600000, 0x000000008b679c00, 0x000000008b700000| 47%| O|  |TAMS 0x000000008b679c00, 0x000000008b679c00| Untracked 
| 183|0x000000008b700000, 0x000000008b700000, 0x000000008b800000|  0%| F|  |TAMS 0x000000008b700000, 0x000000008b700000| Untracked 
| 184|0x000000008b800000, 0x000000008b800000, 0x000000008b900000|  0%| F|  |TAMS 0x000000008b800000, 0x000000008b800000| Untracked 
| 185|0x000000008b900000, 0x000000008b900000, 0x000000008ba00000|  0%| F|  |TAMS 0x000000008b900000, 0x000000008b900000| Untracked 
| 186|0x000000008ba00000, 0x000000008ba00000, 0x000000008bb00000|  0%| F|  |TAMS 0x000000008ba00000, 0x000000008ba00000| Untracked 
| 187|0x000000008bb00000, 0x000000008bb00000, 0x000000008bc00000|  0%| F|  |TAMS 0x000000008bb00000, 0x000000008bb00000| Untracked 
| 188|0x000000008bc00000, 0x000000008bc00000, 0x000000008bd00000|  0%| F|  |TAMS 0x000000008bc00000, 0x000000008bc00000| Untracked 
| 189|0x000000008bd00000, 0x000000008bd00000, 0x000000008be00000|  0%| F|  |TAMS 0x000000008bd00000, 0x000000008bd00000| Untracked 
| 190|0x000000008be00000, 0x000000008be00000, 0x000000008bf00000|  0%| F|  |TAMS 0x000000008be00000, 0x000000008be00000| Untracked 
| 191|0x000000008bf00000, 0x000000008bf00000, 0x000000008c000000|  0%| F|  |TAMS 0x000000008bf00000, 0x000000008bf00000| Untracked 
| 192|0x000000008c000000, 0x000000008c000000, 0x000000008c100000|  0%| F|  |TAMS 0x000000008c000000, 0x000000008c000000| Untracked 
| 193|0x000000008c100000, 0x000000008c100000, 0x000000008c200000|  0%| F|  |TAMS 0x000000008c100000, 0x000000008c100000| Untracked 
| 194|0x000000008c200000, 0x000000008c200000, 0x000000008c300000|  0%| F|  |TAMS 0x000000008c200000, 0x000000008c200000| Untracked 
| 195|0x000000008c300000, 0x000000008c300000, 0x000000008c400000|  0%| F|  |TAMS 0x000000008c300000, 0x000000008c300000| Untracked 
| 196|0x000000008c400000, 0x000000008c400000, 0x000000008c500000|  0%| F|  |TAMS 0x000000008c400000, 0x000000008c400000| Untracked 
| 197|0x000000008c500000, 0x000000008c500000, 0x000000008c600000|  0%| F|  |TAMS 0x000000008c500000, 0x000000008c500000| Untracked 
| 198|0x000000008c600000, 0x000000008c600000, 0x000000008c700000|  0%| F|  |TAMS 0x000000008c600000, 0x000000008c600000| Untracked 
| 199|0x000000008c700000, 0x000000008c700000, 0x000000008c800000|  0%| F|  |TAMS 0x000000008c700000, 0x000000008c700000| Untracked 
| 200|0x000000008c800000, 0x000000008c800000, 0x000000008c900000|  0%| F|  |TAMS 0x000000008c800000, 0x000000008c800000| Untracked 
| 201|0x000000008c900000, 0x000000008c900000, 0x000000008ca00000|  0%| F|  |TAMS 0x000000008c900000, 0x000000008c900000| Untracked 
| 202|0x000000008ca00000, 0x000000008ca00000, 0x000000008cb00000|  0%| F|  |TAMS 0x000000008ca00000, 0x000000008ca00000| Untracked 
| 203|0x000000008cb00000, 0x000000008cb00000, 0x000000008cc00000|  0%| F|  |TAMS 0x000000008cb00000, 0x000000008cb00000| Untracked 
| 204|0x000000008cc00000, 0x000000008cc00000, 0x000000008cd00000|  0%| F|  |TAMS 0x000000008cc00000, 0x000000008cc00000| Untracked 
| 205|0x000000008cd00000, 0x000000008cd00000, 0x000000008ce00000|  0%| F|  |TAMS 0x000000008cd00000, 0x000000008cd00000| Untracked 
| 206|0x000000008ce00000, 0x000000008ce00000, 0x000000008cf00000|  0%| F|  |TAMS 0x000000008ce00000, 0x000000008ce00000| Untracked 
| 207|0x000000008cf00000, 0x000000008cf00000, 0x000000008d000000|  0%| F|  |TAMS 0x000000008cf00000, 0x000000008cf00000| Untracked 
| 208|0x000000008d000000, 0x000000008d000000, 0x000000008d100000|  0%| F|  |TAMS 0x000000008d000000, 0x000000008d000000| Untracked 
| 209|0x000000008d100000, 0x000000008d100000, 0x000000008d200000|  0%| F|  |TAMS 0x000000008d100000, 0x000000008d100000| Untracked 
| 210|0x000000008d200000, 0x000000008d200000, 0x000000008d300000|  0%| F|  |TAMS 0x000000008d200000, 0x000000008d200000| Untracked 
| 211|0x000000008d300000, 0x000000008d300000, 0x000000008d400000|  0%| F|  |TAMS 0x000000008d300000, 0x000000008d300000| Untracked 
| 212|0x000000008d400000, 0x000000008d400000, 0x000000008d500000|  0%| F|  |TAMS 0x000000008d400000, 0x000000008d400000| Untracked 
| 213|0x000000008d500000, 0x000000008d500000, 0x000000008d600000|  0%| F|  |TAMS 0x000000008d500000, 0x000000008d500000| Untracked 
| 214|0x000000008d600000, 0x000000008d600000, 0x000000008d700000|  0%| F|  |TAMS 0x000000008d600000, 0x000000008d600000| Untracked 
| 215|0x000000008d700000, 0x000000008d700000, 0x000000008d800000|  0%| F|  |TAMS 0x000000008d700000, 0x000000008d700000| Untracked 
| 216|0x000000008d800000, 0x000000008d800000, 0x000000008d900000|  0%| F|  |TAMS 0x000000008d800000, 0x000000008d800000| Untracked 
| 217|0x000000008d900000, 0x000000008d900000, 0x000000008da00000|  0%| F|  |TAMS 0x000000008d900000, 0x000000008d900000| Untracked 
| 218|0x000000008da00000, 0x000000008da00000, 0x000000008db00000|  0%| F|  |TAMS 0x000000008da00000, 0x000000008da00000| Untracked 
| 219|0x000000008db00000, 0x000000008db00000, 0x000000008dc00000|  0%| F|  |TAMS 0x000000008db00000, 0x000000008db00000| Untracked 
| 220|0x000000008dc00000, 0x000000008dc00000, 0x000000008dd00000|  0%| F|  |TAMS 0x000000008dc00000, 0x000000008dc00000| Untracked 
| 221|0x000000008dd00000, 0x000000008dd00000, 0x000000008de00000|  0%| F|  |TAMS 0x000000008dd00000, 0x000000008dd00000| Untracked 
| 222|0x000000008de00000, 0x000000008de00000, 0x000000008df00000|  0%| F|  |TAMS 0x000000008de00000, 0x000000008de00000| Untracked 
| 223|0x000000008df00000, 0x000000008df00000, 0x000000008e000000|  0%| F|  |TAMS 0x000000008df00000, 0x000000008df00000| Untracked 
| 224|0x000000008e000000, 0x000000008e000000, 0x000000008e100000|  0%| F|  |TAMS 0x000000008e000000, 0x000000008e000000| Untracked 
| 225|0x000000008e100000, 0x000000008e100000, 0x000000008e200000|  0%| F|  |TAMS 0x000000008e100000, 0x000000008e100000| Untracked 
| 226|0x000000008e200000, 0x000000008e200000, 0x000000008e300000|  0%| F|  |TAMS 0x000000008e200000, 0x000000008e200000| Untracked 
| 227|0x000000008e300000, 0x000000008e300000, 0x000000008e400000|  0%| F|  |TAMS 0x000000008e300000, 0x000000008e300000| Untracked 
| 228|0x000000008e400000, 0x000000008e400000, 0x000000008e500000|  0%| F|  |TAMS 0x000000008e400000, 0x000000008e400000| Untracked 
| 229|0x000000008e500000, 0x000000008e500000, 0x000000008e600000|  0%| F|  |TAMS 0x000000008e500000, 0x000000008e500000| Untracked 
| 230|0x000000008e600000, 0x000000008e600000, 0x000000008e700000|  0%| F|  |TAMS 0x000000008e600000, 0x000000008e600000| Untracked 
| 231|0x000000008e700000, 0x000000008e700000, 0x000000008e800000|  0%| F|  |TAMS 0x000000008e700000, 0x000000008e700000| Untracked 
| 232|0x000000008e800000, 0x000000008e8cf210, 0x000000008e900000| 80%| S|CS|TAMS 0x000000008e800000, 0x000000008e800000| Complete 
| 233|0x000000008e900000, 0x000000008ea00000, 0x000000008ea00000|100%| S|CS|TAMS 0x000000008e900000, 0x000000008e900000| Complete 
| 234|0x000000008ea00000, 0x000000008eb00000, 0x000000008eb00000|100%| S|CS|TAMS 0x000000008ea00000, 0x000000008ea00000| Complete 
| 235|0x000000008eb00000, 0x000000008ec00000, 0x000000008ec00000|100%| S|CS|TAMS 0x000000008eb00000, 0x000000008eb00000| Complete 
| 236|0x000000008ec00000, 0x000000008ed00000, 0x000000008ed00000|100%| S|CS|TAMS 0x000000008ec00000, 0x000000008ec00000| Complete 
| 237|0x000000008ed00000, 0x000000008ee00000, 0x000000008ee00000|100%| S|CS|TAMS 0x000000008ed00000, 0x000000008ed00000| Complete 
| 238|0x000000008ee00000, 0x000000008ef00000, 0x000000008ef00000|100%| S|CS|TAMS 0x000000008ee00000, 0x000000008ee00000| Complete 
| 239|0x000000008ef00000, 0x000000008ef00000, 0x000000008f000000|  0%| F|  |TAMS 0x000000008ef00000, 0x000000008ef00000| Untracked 
| 240|0x000000008f000000, 0x000000008f000000, 0x000000008f100000|  0%| F|  |TAMS 0x000000008f000000, 0x000000008f000000| Untracked 
| 241|0x000000008f100000, 0x000000008f100000, 0x000000008f200000|  0%| F|  |TAMS 0x000000008f100000, 0x000000008f100000| Untracked 
| 242|0x000000008f200000, 0x000000008f200000, 0x000000008f300000|  0%| F|  |TAMS 0x000000008f200000, 0x000000008f200000| Untracked 
| 243|0x000000008f300000, 0x000000008f300000, 0x000000008f400000|  0%| F|  |TAMS 0x000000008f300000, 0x000000008f300000| Untracked 
| 244|0x000000008f400000, 0x000000008f400000, 0x000000008f500000|  0%| F|  |TAMS 0x000000008f400000, 0x000000008f400000| Untracked 
| 245|0x000000008f500000, 0x000000008f500000, 0x000000008f600000|  0%| F|  |TAMS 0x000000008f500000, 0x000000008f500000| Untracked 
| 246|0x000000008f600000, 0x000000008f600000, 0x000000008f700000|  0%| F|  |TAMS 0x000000008f600000, 0x000000008f600000| Untracked 
| 247|0x000000008f700000, 0x000000008f700000, 0x000000008f800000|  0%| F|  |TAMS 0x000000008f700000, 0x000000008f700000| Untracked 
| 248|0x000000008f800000, 0x000000008f800000, 0x000000008f900000|  0%| F|  |TAMS 0x000000008f800000, 0x000000008f800000| Untracked 
| 249|0x000000008f900000, 0x000000008f900000, 0x000000008fa00000|  0%| F|  |TAMS 0x000000008f900000, 0x000000008f900000| Untracked 
| 250|0x000000008fa00000, 0x000000008fa00000, 0x000000008fb00000|  0%| F|  |TAMS 0x000000008fa00000, 0x000000008fa00000| Untracked 
| 251|0x000000008fb00000, 0x000000008fb00000, 0x000000008fc00000|  0%| F|  |TAMS 0x000000008fb00000, 0x000000008fb00000| Untracked 
| 252|0x000000008fc00000, 0x000000008fc00000, 0x000000008fd00000|  0%| F|  |TAMS 0x000000008fc00000, 0x000000008fc00000| Untracked 
| 253|0x000000008fd00000, 0x000000008fd00000, 0x000000008fe00000|  0%| F|  |TAMS 0x000000008fd00000, 0x000000008fd00000| Untracked 
| 254|0x000000008fe00000, 0x000000008fe00000, 0x000000008ff00000|  0%| F|  |TAMS 0x000000008fe00000, 0x000000008fe00000| Untracked 
| 255|0x000000008ff00000, 0x000000008ff00000, 0x0000000090000000|  0%| F|  |TAMS 0x000000008ff00000, 0x000000008ff00000| Untracked 
| 256|0x0000000090000000, 0x0000000090000000, 0x0000000090100000|  0%| F|  |TAMS 0x0000000090000000, 0x0000000090000000| Untracked 
| 257|0x0000000090100000, 0x0000000090100000, 0x0000000090200000|  0%| F|  |TAMS 0x0000000090100000, 0x0000000090100000| Untracked 
| 258|0x0000000090200000, 0x0000000090200000, 0x0000000090300000|  0%| F|  |TAMS 0x0000000090200000, 0x0000000090200000| Untracked 
| 259|0x0000000090300000, 0x0000000090300000, 0x0000000090400000|  0%| F|  |TAMS 0x0000000090300000, 0x0000000090300000| Untracked 
| 260|0x0000000090400000, 0x0000000090400000, 0x0000000090500000|  0%| F|  |TAMS 0x0000000090400000, 0x0000000090400000| Untracked 
| 261|0x0000000090500000, 0x0000000090500000, 0x0000000090600000|  0%| F|  |TAMS 0x0000000090500000, 0x0000000090500000| Untracked 
| 262|0x0000000090600000, 0x0000000090600000, 0x0000000090700000|  0%| F|  |TAMS 0x0000000090600000, 0x0000000090600000| Untracked 
| 263|0x0000000090700000, 0x0000000090700000, 0x0000000090800000|  0%| F|  |TAMS 0x0000000090700000, 0x0000000090700000| Untracked 
| 264|0x0000000090800000, 0x0000000090800000, 0x0000000090900000|  0%| F|  |TAMS 0x0000000090800000, 0x0000000090800000| Untracked 
| 265|0x0000000090900000, 0x0000000090900000, 0x0000000090a00000|  0%| F|  |TAMS 0x0000000090900000, 0x0000000090900000| Untracked 
| 266|0x0000000090a00000, 0x0000000090a00000, 0x0000000090b00000|  0%| F|  |TAMS 0x0000000090a00000, 0x0000000090a00000| Untracked 
| 267|0x0000000090b00000, 0x0000000090b00000, 0x0000000090c00000|  0%| F|  |TAMS 0x0000000090b00000, 0x0000000090b00000| Untracked 
| 268|0x0000000090c00000, 0x0000000090c00000, 0x0000000090d00000|  0%| F|  |TAMS 0x0000000090c00000, 0x0000000090c00000| Untracked 
| 269|0x0000000090d00000, 0x0000000090d00000, 0x0000000090e00000|  0%| F|  |TAMS 0x0000000090d00000, 0x0000000090d00000| Untracked 
| 270|0x0000000090e00000, 0x0000000090e00000, 0x0000000090f00000|  0%| F|  |TAMS 0x0000000090e00000, 0x0000000090e00000| Untracked 
| 271|0x0000000090f00000, 0x0000000090f00000, 0x0000000091000000|  0%| F|  |TAMS 0x0000000090f00000, 0x0000000090f00000| Untracked 
| 272|0x0000000091000000, 0x0000000091000000, 0x0000000091100000|  0%| F|  |TAMS 0x0000000091000000, 0x0000000091000000| Untracked 
| 273|0x0000000091100000, 0x0000000091100000, 0x0000000091200000|  0%| F|  |TAMS 0x0000000091100000, 0x0000000091100000| Untracked 
| 274|0x0000000091200000, 0x0000000091200000, 0x0000000091300000|  0%| F|  |TAMS 0x0000000091200000, 0x0000000091200000| Untracked 
| 275|0x0000000091300000, 0x0000000091300000, 0x0000000091400000|  0%| F|  |TAMS 0x0000000091300000, 0x0000000091300000| Untracked 
| 276|0x0000000091400000, 0x0000000091400000, 0x0000000091500000|  0%| F|  |TAMS 0x0000000091400000, 0x0000000091400000| Untracked 
| 277|0x0000000091500000, 0x0000000091500000, 0x0000000091600000|  0%| F|  |TAMS 0x0000000091500000, 0x0000000091500000| Untracked 
| 278|0x0000000091600000, 0x0000000091600000, 0x0000000091700000|  0%| F|  |TAMS 0x0000000091600000, 0x0000000091600000| Untracked 
| 279|0x0000000091700000, 0x0000000091700000, 0x0000000091800000|  0%| F|  |TAMS 0x0000000091700000, 0x0000000091700000| Untracked 
| 280|0x0000000091800000, 0x0000000091800000, 0x0000000091900000|  0%| F|  |TAMS 0x0000000091800000, 0x0000000091800000| Untracked 
| 281|0x0000000091900000, 0x0000000091900000, 0x0000000091a00000|  0%| F|  |TAMS 0x0000000091900000, 0x0000000091900000| Untracked 
| 282|0x0000000091a00000, 0x0000000091a00000, 0x0000000091b00000|  0%| F|  |TAMS 0x0000000091a00000, 0x0000000091a00000| Untracked 
| 283|0x0000000091b00000, 0x0000000091b00000, 0x0000000091c00000|  0%| F|  |TAMS 0x0000000091b00000, 0x0000000091b00000| Untracked 
| 284|0x0000000091c00000, 0x0000000091c00000, 0x0000000091d00000|  0%| F|  |TAMS 0x0000000091c00000, 0x0000000091c00000| Untracked 
| 285|0x0000000091d00000, 0x0000000091d00000, 0x0000000091e00000|  0%| F|  |TAMS 0x0000000091d00000, 0x0000000091d00000| Untracked 
| 286|0x0000000091e00000, 0x0000000091e00000, 0x0000000091f00000|  0%| F|  |TAMS 0x0000000091e00000, 0x0000000091e00000| Untracked 
| 287|0x0000000091f00000, 0x0000000091f00000, 0x0000000092000000|  0%| F|  |TAMS 0x0000000091f00000, 0x0000000091f00000| Untracked 
| 288|0x0000000092000000, 0x0000000092000000, 0x0000000092100000|  0%| F|  |TAMS 0x0000000092000000, 0x0000000092000000| Untracked 
| 289|0x0000000092100000, 0x0000000092180800, 0x0000000092200000| 50%| E|  |TAMS 0x0000000092100000, 0x0000000092100000| Complete 
| 290|0x0000000092200000, 0x0000000092300000, 0x0000000092300000|100%| E|CS|TAMS 0x0000000092200000, 0x0000000092200000| Complete 
| 291|0x0000000092300000, 0x0000000092400000, 0x0000000092400000|100%| E|CS|TAMS 0x0000000092300000, 0x0000000092300000| Complete 
| 292|0x0000000092400000, 0x0000000092500000, 0x0000000092500000|100%| E|CS|TAMS 0x0000000092400000, 0x0000000092400000| Complete 
| 293|0x0000000092500000, 0x0000000092600000, 0x0000000092600000|100%| E|CS|TAMS 0x0000000092500000, 0x0000000092500000| Complete 
| 294|0x0000000092600000, 0x0000000092700000, 0x0000000092700000|100%| E|CS|TAMS 0x0000000092600000, 0x0000000092600000| Complete 
| 295|0x0000000092700000, 0x0000000092800000, 0x0000000092800000|100%| E|CS|TAMS 0x0000000092700000, 0x0000000092700000| Complete 
| 296|0x0000000092800000, 0x0000000092900000, 0x0000000092900000|100%| E|CS|TAMS 0x0000000092800000, 0x0000000092800000| Complete 
| 297|0x0000000092900000, 0x0000000092a00000, 0x0000000092a00000|100%| E|CS|TAMS 0x0000000092900000, 0x0000000092900000| Complete 
| 298|0x0000000092a00000, 0x0000000092b00000, 0x0000000092b00000|100%| E|CS|TAMS 0x0000000092a00000, 0x0000000092a00000| Complete 
| 299|0x0000000092b00000, 0x0000000092c00000, 0x0000000092c00000|100%| E|CS|TAMS 0x0000000092b00000, 0x0000000092b00000| Complete 
| 300|0x0000000092c00000, 0x0000000092d00000, 0x0000000092d00000|100%| E|CS|TAMS 0x0000000092c00000, 0x0000000092c00000| Complete 
| 301|0x0000000092d00000, 0x0000000092e00000, 0x0000000092e00000|100%| E|CS|TAMS 0x0000000092d00000, 0x0000000092d00000| Complete 
| 302|0x0000000092e00000, 0x0000000092f00000, 0x0000000092f00000|100%| E|CS|TAMS 0x0000000092e00000, 0x0000000092e00000| Complete 
| 303|0x0000000092f00000, 0x0000000093000000, 0x0000000093000000|100%| E|CS|TAMS 0x0000000092f00000, 0x0000000092f00000| Complete 
| 304|0x0000000093000000, 0x0000000093100000, 0x0000000093100000|100%| E|CS|TAMS 0x0000000093000000, 0x0000000093000000| Complete 
| 305|0x0000000093100000, 0x0000000093200000, 0x0000000093200000|100%| E|CS|TAMS 0x0000000093100000, 0x0000000093100000| Complete 
| 306|0x0000000093200000, 0x0000000093300000, 0x0000000093300000|100%| E|CS|TAMS 0x0000000093200000, 0x0000000093200000| Complete 
| 307|0x0000000093300000, 0x0000000093400000, 0x0000000093400000|100%| E|CS|TAMS 0x0000000093300000, 0x0000000093300000| Complete 
| 308|0x0000000093400000, 0x0000000093500000, 0x0000000093500000|100%| E|CS|TAMS 0x0000000093400000, 0x0000000093400000| Complete 
| 309|0x0000000093500000, 0x0000000093600000, 0x0000000093600000|100%| E|CS|TAMS 0x0000000093500000, 0x0000000093500000| Complete 
| 310|0x0000000093600000, 0x0000000093700000, 0x0000000093700000|100%| E|CS|TAMS 0x0000000093600000, 0x0000000093600000| Complete 
| 311|0x0000000093700000, 0x0000000093800000, 0x0000000093800000|100%| E|CS|TAMS 0x0000000093700000, 0x0000000093700000| Complete 
| 312|0x0000000093800000, 0x0000000093900000, 0x0000000093900000|100%| E|CS|TAMS 0x0000000093800000, 0x0000000093800000| Complete 
| 313|0x0000000093900000, 0x0000000093a00000, 0x0000000093a00000|100%| E|CS|TAMS 0x0000000093900000, 0x0000000093900000| Complete 
| 314|0x0000000093a00000, 0x0000000093b00000, 0x0000000093b00000|100%| E|CS|TAMS 0x0000000093a00000, 0x0000000093a00000| Complete 
| 315|0x0000000093b00000, 0x0000000093c00000, 0x0000000093c00000|100%| E|CS|TAMS 0x0000000093b00000, 0x0000000093b00000| Complete 
| 316|0x0000000093c00000, 0x0000000093d00000, 0x0000000093d00000|100%| E|CS|TAMS 0x0000000093c00000, 0x0000000093c00000| Complete 
| 317|0x0000000093d00000, 0x0000000093e00000, 0x0000000093e00000|100%| E|CS|TAMS 0x0000000093d00000, 0x0000000093d00000| Complete 
| 318|0x0000000093e00000, 0x0000000093f00000, 0x0000000093f00000|100%| E|CS|TAMS 0x0000000093e00000, 0x0000000093e00000| Complete 
| 319|0x0000000093f00000, 0x0000000094000000, 0x0000000094000000|100%| E|CS|TAMS 0x0000000093f00000, 0x0000000093f00000| Complete 
| 320|0x0000000094000000, 0x0000000094100000, 0x0000000094100000|100%| E|CS|TAMS 0x0000000094000000, 0x0000000094000000| Complete 
| 321|0x0000000094100000, 0x0000000094200000, 0x0000000094200000|100%| E|CS|TAMS 0x0000000094100000, 0x0000000094100000| Complete 
| 322|0x0000000094200000, 0x0000000094300000, 0x0000000094300000|100%| E|CS|TAMS 0x0000000094200000, 0x0000000094200000| Complete 
| 323|0x0000000094300000, 0x0000000094400000, 0x0000000094400000|100%| E|CS|TAMS 0x0000000094300000, 0x0000000094300000| Complete 
| 324|0x0000000094400000, 0x0000000094500000, 0x0000000094500000|100%| E|CS|TAMS 0x0000000094400000, 0x0000000094400000| Complete 
| 325|0x0000000094500000, 0x0000000094600000, 0x0000000094600000|100%| E|CS|TAMS 0x0000000094500000, 0x0000000094500000| Complete 
| 326|0x0000000094600000, 0x0000000094700000, 0x0000000094700000|100%| E|CS|TAMS 0x0000000094600000, 0x0000000094600000| Complete 
| 327|0x0000000094700000, 0x0000000094800000, 0x0000000094800000|100%| E|CS|TAMS 0x0000000094700000, 0x0000000094700000| Complete 
| 328|0x0000000094800000, 0x0000000094900000, 0x0000000094900000|100%| E|CS|TAMS 0x0000000094800000, 0x0000000094800000| Complete 
| 329|0x0000000094900000, 0x0000000094a00000, 0x0000000094a00000|100%| E|CS|TAMS 0x0000000094900000, 0x0000000094900000| Complete 
| 330|0x0000000094a00000, 0x0000000094b00000, 0x0000000094b00000|100%| E|CS|TAMS 0x0000000094a00000, 0x0000000094a00000| Complete 
| 331|0x0000000094b00000, 0x0000000094c00000, 0x0000000094c00000|100%| E|CS|TAMS 0x0000000094b00000, 0x0000000094b00000| Complete 
| 332|0x0000000094c00000, 0x0000000094d00000, 0x0000000094d00000|100%| E|CS|TAMS 0x0000000094c00000, 0x0000000094c00000| Complete 
| 333|0x0000000094d00000, 0x0000000094e00000, 0x0000000094e00000|100%| E|CS|TAMS 0x0000000094d00000, 0x0000000094d00000| Complete 

Card table byte_map: [0x00000220162c0000,0x00000220166c0000] _byte_map_base: 0x0000022015ec0000

Marking Bits (Prev, Next): (CMBitMap*) 0x00000220033df680, (CMBitMap*) 0x00000220033df648
 Prev Bits: [0x0000022018ac0000, 0x000002201aac0000)
 Next Bits: [0x0000022016ac0000, 0x0000022018ac0000)

Polling page: 0x0000022001370000

Metaspace:

Usage:
  Non-class:    111.98 MB capacity,   109.49 MB ( 98%) used,     2.09 MB (  2%) free+waste,   408.81 KB ( <1%) overhead. 
      Class:     17.56 MB capacity,    16.11 MB ( 92%) used,     1.28 MB (  7%) free+waste,   181.94 KB (  1%) overhead. 
       Both:    129.54 MB capacity,   125.60 MB ( 97%) used,     3.36 MB (  3%) free+waste,   590.75 KB ( <1%) overhead. 

Virtual space:
  Non-class space:      114.00 MB reserved,     112.08 MB ( 98%) committed 
      Class space:      504.00 MB reserved,      17.63 MB (  3%) committed 
             Both:      618.00 MB reserved,     129.70 MB ( 21%) committed 

Chunk freelists:
   Non-Class:  40.00 KB
       Class:  0 bytes
        Both:  40.00 KB

MaxMetaspaceSize: 512.00 MB
CompressedClassSpaceSize: 504.00 MB
Initial GC threshold: 20.80 MB
Current GC threshold: 215.76 MB
CDS: off

CodeHeap 'non-profiled nmethods': size=120064Kb used=9719Kb max_used=9719Kb free=110345Kb
 bounds [0x000002200e980000, 0x000002200f300000, 0x0000022015ec0000]
CodeHeap 'profiled nmethods': size=120000Kb used=44453Kb max_used=44453Kb free=75547Kb
 bounds [0x0000022007450000, 0x0000022009fc0000, 0x000002200e980000]
CodeHeap 'non-nmethods': size=5696Kb used=2435Kb max_used=2484Kb free=3260Kb
 bounds [0x0000022006ec0000, 0x0000022007130000, 0x0000022007450000]
 total_blobs=20362 nmethods=19394 adapters=879
 compilation: enabled
              stopped_count=0, restarted_count=0
 full_count=0

Compilation events (20 events):
Event: 78.464 Thread 0x000002202a8d3800 nmethod 19718 0x000002200f2fbb10 code [0x000002200f2fbca0, 0x000002200f2fbcf8]
Event: 78.464 Thread 0x000002202a8d3800 19699       4       com.android.tools.r8.internal.Kg::a (5 bytes)
Event: 78.464 Thread 0x000002202a8d3800 nmethod 19699 0x000002200f2fbe10 code [0x000002200f2fbfa0, 0x000002200f2fbff8]
Event: 78.464 Thread 0x000002202a8d3800 19818       4       java.util.stream.SortedOps$AbstractRefSortingSink::cancellationRequested (7 bytes)
Event: 78.464 Thread 0x000002202a8d3800 nmethod 19818 0x000002200f2fc110 code [0x000002200f2fc2a0, 0x000002200f2fc318]
Event: 78.464 Thread 0x000002202a8d3800 19727       4       com.android.tools.r8.internal.Re::D (2 bytes)
Event: 78.465 Thread 0x000002202a8d3800 nmethod 19727 0x000002200f2fc410 code [0x000002200f2fc5a0, 0x000002200f2fc5f8]
Event: 78.465 Thread 0x000002202a8d3800 19828       4       com.android.tools.r8.internal.cf::b (2 bytes)
Event: 78.465 Thread 0x000002202a8d3800 nmethod 19828 0x000002200f2fc710 code [0x000002200f2fc8a0, 0x000002200f2fc8f8]
Event: 78.465 Thread 0x000002202a8d3800 19870       4       com.android.tools.r8.internal.N6::p (2 bytes)
Event: 78.465 Thread 0x000002202a8d3800 nmethod 19870 0x000002200f2fca10 code [0x000002200f2fcba0, 0x000002200f2fcbf8]
Event: 78.465 Thread 0x000002202a8d3800 19747       4       com.android.tools.r8.internal.yV::c (11 bytes)
Event: 78.477 Thread 0x000002202a8d3800 nmethod 19747 0x000002200f2fcd10 code [0x000002200f2fcee0, 0x000002200f2fd418]
Event: 78.477 Thread 0x000002202a8d3800 19731       4       com.android.tools.r8.internal.G8::c (14 bytes)
Event: 78.478 Thread 0x000002202a8d3800 nmethod 19731 0x000002200f2fd610 code [0x000002200f2fd7a0, 0x000002200f2fd838]
Event: 78.478 Thread 0x000002202a8d3800 19702       4       com.android.tools.r8.internal.HI::b (4 bytes)
Event: 78.479 Thread 0x000002202a8d3800 nmethod 19702 0x000002200f2fd910 code [0x000002200f2fdaa0, 0x000002200f2fdaf8]
Event: 78.480 Thread 0x000002202a8d3800 19871       4       com.android.tools.r8.internal.GM::a (447 bytes)
Event: 78.480 Thread 0x000002201d7d7800 19873       3       com.android.tools.r8.internal.Pn::a (1167 bytes)
Event: 78.495 Thread 0x000002201d7d7800 nmethod 19873 0x0000022009fadf90 code [0x0000022009faebe0, 0x0000022009fb6918]

GC Heap History (20 events):
Event: 63.776 GC heap before
{Heap before GC invocations=85 (full 0):
 garbage-first heap   total 284672K, used 201900K [0x0000000080000000, 0x0000000100000000)
  region size 1024K, 42 young (43008K), 7 survivors (7168K)
 Metaspace       used 114730K, capacity 118292K, committed 118480K, reserved 620544K
  class space    used 14703K, capacity 15991K, committed 16000K, reserved 516096K
}
Event: 63.795 GC heap after
{Heap after GC invocations=86 (full 0):
 garbage-first heap   total 284672K, used 170497K [0x0000000080000000, 0x0000000100000000)
  region size 1024K, 3 young (3072K), 3 survivors (3072K)
 Metaspace       used 114730K, capacity 118292K, committed 118480K, reserved 620544K
  class space    used 14703K, capacity 15991K, committed 16000K, reserved 516096K
}
Event: 64.752 GC heap before
{Heap before GC invocations=87 (full 0):
 garbage-first heap   total 284672K, used 223745K [0x0000000080000000, 0x0000000100000000)
  region size 1024K, 48 young (49152K), 3 survivors (3072K)
 Metaspace       used 114780K, capacity 118309K, committed 118480K, reserved 620544K
  class space    used 14705K, capacity 15993K, committed 16000K, reserved 516096K
}
Event: 64.766 GC heap after
{Heap after GC invocations=88 (full 0):
 garbage-first heap   total 284672K, used 172816K [0x0000000080000000, 0x0000000100000000)
  region size 1024K, 5 young (5120K), 5 survivors (5120K)
 Metaspace       used 114780K, capacity 118309K, committed 118480K, reserved 620544K
  class space    used 14705K, capacity 15993K, committed 16000K, reserved 516096K
}
Event: 64.973 GC heap before
{Heap before GC invocations=88 (full 0):
 garbage-first heap   total 284672K, used 185104K [0x0000000080000000, 0x0000000100000000)
  region size 1024K, 18 young (18432K), 5 survivors (5120K)
 Metaspace       used 115035K, capacity 118614K, committed 118864K, reserved 620544K
  class space    used 14738K, capacity 16069K, committed 16128K, reserved 516096K
}
Event: 64.985 GC heap after
{Heap after GC invocations=89 (full 0):
 garbage-first heap   total 284672K, used 173652K [0x0000000080000000, 0x0000000100000000)
  region size 1024K, 4 young (4096K), 4 survivors (4096K)
 Metaspace       used 115035K, capacity 118614K, committed 118864K, reserved 620544K
  class space    used 14738K, capacity 16069K, committed 16128K, reserved 516096K
}
Event: 65.907 GC heap before
{Heap before GC invocations=89 (full 0):
 garbage-first heap   total 284672K, used 225876K [0x0000000080000000, 0x0000000100000000)
  region size 1024K, 50 young (51200K), 4 survivors (4096K)
 Metaspace       used 117184K, capacity 120870K, committed 120912K, reserved 622592K
  class space    used 15025K, capacity 16352K, committed 16384K, reserved 516096K
}
Event: 65.924 GC heap after
{Heap after GC invocations=90 (full 0):
 garbage-first heap   total 284672K, used 180568K [0x0000000080000000, 0x0000000100000000)
  region size 1024K, 7 young (7168K), 7 survivors (7168K)
 Metaspace       used 117184K, capacity 120870K, committed 120912K, reserved 622592K
  class space    used 15025K, capacity 16352K, committed 16384K, reserved 516096K
}
Event: 66.990 GC heap before
{Heap before GC invocations=91 (full 0):
 garbage-first heap   total 284672K, used 225624K [0x0000000080000000, 0x0000000100000000)
  region size 1024K, 52 young (53248K), 7 survivors (7168K)
 Metaspace       used 121720K, capacity 125496K, committed 125648K, reserved 626688K
  class space    used 15602K, capacity 17003K, committed 17024K, reserved 516096K
}
Event: 67.014 GC heap after
{Heap after GC invocations=92 (full 0):
 garbage-first heap   total 284672K, used 186813K [0x0000000080000000, 0x0000000100000000)
  region size 1024K, 6 young (6144K), 6 survivors (6144K)
 Metaspace       used 121720K, capacity 125496K, committed 125648K, reserved 626688K
  class space    used 15602K, capacity 17003K, committed 17024K, reserved 516096K
}
Event: 67.934 GC heap before
{Heap before GC invocations=92 (full 0):
 garbage-first heap   total 284672K, used 230845K [0x0000000080000000, 0x0000000100000000)
  region size 1024K, 49 young (50176K), 6 survivors (6144K)
 Metaspace       used 125454K, capacity 129354K, committed 129616K, reserved 628736K
  class space    used 16157K, capacity 17599K, committed 17664K, reserved 516096K
}
Event: 67.968 GC heap after
{Heap after GC invocations=93 (full 0):
 garbage-first heap   total 342016K, used 189761K [0x0000000080000000, 0x0000000100000000)
  region size 1024K, 3 young (3072K), 3 survivors (3072K)
 Metaspace       used 125454K, capacity 129354K, committed 129616K, reserved 628736K
  class space    used 16157K, capacity 17599K, committed 17664K, reserved 516096K
}
Event: 70.035 GC heap before
{Heap before GC invocations=94 (full 0):
 garbage-first heap   total 342016K, used 254273K [0x0000000080000000, 0x0000000100000000)
  region size 1024K, 66 young (67584K), 3 survivors (3072K)
 Metaspace       used 126655K, capacity 130597K, committed 130768K, reserved 630784K
  class space    used 16282K, capacity 17769K, committed 17792K, reserved 516096K
}
Event: 70.140 GC heap after
{Heap after GC invocations=95 (full 0):
 garbage-first heap   total 342016K, used 190912K [0x0000000080000000, 0x0000000100000000)
  region size 1024K, 4 young (4096K), 4 survivors (4096K)
 Metaspace       used 126655K, capacity 130597K, committed 130768K, reserved 630784K
  class space    used 16282K, capacity 17769K, committed 17792K, reserved 516096K
}
Event: 74.496 GC heap before
{Heap before GC invocations=95 (full 0):
 garbage-first heap   total 342016K, used 264640K [0x0000000080000000, 0x0000000100000000)
  region size 1024K, 76 young (77824K), 4 survivors (4096K)
 Metaspace       used 128235K, capacity 132283K, committed 132560K, reserved 630784K
  class space    used 16476K, capacity 17959K, committed 18048K, reserved 516096K
}
Event: 74.551 GC heap after
{Heap after GC invocations=96 (full 0):
 garbage-first heap   total 342016K, used 192499K [0x0000000080000000, 0x0000000100000000)
  region size 1024K, 6 young (6144K), 6 survivors (6144K)
 Metaspace       used 128235K, capacity 132283K, committed 132560K, reserved 630784K
  class space    used 16476K, capacity 17959K, committed 18048K, reserved 516096K
}
Event: 76.898 GC heap before
{Heap before GC invocations=97 (full 0):
 garbage-first heap   total 342016K, used 272371K [0x0000000080000000, 0x0000000100000000)
  region size 1024K, 84 young (86016K), 6 survivors (6144K)
 Metaspace       used 128467K, capacity 132490K, committed 132560K, reserved 630784K
  class space    used 16494K, capacity 17982K, committed 18048K, reserved 516096K
}
Event: 76.922 GC heap after
{Heap after GC invocations=98 (full 0):
 garbage-first heap   total 342016K, used 192999K [0x0000000080000000, 0x0000000100000000)
  region size 1024K, 6 young (6144K), 6 survivors (6144K)
 Metaspace       used 128467K, capacity 132490K, committed 132560K, reserved 630784K
  class space    used 16494K, capacity 17982K, committed 18048K, reserved 516096K
}
Event: 77.903 GC heap before
{Heap before GC invocations=98 (full 0):
 garbage-first heap   total 342016K, used 284135K [0x0000000080000000, 0x0000000100000000)
  region size 1024K, 95 young (97280K), 6 survivors (6144K)
 Metaspace       used 128598K, capacity 132645K, committed 132816K, reserved 632832K
  class space    used 16497K, capacity 17986K, committed 18048K, reserved 516096K
}
Event: 77.928 GC heap after
{Heap after GC invocations=99 (full 0):
 garbage-first heap   total 342016K, used 193827K [0x0000000080000000, 0x0000000100000000)
  region size 1024K, 7 young (7168K), 7 survivors (7168K)
 Metaspace       used 128598K, capacity 132645K, committed 132816K, reserved 632832K
  class space    used 16497K, capacity 17986K, committed 18048K, reserved 516096K
}

Deoptimization events (20 events):
Event: 77.792 Thread 0x000002202489e000 Uncommon trap: trap_request=0xffffff4d fr.pc=0x000002200f1febcc relative=0x00000000000018ac
Event: 77.792 Thread 0x000002202489e000 Uncommon trap: reason=unstable_if action=reinterpret pc=0x000002200f1febcc method=com.android.tools.r8.internal.FW.b(Lcom/android/tools/r8/internal/Xq;)V @ 299 c2
Event: 77.792 Thread 0x000002202489e000 DEOPT PACKING pc=0x000002200f1febcc sp=0x0000005c7a6f96b0
Event: 77.792 Thread 0x000002202489e000 DEOPT UNPACKING pc=0x0000022006f0a1af sp=0x0000005c7a6f96b0 mode 2
Event: 77.947 Thread 0x000002202489e000 DEOPT PACKING pc=0x0000022009f70fb6 sp=0x0000005c7a6f9570
Event: 77.947 Thread 0x000002202489e000 DEOPT UNPACKING pc=0x0000022006f0a95e sp=0x0000005c7a6f89e8 mode 0
Event: 77.957 Thread 0x000002202489e000 Uncommon trap: trap_request=0xffffffde fr.pc=0x000002200f29c470 relative=0x0000000000006030
Event: 77.957 Thread 0x000002202489e000 Uncommon trap: reason=class_check action=maybe_recompile pc=0x000002200f29c470 method=com.android.tools.r8.internal.B8.a(Lcom/android/tools/r8/internal/Pn;IZ)V @ 616 c2
Event: 77.957 Thread 0x000002202489e000 DEOPT PACKING pc=0x000002200f29c470 sp=0x0000005c7a6f91f0
Event: 77.957 Thread 0x000002202489e000 DEOPT UNPACKING pc=0x0000022006f0a1af sp=0x0000005c7a6f9270 mode 2
Event: 78.009 Thread 0x000002202489e000 DEOPT PACKING pc=0x0000022009f70fb6 sp=0x0000005c7a6f8de0
Event: 78.009 Thread 0x000002202489e000 DEOPT UNPACKING pc=0x0000022006f0a95e sp=0x0000005c7a6f8258 mode 0
Event: 78.135 Thread 0x000002202489e000 DEOPT PACKING pc=0x0000022009f70fb6 sp=0x0000005c7a6f8de0
Event: 78.135 Thread 0x000002202489e000 DEOPT UNPACKING pc=0x0000022006f0a95e sp=0x0000005c7a6f8258 mode 0
Event: 78.200 Thread 0x000002202489e000 DEOPT PACKING pc=0x0000022009f70fb6 sp=0x0000005c7a6f8de0
Event: 78.200 Thread 0x000002202489e000 DEOPT UNPACKING pc=0x0000022006f0a95e sp=0x0000005c7a6f8258 mode 0
Event: 78.479 Thread 0x000002202489e000 Uncommon trap: trap_request=0xffffff7e fr.pc=0x000002200f2f3d0c relative=0x0000000000002fec
Event: 78.479 Thread 0x000002202489e000 Uncommon trap: reason=predicate action=maybe_recompile pc=0x000002200f2f3d0c method=com.android.tools.r8.internal.GM.a(Lcom/android/tools/r8/internal/Pn;Ljava/util/Set;)Z @ 331 c2
Event: 78.479 Thread 0x000002202489e000 DEOPT PACKING pc=0x000002200f2f3d0c sp=0x0000005c7a6f8b80
Event: 78.479 Thread 0x000002202489e000 DEOPT UNPACKING pc=0x0000022006f0a1af sp=0x0000005c7a6f8bc8 mode 2

Classes redefined (0 events):
No events

Internal exceptions (20 events):
Event: 65.527 Thread 0x000002202489e000 Exception <a 'sun/nio/fs/WindowsException'{0x000000008ea56338}> (0x000000008ea56338) thrown at [./src/hotspot/share/prims/jni.cpp, line 616]
Event: 65.634 Thread 0x000002201f7bd000 Exception <a 'java/net/ConnectException'{0x000000008e98e0c8}: Connection refused: connect> (0x000000008e98e0c8) thrown at [./src/hotspot/share/prims/jni.cpp, line 637]
Event: 65.679 Thread 0x000002202489e000 Exception <a 'java/lang/NoSuchMethodError'{0x000000008e864850}: 'java.lang.Object java.lang.invoke.DirectMethodHandle$Holder.newInvokeSpecial(java.lang.Object, int)'> (0x000000008e864850) thrown at [./src/hotspot/share/interpreter/linkResolver.cpp, line 773]
Event: 65.952 Thread 0x000002202489e000 Exception <a 'java/lang/NoSuchMethodError'{0x000000009140aca8}: 'java.lang.Object java.lang.invoke.DirectMethodHandle$Holder.invokeStaticInit(java.lang.Object, java.lang.Object, java.lang.Object, java.lang.Object, java.lang.Object, java.lang.Object, java.lang.Object, java.lang.Object, java.lang.Object, java.lang.Object, java.lang.Object, java.lang.Object, java.lang.Object, java.lang.Object, java.lang.Object, java.lang.Object, java.lang.Object, java.lang.Object, int, java.lang.Object, java.lang.Object)'> (0
Event: 65.995 Thread 0x000002202489e000 Exception <a 'java/lang/IncompatibleClassChangeError'{0x0000000091336e00}: Found class java.lang.Object, but interface was expected> (0x0000000091336e00) thrown at [./src/hotspot/share/interpreter/linkResolver.cpp, line 839]
Event: 66.412 Thread 0x000002202489e000 Exception <a 'java/lang/NoSuchMethodError'{0x00000000903508f0}: 'void java.lang.invoke.DirectMethodHandle$Holder.invokeStatic(java.lang.Object, java.lang.Object, java.lang.Object, int)'> (0x00000000903508f0) thrown at [./src/hotspot/share/interpreter/linkResolver.cpp, line 773]
Event: 66.413 Thread 0x000002202489e000 Exception <a 'java/lang/IncompatibleClassChangeError'{0x000000009035aa18}: Found class java.lang.Object, but interface was expected> (0x000000009035aa18) thrown at [./src/hotspot/share/interpreter/linkResolver.cpp, line 839]
Event: 66.830 Thread 0x000002202489e000 Exception <a 'java/lang/NoSuchMethodError'{0x000000008f826c78}: 'java.lang.Object java.lang.invoke.DirectMethodHandle$Holder.invokeStatic(java.lang.Object, int, java.lang.Object, java.lang.Object)'> (0x000000008f826c78) thrown at [./src/hotspot/share/interpreter/linkResolver.cpp, line 773]
Event: 67.116 Thread 0x000002202489e000 Exception <a 'java/lang/IncompatibleClassChangeError'{0x0000000090de80e0}: Found class java.lang.Object, but interface was expected> (0x0000000090de80e0) thrown at [./src/hotspot/share/interpreter/linkResolver.cpp, line 839]
Event: 67.117 Thread 0x000002202489e000 Exception <a 'java/lang/IncompatibleClassChangeError'{0x0000000090df10a8}: Found class java.lang.Object, but interface was expected> (0x0000000090df10a8) thrown at [./src/hotspot/share/interpreter/linkResolver.cpp, line 839]
Event: 67.188 Thread 0x000002202489e000 Exception <a 'java/lang/NoSuchMethodError'{0x0000000090ad7308}: 'void java.lang.invoke.DirectMethodHandle$Holder.invokeSpecial(java.lang.Object, java.lang.Object, int, java.lang.Object)'> (0x0000000090ad7308) thrown at [./src/hotspot/share/interpreter/linkResolver.cpp, line 773]
Event: 67.309 Thread 0x000002202489e000 Exception <a 'java/lang/NoSuchMethodError'{0x0000000090544520}: 'long java.lang.invoke.DirectMethodHandle$Holder.invokeStatic(java.lang.Object, java.lang.Object)'> (0x0000000090544520) thrown at [./src/hotspot/share/interpreter/linkResolver.cpp, line 773]
Event: 67.539 Thread 0x000002201f7bd800 Exception <a 'java/net/ConnectException'{0x000000008ffd5328}: Connection refused: connect> (0x000000008ffd5328) thrown at [./src/hotspot/share/prims/jni.cpp, line 637]
Event: 67.685 Thread 0x000002201f7bd000 Exception <a 'java/net/ConnectException'{0x000000008fa6adb8}: Connection refused: connect> (0x000000008fa6adb8) thrown at [./src/hotspot/share/prims/jni.cpp, line 637]
Event: 69.732 Thread 0x000002201f7bd000 Exception <a 'java/net/ConnectException'{0x0000000091800048}: Connection refused: connect> (0x0000000091800048) thrown at [./src/hotspot/share/prims/jni.cpp, line 637]
Event: 69.950 Thread 0x000002201f7bd800 Exception <a 'java/net/ConnectException'{0x0000000091297390}: Connection refused: connect> (0x0000000091297390) thrown at [./src/hotspot/share/prims/jni.cpp, line 637]
Event: 70.590 Thread 0x000002202489e000 Exception <a 'java/lang/NoSuchMethodError'{0x0000000094b2ec80}: 'java.lang.Object java.lang.invoke.DirectMethodHandle$Holder.invokeInterface(java.lang.Object, java.lang.Object, int)'> (0x0000000094b2ec80) thrown at [./src/hotspot/share/interpreter/linkResolver.cpp, line 773]
Event: 71.050 Thread 0x000002202489e000 Exception <a 'java/lang/NoSuchMethodError'{0x000000009449dd78}: 'int java.lang.invoke.DirectMethodHandle$Holder.invokeInterface(java.lang.Object, java.lang.Object, int)'> (0x000000009449dd78) thrown at [./src/hotspot/share/interpreter/linkResolver.cpp, line 773]
Event: 73.611 Thread 0x000002201f7b3000 Exception <a 'java/lang/StackOverflowError'{0x00000000920f5940}> (0x00000000920f5940) thrown at [./src/hotspot/share/interpreter/interpreterRuntime.cpp, line 392]
Event: 77.470 Thread 0x000002202489e000 Implicit null exception at 0x000002200f2beda8 to 0x000002200f2beddc

Events (20 events):
Event: 76.897 Executing VM operation: G1CollectForAllocation
Event: 76.922 Executing VM operation: G1CollectForAllocation done
Event: 77.521 loading class com/android/tools/r8/internal/yY
Event: 77.521 loading class com/android/tools/r8/internal/yY done
Event: 77.521 loading class com/android/tools/r8/internal/yY
Event: 77.521 loading class com/android/tools/r8/internal/yY done
Event: 77.521 loading class com/android/tools/r8/internal/xY
Event: 77.521 loading class com/android/tools/r8/internal/xY done
Event: 77.522 loading class com/android/tools/r8/code/E0
Event: 77.522 loading class com/android/tools/r8/code/E0 done
Event: 77.522 loading class com/android/tools/r8/code/E0
Event: 77.522 loading class com/android/tools/r8/code/E0 done
Event: 77.522 loading class com/android/tools/r8/code/E0
Event: 77.522 loading class com/android/tools/r8/code/E0 done
Event: 77.620 loading class com/android/tools/r8/internal/r7
Event: 77.620 loading class com/android/tools/r8/internal/r7 done
Event: 77.886 Executing VM operation: ICBufferFull
Event: 77.886 Executing VM operation: ICBufferFull done
Event: 77.903 Executing VM operation: G1CollectForAllocation
Event: 77.928 Executing VM operation: G1CollectForAllocation done


Dynamic libraries:
0x00007ff7a0cd0000 - 0x00007ff7a0cda000 	C:\Program Files\Android\Android Studio\jre\bin\java.exe
0x00007ffd79a90000 - 0x00007ffd79c88000 	C:\WINDOWS\SYSTEM32\ntdll.dll
0x00007ffd79990000 - 0x00007ffd79a4f000 	C:\WINDOWS\System32\KERNEL32.DLL
0x00007ffd777f0000 - 0x00007ffd77ae6000 	C:\WINDOWS\System32\KERNELBASE.dll
0x00007ffd77660000 - 0x00007ffd77760000 	C:\WINDOWS\System32\ucrtbase.dll
0x00007ffd65ad0000 - 0x00007ffd65ae9000 	C:\Program Files\Android\Android Studio\jre\bin\jli.dll
0x00007ffd79430000 - 0x00007ffd795cd000 	C:\WINDOWS\System32\USER32.dll
0x00007ffd77210000 - 0x00007ffd77232000 	C:\WINDOWS\System32\win32u.dll
0x00007ffd77ef0000 - 0x00007ffd77f1c000 	C:\WINDOWS\System32\GDI32.dll
0x00007ffd77490000 - 0x00007ffd775a5000 	C:\WINDOWS\System32\gdi32full.dll
0x00007ffd77170000 - 0x00007ffd7720d000 	C:\WINDOWS\System32\msvcp_win.dll
0x00007ffd76490000 - 0x00007ffd7672a000 	C:\WINDOWS\WinSxS\amd64_microsoft.windows.common-controls_6595b64144ccf1df_6.0.19041.1110_none_60b5254171f9507e\COMCTL32.dll
0x00007ffd77c40000 - 0x00007ffd77cde000 	C:\WINDOWS\System32\msvcrt.dll
0x00007ffd61290000 - 0x00007ffd612a7000 	C:\Program Files\Android\Android Studio\jre\bin\VCRUNTIME140.dll
0x00007ffd784c0000 - 0x00007ffd784f0000 	C:\WINDOWS\System32\IMM32.DLL
0x00007ffd2afe0000 - 0x00007ffd2b07d000 	C:\Program Files\Android\Android Studio\jre\bin\msvcp140.dll
0x00007ffd0e200000 - 0x00007ffd0ed02000 	C:\Program Files\Android\Android Studio\jre\bin\server\jvm.dll
0x00007ffd77af0000 - 0x00007ffd77b9f000 	C:\WINDOWS\System32\ADVAPI32.dll
0x00007ffd77ba0000 - 0x00007ffd77c3c000 	C:\WINDOWS\System32\sechost.dll
0x00007ffd78560000 - 0x00007ffd78686000 	C:\WINDOWS\System32\RPCRT4.dll
0x00007ffd77f20000 - 0x00007ffd77f28000 	C:\WINDOWS\System32\PSAPI.DLL
0x00007ffd6d1b0000 - 0x00007ffd6d1b9000 	C:\WINDOWS\SYSTEM32\WSOCK32.dll
0x00007ffd784f0000 - 0x00007ffd7855b000 	C:\WINDOWS\System32\WS2_32.dll
0x00007ffd66d80000 - 0x00007ffd66da7000 	C:\WINDOWS\SYSTEM32\WINMM.dll
0x00007ffd67ec0000 - 0x00007ffd67eca000 	C:\WINDOWS\SYSTEM32\VERSION.dll
0x00007ffd74a00000 - 0x00007ffd74a12000 	C:\WINDOWS\SYSTEM32\kernel.appcore.dll
0x00007ffd5fe00000 - 0x00007ffd5fe11000 	C:\Program Files\Android\Android Studio\jre\bin\verify.dll
0x00007ffd76b80000 - 0x00007ffd76d64000 	C:\WINDOWS\SYSTEM32\DBGHELP.DLL
0x00007ffd76a40000 - 0x00007ffd76a74000 	C:\WINDOWS\SYSTEM32\dbgcore.DLL
0x00007ffd77760000 - 0x00007ffd777e2000 	C:\WINDOWS\System32\bcryptPrimitives.dll
0x00007ffd2b580000 - 0x00007ffd2b5a9000 	C:\Program Files\Android\Android Studio\jre\bin\java.dll
0x00007ffd68a50000 - 0x00007ffd68a5b000 	C:\Program Files\Android\Android Studio\jre\bin\jimage.dll
0x00007ffd3e3f0000 - 0x00007ffd3e408000 	C:\Program Files\Android\Android Studio\jre\bin\zip.dll
0x00007ffd78b40000 - 0x00007ffd79284000 	C:\WINDOWS\System32\SHELL32.dll
0x00007ffd74b70000 - 0x00007ffd75304000 	C:\WINDOWS\SYSTEM32\windows.storage.dll
0x00007ffd78740000 - 0x00007ffd78a94000 	C:\WINDOWS\System32\combase.dll
0x00007ffd763f0000 - 0x00007ffd7641e000 	C:\WINDOWS\SYSTEM32\Wldp.dll
0x00007ffd796b0000 - 0x00007ffd7975d000 	C:\WINDOWS\System32\SHCORE.dll
0x00007ffd79290000 - 0x00007ffd792e5000 	C:\WINDOWS\System32\shlwapi.dll
0x00007ffd770a0000 - 0x00007ffd770c5000 	C:\WINDOWS\SYSTEM32\profapi.dll
0x00007ffd3dd40000 - 0x00007ffd3dd5a000 	C:\Program Files\Android\Android Studio\jre\bin\net.dll
0x00007ffd6f200000 - 0x00007ffd6f30a000 	C:\WINDOWS\SYSTEM32\WINHTTP.dll
0x00007ffd76320000 - 0x00007ffd7638a000 	C:\WINDOWS\system32\mswsock.dll
0x00007ffd3d5b0000 - 0x00007ffd3d5c4000 	C:\Program Files\Android\Android Studio\jre\bin\nio.dll
0x00007ffd3e7f0000 - 0x00007ffd3e817000 	C:\Users\fezia\.gradle\native\e1d6ef7f7dcc3fd88c89a11ec53ec762bb8ba0a96d01ffa2cd45eb1d1d8dd5c5\windows-amd64\native-platform.dll
0x00007ffd16ff0000 - 0x00007ffd17134000 	C:\Users\fezia\.gradle\native\0d407fdbe67a94daf76414ababcb853783967236a71b16ec16e742cd7a986fd3\windows-amd64\native-platform-file-events.dll
0x00007ffd61490000 - 0x00007ffd6149a000 	C:\Program Files\Android\Android Studio\jre\bin\management.dll
0x00007ffd61260000 - 0x00007ffd6126d000 	C:\Program Files\Android\Android Studio\jre\bin\management_ext.dll
0x00007ffd76ee0000 - 0x00007ffd76ef8000 	C:\WINDOWS\SYSTEM32\CRYPTSP.dll
0x00007ffd75b50000 - 0x00007ffd75b84000 	C:\WINDOWS\system32\rsaenh.dll
0x00007ffd77300000 - 0x00007ffd77327000 	C:\WINDOWS\System32\bcrypt.dll
0x00007ffd77060000 - 0x00007ffd7708e000 	C:\WINDOWS\SYSTEM32\USERENV.dll
0x00007ffd763b0000 - 0x00007ffd763bc000 	C:\WINDOWS\SYSTEM32\CRYPTBASE.dll
0x00007ffd75ec0000 - 0x00007ffd75efc000 	C:\WINDOWS\SYSTEM32\IPHLPAPI.DLL
0x00007ffd77ce0000 - 0x00007ffd77ce8000 	C:\WINDOWS\System32\NSI.dll
0x00007ffd6e2d0000 - 0x00007ffd6e2e7000 	C:\WINDOWS\SYSTEM32\dhcpcsvc6.DLL
0x00007ffd6ee80000 - 0x00007ffd6ee9d000 	C:\WINDOWS\SYSTEM32\dhcpcsvc.DLL
0x00007ffd75f00000 - 0x00007ffd75fca000 	C:\WINDOWS\SYSTEM32\DNSAPI.dll
0x00007ffd60140000 - 0x00007ffd6015e000 	C:\Users\fezia\AppData\Local\Temp\native-platform14899653839511604286dir\native-platform.dll
0x00007ffd56340000 - 0x00007ffd5635e000 	C:\Users\fezia\AppData\Local\Temp\native-platform7239670585522115099dir\native-platform.dll

dbghelp: loaded successfully - version: 4.0.5 - missing functions: none
symbol engine: initialized successfully - sym options: 0x614 - pdb path: .;C:\Program Files\Android\Android Studio\jre\bin;C:\WINDOWS\SYSTEM32;C:\WINDOWS\WinSxS\amd64_microsoft.windows.common-controls_6595b64144ccf1df_6.0.19041.1110_none_60b5254171f9507e;C:\Program Files\Android\Android Studio\jre\bin\server;C:\Users\fezia\.gradle\native\e1d6ef7f7dcc3fd88c89a11ec53ec762bb8ba0a96d01ffa2cd45eb1d1d8dd5c5\windows-amd64;C:\Users\fezia\.gradle\native\0d407fdbe67a94daf76414ababcb853783967236a71b16ec16e742cd7a986fd3\windows-amd64;C:\Users\fezia\AppData\Local\Temp\native-platform14899653839511604286dir;C:\Users\fezia\AppData\Local\Temp\native-platform7239670585522115099dir

VM Arguments:
jvm_args: -XX:MaxMetaspaceSize=512m --add-opens=java.base/java.util=ALL-UNNAMED --add-opens=java.base/java.lang=ALL-UNNAMED --add-opens=java.base/java.lang.invoke=ALL-UNNAMED --add-opens=java.base/java.util=ALL-UNNAMED --add-opens=java.prefs/java.util.prefs=ALL-UNNAMED --add-opens=java.prefs/java.util.prefs=ALL-UNNAMED --add-opens=java.base/java.nio.charset=ALL-UNNAMED --add-opens=java.base/java.net=ALL-UNNAMED --add-opens=java.base/java.util.concurrent.atomic=ALL-UNNAMED -Xmx2048m -Dfile.encoding=windows-1252 -Duser.country=US -Duser.language=en -Duser.variant 
java_command: org.gradle.launcher.daemon.bootstrap.GradleDaemon 7.5.1
java_class_path (initial): C:\Users\fezia\.gradle\wrapper\dists\gradle-7.5.1-all\1ehga6e77gqps5uk2kc5kf1vc\gradle-7.5.1\lib\gradle-launcher-7.5.1.jar
Launcher Type: SUN_STANDARD

[Global flags]
     intx CICompilerCount                          = 3                                         {product} {ergonomic}
   size_t CompressedClassSpaceSize                 = 528482304                                 {product} {ergonomic}
     uint ConcGCThreads                            = 1                                         {product} {ergonomic}
     uint G1ConcRefinementThreads                  = 4                                         {product} {ergonomic}
   size_t G1HeapRegionSize                         = 1048576                                   {product} {ergonomic}
    uintx GCDrainStackTargetSize                   = 64                                        {product} {ergonomic}
   size_t InitialHeapSize                          = 65011712                                  {product} {ergonomic}
   size_t MarkStackSize                            = 4194304                                   {product} {ergonomic}
   size_t MaxHeapSize                              = 2147483648                                {product} {command line}
   size_t MaxMetaspaceSize                         = 536870912                                 {product} {command line}
   size_t MaxNewSize                               = 1287651328                                {product} {ergonomic}
   size_t MinHeapDeltaBytes                        = 1048576                                   {product} {ergonomic}
    uintx NonNMethodCodeHeapSize                   = 5830732                                {pd product} {ergonomic}
    uintx NonProfiledCodeHeapSize                  = 122913754                              {pd product} {ergonomic}
    uintx ProfiledCodeHeapSize                     = 122913754                              {pd product} {ergonomic}
    uintx ReservedCodeCacheSize                    = 251658240                              {pd product} {ergonomic}
     bool SegmentedCodeCache                       = true                                      {product} {ergonomic}
     bool UseCompressedClassPointers               = true                                 {lp64_product} {ergonomic}
     bool UseCompressedOops                        = true                                 {lp64_product} {ergonomic}
     bool UseG1GC                                  = true                                      {product} {ergonomic}
     bool UseLargePagesIndividualAllocation        = false                                  {pd product} {ergonomic}

Logging:
Log output configuration:
 #0: stdout all=warning uptime,level,tags
 #1: stderr all=off uptime,level,tags

Environment Variables:
JAVA_HOME=C:\Program Files\Android\Android Studio\jre
CLASSPATH=C:\Users\fezia\Tradly\android\\gradle\wrapper\gradle-wrapper.jar
PATH=C:\Users\fezia\Tradly\android\node_modules\.bin;C:\Users\fezia\Tradly\node_modules\.bin;C:\Users\fezia\node_modules\.bin;C:\Users\node_modules\.bin;C:\node_modules\.bin;C:\Program Files\nodejs;C:\Users\fezia\AppData\Local\Temp\yarn--1689843345413-0.6731931790780241;C:\Users\fezia\Tradly\node_modules\.bin;C:\Users\fezia\AppData\Local\Yarn\Data\link\node_modules\.bin;C:\Users\fezia\AppData\Local\Yarn\bin;C:\Program Files\libexec\lib\node_modules\npm\bin\node-gyp-bin;C:\Program Files\lib\node_modules\npm\bin\node-gyp-bin;C:\Program Files\nodejs\node_modules\npm\bin\node-gyp-bin;C:\Program Files\Microsoft\jdk-11.0.18.10-hotspot\bin;C:\WINDOWS\system32;C:\WINDOWS;C:\WINDOWS\System32\Wbem;C:\WINDOWS\System32\WindowsPowerShell\v1.0\;C:\WINDOWS\System32\OpenSSH\;C:\Program Files\Git\cmd;C:\ProgramData\chocolatey\bin;C:\Program Files\nodejs\;C:\Users\fezia\AppData\Local\Android\Sdk\platform-tools;C:\Users\fezia\AppData\Local\Microsoft\WindowsApps;C:\Users\fezia\AppData\Local\Programs\Microsoft VS Code\bin;C:\Users\fezia\AppData\Local\Android\Sdk\platform-tools;C:\Users\fezia\AppData\Roaming\npm
USERNAME=fezia
OS=Windows_NT
PROCESSOR_IDENTIFIER=Intel64 Family 6 Model 58 Stepping 9, GenuineIntel



---------------  S Y S T E M  ---------------

OS: Windows 10 , 64 bit Build 19041 (10.0.19041.3155)
OS uptime: 4 days 13:35 hours
Hyper-V role detected

CPU:total 4 (initial active 4) (2 cores per cpu, 2 threads per core) family 6 model 58 stepping 9 microcode 0x21, cmov, cx8, fxsr, mmx, sse, sse2, sse3, ssse3, sse4.1, sse4.2, popcnt, avx, aes, clmul, erms, ht, tsc, tscinvbit, tscinv

Memory: 4k page, system-wide physical 3959M (291M free)
TotalPageFile size 16247M (AvailPageFile size 0M)
current process WorkingSet (physical memory assigned to process): 528M, peak: 564M
current process commit charge ("private bytes"): 737M, peak: 739M

vm_info: OpenJDK 64-Bit Server VM (11.0.13+0-b1751.21-8125866) for windows-amd64 JRE (11.0.13+0-b1751.21-8125866), built on Feb  2 2022 03:00:22 by "builder" with MS VC++ 14.0 (VS2015)

END.
