#
# There is insufficient memory for the Java Runtime Environment to continue.
# Native memory allocation (malloc) failed to allocate 2327216 bytes for Chunk::new
# Possible reasons:
#   The system is out of physical RAM or swap space
#   The process is running with CompressedOops enabled, and the Java Heap may be blocking the growth of the native heap
# Possible solutions:
#   Reduce memory load on the system
#   Increase physical memory or swap space
#   Check if swap backing store is full
#   Decrease Java heap size (-Xmx/-Xms)
#   Decrease number of Java threads
#   Decrease Java thread stack sizes (-Xss)
#   Set larger code cache with -XX:ReservedCodeCacheSize=
#   JVM is running with Unscaled Compressed Oops mode in which the Java heap is
#     placed in the first 4GB address space. The Java Heap base address is the
#     maximum limit for the native heap growth. Please use -XX:HeapBaseMinAddress
#     to set the Java Heap base and to place the Java Heap above 4GB virtual address.
# This output file may be truncated or incomplete.
#
#  Out of Memory Error (./src/hotspot/share/memory/arena.cpp:197), pid=11452, tid=4192
#
# JRE version: OpenJDK Runtime Environment (11.0.13) (build 11.0.13+0-b1751.21-8125866)
# Java VM: OpenJDK 64-Bit Server VM (11.0.13+0-b1751.21-8125866, mixed mode, tiered, compressed oops, g1 gc, windows-amd64)
# No core dump will be written. Minidumps are not enabled by default on client versions of Windows
#

---------------  S U M M A R Y ------------

Command Line: org.jetbrains.kotlin.cli.jvm.K2JVMCompiler @C:\Users\fezia\Tradly\node_modules\react-native-safe-area-context\android\build\20230715_5512860190720958702.compiler.options

Host: Intel(R) Core(TM) i5-3320M CPU @ 2.60GHz, 4 cores, 3G,  Windows 10 , 64 bit Build 19041 (10.0.19041.3155)
Time: Sat Jul 15 11:00:17 2023 Pakistan Standard Time elapsed time: 74.545550 seconds (0d 0h 1m 14s)

---------------  T H R E A D  ---------------

Current thread (0x000001cb7efad800):  JavaThread "C2 CompilerThread0" daemon [_thread_in_native, id=4192, stack(0x0000000f21400000,0x0000000f21500000)]


Current CompileTask:
C2:  74545 6733       4       org.jetbrains.kotlin.types.TypeSubstitutor::unsafeSubstitute (813 bytes)

Stack: [0x0000000f21400000,0x0000000f21500000]
Native frames: (J=compiled Java code, j=interpreted, Vv=VM code, C=native code)
V  [jvm.dll+0x6100fa]
V  [jvm.dll+0x747090]
V  [jvm.dll+0x7486ad]
V  [jvm.dll+0x748d83]
V  [jvm.dll+0x24ab48]
V  [jvm.dll+0xc04dc]
V  [jvm.dll+0xc0a0c]
V  [jvm.dll+0x35eb9d]
V  [jvm.dll+0x32b833]
V  [jvm.dll+0x32ad2a]
V  [jvm.dll+0x2032b2]
V  [jvm.dll+0x202437]
V  [jvm.dll+0x188e01]
V  [jvm.dll+0x21106b]
V  [jvm.dll+0x20f8c1]
V  [jvm.dll+0x70de0f]
V  [jvm.dll+0x706a75]
V  [jvm.dll+0x60ed66]
C  [ucrtbase.dll+0x21bb2]
C  [KERNEL32.DLL+0x17614]
C  [ntdll.dll+0x526b1]


---------------  P R O C E S S  ---------------

Threads class SMR info:
_java_thread_list=0x000001cb7f24fd30, length=10, elements={
0x000001cb76300000, 0x000001cb7ef88000, 0x000001cb7ef89000, 0x000001cb7efa7000,
0x000001cb7efa9000, 0x000001cb7efaa000, 0x000001cb7efad800, 0x000001cb7f158800,
0x000001cb7f159000, 0x000001cb7f261000
}

Java Threads: ( => current thread )
  0x000001cb76300000 JavaThread "main" [_thread_in_vm, id=15008, stack(0x0000000f20800000,0x0000000f20900000)]
  0x000001cb7ef88000 JavaThread "Reference Handler" daemon [_thread_blocked, id=2560, stack(0x0000000f20f00000,0x0000000f21000000)]
  0x000001cb7ef89000 JavaThread "Finalizer" daemon [_thread_blocked, id=14928, stack(0x0000000f21000000,0x0000000f21100000)]
  0x000001cb7efa7000 JavaThread "Signal Dispatcher" daemon [_thread_blocked, id=15592, stack(0x0000000f21100000,0x0000000f21200000)]
  0x000001cb7efa9000 JavaThread "Attach Listener" daemon [_thread_blocked, id=17048, stack(0x0000000f21200000,0x0000000f21300000)]
  0x000001cb7efaa000 JavaThread "Service Thread" daemon [_thread_blocked, id=8356, stack(0x0000000f21300000,0x0000000f21400000)]
=>0x000001cb7efad800 JavaThread "C2 CompilerThread0" daemon [_thread_in_native, id=4192, stack(0x0000000f21400000,0x0000000f21500000)]
  0x000001cb7f158800 JavaThread "C1 CompilerThread0" daemon [_thread_blocked, id=1100, stack(0x0000000f21500000,0x0000000f21600000)]
  0x000001cb7f159000 JavaThread "Sweeper thread" daemon [_thread_blocked, id=5400, stack(0x0000000f21600000,0x0000000f21700000)]
  0x000001cb7f261000 JavaThread "Common-Cleaner" daemon [_thread_blocked, id=15936, stack(0x0000000f21800000,0x0000000f21900000)]

Other Threads:
  0x000001cb7ef60800 VMThread "VM Thread" [stack: 0x0000000f20e00000,0x0000000f20f00000] [id=13468]
  0x000001cb7f258000 WatcherThread [stack: 0x0000000f21700000,0x0000000f21800000] [id=11760]
  0x000001cb76318000 GCTaskThread "GC Thread#0" [stack: 0x0000000f20900000,0x0000000f20a00000] [id=11524]
  0x000001cb7f643000 GCTaskThread "GC Thread#1" [stack: 0x0000000f21900000,0x0000000f21a00000] [id=15528]
  0x000001cb76331000 ConcurrentGCThread "G1 Main Marker" [stack: 0x0000000f20a00000,0x0000000f20b00000] [id=11344]
  0x000001cb76332800 ConcurrentGCThread "G1 Conc#0" [stack: 0x0000000f20b00000,0x0000000f20c00000] [id=16976]
  0x000001cb76378000 ConcurrentGCThread "G1 Refine#0" [stack: 0x0000000f20c00000,0x0000000f20d00000] [id=12576]
  0x000001cb76379000 ConcurrentGCThread "G1 Young RemSet Sampling" [stack: 0x0000000f20d00000,0x0000000f20e00000] [id=17092]

Threads with active compile tasks:
C2 CompilerThread0  74596 6733       4       org.jetbrains.kotlin.types.TypeSubstitutor::unsafeSubstitute (813 bytes)

VM state:not at safepoint (normal execution)

VM Mutex/Monitor currently owned by a thread: None

Heap address: 0x00000000c2200000, size: 990 MB, Compressed Oops mode: 32-bit
Narrow klass base: 0x0000000000000000, Narrow klass shift: 3
Compressed class space size: 1073741824 Address: 0x0000000100000000

Heap:
 garbage-first heap   total 63488K, used 50897K [0x00000000c2200000, 0x0000000100000000)
  region size 1024K, 8 young (8192K), 2 survivors (2048K)
 Metaspace       used 60559K, capacity 61355K, committed 61648K, reserved 1103872K
  class space    used 7010K, capacity 7326K, committed 7420K, reserved 1048576K
Heap Regions: E=young(eden), S=young(survivor), O=old, HS=humongous(starts), HC=humongous(continues), CS=collection set, F=free, A=archive, TAMS=top-at-mark-start (previous, next)
|   0|0x00000000c2200000, 0x00000000c2300000, 0x00000000c2300000|100%|HS|  |TAMS 0x00000000c2300000, 0x00000000c2200000| Complete 
|   1|0x00000000c2300000, 0x00000000c2400000, 0x00000000c2400000|100%|HC|  |TAMS 0x00000000c2400000, 0x00000000c2300000| Complete 
|   2|0x00000000c2400000, 0x00000000c2500000, 0x00000000c2500000|100%|HC|  |TAMS 0x00000000c2500000, 0x00000000c2400000| Complete 
|   3|0x00000000c2500000, 0x00000000c2600000, 0x00000000c2600000|100%| O|  |TAMS 0x00000000c2600000, 0x00000000c2500000| Untracked 
|   4|0x00000000c2600000, 0x00000000c2700000, 0x00000000c2700000|100%| O|  |TAMS 0x00000000c2700000, 0x00000000c2600000| Untracked 
|   5|0x00000000c2700000, 0x00000000c2800000, 0x00000000c2800000|100%| O|  |TAMS 0x00000000c2800000, 0x00000000c2700000| Untracked 
|   6|0x00000000c2800000, 0x00000000c2900000, 0x00000000c2900000|100%| O|  |TAMS 0x00000000c2900000, 0x00000000c2800000| Untracked 
|   7|0x00000000c2900000, 0x00000000c2a00000, 0x00000000c2a00000|100%| O|  |TAMS 0x00000000c2a00000, 0x00000000c2900000| Untracked 
|   8|0x00000000c2a00000, 0x00000000c2b00000, 0x00000000c2b00000|100%| O|  |TAMS 0x00000000c2b00000, 0x00000000c2a00000| Untracked 
|   9|0x00000000c2b00000, 0x00000000c2c00000, 0x00000000c2c00000|100%|HS|  |TAMS 0x00000000c2c00000, 0x00000000c2b00000| Complete 
|  10|0x00000000c2c00000, 0x00000000c2d00000, 0x00000000c2d00000|100%|HC|  |TAMS 0x00000000c2d00000, 0x00000000c2c00000| Complete 
|  11|0x00000000c2d00000, 0x00000000c2e00000, 0x00000000c2e00000|100%|HC|  |TAMS 0x00000000c2e00000, 0x00000000c2d00000| Complete 
|  12|0x00000000c2e00000, 0x00000000c2f00000, 0x00000000c2f00000|100%| O|  |TAMS 0x00000000c2f00000, 0x00000000c2e00000| Untracked 
|  13|0x00000000c2f00000, 0x00000000c3000000, 0x00000000c3000000|100%| O|  |TAMS 0x00000000c3000000, 0x00000000c2f00000| Untracked 
|  14|0x00000000c3000000, 0x00000000c3100000, 0x00000000c3100000|100%| O|  |TAMS 0x00000000c3100000, 0x00000000c3000000| Untracked 
|  15|0x00000000c3100000, 0x00000000c3200000, 0x00000000c3200000|100%| O|  |TAMS 0x00000000c3200000, 0x00000000c3100000| Untracked 
|  16|0x00000000c3200000, 0x00000000c3300000, 0x00000000c3300000|100%| O|  |TAMS 0x00000000c3300000, 0x00000000c3200000| Untracked 
|  17|0x00000000c3300000, 0x00000000c3400000, 0x00000000c3400000|100%| O|  |TAMS 0x00000000c3400000, 0x00000000c3300000| Untracked 
|  18|0x00000000c3400000, 0x00000000c3500000, 0x00000000c3500000|100%| O|  |TAMS 0x00000000c3500000, 0x00000000c3400000| Untracked 
|  19|0x00000000c3500000, 0x00000000c3600000, 0x00000000c3600000|100%| O|  |TAMS 0x00000000c3600000, 0x00000000c3500000| Untracked 
|  20|0x00000000c3600000, 0x00000000c3700000, 0x00000000c3700000|100%| O|  |TAMS 0x00000000c3700000, 0x00000000c3600000| Untracked 
|  21|0x00000000c3700000, 0x00000000c3800000, 0x00000000c3800000|100%| O|  |TAMS 0x00000000c3800000, 0x00000000c3700000| Untracked 
|  22|0x00000000c3800000, 0x00000000c3900000, 0x00000000c3900000|100%|HS|  |TAMS 0x00000000c3900000, 0x00000000c3800000| Complete 
|  23|0x00000000c3900000, 0x00000000c3a00000, 0x00000000c3a00000|100%|HC|  |TAMS 0x00000000c3a00000, 0x00000000c3900000| Complete 
|  24|0x00000000c3a00000, 0x00000000c3b00000, 0x00000000c3b00000|100%| O|  |TAMS 0x00000000c3b00000, 0x00000000c3a00000| Untracked 
|  25|0x00000000c3b00000, 0x00000000c3c00000, 0x00000000c3c00000|100%| O|  |TAMS 0x00000000c3c00000, 0x00000000c3b00000| Untracked 
|  26|0x00000000c3c00000, 0x00000000c3d00000, 0x00000000c3d00000|100%| O|  |TAMS 0x00000000c3d00000, 0x00000000c3c00000| Untracked 
|  27|0x00000000c3d00000, 0x00000000c3e00000, 0x00000000c3e00000|100%| O|  |TAMS 0x00000000c3e00000, 0x00000000c3d00000| Untracked 
|  28|0x00000000c3e00000, 0x00000000c3f00000, 0x00000000c3f00000|100%| O|  |TAMS 0x00000000c3f00000, 0x00000000c3e00000| Untracked 
|  29|0x00000000c3f00000, 0x00000000c4000000, 0x00000000c4000000|100%| O|  |TAMS 0x00000000c4000000, 0x00000000c3f00000| Untracked 
|  30|0x00000000c4000000, 0x00000000c4100000, 0x00000000c4100000|100%| O|  |TAMS 0x00000000c4100000, 0x00000000c4000000| Untracked 
|  31|0x00000000c4100000, 0x00000000c4200000, 0x00000000c4200000|100%| O|  |TAMS 0x00000000c4200000, 0x00000000c4100000| Untracked 
|  32|0x00000000c4200000, 0x00000000c4300000, 0x00000000c4300000|100%| O|  |TAMS 0x00000000c4300000, 0x00000000c4200000| Untracked 
|  33|0x00000000c4300000, 0x00000000c4400000, 0x00000000c4400000|100%| O|  |TAMS 0x00000000c4400000, 0x00000000c4300000| Untracked 
|  34|0x00000000c4400000, 0x00000000c4500000, 0x00000000c4500000|100%| O|  |TAMS 0x00000000c4500000, 0x00000000c4400000| Untracked 
|  35|0x00000000c4500000, 0x00000000c4600000, 0x00000000c4600000|100%| O|  |TAMS 0x00000000c4600000, 0x00000000c4500000| Untracked 
|  36|0x00000000c4600000, 0x00000000c4700000, 0x00000000c4700000|100%| O|  |TAMS 0x00000000c4700000, 0x00000000c4600000| Untracked 
|  37|0x00000000c4700000, 0x00000000c4800000, 0x00000000c4800000|100%| O|  |TAMS 0x00000000c4800000, 0x00000000c4700000| Untracked 
|  38|0x00000000c4800000, 0x00000000c4900000, 0x00000000c4900000|100%| O|  |TAMS 0x00000000c4900000, 0x00000000c4800000| Untracked 
|  39|0x00000000c4900000, 0x00000000c4a00000, 0x00000000c4a00000|100%| O|  |TAMS 0x00000000c4a00000, 0x00000000c4900000| Untracked 
|  40|0x00000000c4a00000, 0x00000000c4b00000, 0x00000000c4b00000|100%| O|  |TAMS 0x00000000c4b00000, 0x00000000c4a00000| Untracked 
|  41|0x00000000c4b00000, 0x00000000c4c00000, 0x00000000c4c00000|100%| O|  |TAMS 0x00000000c4b70400, 0x00000000c4b00000| Untracked 
|  42|0x00000000c4c00000, 0x00000000c4d00000, 0x00000000c4d00000|100%| O|  |TAMS 0x00000000c4c00000, 0x00000000c4c00000| Untracked 
|  43|0x00000000c4d00000, 0x00000000c4d31e00, 0x00000000c4e00000| 19%| O|  |TAMS 0x00000000c4d00000, 0x00000000c4d00000| Untracked 
|  44|0x00000000c4e00000, 0x00000000c4e00000, 0x00000000c4f00000|  0%| F|  |TAMS 0x00000000c4e00000, 0x00000000c4e00000| Untracked 
|  45|0x00000000c4f00000, 0x00000000c4f00000, 0x00000000c5000000|  0%| F|  |TAMS 0x00000000c4f00000, 0x00000000c4f00000| Untracked 
|  46|0x00000000c5000000, 0x00000000c5000000, 0x00000000c5100000|  0%| F|  |TAMS 0x00000000c5000000, 0x00000000c5000000| Untracked 
|  47|0x00000000c5100000, 0x00000000c5100000, 0x00000000c5200000|  0%| F|  |TAMS 0x00000000c5100000, 0x00000000c5100000| Untracked 
|  48|0x00000000c5200000, 0x00000000c5200000, 0x00000000c5300000|  0%| F|  |TAMS 0x00000000c5200000, 0x00000000c5200000| Untracked 
|  49|0x00000000c5300000, 0x00000000c5300000, 0x00000000c5400000|  0%| F|  |TAMS 0x00000000c5300000, 0x00000000c5300000| Untracked 
|  50|0x00000000c5400000, 0x00000000c5400000, 0x00000000c5500000|  0%| F|  |TAMS 0x00000000c5400000, 0x00000000c5400000| Untracked 
|  51|0x00000000c5500000, 0x00000000c5500000, 0x00000000c5600000|  0%| F|  |TAMS 0x00000000c5500000, 0x00000000c5500000| Untracked 
|  52|0x00000000c5600000, 0x00000000c5600000, 0x00000000c5700000|  0%| F|  |TAMS 0x00000000c5600000, 0x00000000c5600000| Untracked 
|  53|0x00000000c5700000, 0x00000000c57829f8, 0x00000000c5800000| 51%| S|CS|TAMS 0x00000000c5700000, 0x00000000c5700000| Complete 
|  54|0x00000000c5800000, 0x00000000c5900000, 0x00000000c5900000|100%| S|CS|TAMS 0x00000000c5800000, 0x00000000c5800000| Complete 
|  55|0x00000000c5900000, 0x00000000c5900000, 0x00000000c5a00000|  0%| F|  |TAMS 0x00000000c5900000, 0x00000000c5900000| Untracked 
|  56|0x00000000c5a00000, 0x00000000c5ad7068, 0x00000000c5b00000| 83%| E|  |TAMS 0x00000000c5a00000, 0x00000000c5a00000| Complete 
|  57|0x00000000c5b00000, 0x00000000c5c00000, 0x00000000c5c00000|100%| E|CS|TAMS 0x00000000c5b00000, 0x00000000c5b00000| Complete 
|  58|0x00000000c5c00000, 0x00000000c5d00000, 0x00000000c5d00000|100%| E|CS|TAMS 0x00000000c5c00000, 0x00000000c5c00000| Complete 
|  59|0x00000000c5d00000, 0x00000000c5e00000, 0x00000000c5e00000|100%| E|CS|TAMS 0x00000000c5d00000, 0x00000000c5d00000| Complete 
|  60|0x00000000c5e00000, 0x00000000c5f00000, 0x00000000c5f00000|100%| E|CS|TAMS 0x00000000c5e00000, 0x00000000c5e00000| Complete 
|  61|0x00000000c5f00000, 0x00000000c6000000, 0x00000000c6000000|100%| E|CS|TAMS 0x00000000c5f00000, 0x00000000c5f00000| Complete 

Card table byte_map: [0x000001cb7a010000,0x000001cb7a200000] _byte_map_base: 0x000001cb799ff000

Marking Bits (Prev, Next): (CMBitMap*) 0x000001cb7632c7f8, (CMBitMap*) 0x000001cb7632c830
 Prev Bits: [0x000001cb7a3f0000, 0x000001cb7b368000)
 Next Bits: [0x000001cb7b370000, 0x000001cb7c2e8000)

Polling page: 0x000001cb742d0000

Metaspace:

Usage:
  Non-class:     52.76 MB capacity,    52.29 MB (>99%) used,   374.26 KB ( <1%) free+waste,   105.75 KB ( <1%) overhead. 
      Class:      7.15 MB capacity,     6.85 MB ( 96%) used,   268.20 KB (  4%) free+waste,    47.63 KB ( <1%) overhead. 
       Both:     59.92 MB capacity,    59.14 MB ( 99%) used,   642.45 KB (  1%) free+waste,   153.38 KB ( <1%) overhead. 

Virtual space:
  Non-class space:       54.00 MB reserved,      52.96 MB ( 98%) committed 
      Class space:        1.00 GB reserved,       7.25 MB ( <1%) committed 
             Both:        1.05 GB reserved,      60.20 MB (  6%) committed 

Chunk freelists:
   Non-Class:  7.00 KB
       Class:  2.00 KB
        Both:  9.00 KB

MaxMetaspaceSize: 17179869184.00 GB
CompressedClassSpaceSize: 1.00 GB
Initial GC threshold: 20.80 MB
Current GC threshold: 99.51 MB
CDS: off

CodeHeap 'non-profiled nmethods': size=120064Kb used=3437Kb max_used=3437Kb free=116626Kb
 bounds [0x000001cb07ac0000, 0x000001cb07e20000, 0x000001cb0f000000]
CodeHeap 'profiled nmethods': size=120000Kb used=17303Kb max_used=17303Kb free=102696Kb
 bounds [0x000001cb00590000, 0x000001cb01680000, 0x000001cb07ac0000]
CodeHeap 'non-nmethods': size=5696Kb used=1291Kb max_used=1329Kb free=4404Kb
 bounds [0x000001cb00000000, 0x000001cb00270000, 0x000001cb00590000]
 total_blobs=7273 nmethods=6692 adapters=492
 compilation: enabled
              stopped_count=0, restarted_count=0
 full_count=0

Compilation events (20 events):
Event: 74.332 Thread 0x000001cb7f158800 6745       1       org.jetbrains.kotlin.load.java.lazy.types.JavaTypeAttributes::getDefaultType (5 bytes)
Event: 74.332 Thread 0x000001cb7f158800 nmethod 6745 0x000001cb07e1ab90 code [0x000001cb07e1ad40, 0x000001cb07e1adf8]
Event: 74.333 Thread 0x000001cb7f158800 6746       3       org.jetbrains.kotlin.types.FlexibleType::<init> (28 bytes)
Event: 74.334 Thread 0x000001cb7f158800 nmethod 6746 0x000001cb0166b890 code [0x000001cb0166bb60, 0x000001cb0166c818]
Event: 74.339 Thread 0x000001cb7f158800 6747       3       org.jetbrains.kotlin.types.AbstractTypeChecker::completeIsSubTypeOf (135 bytes)
Event: 74.342 Thread 0x000001cb7f158800 nmethod 6747 0x000001cb0166cc90 code [0x000001cb0166d120, 0x000001cb0166efd8]
Event: 74.342 Thread 0x000001cb7f158800 6748       3       org.jetbrains.kotlin.types.checker.ClassicTypeSystemContext$DefaultImpls::parametersCount (82 bytes)
Event: 74.345 Thread 0x000001cb7f158800 nmethod 6748 0x000001cb0166fb10 code [0x000001cb0166fee0, 0x000001cb01671598]
Event: 74.345 Thread 0x000001cb7f158800 6750       2       org.jetbrains.kotlin.types.TypeUtils::contains (301 bytes)
Event: 74.347 Thread 0x000001cb7f158800 nmethod 6750 0x000001cb01671d90 code [0x000001cb016720e0, 0x000001cb01672bd8]
Event: 74.347 Thread 0x000001cb7f158800 6749       3       org.jetbrains.kotlin.types.checker.SimpleClassicTypeSystemContext::getType (6 bytes)
Event: 74.347 Thread 0x000001cb7f158800 nmethod 6749 0x000001cb01673210 code [0x000001cb016733c0, 0x000001cb016734e8]
Event: 74.353 Thread 0x000001cb7f158800 6751       3       org.jetbrains.kotlin.load.java.AbstractAnnotationTypeQualifierResolver::resolveTypeQualifierAnnotation (180 bytes)
Event: 74.355 Thread 0x000001cb7f158800 nmethod 6751 0x000001cb01673590 code [0x000001cb016738c0, 0x000001cb016749b8]
Event: 74.384 Thread 0x000001cb7f158800 6752       1       org.jetbrains.kotlin.load.java.lazy.descriptors.LazyJavaScope::access$getDeclaredField$p (5 bytes)
Event: 74.384 Thread 0x000001cb7f158800 nmethod 6752 0x000001cb07e1ae90 code [0x000001cb07e1b040, 0x000001cb07e1b0d8]
Event: 74.507 Thread 0x000001cb7f158800 6753       1       org.jetbrains.kotlin.descriptors.impl.PropertyDescriptorImpl$CopyConfiguration::access$200 (5 bytes)
Event: 74.507 Thread 0x000001cb7f158800 nmethod 6753 0x000001cb07e1b190 code [0x000001cb07e1b340, 0x000001cb07e1b3d8]
Event: 74.521 Thread 0x000001cb7f158800 6754       3       org.jetbrains.kotlin.descriptors.impl.PropertyDescriptorImpl::getGetter (5 bytes)
Event: 74.522 Thread 0x000001cb7f158800 nmethod 6754 0x000001cb01674f90 code [0x000001cb01675140, 0x000001cb016752d8]

GC Heap History (20 events):
Event: 38.914 GC heap before
{Heap before GC invocations=10 (full 0):
 garbage-first heap   total 63488K, used 44518K [0x00000000c2200000, 0x0000000100000000)
  region size 1024K, 21 young (21504K), 2 survivors (2048K)
 Metaspace       used 48386K, capacity 48944K, committed 49232K, reserved 1093632K
  class space    used 5655K, capacity 5863K, committed 6012K, reserved 1048576K
}
Event: 38.926 GC heap after
{Heap after GC invocations=11 (full 0):
 garbage-first heap   total 63488K, used 27885K [0x00000000c2200000, 0x0000000100000000)
  region size 1024K, 2 young (2048K), 2 survivors (2048K)
 Metaspace       used 48386K, capacity 48944K, committed 49232K, reserved 1093632K
  class space    used 5655K, capacity 5863K, committed 6012K, reserved 1048576K
}
Event: 42.305 GC heap before
{Heap before GC invocations=11 (full 0):
 garbage-first heap   total 63488K, used 47341K [0x00000000c2200000, 0x0000000100000000)
  region size 1024K, 20 young (20480K), 2 survivors (2048K)
 Metaspace       used 53298K, capacity 53935K, committed 54224K, reserved 1097728K
  class space    used 6336K, capacity 6613K, committed 6652K, reserved 1048576K
}
Event: 42.319 GC heap after
{Heap after GC invocations=12 (full 0):
 garbage-first heap   total 63488K, used 29587K [0x00000000c2200000, 0x0000000100000000)
  region size 1024K, 2 young (2048K), 2 survivors (2048K)
 Metaspace       used 53298K, capacity 53935K, committed 54224K, reserved 1097728K
  class space    used 6336K, capacity 6613K, committed 6652K, reserved 1048576K
}
Event: 43.282 GC heap before
{Heap before GC invocations=12 (full 0):
 garbage-first heap   total 63488K, used 46995K [0x00000000c2200000, 0x0000000100000000)
  region size 1024K, 19 young (19456K), 2 survivors (2048K)
 Metaspace       used 53372K, capacity 54063K, committed 54224K, reserved 1097728K
  class space    used 6336K, capacity 6613K, committed 6652K, reserved 1048576K
}
Event: 43.293 GC heap after
{Heap after GC invocations=13 (full 0):
 garbage-first heap   total 63488K, used 30729K [0x00000000c2200000, 0x0000000100000000)
  region size 1024K, 2 young (2048K), 2 survivors (2048K)
 Metaspace       used 53372K, capacity 54063K, committed 54224K, reserved 1097728K
  class space    used 6336K, capacity 6613K, committed 6652K, reserved 1048576K
}
Event: 48.565 GC heap before
{Heap before GC invocations=14 (full 0):
 garbage-first heap   total 63488K, used 48137K [0x00000000c2200000, 0x0000000100000000)
  region size 1024K, 19 young (19456K), 2 survivors (2048K)
 Metaspace       used 55277K, capacity 56003K, committed 56272K, reserved 1099776K
  class space    used 6563K, capacity 6874K, committed 6908K, reserved 1048576K
}
Event: 48.584 GC heap after
{Heap after GC invocations=15 (full 0):
 garbage-first heap   total 63488K, used 33052K [0x00000000c2200000, 0x0000000100000000)
  region size 1024K, 3 young (3072K), 3 survivors (3072K)
 Metaspace       used 55277K, capacity 56003K, committed 56272K, reserved 1099776K
  class space    used 6563K, capacity 6874K, committed 6908K, reserved 1048576K
}
Event: 50.974 GC heap before
{Heap before GC invocations=15 (full 0):
 garbage-first heap   total 63488K, used 48412K [0x00000000c2200000, 0x0000000100000000)
  region size 1024K, 19 young (19456K), 3 survivors (3072K)
 Metaspace       used 57086K, capacity 57820K, committed 58064K, reserved 1099776K
  class space    used 6754K, capacity 7075K, committed 7164K, reserved 1048576K
}
Event: 50.992 GC heap after
{Heap after GC invocations=16 (full 0):
 garbage-first heap   total 63488K, used 34684K [0x00000000c2200000, 0x0000000100000000)
  region size 1024K, 2 young (2048K), 2 survivors (2048K)
 Metaspace       used 57086K, capacity 57820K, committed 58064K, reserved 1099776K
  class space    used 6754K, capacity 7075K, committed 7164K, reserved 1048576K
}
Event: 58.083 GC heap before
{Heap before GC invocations=17 (full 0):
 garbage-first heap   total 63488K, used 49020K [0x00000000c2200000, 0x0000000100000000)
  region size 1024K, 17 young (17408K), 2 survivors (2048K)
 Metaspace       used 59246K, capacity 60028K, committed 60368K, reserved 1101824K
  class space    used 6959K, capacity 7289K, committed 7420K, reserved 1048576K
}
Event: 58.101 GC heap after
{Heap after GC invocations=18 (full 0):
 garbage-first heap   total 63488K, used 37351K [0x00000000c2200000, 0x0000000100000000)
  region size 1024K, 3 young (3072K), 3 survivors (3072K)
 Metaspace       used 59246K, capacity 60028K, committed 60368K, reserved 1101824K
  class space    used 6959K, capacity 7289K, committed 7420K, reserved 1048576K
}
Event: 61.884 GC heap before
{Heap before GC invocations=18 (full 0):
 garbage-first heap   total 63488K, used 50663K [0x00000000c2200000, 0x0000000100000000)
  region size 1024K, 16 young (16384K), 3 survivors (3072K)
 Metaspace       used 59990K, capacity 60738K, committed 60880K, reserved 1103872K
  class space    used 6978K, capacity 7291K, committed 7420K, reserved 1048576K
}
Event: 61.906 GC heap after
{Heap after GC invocations=19 (full 0):
 garbage-first heap   total 63488K, used 39891K [0x00000000c2200000, 0x0000000100000000)
  region size 1024K, 2 young (2048K), 2 survivors (2048K)
 Metaspace       used 59990K, capacity 60738K, committed 60880K, reserved 1103872K
  class space    used 6978K, capacity 7291K, committed 7420K, reserved 1048576K
}
Event: 65.333 GC heap before
{Heap before GC invocations=20 (full 0):
 garbage-first heap   total 63488K, used 51155K [0x00000000c2200000, 0x0000000100000000)
  region size 1024K, 13 young (13312K), 2 survivors (2048K)
 Metaspace       used 60097K, capacity 60867K, committed 61136K, reserved 1103872K
  class space    used 6979K, capacity 7291K, committed 7420K, reserved 1048576K
}
Event: 65.352 GC heap after
{Heap after GC invocations=21 (full 0):
 garbage-first heap   total 63488K, used 42267K [0x00000000c2200000, 0x0000000100000000)
  region size 1024K, 2 young (2048K), 2 survivors (2048K)
 Metaspace       used 60097K, capacity 60867K, committed 61136K, reserved 1103872K
  class space    used 6979K, capacity 7291K, committed 7420K, reserved 1048576K
}
Event: 69.455 GC heap before
{Heap before GC invocations=21 (full 0):
 garbage-first heap   total 63488K, used 51483K [0x00000000c2200000, 0x0000000100000000)
  region size 1024K, 11 young (11264K), 2 survivors (2048K)
 Metaspace       used 60213K, capacity 60931K, committed 61136K, reserved 1103872K
  class space    used 6979K, capacity 7291K, committed 7420K, reserved 1048576K
}
Event: 69.472 GC heap after
{Heap after GC invocations=22 (full 0):
 garbage-first heap   total 63488K, used 44250K [0x00000000c2200000, 0x0000000100000000)
  region size 1024K, 2 young (2048K), 2 survivors (2048K)
 Metaspace       used 60213K, capacity 60931K, committed 61136K, reserved 1103872K
  class space    used 6979K, capacity 7291K, committed 7420K, reserved 1048576K
}
Event: 72.087 GC heap before
{Heap before GC invocations=23 (full 0):
 garbage-first heap   total 63488K, used 51418K [0x00000000c2200000, 0x0000000100000000)
  region size 1024K, 9 young (9216K), 2 survivors (2048K)
 Metaspace       used 60506K, capacity 61291K, committed 61392K, reserved 1103872K
  class space    used 7007K, capacity 7326K, committed 7420K, reserved 1048576K
}
Event: 72.104 GC heap after
{Heap after GC invocations=24 (full 0):
 garbage-first heap   total 63488K, used 45777K [0x00000000c2200000, 0x0000000100000000)
  region size 1024K, 2 young (2048K), 2 survivors (2048K)
 Metaspace       used 60506K, capacity 61291K, committed 61392K, reserved 1103872K
  class space    used 7007K, capacity 7326K, committed 7420K, reserved 1048576K
}

Deoptimization events (20 events):
Event: 72.531 Thread 0x000001cb76300000 Uncommon trap: trap_request=0xffffffc6 fr.pc=0x000001cb07dba5e8 relative=0x00000000000000a8
Event: 72.531 Thread 0x000001cb76300000 Uncommon trap: reason=bimorphic_or_optimized_type_check action=maybe_recompile pc=0x000001cb07dba5e8 method=org.jetbrains.kotlin.types.DelegatingSimpleType.getConstructor()Lorg/jetbrains/kotlin/types/TypeConstructor; @ 4 c2
Event: 72.531 Thread 0x000001cb76300000 DEOPT PACKING pc=0x000001cb07dba5e8 sp=0x0000000f208fcec0
Event: 72.531 Thread 0x000001cb76300000 DEOPT UNPACKING pc=0x000001cb0004a1af sp=0x0000000f208fce48 mode 2
Event: 74.336 Thread 0x000001cb76300000 Uncommon trap: trap_request=0xffffffde fr.pc=0x000001cb07ddbf04 relative=0x0000000000003a24
Event: 74.336 Thread 0x000001cb76300000 Uncommon trap: reason=class_check action=maybe_recompile pc=0x000001cb07ddbf04 method=org.jetbrains.kotlin.types.TypeUtils.contains(Lorg/jetbrains/kotlin/types/KotlinType;Lkotlin/jvm/functions/Function1;Lorg/jetbrains/kotlin/utils/SmartSet;)Z @ 95 c2
Event: 74.336 Thread 0x000001cb76300000 DEOPT PACKING pc=0x000001cb07ddbf04 sp=0x0000000f208fc8d0
Event: 74.336 Thread 0x000001cb76300000 DEOPT UNPACKING pc=0x000001cb0004a1af sp=0x0000000f208fc898 mode 2
Event: 74.337 Thread 0x000001cb76300000 Uncommon trap: trap_request=0xffffffde fr.pc=0x000001cb07ddbf84 relative=0x0000000000003aa4
Event: 74.337 Thread 0x000001cb76300000 Uncommon trap: reason=class_check action=maybe_recompile pc=0x000001cb07ddbf84 method=org.jetbrains.kotlin.types.TypeUtils.contains(Lorg/jetbrains/kotlin/types/KotlinType;Lkotlin/jvm/functions/Function1;Lorg/jetbrains/kotlin/utils/SmartSet;)Z @ 261 c2
Event: 74.337 Thread 0x000001cb76300000 DEOPT PACKING pc=0x000001cb07ddbf84 sp=0x0000000f208fc770
Event: 74.337 Thread 0x000001cb76300000 DEOPT UNPACKING pc=0x000001cb0004a1af sp=0x0000000f208fc738 mode 2
Event: 74.337 Thread 0x000001cb76300000 Uncommon trap: trap_request=0xffffffde fr.pc=0x000001cb07ddbf84 relative=0x0000000000003aa4
Event: 74.337 Thread 0x000001cb76300000 Uncommon trap: reason=class_check action=maybe_recompile pc=0x000001cb07ddbf84 method=org.jetbrains.kotlin.types.TypeUtils.contains(Lorg/jetbrains/kotlin/types/KotlinType;Lkotlin/jvm/functions/Function1;Lorg/jetbrains/kotlin/utils/SmartSet;)Z @ 261 c2
Event: 74.337 Thread 0x000001cb76300000 DEOPT PACKING pc=0x000001cb07ddbf84 sp=0x0000000f208fc770
Event: 74.337 Thread 0x000001cb76300000 DEOPT UNPACKING pc=0x000001cb0004a1af sp=0x0000000f208fc738 mode 2
Event: 74.337 Thread 0x000001cb76300000 Uncommon trap: trap_request=0xffffffde fr.pc=0x000001cb07ddc0a4 relative=0x0000000000003bc4
Event: 74.337 Thread 0x000001cb76300000 Uncommon trap: reason=class_check action=maybe_recompile pc=0x000001cb07ddc0a4 method=org.jetbrains.kotlin.types.TypeUtils.contains(Lorg/jetbrains/kotlin/types/KotlinType;Lkotlin/jvm/functions/Function1;Lorg/jetbrains/kotlin/utils/SmartSet;)Z @ 261 c2
Event: 74.337 Thread 0x000001cb76300000 DEOPT PACKING pc=0x000001cb07ddc0a4 sp=0x0000000f208fc810
Event: 74.337 Thread 0x000001cb76300000 DEOPT UNPACKING pc=0x000001cb0004a1af sp=0x0000000f208fc750 mode 2

Classes redefined (0 events):
No events

Internal exceptions (20 events):
Event: 34.708 Thread 0x000001cb76300000 Exception <a 'java/lang/NoSuchMethodError'{0x00000000c5ea1298}: 'java.lang.Object java.lang.invoke.DirectMethodHandle$Holder.invokeStatic(java.lang.Object, java.lang.Object, java.lang.Object, int)'> (0x00000000c5ea1298) thrown at [./src/hotspot/share/interpreter/linkResolver.cpp, line 773]
Event: 34.710 Thread 0x000001cb76300000 Exception <a 'java/lang/NoSuchMethodError'{0x00000000c5ea4f08}: 'java.lang.Object java.lang.invoke.DirectMethodHandle$Holder.invokeSpecial(java.lang.Object, java.lang.Object, java.lang.Object, java.lang.Object, int)'> (0x00000000c5ea4f08) thrown at [./src/hotspot/share/interpreter/linkResolver.cpp, line 773]
Event: 34.710 Thread 0x000001cb76300000 Exception <a 'java/lang/NoSuchMethodError'{0x00000000c5ea8218}: 'java.lang.Object java.lang.invoke.Invokers$Holder.linkToTargetMethod(java.lang.Object, java.lang.Object, int, java.lang.Object)'> (0x00000000c5ea8218) thrown at [./src/hotspot/share/interpreter/linkResolver.cpp, line 773]
Event: 39.273 Thread 0x000001cb76300000 Implicit null exception at 0x000001cb07c5457e to 0x000001cb07c547c8
Event: 39.823 Thread 0x000001cb76300000 Exception <a 'java/lang/NoSuchMethodError'{0x00000000c5a25480}: 'java.lang.Object java.lang.invoke.DirectMethodHandle$Holder.invokeSpecial(java.lang.Object, java.lang.Object, java.lang.Object, java.lang.Object, java.lang.Object, int)'> (0x00000000c5a25480) thrown at [./src/hotspot/share/interpreter/linkResolver.cpp, line 773]
Event: 39.823 Thread 0x000001cb76300000 Exception <a 'java/lang/NoSuchMethodError'{0x00000000c5a29020}: 'java.lang.Object java.lang.invoke.Invokers$Holder.linkToTargetMethod(java.lang.Object, java.lang.Object, java.lang.Object, int, java.lang.Object)'> (0x00000000c5a29020) thrown at [./src/hotspot/share/interpreter/linkResolver.cpp, line 773]
Event: 41.178 Thread 0x000001cb76300000 Exception <a 'java/lang/NoSuchMethodError'{0x00000000c5339590}: 'int java.lang.invoke.DirectMethodHandle$Holder.invokeVirtual(java.lang.Object, java.lang.Object, java.lang.Object)'> (0x00000000c5339590) thrown at [./src/hotspot/share/interpreter/linkResolver.cpp, line 773]
Event: 41.252 Thread 0x000001cb76300000 Exception <a 'java/lang/NoSuchMethodError'{0x00000000c53651c8}: 'java.lang.Object java.lang.invoke.DirectMethodHandle$Holder.invokeStaticInit(java.lang.Object, java.lang.Object, java.lang.Object)'> (0x00000000c53651c8) thrown at [./src/hotspot/share/interpreter/linkResolver.cpp, line 773]
Event: 43.779 Thread 0x000001cb76300000 Exception <a 'java/lang/NoSuchMethodError'{0x00000000c5b2c9f8}: 'void java.lang.invoke.DirectMethodHandle$Holder.invokeInterface(java.lang.Object, java.lang.Object)'> (0x00000000c5b2c9f8) thrown at [./src/hotspot/share/interpreter/linkResolver.cpp, line 773]
Event: 44.420 Thread 0x000001cb76300000 Exception <a 'java/lang/NoSuchMethodError'{0x00000000c5944c00}: 'int java.lang.invoke.DirectMethodHandle$Holder.invokeStatic(java.lang.Object, java.lang.Object, java.lang.Object, java.lang.Object, java.lang.Object)'> (0x00000000c5944c00) thrown at [./src/hotspot/share/interpreter/linkResolver.cpp, line 773]
Event: 47.539 Thread 0x000001cb76300000 Exception <a 'java/lang/NoSuchMethodError'{0x00000000c5072068}: 'java.lang.Object java.lang.invoke.DirectMethodHandle$Holder.invokeSpecial(java.lang.Object, java.lang.Object, java.lang.Object, java.lang.Object, java.lang.Object, java.lang.Object, java.lang.Object, java.lang.Object, java.lang.Object)'> (0x00000000c5072068) thrown at [./src/hotspot/share/interpreter/linkResolver.cpp, line 773]
Event: 47.540 Thread 0x000001cb76300000 Exception <a 'java/lang/NoSuchMethodError'{0x00000000c5076260}: 'java.lang.Object java.lang.invoke.Invokers$Holder.linkToTargetMethod(java.lang.Object, java.lang.Object, java.lang.Object, java.lang.Object, java.lang.Object, java.lang.Object, java.lang.Object, java.lang.Object)'> (0x00000000c5076260) thrown at [./src/hotspot/share/interpreter/linkResolver.cpp, line 773]
Event: 49.158 Thread 0x000001cb76300000 Exception <a 'java/lang/NoSuchMethodError'{0x00000000c5e70e68}: 'java.lang.Object java.lang.invoke.Invokers$Holder.linkToTargetMethod(java.lang.Object, java.lang.Object, java.lang.Object, java.lang.Object, java.lang.Object, java.lang.Object)'> (0x00000000c5e70e68) thrown at [./src/hotspot/share/interpreter/linkResolver.cpp, line 773]
Event: 50.447 Thread 0x000001cb76300000 Implicit null exception at 0x000001cb07b5fff5 to 0x000001cb07b601c8
Event: 50.583 Thread 0x000001cb76300000 Implicit null exception at 0x000001cb07bff34c to 0x000001cb07bff428
Event: 56.671 Thread 0x000001cb76300000 Implicit null exception at 0x000001cb07cb6355 to 0x000001cb07cb6ec0
Event: 56.671 Thread 0x000001cb76300000 Implicit null exception at 0x000001cb07cb4a2f to 0x000001cb07cb4a5c
Event: 57.671 Thread 0x000001cb76300000 Exception <a 'java/lang/IncompatibleClassChangeError'{0x00000000c521a028}: Found class java.lang.Object, but interface was expected> (0x00000000c521a028) thrown at [./src/hotspot/share/interpreter/linkResolver.cpp, line 839]
Event: 58.149 Thread 0x000001cb76300000 Exception <a 'java/lang/NoSuchMethodError'{0x00000000c5f7f6b8}: 'int java.lang.invoke.DirectMethodHandle$Holder.invokeInterface(java.lang.Object, java.lang.Object)'> (0x00000000c5f7f6b8) thrown at [./src/hotspot/share/interpreter/linkResolver.cpp, line 773]
Event: 70.389 Thread 0x000001cb76300000 Exception <a 'java/lang/NoSuchMethodError'{0x00000000c5cb38c0}: 'java.lang.Object java.lang.invoke.DirectMethodHandle$Holder.invokeStatic(java.lang.Object, int, java.lang.Object, java.lang.Object)'> (0x00000000c5cb38c0) thrown at [./src/hotspot/share/interpreter/linkResolver.cpp, line 773]

Events (20 events):
Event: 70.931 loading class org/jetbrains/kotlin/builtins/jvm/JvmBuiltInsCustomizer$JDKMemberStatus
Event: 70.931 loading class org/jetbrains/kotlin/builtins/jvm/JvmBuiltInsCustomizer$JDKMemberStatus done
Event: 70.932 loading class org/jetbrains/kotlin/builtins/jvm/JvmBuiltInsCustomizer$WhenMappings
Event: 70.932 loading class org/jetbrains/kotlin/builtins/jvm/JvmBuiltInsCustomizer$WhenMappings done
Event: 70.938 loading class org/jetbrains/kotlin/descriptors/impl/LazySubstitutingClassDescriptor
Event: 70.938 loading class org/jetbrains/kotlin/descriptors/impl/LazySubstitutingClassDescriptor done
Event: 71.529 loading class org/jetbrains/kotlin/resolve/calls/inference/CapturedTypeConstructorKt$wrapWithCapturingSubstitution$2
Event: 71.529 loading class org/jetbrains/kotlin/resolve/calls/inference/CapturedTypeConstructorKt$wrapWithCapturingSubstitution$2 done
Event: 71.539 loading class org/jetbrains/kotlin/load/java/lazy/types/RawSubstitution$eraseInflexibleBasedOnClassDescriptor$2
Event: 71.539 loading class org/jetbrains/kotlin/load/java/lazy/types/RawSubstitution$eraseInflexibleBasedOnClassDescriptor$2 done
Event: 72.087 Executing VM operation: G1CollectForAllocation
Event: 72.104 Executing VM operation: G1CollectForAllocation done
Event: 72.389 loading class org/jetbrains/kotlin/load/java/lazy/descriptors/LazyJavaClassMemberScope$computeNonDeclaredFunctions$3
Event: 72.389 loading class org/jetbrains/kotlin/load/java/lazy/descriptors/LazyJavaClassMemberScope$computeNonDeclaredFunctions$3 done
Event: 72.391 loading class org/jetbrains/kotlin/load/java/lazy/descriptors/LazyJavaClassMemberScope$computeNonDeclaredFunctions$4
Event: 72.391 loading class org/jetbrains/kotlin/load/java/lazy/descriptors/LazyJavaClassMemberScope$computeNonDeclaredFunctions$4 done
Event: 72.393 loading class org/jetbrains/kotlin/load/java/BuiltinMethodsWithSpecialGenericSignature$getOverriddenBuiltinFunctionWithErasedValueParametersInJava$1
Event: 72.393 loading class org/jetbrains/kotlin/load/java/BuiltinMethodsWithSpecialGenericSignature$getOverriddenBuiltinFunctionWithErasedValueParametersInJava$1 done
Event: 72.397 loading class org/jetbrains/kotlin/load/java/SpecialBuiltinMembers$getOverriddenSpecialBuiltin$2
Event: 72.397 loading class org/jetbrains/kotlin/load/java/SpecialBuiltinMembers$getOverriddenSpecialBuiltin$2 done


Dynamic libraries:
0x00007ff75d2a0000 - 0x00007ff75d2aa000 	C:\Program Files\Android\Android Studio\jre\bin\java.exe
0x00007ff96a710000 - 0x00007ff96a908000 	C:\WINDOWS\SYSTEM32\ntdll.dll
0x00007ff968cf0000 - 0x00007ff968daf000 	C:\WINDOWS\System32\KERNEL32.DLL
0x00007ff968420000 - 0x00007ff968716000 	C:\WINDOWS\System32\KERNELBASE.dll
0x00007ff968320000 - 0x00007ff968420000 	C:\WINDOWS\System32\ucrtbase.dll
0x00007ff953000000 - 0x00007ff953019000 	C:\Program Files\Android\Android Studio\jre\bin\jli.dll
0x00007ff9696d0000 - 0x00007ff96986d000 	C:\WINDOWS\System32\USER32.dll
0x00007ff967e90000 - 0x00007ff967eb2000 	C:\WINDOWS\System32\win32u.dll
0x00007ff969960000 - 0x00007ff96998c000 	C:\WINDOWS\System32\GDI32.dll
0x00007ff968200000 - 0x00007ff968315000 	C:\WINDOWS\System32\gdi32full.dll
0x00007ff967df0000 - 0x00007ff967e8d000 	C:\WINDOWS\System32\msvcp_win.dll
0x00007ff952fe0000 - 0x00007ff952ff7000 	C:\Program Files\Android\Android Studio\jre\bin\VCRUNTIME140.dll
0x00007ff9578b0000 - 0x00007ff957b4a000 	C:\WINDOWS\WinSxS\amd64_microsoft.windows.common-controls_6595b64144ccf1df_6.0.19041.1110_none_60b5254171f9507e\COMCTL32.dll
0x00007ff96a100000 - 0x00007ff96a19e000 	C:\WINDOWS\System32\msvcrt.dll
0x00007ff969df0000 - 0x00007ff969e20000 	C:\WINDOWS\System32\IMM32.DLL
0x00007ff952f40000 - 0x00007ff952fdd000 	C:\Program Files\Android\Android Studio\jre\bin\msvcp140.dll
0x00007ff910fb0000 - 0x00007ff911ab2000 	C:\Program Files\Android\Android Studio\jre\bin\server\jvm.dll
0x00007ff969d40000 - 0x00007ff969def000 	C:\WINDOWS\System32\ADVAPI32.dll
0x00007ff968db0000 - 0x00007ff968e4c000 	C:\WINDOWS\System32\sechost.dll
0x00007ff969c10000 - 0x00007ff969d36000 	C:\WINDOWS\System32\RPCRT4.dll
0x00007ff969990000 - 0x00007ff969998000 	C:\WINDOWS\System32\PSAPI.DLL
0x00007ff95c170000 - 0x00007ff95c179000 	C:\WINDOWS\SYSTEM32\WSOCK32.dll
0x00007ff96a270000 - 0x00007ff96a2db000 	C:\WINDOWS\System32\WS2_32.dll
0x00007ff957c00000 - 0x00007ff957c27000 	C:\WINDOWS\SYSTEM32\WINMM.dll
0x00007ff9602e0000 - 0x00007ff9602ea000 	C:\WINDOWS\SYSTEM32\VERSION.dll
0x00007ff965c60000 - 0x00007ff965c72000 	C:\WINDOWS\SYSTEM32\kernel.appcore.dll
0x00007ff952f20000 - 0x00007ff952f31000 	C:\Program Files\Android\Android Studio\jre\bin\verify.dll
0x00007ff9615a0000 - 0x00007ff961784000 	C:\WINDOWS\SYSTEM32\DBGHELP.DLL
0x00007ff961530000 - 0x00007ff961564000 	C:\WINDOWS\SYSTEM32\dbgcore.DLL
0x00007ff968090000 - 0x00007ff968112000 	C:\WINDOWS\System32\bcryptPrimitives.dll
0x00007ff952ef0000 - 0x00007ff952f19000 	C:\Program Files\Android\Android Studio\jre\bin\java.dll
0x00007ff954af0000 - 0x00007ff954afb000 	C:\Program Files\Android\Android Studio\jre\bin\jimage.dll
0x00007ff952ed0000 - 0x00007ff952ee8000 	C:\Program Files\Android\Android Studio\jre\bin\zip.dll
0x00007ff968e50000 - 0x00007ff969594000 	C:\WINDOWS\System32\SHELL32.dll
0x00007ff965e60000 - 0x00007ff9665f4000 	C:\WINDOWS\SYSTEM32\windows.storage.dll
0x00007ff96a370000 - 0x00007ff96a6c4000 	C:\WINDOWS\System32\combase.dll
0x00007ff967750000 - 0x00007ff96777e000 	C:\WINDOWS\SYSTEM32\Wldp.dll
0x00007ff968770000 - 0x00007ff96881d000 	C:\WINDOWS\System32\SHCORE.dll
0x00007ff969a90000 - 0x00007ff969ae5000 	C:\WINDOWS\System32\shlwapi.dll
0x00007ff967d20000 - 0x00007ff967d45000 	C:\WINDOWS\SYSTEM32\profapi.dll
0x00007ff951890000 - 0x00007ff9518aa000 	C:\Program Files\Android\Android Studio\jre\bin\net.dll
0x00007ff962710000 - 0x00007ff96281a000 	C:\WINDOWS\SYSTEM32\WINHTTP.dll
0x00007ff967530000 - 0x00007ff96759a000 	C:\WINDOWS\system32\mswsock.dll
0x00007ff951870000 - 0x00007ff951884000 	C:\Program Files\Android\Android Studio\jre\bin\nio.dll

dbghelp: loaded successfully - version: 4.0.5 - missing functions: none
symbol engine: initialized successfully - sym options: 0x614 - pdb path: .;C:\Program Files\Android\Android Studio\jre\bin;C:\WINDOWS\SYSTEM32;C:\WINDOWS\WinSxS\amd64_microsoft.windows.common-controls_6595b64144ccf1df_6.0.19041.1110_none_60b5254171f9507e;C:\Program Files\Android\Android Studio\jre\bin\server

VM Arguments:
java_command: org.jetbrains.kotlin.cli.jvm.K2JVMCompiler @C:\Users\fezia\Tradly\node_modules\react-native-safe-area-context\android\build\20230715_5512860190720958702.compiler.options
java_class_path (initial): C:\Users\fezia\.gradle\caches\modules-2\files-2.1\org.jetbrains.kotlin\kotlin-compiler-embeddable\1.6.20\18f66cca4301c12893ebe4ef47d65c3d9d2bff9b\kotlin-compiler-embeddable-1.6.20.jar;C:\Users\fezia\.gradle\caches\modules-2\files-2.1\org.jetbrains.kotlin\kotlin-reflect\1.6.20\669965154723f1a712e8677af0cc5470dfdab81c\kotlin-reflect-1.6.20.jar;C:\Users\fezia\.gradle\caches\modules-2\files-2.1\org.jetbrains.kotlin\kotlin-stdlib\1.6.20\6cedc143badbb4f1c6b7f5a340b04edff1743208\kotlin-stdlib-1.6.20.jar;C:\Users\fezia\.gradle\caches\modules-2\files-2.1\org.jetbrains.kotlin\kotlin-script-runtime\1.6.20\a115c367e0fd9c8909293b208689afca0c88a6f1\kotlin-script-runtime-1.6.20.jar;C:\Users\fezia\.gradle\caches\modules-2\files-2.1\org.jetbrains.kotlin\kotlin-daemon-embeddable\1.6.20\d4cac343029f48f106c57f457384771165d7deb5\kotlin-daemon-embeddable-1.6.20.jar;C:\Users\fezia\.gradle\caches\modules-2\files-2.1\org.jetbrains.intellij.deps\trove4j\1.0.20200330\3afb14d5f9ceb459d724e907a21145e8ff394f02\trove4j-1.0.20200330.jar;C:\Users\fezia\.gradle\caches\modules-2\files-2.1\net.java.dev.jna\jna\5.6.0\330f2244e9030119ab3030fc3fededc86713d9cc\jna-5.6.0.jar;C:\Users\fezia\.gradle\caches\modules-2\files-2.1\org.jetbrains.kotlin\kotlin-stdlib-common\1.6.20\27b4562b6713d70f458c6d7ea39aadacb8e6a92b\kotlin-stdlib-common-1.6.20.jar;C:\Users\fezia\.gradle\caches\modules-2\files-2.1\org.jetbrains\annotations\13.0\919f0dfe192fb4e063e7dacadee7f8bb9a2672a9\annotations-13.0.jar
Launcher Type: SUN_STANDARD

[Global flags]
     intx CICompilerCount                          = 3                                         {product} {ergonomic}
     uint ConcGCThreads                            = 1                                         {product} {ergonomic}
     uint G1ConcRefinementThreads                  = 4                                         {product} {ergonomic}
   size_t G1HeapRegionSize                         = 1048576                                   {product} {ergonomic}
    uintx GCDrainStackTargetSize                   = 64                                        {product} {ergonomic}
   size_t InitialHeapSize                          = 65011712                                  {product} {ergonomic}
   size_t MarkStackSize                            = 4194304                                   {product} {ergonomic}
   size_t MaxHeapSize                              = 1038090240                                {product} {ergonomic}
   size_t MaxNewSize                               = 622854144                                 {product} {ergonomic}
   size_t MinHeapDeltaBytes                        = 1048576                                   {product} {ergonomic}
    uintx NonNMethodCodeHeapSize                   = 5830732                                {pd product} {ergonomic}
    uintx NonProfiledCodeHeapSize                  = 122913754                              {pd product} {ergonomic}
    uintx ProfiledCodeHeapSize                     = 122913754                              {pd product} {ergonomic}
    uintx ReservedCodeCacheSize                    = 251658240                              {pd product} {ergonomic}
     bool SegmentedCodeCache                       = true                                      {product} {ergonomic}
     bool UseCompressedClassPointers               = true                                 {lp64_product} {ergonomic}
     bool UseCompressedOops                        = true                                 {lp64_product} {ergonomic}
     bool UseG1GC                                  = true                                      {product} {ergonomic}
     bool UseLargePagesIndividualAllocation        = false                                  {pd product} {ergonomic}

Logging:
Log output configuration:
 #0: stdout all=warning uptime,level,tags
 #1: stderr all=off uptime,level,tags

Environment Variables:
JAVA_HOME=C:\Program Files\Android\Android Studio\jre
CLASSPATH=C:\Users\fezia\Tradly\android\\gradle\wrapper\gradle-wrapper.jar
PATH=C:\Users\fezia\Tradly\android\node_modules\.bin;C:\Users\fezia\Tradly\node_modules\.bin;C:\Users\fezia\node_modules\.bin;C:\Users\node_modules\.bin;C:\node_modules\.bin;C:\Program Files\nodejs;C:\Users\fezia\AppData\Local\Temp\yarn--1689400582271-0.6256819536134774;C:\Users\fezia\Tradly\node_modules\.bin;C:\Users\fezia\AppData\Local\Yarn\Data\link\node_modules\.bin;C:\Users\fezia\AppData\Local\Yarn\bin;C:\Program Files\libexec\lib\node_modules\npm\bin\node-gyp-bin;C:\Program Files\lib\node_modules\npm\bin\node-gyp-bin;C:\Program Files\nodejs\node_modules\npm\bin\node-gyp-bin;C:\Program Files\Microsoft\jdk-11.0.18.10-hotspot\bin;C:\WINDOWS\system32;C:\WINDOWS;C:\WINDOWS\System32\Wbem;C:\WINDOWS\System32\WindowsPowerShell\v1.0\;C:\WINDOWS\System32\OpenSSH\;C:\Program Files\Git\cmd;C:\ProgramData\chocolatey\bin;C:\Program Files\nodejs\;C:\Users\fezia\AppData\Local\Android\Sdk\platform-tools;C:\Users\fezia\AppData\Local\Microsoft\WindowsApps;C:\Users\fezia\AppData\Local\Programs\Microsoft VS Code\bin;C:\Users\fezia\AppData\Local\Android\Sdk\platform-tools;C:\Users\fezia\AppData\Roaming\npm
USERNAME=fezia
OS=Windows_NT
PROCESSOR_IDENTIFIER=Intel64 Family 6 Model 58 Stepping 9, GenuineIntel



---------------  S Y S T E M  ---------------

OS: Windows 10 , 64 bit Build 19041 (10.0.19041.3155)
OS uptime: 0 days 23:03 hours
Hyper-V role detected

CPU:total 4 (initial active 4) (2 cores per cpu, 2 threads per core) family 6 model 58 stepping 9 microcode 0x21, cmov, cx8, fxsr, mmx, sse, sse2, sse3, ssse3, sse4.1, sse4.2, popcnt, avx, aes, clmul, erms, ht, tsc, tscinvbit, tscinv

Memory: 4k page, system-wide physical 3959M (212M free)
TotalPageFile size 16247M (AvailPageFile size 5M)
current process WorkingSet (physical memory assigned to process): 204M, peak: 212M
current process commit charge ("private bytes"): 243M, peak: 245M

vm_info: OpenJDK 64-Bit Server VM (11.0.13+0-b1751.21-8125866) for windows-amd64 JRE (11.0.13+0-b1751.21-8125866), built on Feb  2 2022 03:00:22 by "builder" with MS VC++ 14.0 (VS2015)

END.
