#
# There is insufficient memory for the Java Runtime Environment to continue.
# Native memory allocation (mmap) failed to map 39845888 bytes for Failed to commit area from 0x000000008bc00000 to 0x000000008e200000 of length 39845888.
# Possible reasons:
#   The system is out of physical RAM or swap space
#   The process is running with CompressedOops enabled, and the Java Heap may be blocking the growth of the native heap
# Possible solutions:
#   Reduce memory load on the system
#   Increase physical memory or swap space
#   Check if swap backing store is full
#   Decrease Java heap size (-Xmx/-Xms)
#   Decrease number of Java threads
#   Decrease Java thread stack sizes (-Xss)
#   Set larger code cache with -XX:ReservedCodeCacheSize=
#   JVM is running with Unscaled Compressed Oops mode in which the Java heap is
#     placed in the first 4GB address space. The Java Heap base address is the
#     maximum limit for the native heap growth. Please use -XX:HeapBaseMinAddress
#     to set the Java Heap base and to place the Java Heap above 4GB virtual address.
# This output file may be truncated or incomplete.
#
#  Out of Memory Error (./src/hotspot/os/windows/os_windows.cpp:3619), pid=7092, tid=1720
#
# JRE version: OpenJDK Runtime Environment (11.0.13) (build 11.0.13+0-b1751.21-8125866)
# Java VM: OpenJDK 64-Bit Server VM (11.0.13+0-b1751.21-8125866, mixed mode, tiered, compressed oops, g1 gc, windows-amd64)
# No core dump will be written. Minidumps are not enabled by default on client versions of Windows
#

---------------  S U M M A R Y ------------

Command Line: -XX:MaxMetaspaceSize=512m --add-opens=java.base/java.util=ALL-UNNAMED --add-opens=java.base/java.lang=ALL-UNNAMED --add-opens=java.base/java.lang.invoke=ALL-UNNAMED --add-opens=java.base/java.util=ALL-UNNAMED --add-opens=java.prefs/java.util.prefs=ALL-UNNAMED --add-opens=java.prefs/java.util.prefs=ALL-UNNAMED --add-opens=java.base/java.nio.charset=ALL-UNNAMED --add-opens=java.base/java.net=ALL-UNNAMED --add-opens=java.base/java.util.concurrent.atomic=ALL-UNNAMED -Xmx2048m -Dfile.encoding=windows-1252 -Duser.country=US -Duser.language=en -Duser.variant org.gradle.launcher.daemon.bootstrap.GradleDaemon 7.5.1

Host: Intel(R) Core(TM) i5-3320M CPU @ 2.60GHz, 4 cores, 3G,  Windows 10 , 64 bit Build 19041 (10.0.19041.3155)
Time: Sat Jul 15 11:07:53 2023 Pakistan Standard Time elapsed time: 81.669832 seconds (0d 0h 1m 21s)

---------------  T H R E A D  ---------------

Current thread (0x0000023be8447000):  VMThread "VM Thread" [stack: 0x0000009976b00000,0x0000009976c00000] [id=1720]

Stack: [0x0000009976b00000,0x0000009976c00000]
[error occurred during error reporting (printing stack bounds), id 0xc0000005, EXCEPTION_ACCESS_VIOLATION (0xc0000005) at pc=0x0000023bd144112d]

Native frames: (J=compiled Java code, j=interpreted, Vv=VM code, C=native code)
V  [jvm.dll+0x6100fa]
V  [jvm.dll+0x747090]
V  [jvm.dll+0x7486ad]
V  [jvm.dll+0x748ce5]
V  [jvm.dll+0x748c9b]
V  [jvm.dll+0x60f224]
V  [jvm.dll+0x60f9b8]
C  [ntdll.dll+0xa23af]
C  [ntdll.dll+0x514b4]
C  [ntdll.dll+0xa0ebe]
C  0x0000023bd144112d

VM_Operation (0x0000009977df8ee0): G1CollectForAllocation, mode: safepoint, requested by thread 0x0000023be95f0800


---------------  P R O C E S S  ---------------

Threads class SMR info:
_java_thread_list=0x0000023bef3a6480, length=86, elements={
0x0000023bcc140000, 0x0000023be844f000, 0x0000023be8450000, 0x0000023be84ae000,
0x0000023be84af000, 0x0000023be84b0800, 0x0000023be84b3800, 0x0000023be84b7000,
0x0000023be84eb800, 0x0000023be8724800, 0x0000023be9dcd800, 0x0000023be9df5800,
0x0000023be9fe9000, 0x0000023be9390000, 0x0000023be9391000, 0x0000023be95ef800,
0x0000023be95f0800, 0x0000023be966f800, 0x0000023be9670800, 0x0000023be9f3d800,
0x0000023bea15e000, 0x0000023bea15f800, 0x0000023bea160800, 0x0000023bea15e800,
0x0000023bea161000, 0x0000023bea162000, 0x0000023bea15c000, 0x0000023bea15d000,
0x0000023bea163000, 0x0000023beab16800, 0x0000023beab17800, 0x0000023beab18800,
0x0000023beab19000, 0x0000023beab14800, 0x0000023beab1a000, 0x0000023beab1b000,
0x0000023beab15000, 0x0000023beab1c800, 0x0000023beab1d800, 0x0000023beab21800,
0x0000023beab1f800, 0x0000023beab1b800, 0x0000023beab23000, 0x0000023beab1e000,
0x0000023beab22000, 0x0000023beab1f000, 0x0000023beab20800, 0x0000023beec6e000,
0x0000023beec69000, 0x0000023beec6b000, 0x0000023beec6d000, 0x0000023beec6c800,
0x0000023beec6f800, 0x0000023beec6f000, 0x0000023beec6a000, 0x0000023beec70800,
0x0000023beec6b800, 0x0000023beec77000, 0x0000023beec76000, 0x0000023beec74800,
0x0000023beec71800, 0x0000023beec72000, 0x0000023beec73000, 0x0000023beec75800,
0x0000023beec73800, 0x0000023beec78000, 0x0000023beb0cb800, 0x0000023beb0ce000,
0x0000023beb0d0000, 0x0000023beb0d1000, 0x0000023beb0cc000, 0x0000023beb0d2000,
0x0000023beb0d2800, 0x0000023beb0ce800, 0x0000023beb0cf800, 0x0000023beb0cd000,
0x0000023beb0d4800, 0x0000023beb0d5000, 0x0000023beb0d6000, 0x0000023beb0d9000,
0x0000023beb0d3800, 0x0000023beb0d8800, 0x0000023beb0d6800, 0x0000023beb0da000,
0x0000023beb0d7800, 0x0000023beebaa000
}

Java Threads: ( => current thread )
  0x0000023bcc140000 JavaThread "main" [_thread_blocked, id=4868, stack(0x0000009976500000,0x0000009976600000)]
  0x0000023be844f000 JavaThread "Reference Handler" daemon [_thread_blocked, id=1244, stack(0x0000009976c00000,0x0000009976d00000)]
  0x0000023be8450000 JavaThread "Finalizer" daemon [_thread_blocked, id=15384, stack(0x0000009976d00000,0x0000009976e00000)]
  0x0000023be84ae000 JavaThread "Signal Dispatcher" daemon [_thread_blocked, id=11472, stack(0x0000009976e00000,0x0000009976f00000)]
  0x0000023be84af000 JavaThread "Attach Listener" daemon [_thread_blocked, id=13600, stack(0x0000009976f00000,0x0000009977000000)]
  0x0000023be84b0800 JavaThread "Service Thread" daemon [_thread_blocked, id=10828, stack(0x0000009977000000,0x0000009977100000)]
  0x0000023be84b3800 JavaThread "C2 CompilerThread0" daemon [_thread_blocked, id=17280, stack(0x0000009977100000,0x0000009977200000)]
  0x0000023be84b7000 JavaThread "C1 CompilerThread0" daemon [_thread_blocked, id=16404, stack(0x0000009977200000,0x0000009977300000)]
  0x0000023be84eb800 JavaThread "Sweeper thread" daemon [_thread_blocked, id=14696, stack(0x0000009977300000,0x0000009977400000)]
  0x0000023be8724800 JavaThread "Common-Cleaner" daemon [_thread_blocked, id=14168, stack(0x0000009977400000,0x0000009977500000)]
  0x0000023be9dcd800 JavaThread "Daemon health stats" [_thread_blocked, id=5548, stack(0x0000009977700000,0x0000009977800000)]
  0x0000023be9df5800 JavaThread "Incoming local TCP Connector on port 65332" [_thread_in_native, id=12708, stack(0x0000009977800000,0x0000009977900000)]
  0x0000023be9fe9000 JavaThread "Daemon periodic checks" [_thread_blocked, id=10180, stack(0x0000009977900000,0x0000009977a00000)]
  0x0000023be9390000 JavaThread "Daemon" [_thread_blocked, id=14916, stack(0x0000009977a00000,0x0000009977b00000)]
  0x0000023be9391000 JavaThread "Handler for socket connection from /127.0.0.1:65332 to /127.0.0.1:65333" [_thread_in_native, id=16136, stack(0x0000009977b00000,0x0000009977c00000)]
  0x0000023be95ef800 JavaThread "Cancel handler" [_thread_blocked, id=11356, stack(0x0000009977c00000,0x0000009977d00000)]
  0x0000023be95f0800 JavaThread "Daemon worker" [_thread_blocked, id=11184, stack(0x0000009977d00000,0x0000009977e00000)]
  0x0000023be966f800 JavaThread "Asynchronous log dispatcher for DefaultDaemonConnection: socket connection from /127.0.0.1:65332 to /127.0.0.1:65333" [_thread_blocked, id=7124, stack(0x0000009977e00000,0x0000009977f00000)]
  0x0000023be9670800 JavaThread "Stdin handler" [_thread_blocked, id=17340, stack(0x0000009977f00000,0x0000009978000000)]
  0x0000023be9f3d800 JavaThread "Daemon client event forwarder" [_thread_blocked, id=7400, stack(0x0000009978000000,0x0000009978100000)]
  0x0000023bea15e000 JavaThread "Cache worker for journal cache (C:\Users\fezia\.gradle\caches\journal-1)" [_thread_blocked, id=15748, stack(0x0000009978100000,0x0000009978200000)]
  0x0000023bea15f800 JavaThread "File lock request listener" [_thread_in_native, id=11468, stack(0x0000009978200000,0x0000009978300000)]
  0x0000023bea160800 JavaThread "Cache worker for file hash cache (C:\Users\fezia\.gradle\caches\7.5.1\fileHashes)" [_thread_blocked, id=6356, stack(0x0000009978500000,0x0000009978600000)]
  0x0000023bea15e800 JavaThread "File watcher server" daemon [_thread_in_native, id=15388, stack(0x0000009978600000,0x0000009978700000)]
  0x0000023bea161000 JavaThread "File watcher consumer" daemon [_thread_blocked, id=11760, stack(0x0000009978700000,0x0000009978800000)]
  0x0000023bea162000 JavaThread "Cache worker for checksums cache (C:\Users\fezia\Tradly\android\.gradle\7.5.1\checksums)" [_thread_blocked, id=12376, stack(0x0000009978800000,0x0000009978900000)]
  0x0000023bea15c000 JavaThread "Cache worker for cache directory md-rule (C:\Users\fezia\.gradle\caches\7.5.1\md-rule)" [_thread_blocked, id=5952, stack(0x0000009978900000,0x0000009978a00000)]
  0x0000023bea15d000 JavaThread "Cache worker for file content cache (C:\Users\fezia\.gradle\caches\7.5.1\fileContent)" [_thread_blocked, id=14676, stack(0x0000009978a00000,0x0000009978b00000)]
  0x0000023bea163000 JavaThread "Cache worker for file hash cache (C:\Users\fezia\Tradly\android\.gradle\7.5.1\fileHashes)" [_thread_blocked, id=8428, stack(0x0000009978b00000,0x0000009978c00000)]
  0x0000023beab16800 JavaThread "Cache worker for cache directory md-supplier (C:\Users\fezia\.gradle\caches\7.5.1\md-supplier)" [_thread_blocked, id=8108, stack(0x0000009978c00000,0x0000009978d00000)]
  0x0000023beab17800 JavaThread "Cache worker for execution history cache (C:\Users\fezia\.gradle\caches\7.5.1\executionHistory)" [_thread_blocked, id=12440, stack(0x0000009978d00000,0x0000009978e00000)]
  0x0000023beab18800 JavaThread "jar transforms" [_thread_blocked, id=8084, stack(0x0000009978e00000,0x0000009978f00000)]
  0x0000023beab19000 JavaThread "jar transforms Thread 2" [_thread_blocked, id=2364, stack(0x0000009978f00000,0x0000009979000000)]
  0x0000023beab14800 JavaThread "jar transforms Thread 3" [_thread_blocked, id=10008, stack(0x0000009979000000,0x0000009979100000)]
  0x0000023beab1a000 JavaThread "jar transforms Thread 4" [_thread_blocked, id=5092, stack(0x0000009979100000,0x0000009979200000)]
  0x0000023beab1b000 JavaThread "Cache worker for kotlin-dsl (C:\Users\fezia\.gradle\caches\7.5.1\kotlin-dsl)" [_thread_blocked, id=1896, stack(0x0000009979200000,0x0000009979300000)]
  0x0000023beab15000 JavaThread "Cache worker for dependencies-accessors (C:\Users\fezia\Tradly\android\.gradle\7.5.1\dependencies-accessors)" [_thread_blocked, id=15964, stack(0x0000009979300000,0x0000009979400000)]
  0x0000023beab1c800 JavaThread "Cache worker for Build Output Cleanup Cache (C:\Users\fezia\Tradly\node_modules\react-native-gradle-plugin\.gradle\buildOutputCleanup)" [_thread_blocked, id=6624, stack(0x0000009979400000,0x0000009979500000)]
  0x0000023beab1d800 JavaThread "Unconstrained build operations" [_thread_blocked, id=10856, stack(0x0000009979500000,0x0000009979600000)]
  0x0000023beab21800 JavaThread "Unconstrained build operations Thread 2" [_thread_blocked, id=5684, stack(0x0000009979600000,0x0000009979700000)]
  0x0000023beab1f800 JavaThread "Unconstrained build operations Thread 3" [_thread_blocked, id=15712, stack(0x0000009979700000,0x0000009979800000)]
  0x0000023beab1b800 JavaThread "Unconstrained build operations Thread 4" [_thread_blocked, id=15508, stack(0x0000009979800000,0x0000009979900000)]
  0x0000023beab23000 JavaThread "Unconstrained build operations Thread 5" [_thread_blocked, id=5036, stack(0x0000009979900000,0x0000009979a00000)]
  0x0000023beab1e000 JavaThread "Unconstrained build operations Thread 6" [_thread_blocked, id=11584, stack(0x0000009979a00000,0x0000009979b00000)]
  0x0000023beab22000 JavaThread "Unconstrained build operations Thread 7" [_thread_blocked, id=2180, stack(0x0000009979b00000,0x0000009979c00000)]
  0x0000023beab1f000 JavaThread "Unconstrained build operations Thread 8" [_thread_blocked, id=16812, stack(0x0000009979c00000,0x0000009979d00000)]
  0x0000023beab20800 JavaThread "Unconstrained build operations Thread 9" [_thread_blocked, id=896, stack(0x0000009979d00000,0x0000009979e00000)]
  0x0000023beec6e000 JavaThread "Unconstrained build operations Thread 10" [_thread_blocked, id=14896, stack(0x0000009979e00000,0x0000009979f00000)]
  0x0000023beec69000 JavaThread "Unconstrained build operations Thread 11" [_thread_blocked, id=17116, stack(0x0000009979f00000,0x000000997a000000)]
  0x0000023beec6b000 JavaThread "Unconstrained build operations Thread 12" [_thread_blocked, id=15568, stack(0x000000997a000000,0x000000997a100000)]
  0x0000023beec6d000 JavaThread "Unconstrained build operations Thread 13" [_thread_blocked, id=15276, stack(0x000000997a100000,0x000000997a200000)]
  0x0000023beec6c800 JavaThread "Unconstrained build operations Thread 14" [_thread_blocked, id=15916, stack(0x000000997a200000,0x000000997a300000)]
  0x0000023beec6f800 JavaThread "Unconstrained build operations Thread 15" [_thread_blocked, id=9468, stack(0x000000997a300000,0x000000997a400000)]
  0x0000023beec6f000 JavaThread "Unconstrained build operations Thread 16" [_thread_blocked, id=17344, stack(0x000000997a400000,0x000000997a500000)]
  0x0000023beec6a000 JavaThread "Unconstrained build operations Thread 17" [_thread_blocked, id=9724, stack(0x000000997a500000,0x000000997a600000)]
  0x0000023beec70800 JavaThread "Unconstrained build operations Thread 18" [_thread_blocked, id=4064, stack(0x000000997a600000,0x000000997a700000)]
  0x0000023beec6b800 JavaThread "Unconstrained build operations Thread 19" [_thread_blocked, id=1612, stack(0x000000997a700000,0x000000997a800000)]
  0x0000023beec77000 JavaThread "Unconstrained build operations Thread 20" [_thread_blocked, id=7620, stack(0x000000997a800000,0x000000997a900000)]
  0x0000023beec76000 JavaThread "Unconstrained build operations Thread 21" [_thread_blocked, id=16028, stack(0x000000997a900000,0x000000997aa00000)]
  0x0000023beec74800 JavaThread "Unconstrained build operations Thread 22" [_thread_blocked, id=10608, stack(0x000000997aa00000,0x000000997ab00000)]
  0x0000023beec71800 JavaThread "Unconstrained build operations Thread 23" [_thread_blocked, id=15312, stack(0x000000997ab00000,0x000000997ac00000)]
  0x0000023beec72000 JavaThread "Unconstrained build operations Thread 24" [_thread_blocked, id=14660, stack(0x000000997ac00000,0x000000997ad00000)]
  0x0000023beec73000 JavaThread "Unconstrained build operations Thread 25" [_thread_blocked, id=2192, stack(0x000000997ad00000,0x000000997ae00000)]
  0x0000023beec75800 JavaThread "Unconstrained build operations Thread 26" [_thread_blocked, id=5156, stack(0x000000997ae00000,0x000000997af00000)]
  0x0000023beec73800 JavaThread "Unconstrained build operations Thread 27" [_thread_blocked, id=14316, stack(0x000000997af00000,0x000000997b000000)]
  0x0000023beec78000 JavaThread "Unconstrained build operations Thread 28" [_thread_blocked, id=5884, stack(0x000000997b000000,0x000000997b100000)]
  0x0000023beb0cb800 JavaThread "Unconstrained build operations Thread 29" [_thread_blocked, id=16828, stack(0x000000997b100000,0x000000997b200000)]
  0x0000023beb0ce000 JavaThread "Unconstrained build operations Thread 30" [_thread_blocked, id=14848, stack(0x000000997b200000,0x000000997b300000)]
  0x0000023beb0d0000 JavaThread "Unconstrained build operations Thread 31" [_thread_blocked, id=13800, stack(0x000000997b300000,0x000000997b400000)]
  0x0000023beb0d1000 JavaThread "Unconstrained build operations Thread 32" [_thread_blocked, id=17316, stack(0x000000997b400000,0x000000997b500000)]
  0x0000023beb0cc000 JavaThread "Unconstrained build operations Thread 33" [_thread_blocked, id=12056, stack(0x000000997b500000,0x000000997b600000)]
  0x0000023beb0d2000 JavaThread "build event listener" [_thread_blocked, id=6756, stack(0x000000997b600000,0x000000997b700000)]
  0x0000023beb0d2800 JavaThread "Memory manager" [_thread_blocked, id=10296, stack(0x000000997b700000,0x000000997b800000)]
  0x0000023beb0ce800 JavaThread "Cache worker for Build Output Cleanup Cache (C:\Users\fezia\Tradly\android\.gradle\buildOutputCleanup)" [_thread_blocked, id=8608, stack(0x000000997ba00000,0x000000997bb00000)]
  0x0000023beb0cf800 JavaThread "included builds" [_thread_blocked, id=14216, stack(0x000000997bb00000,0x000000997bc00000)]
  0x0000023beb0cd000 JavaThread "Execution worker" [_thread_blocked, id=10652, stack(0x000000997bc00000,0x000000997bd00000)]
  0x0000023beb0d4800 JavaThread "Execution worker Thread 2" [_thread_blocked, id=16408, stack(0x000000997bd00000,0x000000997be00000)]
  0x0000023beb0d5000 JavaThread "Execution worker Thread 3" [_thread_blocked, id=17192, stack(0x000000997be00000,0x000000997bf00000)]
  0x0000023beb0d6000 JavaThread "Cache worker for execution history cache (C:\Users\fezia\Tradly\node_modules\react-native-gradle-plugin\.gradle\7.5.1\executionHistory)" [_thread_blocked, id=10636, stack(0x000000997bf00000,0x000000997c000000)]
  0x0000023beb0d9000 JavaThread "Unconstrained build operations Thread 34" [_thread_blocked, id=16520, stack(0x000000997c000000,0x000000997c100000)]
  0x0000023beb0d3800 JavaThread "Unconstrained build operations Thread 35" [_thread_blocked, id=15740, stack(0x000000997c100000,0x000000997c200000)]
  0x0000023beb0d8800 JavaThread "Unconstrained build operations Thread 36" [_thread_blocked, id=11324, stack(0x000000997c200000,0x000000997c300000)]
  0x0000023beb0d6800 JavaThread "Unconstrained build operations Thread 37" [_thread_blocked, id=4664, stack(0x000000997c300000,0x000000997c400000)]
  0x0000023beb0da000 JavaThread "Unconstrained build operations Thread 38" [_thread_blocked, id=7236, stack(0x000000997c400000,0x000000997c500000)]
  0x0000023beb0d7800 JavaThread "Unconstrained build operations Thread 39" [_thread_blocked, id=15756, stack(0x000000997c500000,0x000000997c600000)]
  0x0000023beebaa000 JavaThread "Unconstrained build operations Thread 40" [_thread_blocked, id=11028, stack(0x000000997c600000,0x000000997c700000)]

Other Threads:
=>0x0000023be8447000 VMThread "VM Thread" [stack: 0x0000009976b00000,0x0000009976c00000] [id=1720]
  0x0000023be8741000 WatcherThread [stack: 0x0000009977500000,0x0000009977600000] [id=15832]
  0x0000023bcc159000 GCTaskThread "GC Thread#0" [stack: 0x0000009976600000,0x0000009976700000] [id=17324]
  0x0000023be8908800 GCTaskThread "GC Thread#1" [stack: 0x0000009977600000,0x0000009977700000] [id=12816]
  0x0000023be96f8800 GCTaskThread "GC Thread#2" [stack: 0x0000009978300000,0x0000009978400000] [id=14212]
  0x0000023be8980800 GCTaskThread "GC Thread#3" [stack: 0x0000009978400000,0x0000009978500000] [id=9604]
  0x0000023bcc188000 ConcurrentGCThread "G1 Main Marker" [stack: 0x0000009976700000,0x0000009976800000] [id=7132]
  0x0000023bcc189800 ConcurrentGCThread "G1 Conc#0" [stack: 0x0000009976800000,0x0000009976900000] [id=13276]
  0x0000023bcc1e2800 ConcurrentGCThread "G1 Refine#0" [stack: 0x0000009976900000,0x0000009976a00000] [id=6264]
  0x0000023bcc1e3800 ConcurrentGCThread "G1 Young RemSet Sampling" [stack: 0x0000009976a00000,0x0000009976b00000] [id=5256]

Threads with active compile tasks:
C2 CompilerThread0  81723 13042       4       org.gradle.api.internal.artifacts.transform.ConsumerProvidedVariantFinder::matchAttributes (68 bytes)

VM state:at safepoint (normal execution)

VM Mutex/Monitor currently owned by a thread:  ([mutex/lock_event])
[0x0000023bcc13c970] Threads_lock - owner thread: 0x0000023be8447000
[0x0000023bcc13c070] Heap_lock - owner thread: 0x0000023be95f0800

Heap address: 0x0000000080000000, size: 2048 MB, Compressed Oops mode: 32-bit
Narrow klass base: 0x0000000000000000, Narrow klass shift: 3
Compressed class space size: 528482304 Address: 0x0000000100000000

Heap:
 garbage-first heap   total 231424K, used 139814K [0x0000000080000000, 0x0000000100000000)
  region size 1024K, 4 young (4096K), 4 survivors (4096K)
 Metaspace       used 107629K, capacity 110875K, committed 111056K, reserved 612352K
  class space    used 13962K, capacity 15198K, committed 15232K, reserved 516096K
Heap Regions: E=young(eden), S=young(survivor), O=old, HS=humongous(starts), HC=humongous(continues), CS=collection set, F=free, A=archive, TAMS=top-at-mark-start (previous, next)
|   0|0x0000000080000000, 0x0000000080100000, 0x0000000080100000|100%|HS|  |TAMS 0x0000000080100000, 0x0000000080000000| Complete 
|   1|0x0000000080100000, 0x0000000080200000, 0x0000000080200000|100%|HC|  |TAMS 0x0000000080200000, 0x0000000080100000| Complete 
|   2|0x0000000080200000, 0x0000000080300000, 0x0000000080300000|100%|HC|  |TAMS 0x0000000080300000, 0x0000000080200000| Complete 
|   3|0x0000000080300000, 0x0000000080400000, 0x0000000080400000|100%| O|  |TAMS 0x0000000080400000, 0x0000000080300000| Updating 
|   4|0x0000000080400000, 0x0000000080500000, 0x0000000080500000|100%| O|  |TAMS 0x0000000080500000, 0x0000000080400000| Updating 
|   5|0x0000000080500000, 0x0000000080600000, 0x0000000080600000|100%| O|  |TAMS 0x0000000080600000, 0x0000000080500000| Updating 
|   6|0x0000000080600000, 0x0000000080700000, 0x0000000080700000|100%| O|  |TAMS 0x0000000080700000, 0x0000000080600000| Updating 
|   7|0x0000000080700000, 0x0000000080800000, 0x0000000080800000|100%| O|  |TAMS 0x0000000080800000, 0x0000000080700000| Updating 
|   8|0x0000000080800000, 0x0000000080900000, 0x0000000080900000|100%| O|  |TAMS 0x0000000080900000, 0x0000000080800000| Updating 
|   9|0x0000000080900000, 0x0000000080a00000, 0x0000000080a00000|100%| O|  |TAMS 0x0000000080a00000, 0x0000000080900000| Updating 
|  10|0x0000000080a00000, 0x0000000080b00000, 0x0000000080b00000|100%| O|  |TAMS 0x0000000080b00000, 0x0000000080a00000| Updating 
|  11|0x0000000080b00000, 0x0000000080c00000, 0x0000000080c00000|100%| O|  |TAMS 0x0000000080c00000, 0x0000000080b00000| Updating 
|  12|0x0000000080c00000, 0x0000000080d00000, 0x0000000080d00000|100%| O|  |TAMS 0x0000000080d00000, 0x0000000080c00000| Updating 
|  13|0x0000000080d00000, 0x0000000080e00000, 0x0000000080e00000|100%| O|  |TAMS 0x0000000080e00000, 0x0000000080d00000| Updating 
|  14|0x0000000080e00000, 0x0000000080f00000, 0x0000000080f00000|100%| O|  |TAMS 0x0000000080f00000, 0x0000000080e00000| Updating 
|  15|0x0000000080f00000, 0x0000000081000000, 0x0000000081000000|100%| O|  |TAMS 0x0000000081000000, 0x0000000080f00000| Updating 
|  16|0x0000000081000000, 0x0000000081100000, 0x0000000081100000|100%| O|  |TAMS 0x0000000081100000, 0x0000000081000000| Updating 
|  17|0x0000000081100000, 0x0000000081200000, 0x0000000081200000|100%| O|  |TAMS 0x0000000081200000, 0x0000000081100000| Updating 
|  18|0x0000000081200000, 0x0000000081300000, 0x0000000081300000|100%| O|  |TAMS 0x0000000081300000, 0x0000000081200000| Updating 
|  19|0x0000000081300000, 0x0000000081400000, 0x0000000081400000|100%| O|  |TAMS 0x0000000081400000, 0x0000000081300000| Updating 
|  20|0x0000000081400000, 0x0000000081500000, 0x0000000081500000|100%| O|  |TAMS 0x0000000081500000, 0x0000000081400000| Updating 
|  21|0x0000000081500000, 0x0000000081600000, 0x0000000081600000|100%| O|  |TAMS 0x0000000081600000, 0x0000000081500000| Updating 
|  22|0x0000000081600000, 0x0000000081700000, 0x0000000081700000|100%| O|  |TAMS 0x0000000081700000, 0x0000000081600000| Updating 
|  23|0x0000000081700000, 0x0000000081800000, 0x0000000081800000|100%| O|  |TAMS 0x0000000081800000, 0x0000000081700000| Updating 
|  24|0x0000000081800000, 0x0000000081900000, 0x0000000081900000|100%| O|  |TAMS 0x0000000081900000, 0x0000000081800000| Updating 
|  25|0x0000000081900000, 0x0000000081a00000, 0x0000000081a00000|100%| O|  |TAMS 0x0000000081a00000, 0x0000000081900000| Updating 
|  26|0x0000000081a00000, 0x0000000081b00000, 0x0000000081b00000|100%| O|  |TAMS 0x0000000081b00000, 0x0000000081a00000| Updating 
|  27|0x0000000081b00000, 0x0000000081c00000, 0x0000000081c00000|100%| O|  |TAMS 0x0000000081c00000, 0x0000000081b00000| Updating 
|  28|0x0000000081c00000, 0x0000000081d00000, 0x0000000081d00000|100%| O|  |TAMS 0x0000000081d00000, 0x0000000081c00000| Updating 
|  29|0x0000000081d00000, 0x0000000081e00000, 0x0000000081e00000|100%| O|  |TAMS 0x0000000081e00000, 0x0000000081d00000| Updating 
|  30|0x0000000081e00000, 0x0000000081f00000, 0x0000000081f00000|100%| O|  |TAMS 0x0000000081f00000, 0x0000000081e00000| Updating 
|  31|0x0000000081f00000, 0x0000000082000000, 0x0000000082000000|100%| O|  |TAMS 0x0000000082000000, 0x0000000081f00000| Updating 
|  32|0x0000000082000000, 0x0000000082100000, 0x0000000082100000|100%| O|  |TAMS 0x0000000082100000, 0x0000000082000000| Updating 
|  33|0x0000000082100000, 0x0000000082200000, 0x0000000082200000|100%|HS|  |TAMS 0x0000000082200000, 0x0000000082100000| Complete 
|  34|0x0000000082200000, 0x0000000082300000, 0x0000000082300000|100%| O|  |TAMS 0x0000000082300000, 0x0000000082200000| Updating 
|  35|0x0000000082300000, 0x0000000082400000, 0x0000000082400000|100%|HS|  |TAMS 0x0000000082400000, 0x0000000082300000| Complete 
|  36|0x0000000082400000, 0x0000000082500000, 0x0000000082500000|100%|HC|  |TAMS 0x0000000082500000, 0x0000000082400000| Complete 
|  37|0x0000000082500000, 0x0000000082600000, 0x0000000082600000|100%|HC|  |TAMS 0x0000000082600000, 0x0000000082500000| Complete 
|  38|0x0000000082600000, 0x0000000082700000, 0x0000000082700000|100%| O|  |TAMS 0x0000000082700000, 0x0000000082600000| Updating 
|  39|0x0000000082700000, 0x0000000082800000, 0x0000000082800000|100%| O|  |TAMS 0x0000000082800000, 0x0000000082700000| Updating 
|  40|0x0000000082800000, 0x0000000082900000, 0x0000000082900000|100%| O|  |TAMS 0x0000000082900000, 0x0000000082800000| Updating 
|  41|0x0000000082900000, 0x0000000082a00000, 0x0000000082a00000|100%| O|  |TAMS 0x0000000082a00000, 0x0000000082900000| Updating 
|  42|0x0000000082a00000, 0x0000000082b00000, 0x0000000082b00000|100%| O|  |TAMS 0x0000000082b00000, 0x0000000082a00000| Updating 
|  43|0x0000000082b00000, 0x0000000082c00000, 0x0000000082c00000|100%| O|  |TAMS 0x0000000082c00000, 0x0000000082b00000| Updating 
|  44|0x0000000082c00000, 0x0000000082d00000, 0x0000000082d00000|100%| O|  |TAMS 0x0000000082d00000, 0x0000000082c00000| Updating 
|  45|0x0000000082d00000, 0x0000000082e00000, 0x0000000082e00000|100%| O|  |TAMS 0x0000000082e00000, 0x0000000082d00000| Updating 
|  46|0x0000000082e00000, 0x0000000082f00000, 0x0000000082f00000|100%| O|  |TAMS 0x0000000082f00000, 0x0000000082e00000| Updating 
|  47|0x0000000082f00000, 0x0000000083000000, 0x0000000083000000|100%| O|  |TAMS 0x0000000083000000, 0x0000000082f00000| Updating 
|  48|0x0000000083000000, 0x0000000083100000, 0x0000000083100000|100%| O|  |TAMS 0x0000000083100000, 0x0000000083000000| Updating 
|  49|0x0000000083100000, 0x0000000083200000, 0x0000000083200000|100%| O|  |TAMS 0x0000000083200000, 0x0000000083100000| Updating 
|  50|0x0000000083200000, 0x0000000083300000, 0x0000000083300000|100%| O|  |TAMS 0x0000000083300000, 0x0000000083200000| Updating 
|  51|0x0000000083300000, 0x0000000083400000, 0x0000000083400000|100%|HS|  |TAMS 0x0000000083400000, 0x0000000083300000| Complete 
|  52|0x0000000083400000, 0x0000000083500000, 0x0000000083500000|100%|HS|  |TAMS 0x0000000083500000, 0x0000000083400000| Complete 
|  53|0x0000000083500000, 0x0000000083600000, 0x0000000083600000|100%| O|  |TAMS 0x0000000083600000, 0x0000000083500000| Updating 
|  54|0x0000000083600000, 0x0000000083700000, 0x0000000083700000|100%| O|  |TAMS 0x0000000083700000, 0x0000000083600000| Updating 
|  55|0x0000000083700000, 0x0000000083800000, 0x0000000083800000|100%| O|  |TAMS 0x0000000083800000, 0x0000000083700000| Updating 
|  56|0x0000000083800000, 0x0000000083900000, 0x0000000083900000|100%| O|  |TAMS 0x0000000083900000, 0x0000000083800000| Updating 
|  57|0x0000000083900000, 0x0000000083a00000, 0x0000000083a00000|100%| O|  |TAMS 0x0000000083a00000, 0x0000000083900000| Updating 
|  58|0x0000000083a00000, 0x0000000083b00000, 0x0000000083b00000|100%| O|  |TAMS 0x0000000083b00000, 0x0000000083a00000| Updating 
|  59|0x0000000083b00000, 0x0000000083c00000, 0x0000000083c00000|100%|HS|  |TAMS 0x0000000083c00000, 0x0000000083b00000| Complete 
|  60|0x0000000083c00000, 0x0000000083d00000, 0x0000000083d00000|100%|HC|  |TAMS 0x0000000083d00000, 0x0000000083c00000| Complete 
|  61|0x0000000083d00000, 0x0000000083e00000, 0x0000000083e00000|100%| O|  |TAMS 0x0000000083e00000, 0x0000000083d00000| Updating 
|  62|0x0000000083e00000, 0x0000000083f00000, 0x0000000083f00000|100%| O|  |TAMS 0x0000000083f00000, 0x0000000083e00000| Updating 
|  63|0x0000000083f00000, 0x0000000084000000, 0x0000000084000000|100%| O|  |TAMS 0x0000000084000000, 0x0000000083f00000| Updating 
|  64|0x0000000084000000, 0x0000000084100000, 0x0000000084100000|100%| O|  |TAMS 0x0000000084100000, 0x0000000084000000| Updating 
|  65|0x0000000084100000, 0x0000000084200000, 0x0000000084200000|100%| O|  |TAMS 0x0000000084200000, 0x0000000084100000| Updating 
|  66|0x0000000084200000, 0x0000000084300000, 0x0000000084300000|100%| O|  |TAMS 0x0000000084300000, 0x0000000084200000| Updating 
|  67|0x0000000084300000, 0x0000000084400000, 0x0000000084400000|100%| O|  |TAMS 0x0000000084400000, 0x0000000084300000| Updating 
|  68|0x0000000084400000, 0x0000000084500000, 0x0000000084500000|100%| O|  |TAMS 0x0000000084500000, 0x0000000084400000| Updating 
|  69|0x0000000084500000, 0x0000000084600000, 0x0000000084600000|100%| O|  |TAMS 0x0000000084600000, 0x0000000084500000| Updating 
|  70|0x0000000084600000, 0x0000000084700000, 0x0000000084700000|100%| O|  |TAMS 0x0000000084700000, 0x0000000084600000| Updating 
|  71|0x0000000084700000, 0x0000000084800000, 0x0000000084800000|100%| O|  |TAMS 0x0000000084800000, 0x0000000084700000| Updating 
|  72|0x0000000084800000, 0x0000000084900000, 0x0000000084900000|100%| O|  |TAMS 0x0000000084900000, 0x0000000084800000| Updating 
|  73|0x0000000084900000, 0x0000000084a00000, 0x0000000084a00000|100%| O|  |TAMS 0x0000000084a00000, 0x0000000084900000| Updating 
|  74|0x0000000084a00000, 0x0000000084b00000, 0x0000000084b00000|100%| O|  |TAMS 0x0000000084b00000, 0x0000000084a00000| Updating 
|  75|0x0000000084b00000, 0x0000000084c00000, 0x0000000084c00000|100%| O|  |TAMS 0x0000000084c00000, 0x0000000084b00000| Updating 
|  76|0x0000000084c00000, 0x0000000084d00000, 0x0000000084d00000|100%| O|  |TAMS 0x0000000084d00000, 0x0000000084c00000| Updating 
|  77|0x0000000084d00000, 0x0000000084e00000, 0x0000000084e00000|100%|HS|  |TAMS 0x0000000084e00000, 0x0000000084d00000| Complete 
|  78|0x0000000084e00000, 0x0000000084f00000, 0x0000000084f00000|100%|HC|  |TAMS 0x0000000084f00000, 0x0000000084e00000| Complete 
|  79|0x0000000084f00000, 0x0000000085000000, 0x0000000085000000|100%|HS|  |TAMS 0x0000000085000000, 0x0000000084f00000| Complete 
|  80|0x0000000085000000, 0x0000000085100000, 0x0000000085100000|100%|HC|  |TAMS 0x0000000085100000, 0x0000000085000000| Complete 
|  81|0x0000000085100000, 0x0000000085200000, 0x0000000085200000|100%| O|  |TAMS 0x0000000085200000, 0x0000000085100000| Updating 
|  82|0x0000000085200000, 0x0000000085300000, 0x0000000085300000|100%| O|  |TAMS 0x0000000085300000, 0x0000000085200000| Updating 
|  83|0x0000000085300000, 0x0000000085400000, 0x0000000085400000|100%| O|  |TAMS 0x0000000085400000, 0x0000000085300000| Updating 
|  84|0x0000000085400000, 0x0000000085500000, 0x0000000085500000|100%| O|  |TAMS 0x0000000085500000, 0x0000000085400000| Updating 
|  85|0x0000000085500000, 0x0000000085600000, 0x0000000085600000|100%| O|  |TAMS 0x0000000085600000, 0x0000000085500000| Updating 
|  86|0x0000000085600000, 0x0000000085700000, 0x0000000085700000|100%|HS|  |TAMS 0x0000000085700000, 0x0000000085600000| Complete 
|  87|0x0000000085700000, 0x0000000085800000, 0x0000000085800000|100%|HS|  |TAMS 0x0000000085800000, 0x0000000085700000| Complete 
|  88|0x0000000085800000, 0x0000000085900000, 0x0000000085900000|100%|HC|  |TAMS 0x0000000085900000, 0x0000000085800000| Complete 
|  89|0x0000000085900000, 0x0000000085a00000, 0x0000000085a00000|100%|HC|  |TAMS 0x0000000085a00000, 0x0000000085900000| Complete 
|  90|0x0000000085a00000, 0x0000000085b00000, 0x0000000085b00000|100%| O|  |TAMS 0x0000000085b00000, 0x0000000085a00000| Updating 
|  91|0x0000000085b00000, 0x0000000085c00000, 0x0000000085c00000|100%| O|  |TAMS 0x0000000085c00000, 0x0000000085b00000| Updating 
|  92|0x0000000085c00000, 0x0000000085d00000, 0x0000000085d00000|100%| O|  |TAMS 0x0000000085d00000, 0x0000000085c00000| Updating 
|  93|0x0000000085d00000, 0x0000000085e00000, 0x0000000085e00000|100%| O|  |TAMS 0x0000000085e00000, 0x0000000085d00000| Updating 
|  94|0x0000000085e00000, 0x0000000085f00000, 0x0000000085f00000|100%| O|  |TAMS 0x0000000085f00000, 0x0000000085e00000| Updating 
|  95|0x0000000085f00000, 0x0000000086000000, 0x0000000086000000|100%| O|  |TAMS 0x0000000086000000, 0x0000000085f00000| Updating 
|  96|0x0000000086000000, 0x0000000086100000, 0x0000000086100000|100%| O|  |TAMS 0x0000000086100000, 0x0000000086000000| Updating 
|  97|0x0000000086100000, 0x0000000086200000, 0x0000000086200000|100%| O|  |TAMS 0x0000000086200000, 0x0000000086100000| Updating 
|  98|0x0000000086200000, 0x0000000086300000, 0x0000000086300000|100%| O|  |TAMS 0x0000000086300000, 0x0000000086200000| Updating 
|  99|0x0000000086300000, 0x0000000086400000, 0x0000000086400000|100%| O|  |TAMS 0x0000000086400000, 0x0000000086300000| Updating 
| 100|0x0000000086400000, 0x0000000086500000, 0x0000000086500000|100%| O|  |TAMS 0x0000000086500000, 0x0000000086400000| Updating 
| 101|0x0000000086500000, 0x0000000086600000, 0x0000000086600000|100%| O|  |TAMS 0x0000000086600000, 0x0000000086500000| Updating 
| 102|0x0000000086600000, 0x0000000086700000, 0x0000000086700000|100%| O|  |TAMS 0x0000000086700000, 0x0000000086600000| Updating 
| 103|0x0000000086700000, 0x0000000086800000, 0x0000000086800000|100%|HS|  |TAMS 0x0000000086800000, 0x0000000086700000| Complete 
| 104|0x0000000086800000, 0x0000000086900000, 0x0000000086900000|100%|HS|  |TAMS 0x0000000086900000, 0x0000000086800000| Complete 
| 105|0x0000000086900000, 0x0000000086a00000, 0x0000000086a00000|100%|HS|  |TAMS 0x0000000086a00000, 0x0000000086900000| Complete 
| 106|0x0000000086a00000, 0x0000000086b00000, 0x0000000086b00000|100%|HC|  |TAMS 0x0000000086b00000, 0x0000000086a00000| Complete 
| 107|0x0000000086b00000, 0x0000000086c00000, 0x0000000086c00000|100%|HC|  |TAMS 0x0000000086c00000, 0x0000000086b00000| Complete 
| 108|0x0000000086c00000, 0x0000000086d00000, 0x0000000086d00000|100%| O|  |TAMS 0x0000000086d00000, 0x0000000086c00000| Updating 
| 109|0x0000000086d00000, 0x0000000086e00000, 0x0000000086e00000|100%| O|  |TAMS 0x0000000086e00000, 0x0000000086d00000| Updating 
| 110|0x0000000086e00000, 0x0000000086f00000, 0x0000000086f00000|100%| O|  |TAMS 0x0000000086f00000, 0x0000000086e00000| Updating 
| 111|0x0000000086f00000, 0x0000000087000000, 0x0000000087000000|100%| O|  |TAMS 0x0000000087000000, 0x0000000086f00000| Updating 
| 112|0x0000000087000000, 0x0000000087100000, 0x0000000087100000|100%| O|  |TAMS 0x0000000087100000, 0x0000000087000000| Updating 
| 113|0x0000000087100000, 0x0000000087200000, 0x0000000087200000|100%| O|  |TAMS 0x0000000087200000, 0x0000000087100000| Updating 
| 114|0x0000000087200000, 0x0000000087300000, 0x0000000087300000|100%| O|  |TAMS 0x0000000087300000, 0x0000000087200000| Updating 
| 115|0x0000000087300000, 0x0000000087400000, 0x0000000087400000|100%| O|  |TAMS 0x0000000087400000, 0x0000000087300000| Updating 
| 116|0x0000000087400000, 0x0000000087500000, 0x0000000087500000|100%| O|  |TAMS 0x0000000087500000, 0x0000000087400000| Updating 
| 117|0x0000000087500000, 0x0000000087600000, 0x0000000087600000|100%| O|  |TAMS 0x0000000087600000, 0x0000000087500000| Updating 
| 118|0x0000000087600000, 0x0000000087700000, 0x0000000087700000|100%| O|  |TAMS 0x0000000087700000, 0x0000000087600000| Updating 
| 119|0x0000000087700000, 0x0000000087800000, 0x0000000087800000|100%| O|  |TAMS 0x0000000087800000, 0x0000000087700000| Updating 
| 120|0x0000000087800000, 0x0000000087900000, 0x0000000087900000|100%| O|  |TAMS 0x0000000087900000, 0x0000000087800000| Updating 
| 121|0x0000000087900000, 0x0000000087a00000, 0x0000000087a00000|100%| O|  |TAMS 0x0000000087a00000, 0x0000000087900000| Updating 
| 122|0x0000000087a00000, 0x0000000087b00000, 0x0000000087b00000|100%| O|  |TAMS 0x0000000087b00000, 0x0000000087a00000| Updating 
| 123|0x0000000087b00000, 0x0000000087c00000, 0x0000000087c00000|100%| O|  |TAMS 0x0000000087c00000, 0x0000000087b00000| Updating 
| 124|0x0000000087c00000, 0x0000000087d00000, 0x0000000087d00000|100%| O|  |TAMS 0x0000000087d00000, 0x0000000087c00000| Updating 
| 125|0x0000000087d00000, 0x0000000087e00000, 0x0000000087e00000|100%| O|  |TAMS 0x0000000087e00000, 0x0000000087d00000| Updating 
| 126|0x0000000087e00000, 0x0000000087f00000, 0x0000000087f00000|100%| O|  |TAMS 0x0000000087f00000, 0x0000000087e00000| Updating 
| 127|0x0000000087f00000, 0x0000000088000000, 0x0000000088000000|100%| O|  |TAMS 0x0000000088000000, 0x0000000087f00000| Updating 
| 128|0x0000000088000000, 0x0000000088100000, 0x0000000088100000|100%| O|  |TAMS 0x0000000088100000, 0x0000000088000000| Updating 
| 129|0x0000000088100000, 0x0000000088200000, 0x0000000088200000|100%| O|  |TAMS 0x0000000088200000, 0x0000000088100000| Updating 
| 130|0x0000000088200000, 0x0000000088300000, 0x0000000088300000|100%| O|  |TAMS 0x0000000088300000, 0x0000000088200000| Updating 
| 131|0x0000000088300000, 0x0000000088400000, 0x0000000088400000|100%| O|  |TAMS 0x0000000088400000, 0x0000000088300000| Updating 
| 132|0x0000000088400000, 0x0000000088489800, 0x0000000088500000| 53%| O|  |TAMS 0x0000000088468200, 0x0000000088400000| Updating 
| 133|0x0000000088500000, 0x0000000088500000, 0x0000000088600000|  0%| F|  |TAMS 0x0000000088500000, 0x0000000088500000| Untracked 
| 134|0x0000000088600000, 0x0000000088600000, 0x0000000088700000|  0%| F|  |TAMS 0x0000000088600000, 0x0000000088600000| Untracked 
| 135|0x0000000088700000, 0x0000000088700000, 0x0000000088800000|  0%| F|  |TAMS 0x0000000088700000, 0x0000000088700000| Untracked 
| 136|0x0000000088800000, 0x0000000088800000, 0x0000000088900000|  0%| F|  |TAMS 0x0000000088800000, 0x0000000088800000| Untracked 
| 137|0x0000000088900000, 0x0000000088900000, 0x0000000088a00000|  0%| F|  |TAMS 0x0000000088900000, 0x0000000088900000| Untracked 
| 138|0x0000000088a00000, 0x0000000088a00000, 0x0000000088b00000|  0%| F|  |TAMS 0x0000000088a00000, 0x0000000088a00000| Untracked 
| 139|0x0000000088b00000, 0x0000000088b00000, 0x0000000088c00000|  0%| F|  |TAMS 0x0000000088b00000, 0x0000000088b00000| Untracked 
| 140|0x0000000088c00000, 0x0000000088c00000, 0x0000000088d00000|  0%| F|  |TAMS 0x0000000088c00000, 0x0000000088c00000| Untracked 
| 141|0x0000000088d00000, 0x0000000088d00000, 0x0000000088e00000|  0%| F|  |TAMS 0x0000000088d00000, 0x0000000088d00000| Untracked 
| 142|0x0000000088e00000, 0x0000000088e00000, 0x0000000088f00000|  0%| F|  |TAMS 0x0000000088e00000, 0x0000000088e00000| Untracked 
| 143|0x0000000088f00000, 0x0000000088f00000, 0x0000000089000000|  0%| F|  |TAMS 0x0000000088f00000, 0x0000000088f00000| Untracked 
| 144|0x0000000089000000, 0x0000000089000000, 0x0000000089100000|  0%| F|  |TAMS 0x0000000089000000, 0x0000000089000000| Untracked 
| 145|0x0000000089100000, 0x0000000089100000, 0x0000000089200000|  0%| F|  |TAMS 0x0000000089100000, 0x0000000089100000| Untracked 
| 146|0x0000000089200000, 0x0000000089200000, 0x0000000089300000|  0%| F|  |TAMS 0x0000000089200000, 0x0000000089200000| Untracked 
| 147|0x0000000089300000, 0x0000000089300000, 0x0000000089400000|  0%| F|  |TAMS 0x0000000089300000, 0x0000000089300000| Untracked 
| 148|0x0000000089400000, 0x0000000089400000, 0x0000000089500000|  0%| F|  |TAMS 0x0000000089400000, 0x0000000089400000| Untracked 
| 149|0x0000000089500000, 0x0000000089500000, 0x0000000089600000|  0%| F|  |TAMS 0x0000000089500000, 0x0000000089500000| Untracked 
| 150|0x0000000089600000, 0x0000000089600000, 0x0000000089700000|  0%| F|  |TAMS 0x0000000089600000, 0x0000000089600000| Untracked 
| 151|0x0000000089700000, 0x0000000089700000, 0x0000000089800000|  0%| F|  |TAMS 0x0000000089700000, 0x0000000089700000| Untracked 
| 152|0x0000000089800000, 0x0000000089800000, 0x0000000089900000|  0%| F|  |TAMS 0x0000000089800000, 0x0000000089800000| Untracked 
| 153|0x0000000089900000, 0x0000000089900000, 0x0000000089a00000|  0%| F|  |TAMS 0x0000000089900000, 0x0000000089900000| Untracked 
| 154|0x0000000089a00000, 0x0000000089a00000, 0x0000000089b00000|  0%| F|  |TAMS 0x0000000089a00000, 0x0000000089a00000| Untracked 
| 155|0x0000000089b00000, 0x0000000089b00000, 0x0000000089c00000|  0%| F|  |TAMS 0x0000000089b00000, 0x0000000089b00000| Untracked 
| 156|0x0000000089c00000, 0x0000000089c00000, 0x0000000089d00000|  0%| F|  |TAMS 0x0000000089c00000, 0x0000000089c00000| Untracked 
| 157|0x0000000089d00000, 0x0000000089d00000, 0x0000000089e00000|  0%| F|  |TAMS 0x0000000089d00000, 0x0000000089d00000| Untracked 
| 158|0x0000000089e00000, 0x0000000089e00000, 0x0000000089f00000|  0%| F|  |TAMS 0x0000000089e00000, 0x0000000089e00000| Untracked 
| 159|0x0000000089f00000, 0x000000008a000000, 0x000000008a000000|100%| S|CS|TAMS 0x0000000089f00000, 0x0000000089f00000| Complete 
| 160|0x000000008a000000, 0x000000008a100000, 0x000000008a100000|100%| S|CS|TAMS 0x000000008a000000, 0x000000008a000000| Complete 
| 161|0x000000008a100000, 0x000000008a200000, 0x000000008a200000|100%| S|CS|TAMS 0x000000008a100000, 0x000000008a100000| Complete 
| 162|0x000000008a200000, 0x000000008a200000, 0x000000008a300000|  0%| F|  |TAMS 0x000000008a200000, 0x000000008a200000| Untracked 
| 163|0x000000008a300000, 0x000000008a400000, 0x000000008a400000|100%| S|CS|TAMS 0x000000008a300000, 0x000000008a300000| Complete 
| 164|0x000000008a400000, 0x000000008a400000, 0x000000008a500000|  0%| F|  |TAMS 0x000000008a400000, 0x000000008a400000| Untracked 
| 165|0x000000008a500000, 0x000000008a500000, 0x000000008a600000|  0%| F|  |TAMS 0x000000008a500000, 0x000000008a500000| Untracked 
| 166|0x000000008a600000, 0x000000008a600000, 0x000000008a700000|  0%| F|  |TAMS 0x000000008a600000, 0x000000008a600000| Untracked 
| 167|0x000000008a700000, 0x000000008a700000, 0x000000008a800000|  0%| F|  |TAMS 0x000000008a700000, 0x000000008a700000| Untracked 
| 168|0x000000008a800000, 0x000000008a800000, 0x000000008a900000|  0%| F|  |TAMS 0x000000008a800000, 0x000000008a800000| Untracked 
| 169|0x000000008a900000, 0x000000008a900000, 0x000000008aa00000|  0%| F|  |TAMS 0x000000008a900000, 0x000000008a900000| Untracked 
| 170|0x000000008aa00000, 0x000000008aa00000, 0x000000008ab00000|  0%| F|  |TAMS 0x000000008aa00000, 0x000000008aa00000| Untracked 
| 171|0x000000008ab00000, 0x000000008ab00000, 0x000000008ac00000|  0%| F|  |TAMS 0x000000008ab00000, 0x000000008ab00000| Untracked 
| 172|0x000000008ac00000, 0x000000008ac00000, 0x000000008ad00000|  0%| F|  |TAMS 0x000000008ac00000, 0x000000008ac00000| Untracked 
| 173|0x000000008ad00000, 0x000000008ad00000, 0x000000008ae00000|  0%| F|  |TAMS 0x000000008ad00000, 0x000000008ad00000| Untracked 
| 174|0x000000008ae00000, 0x000000008ae00000, 0x000000008af00000|  0%| F|  |TAMS 0x000000008ae00000, 0x000000008ae00000| Untracked 
| 175|0x000000008af00000, 0x000000008af00000, 0x000000008b000000|  0%| F|  |TAMS 0x000000008af00000, 0x000000008af00000| Untracked 
| 176|0x000000008b000000, 0x000000008b000000, 0x000000008b100000|  0%| F|  |TAMS 0x000000008b000000, 0x000000008b000000| Untracked 
| 177|0x000000008b100000, 0x000000008b100000, 0x000000008b200000|  0%| F|  |TAMS 0x000000008b100000, 0x000000008b100000| Untracked 
| 178|0x000000008b200000, 0x000000008b200000, 0x000000008b300000|  0%| F|  |TAMS 0x000000008b200000, 0x000000008b200000| Untracked 
| 179|0x000000008b300000, 0x000000008b300000, 0x000000008b400000|  0%| F|  |TAMS 0x000000008b300000, 0x000000008b300000| Untracked 
| 180|0x000000008b400000, 0x000000008b400000, 0x000000008b500000|  0%| F|  |TAMS 0x000000008b400000, 0x000000008b400000| Untracked 
| 181|0x000000008b500000, 0x000000008b500000, 0x000000008b600000|  0%| F|  |TAMS 0x000000008b500000, 0x000000008b500000| Untracked 
| 182|0x000000008b600000, 0x000000008b600000, 0x000000008b700000|  0%| F|  |TAMS 0x000000008b600000, 0x000000008b600000| Untracked 
| 183|0x000000008b700000, 0x000000008b700000, 0x000000008b800000|  0%| F|  |TAMS 0x000000008b700000, 0x000000008b700000| Untracked 
| 184|0x000000008b800000, 0x000000008b800000, 0x000000008b900000|  0%| F|  |TAMS 0x000000008b800000, 0x000000008b800000| Untracked 
| 185|0x000000008b900000, 0x000000008b900000, 0x000000008ba00000|  0%| F|  |TAMS 0x000000008b900000, 0x000000008b900000| Untracked 
| 186|0x000000008ba00000, 0x000000008ba00000, 0x000000008bb00000|  0%| F|  |TAMS 0x000000008ba00000, 0x000000008ba00000| Untracked 
| 187|0x000000008bb00000, 0x000000008bb00000, 0x000000008bc00000|  0%| F|  |TAMS 0x000000008bb00000, 0x000000008bb00000| Untracked 

Card table byte_map: [0x0000023be0e60000,0x0000023be1260000] _byte_map_base: 0x0000023be0a60000

Marking Bits (Prev, Next): (CMBitMap*) 0x0000023bcc17f460, (CMBitMap*) 0x0000023bcc17f428
 Prev Bits: [0x0000023be3660000, 0x0000023be5660000)
 Next Bits: [0x0000023be1660000, 0x0000023be3660000)

Polling page: 0x0000023bcc220000

Metaspace:

Usage:
  Non-class:     93.43 MB capacity,    91.47 MB ( 98%) used,     1.67 MB (  2%) free+waste,   303.63 KB ( <1%) overhead. 
      Class:     14.84 MB capacity,    13.64 MB ( 92%) used,     1.07 MB (  7%) free+waste,   137.63 KB ( <1%) overhead. 
       Both:    108.28 MB capacity,   105.11 MB ( 97%) used,     2.74 MB (  3%) free+waste,   441.25 KB ( <1%) overhead. 

Virtual space:
  Non-class space:       94.00 MB reserved,      93.58 MB (>99%) committed 
      Class space:      504.00 MB reserved,      14.88 MB (  3%) committed 
             Both:      598.00 MB reserved,     108.45 MB ( 18%) committed 

Chunk freelists:
   Non-Class:  19.00 KB
       Class:  2.00 KB
        Both:  21.00 KB

MaxMetaspaceSize: 512.00 MB
CompressedClassSpaceSize: 504.00 MB
Initial GC threshold: 20.80 MB
Current GC threshold: 180.76 MB
CDS: off

CodeHeap 'non-profiled nmethods': size=120064Kb used=6574Kb max_used=6574Kb free=113489Kb
 bounds [0x0000023bd8f00000, 0x0000023bd9570000, 0x0000023be0440000]
CodeHeap 'profiled nmethods': size=120000Kb used=26166Kb max_used=26166Kb free=93833Kb
 bounds [0x0000023bd19d0000, 0x0000023bd3360000, 0x0000023bd8f00000]
CodeHeap 'non-nmethods': size=5696Kb used=2395Kb max_used=2439Kb free=3300Kb
 bounds [0x0000023bd1440000, 0x0000023bd16b0000, 0x0000023bd19d0000]
 total_blobs=13711 nmethods=12788 adapters=835
 compilation: enabled
              stopped_count=0, restarted_count=0
 full_count=0

Compilation events (20 events):
Event: 81.566 Thread 0x0000023be84b7000 13067       1       org.gradle.api.internal.tasks.FailureCollectingTaskDependencyResolveContext::getFailures (5 bytes)
Event: 81.566 Thread 0x0000023be84b7000 nmethod 13067 0x0000023bd955f890 code [0x0000023bd955fa40, 0x0000023bd955faf8]
Event: 81.573 Thread 0x0000023be84b7000 13068       1       org.gradle.api.internal.artifacts.ivyservice.resolveengine.artifact.DefaultVisitedArtifactResults$DefaultSelectedArtifactResults::getArtifacts (5 bytes)
Event: 81.573 Thread 0x0000023be84b7000 nmethod 13068 0x0000023bd955fb90 code [0x0000023bd955fd40, 0x0000023bd955fdf8]
Event: 81.576 Thread 0x0000023be84b7000 13069       2       org.gradle.execution.plan.DefaultExecutionPlan$$Lambda$953/0x000000010092dc40::get$Lambda (9 bytes)
Event: 81.577 Thread 0x0000023be84b7000 nmethod 13069 0x0000023bd335ba90 code [0x0000023bd335bc40, 0x0000023bd335bdb8]
Event: 81.577 Thread 0x0000023be84b7000 13070       2       org.gradle.execution.plan.Node::getDependencySuccessorsInReverseOrder (10 bytes)
Event: 81.578 Thread 0x0000023be84b7000 nmethod 13070 0x0000023bd335be90 code [0x0000023bd335c040, 0x0000023bd335c168]
Event: 81.580 Thread 0x0000023be84b7000 13071       2       org.gradle.execution.plan.Node::dependenciesProcessed (6 bytes)
Event: 81.580 Thread 0x0000023be84b7000 nmethod 13071 0x0000023bd335c210 code [0x0000023bd335c3c0, 0x0000023bd335c4b8]
Event: 81.581 Thread 0x0000023be84b7000 13072       2       org.gradle.api.internal.artifacts.DefaultResolverResults::assertHasGraphResult (22 bytes)
Event: 81.581 Thread 0x0000023be84b7000 nmethod 13072 0x0000023bd335c590 code [0x0000023bd335c760, 0x0000023bd335c948]
Event: 81.595 Thread 0x0000023be84b3800 nmethod 12958 0x0000023bd955fe90 code [0x0000023bd95604c0, 0x0000023bd9567948]
Event: 81.596 Thread 0x0000023be84b3800 13042       4       org.gradle.api.internal.artifacts.transform.ConsumerProvidedVariantFinder::matchAttributes (68 bytes)
Event: 81.604 Thread 0x0000023be84b7000 13073       2       org.gradle.api.internal.artifacts.ivyservice.resolveengine.artifact.CompositeResolvedArtifactSet::visitDependencies (40 bytes)
Event: 81.605 Thread 0x0000023be84b7000 nmethod 13073 0x0000023bd335ca90 code [0x0000023bd335cc80, 0x0000023bd335ced8]
Event: 81.613 Thread 0x0000023be84b7000 13074       1       org.gradle.api.internal.provider.ValueSupplier$UnknownProducer::isKnown (2 bytes)
Event: 81.613 Thread 0x0000023be84b7000 nmethod 13074 0x0000023bd956b810 code [0x0000023bd956b9c0, 0x0000023bd956ba78]
Event: 81.615 Thread 0x0000023be84b7000 13075       2       org.gradle.api.internal.attributes.DefaultAttributesSchema$MergedSchema::matchValue (138 bytes)
Event: 81.616 Thread 0x0000023be84b7000 nmethod 13075 0x0000023bd335d010 code [0x0000023bd335d240, 0x0000023bd335d6e8]

GC Heap History (20 events):
Event: 74.731 GC heap after
{Heap after GC invocations=84 (full 0):
 garbage-first heap   total 159744K, used 119465K [0x0000000080000000, 0x0000000100000000)
  region size 1024K, 2 young (2048K), 2 survivors (2048K)
 Metaspace       used 97751K, capacity 100706K, committed 100816K, reserved 604160K
  class space    used 12731K, capacity 13860K, committed 13952K, reserved 516096K
}
Event: 75.539 GC heap before
{Heap before GC invocations=85 (full 0):
 garbage-first heap   total 159744K, used 136873K [0x0000000080000000, 0x0000000100000000)
  region size 1024K, 19 young (19456K), 2 survivors (2048K)
 Metaspace       used 98416K, capacity 101473K, committed 101712K, reserved 604160K
  class space    used 12817K, capacity 13983K, committed 14080K, reserved 516096K
}
Event: 75.555 GC heap after
{Heap after GC invocations=86 (full 0):
 garbage-first heap   total 159744K, used 122657K [0x0000000080000000, 0x0000000100000000)
  region size 1024K, 3 young (3072K), 3 survivors (3072K)
 Metaspace       used 98416K, capacity 101473K, committed 101712K, reserved 604160K
  class space    used 12817K, capacity 13983K, committed 14080K, reserved 516096K
}
Event: 75.948 GC heap before
{Heap before GC invocations=86 (full 0):
 garbage-first heap   total 159744K, used 136993K [0x0000000080000000, 0x0000000100000000)
  region size 1024K, 17 young (17408K), 3 survivors (3072K)
 Metaspace       used 99490K, capacity 102487K, committed 102608K, reserved 606208K
  class space    used 12965K, capacity 14122K, committed 14208K, reserved 516096K
}
Event: 75.959 GC heap after
{Heap after GC invocations=87 (full 0):
 garbage-first heap   total 159744K, used 123847K [0x0000000080000000, 0x0000000100000000)
  region size 1024K, 2 young (2048K), 2 survivors (2048K)
 Metaspace       used 99490K, capacity 102487K, committed 102608K, reserved 606208K
  class space    used 12965K, capacity 14122K, committed 14208K, reserved 516096K
}
Event: 76.444 GC heap before
{Heap before GC invocations=87 (full 0):
 garbage-first heap   total 159744K, used 137159K [0x0000000080000000, 0x0000000100000000)
  region size 1024K, 15 young (15360K), 2 survivors (2048K)
 Metaspace       used 100884K, capacity 103837K, committed 104144K, reserved 606208K
  class space    used 13191K, capacity 14379K, committed 14464K, reserved 516096K
}
Event: 76.452 GC heap after
{Heap after GC invocations=88 (full 0):
 garbage-first heap   total 159744K, used 123912K [0x0000000080000000, 0x0000000100000000)
  region size 1024K, 2 young (2048K), 2 survivors (2048K)
 Metaspace       used 100884K, capacity 103837K, committed 104144K, reserved 606208K
  class space    used 13191K, capacity 14379K, committed 14464K, reserved 516096K
}
Event: 77.060 GC heap before
{Heap before GC invocations=89 (full 0):
 garbage-first heap   total 159744K, used 137224K [0x0000000080000000, 0x0000000100000000)
  region size 1024K, 15 young (15360K), 2 survivors (2048K)
 Metaspace       used 103025K, capacity 106038K, committed 106192K, reserved 608256K
  class space    used 13453K, capacity 14654K, committed 14720K, reserved 516096K
}
Event: 77.066 GC heap after
{Heap after GC invocations=90 (full 0):
 garbage-first heap   total 159744K, used 124979K [0x0000000080000000, 0x0000000100000000)
  region size 1024K, 2 young (2048K), 2 survivors (2048K)
 Metaspace       used 103025K, capacity 106038K, committed 106192K, reserved 608256K
  class space    used 13453K, capacity 14654K, committed 14720K, reserved 516096K
}
Event: 77.376 GC heap before
{Heap before GC invocations=90 (full 0):
 garbage-first heap   total 159744K, used 138291K [0x0000000080000000, 0x0000000100000000)
  region size 1024K, 15 young (15360K), 2 survivors (2048K)
 Metaspace       used 103841K, capacity 106930K, committed 107088K, reserved 610304K
  class space    used 13547K, capacity 14757K, committed 14848K, reserved 516096K
}
Event: 77.384 GC heap after
{Heap after GC invocations=91 (full 0):
 garbage-first heap   total 192512K, used 125914K [0x0000000080000000, 0x0000000100000000)
  region size 1024K, 2 young (2048K), 2 survivors (2048K)
 Metaspace       used 103841K, capacity 106930K, committed 107088K, reserved 610304K
  class space    used 13547K, capacity 14757K, committed 14848K, reserved 516096K
}
Event: 78.691 GC heap before
{Heap before GC invocations=92 (full 0):
 garbage-first heap   total 192512K, used 152538K [0x0000000080000000, 0x0000000100000000)
  region size 1024K, 28 young (28672K), 2 survivors (2048K)
 Metaspace       used 105115K, capacity 108247K, committed 108496K, reserved 610304K
  class space    used 13700K, capacity 14918K, committed 14976K, reserved 516096K
}
Event: 78.708 GC heap after
{Heap after GC invocations=93 (full 0):
 garbage-first heap   total 192512K, used 129740K [0x0000000080000000, 0x0000000100000000)
  region size 1024K, 4 young (4096K), 4 survivors (4096K)
 Metaspace       used 105115K, capacity 108247K, committed 108496K, reserved 610304K
  class space    used 13700K, capacity 14918K, committed 14976K, reserved 516096K
}
Event: 79.651 GC heap before
{Heap before GC invocations=93 (full 0):
 garbage-first heap   total 192512K, used 154316K [0x0000000080000000, 0x0000000100000000)
  region size 1024K, 29 young (29696K), 4 survivors (4096K)
 Metaspace       used 105616K, capacity 108848K, committed 109008K, reserved 610304K
  class space    used 13748K, capacity 14963K, committed 14976K, reserved 516096K
}
Event: 79.681 GC heap after
{Heap after GC invocations=94 (full 0):
 garbage-first heap   total 192512K, used 133379K [0x0000000080000000, 0x0000000100000000)
  region size 1024K, 4 young (4096K), 4 survivors (4096K)
 Metaspace       used 105616K, capacity 108848K, committed 109008K, reserved 610304K
  class space    used 13748K, capacity 14963K, committed 14976K, reserved 516096K
}
Event: 80.575 GC heap before
{Heap before GC invocations=95 (full 0):
 garbage-first heap   total 192512K, used 156931K [0x0000000080000000, 0x0000000100000000)
  region size 1024K, 28 young (28672K), 4 survivors (4096K)
 Metaspace       used 105914K, capacity 109050K, committed 109264K, reserved 612352K
  class space    used 13772K, capacity 14964K, committed 14976K, reserved 516096K
}
Event: 80.593 GC heap after
{Heap after GC invocations=96 (full 0):
 garbage-first heap   total 192512K, used 136006K [0x0000000080000000, 0x0000000100000000)
  region size 1024K, 4 young (4096K), 4 survivors (4096K)
 Metaspace       used 105914K, capacity 109050K, committed 109264K, reserved 612352K
  class space    used 13772K, capacity 14964K, committed 14976K, reserved 516096K
}
Event: 81.056 GC heap before
{Heap before GC invocations=96 (full 0):
 garbage-first heap   total 192512K, used 159558K [0x0000000080000000, 0x0000000100000000)
  region size 1024K, 27 young (27648K), 4 survivors (4096K)
 Metaspace       used 107089K, capacity 110299K, committed 110416K, reserved 612352K
  class space    used 13889K, capacity 15097K, committed 15104K, reserved 516096K
}
Event: 81.067 GC heap after
{Heap after GC invocations=97 (full 0):
 garbage-first heap   total 192512K, used 137783K [0x0000000080000000, 0x0000000100000000)
  region size 1024K, 3 young (3072K), 3 survivors (3072K)
 Metaspace       used 107089K, capacity 110299K, committed 110416K, reserved 612352K
  class space    used 13889K, capacity 15097K, committed 15104K, reserved 516096K
}
Event: 81.649 GC heap before
{Heap before GC invocations=97 (full 0):
 garbage-first heap   total 192512K, used 161335K [0x0000000080000000, 0x0000000100000000)
  region size 1024K, 26 young (26624K), 3 survivors (3072K)
 Metaspace       used 107629K, capacity 110875K, committed 111056K, reserved 612352K
  class space    used 13962K, capacity 15198K, committed 15232K, reserved 516096K
}

Deoptimization events (20 events):
Event: 80.673 Thread 0x0000023be95f0800 DEOPT PACKING pc=0x0000023bd22a61f1 sp=0x0000009977df8f50
Event: 80.673 Thread 0x0000023be95f0800 DEOPT UNPACKING pc=0x0000023bd148a95e sp=0x0000009977df8468 mode 0
Event: 81.035 Thread 0x0000023be95f0800 Uncommon trap: trap_request=0xfffffff4 fr.pc=0x0000023bd954b80c relative=0x0000000000001a6c
Event: 81.035 Thread 0x0000023be95f0800 Uncommon trap: reason=null_check action=make_not_entrant pc=0x0000023bd954b80c method=com.google.common.collect.ImmutableListMultimap.get(Ljava/lang/Object;)Lcom/google/common/collect/ImmutableList; @ 8 c2
Event: 81.035 Thread 0x0000023be95f0800 DEOPT PACKING pc=0x0000023bd954b80c sp=0x0000009977df8b60
Event: 81.035 Thread 0x0000023be95f0800 DEOPT UNPACKING pc=0x0000023bd148a1af sp=0x0000009977df8a50 mode 2
Event: 81.037 Thread 0x0000023be95f0800 Uncommon trap: trap_request=0xfffffff4 fr.pc=0x0000023bd9551998 relative=0x00000000000000f8
Event: 81.037 Thread 0x0000023be95f0800 Uncommon trap: reason=null_check action=make_not_entrant pc=0x0000023bd9551998 method=org.gradle.internal.instantiation.generator.AbstractClassGenerator.isPropertyType(Ljava/lang/Class;)Z @ 3 c2
Event: 81.037 Thread 0x0000023be95f0800 DEOPT PACKING pc=0x0000023bd9551998 sp=0x0000009977df8bc0
Event: 81.037 Thread 0x0000023be95f0800 DEOPT UNPACKING pc=0x0000023bd148a1af sp=0x0000009977df8b50 mode 2
Event: 81.431 Thread 0x0000023be95f0800 DEOPT PACKING pc=0x0000023bd215b8af sp=0x0000009977df98d0
Event: 81.431 Thread 0x0000023be95f0800 DEOPT UNPACKING pc=0x0000023bd148a95e sp=0x0000009977df8d70 mode 0
Event: 81.485 Thread 0x0000023be95f0800 Uncommon trap: trap_request=0xfffffff4 fr.pc=0x0000023bd95435e0 relative=0x0000000000002fe0
Event: 81.485 Thread 0x0000023be95f0800 Uncommon trap: reason=null_check action=make_not_entrant pc=0x0000023bd95435e0 method=org.gradle.api.internal.attributes.DefaultAttributesSchema.compatibilityRules(Lorg/gradle/api/attributes/Attribute;)Lorg/gradle/api/internal/attributes/CompatibilityRule
Event: 81.485 Thread 0x0000023be95f0800 DEOPT PACKING pc=0x0000023bd95435e0 sp=0x0000009977df9ee0
Event: 81.485 Thread 0x0000023be95f0800 DEOPT UNPACKING pc=0x0000023bd148a1af sp=0x0000009977df9cc0 mode 2
Event: 81.614 Thread 0x0000023be95f0800 Uncommon trap: trap_request=0xfffffff4 fr.pc=0x0000023bd9557c70 relative=0x0000000000000550
Event: 81.614 Thread 0x0000023be95f0800 Uncommon trap: reason=null_check action=make_not_entrant pc=0x0000023bd9557c70 method=org.gradle.api.internal.attributes.DefaultAttributesSchema.compatibilityRules(Lorg/gradle/api/attributes/Attribute;)Lorg/gradle/api/internal/attributes/CompatibilityRule
Event: 81.614 Thread 0x0000023be95f0800 DEOPT PACKING pc=0x0000023bd9557c70 sp=0x0000009977df9ce0
Event: 81.614 Thread 0x0000023be95f0800 DEOPT UNPACKING pc=0x0000023bd148a1af sp=0x0000009977df9c30 mode 2

Classes redefined (0 events):
No events

Internal exceptions (20 events):
Event: 75.325 Thread 0x0000023be95f0800 Exception <a 'java/lang/NoClassDefFoundError'{0x00000000890106c0}: org/jetbrains/kotlin/gradle/plugin/KotlinBasePluginWrapper> (0x00000000890106c0) thrown at [./src/hotspot/share/oops/constantPool.cpp, line 775]
Event: 75.344 Thread 0x0000023be95f0800 Implicit null exception at 0x0000023bd9471590 to 0x0000023bd9471bb0
Event: 75.494 Thread 0x0000023be95f0800 Implicit null exception at 0x0000023bd93cb2fb to 0x0000023bd93d08ec
Event: 75.860 Thread 0x0000023be95f0800 Exception <a 'sun/nio/fs/WindowsException'{0x00000000890c66f8}> (0x00000000890c66f8) thrown at [./src/hotspot/share/prims/jni.cpp, line 616]
Event: 76.211 Thread 0x0000023be95f0800 Exception <a 'java/lang/NullPointerException'{0x00000000894ba128}> (0x00000000894ba128) thrown at [./src/hotspot/share/interpreter/linkResolver.cpp, line 1440]
Event: 76.913 Thread 0x0000023be95f0800 Exception <a 'java/lang/NoSuchMethodError'{0x000000008903be20}: 'int java.lang.invoke.DirectMethodHandle$Holder.invokeStatic(java.lang.Object, java.lang.Object, int, java.lang.Object)'> (0x000000008903be20) thrown at [./src/hotspot/share/interpreter/linkResolver.cpp, line 773]
Event: 77.035 Thread 0x0000023be95f0800 Exception <a 'sun/nio/fs/WindowsException'{0x0000000088f688a8}> (0x0000000088f688a8) thrown at [./src/hotspot/share/prims/jni.cpp, line 616]
Event: 77.035 Thread 0x0000023be95f0800 Exception <a 'sun/nio/fs/WindowsException'{0x0000000088f69c38}> (0x0000000088f69c38) thrown at [./src/hotspot/share/prims/jni.cpp, line 616]
Event: 77.036 Thread 0x0000023be95f0800 Exception <a 'sun/nio/fs/WindowsException'{0x0000000088f6b000}> (0x0000000088f6b000) thrown at [./src/hotspot/share/prims/jni.cpp, line 616]
Event: 77.036 Thread 0x0000023be95f0800 Exception <a 'sun/nio/fs/WindowsException'{0x0000000088f6c3c8}> (0x0000000088f6c3c8) thrown at [./src/hotspot/share/prims/jni.cpp, line 616]
Event: 78.640 Thread 0x0000023be95f0800 Implicit null exception at 0x0000023bd92bd114 to 0x0000023bd92bd670
Event: 79.251 Thread 0x0000023be95f0800 Exception <a 'java/lang/NoSuchMethodError'{0x000000008ad9d290}: 'int java.lang.invoke.DirectMethodHandle$Holder.invokeStatic(java.lang.Object, int, int, java.lang.Object)'> (0x000000008ad9d290) thrown at [./src/hotspot/share/interpreter/linkResolver.cpp, line 773]
Event: 79.576 Thread 0x0000023be95f0800 Exception <a 'sun/nio/fs/WindowsException'{0x000000008a5f78a8}> (0x000000008a5f78a8) thrown at [./src/hotspot/share/prims/jni.cpp, line 616]
Event: 79.576 Thread 0x0000023be95f0800 Exception <a 'sun/nio/fs/WindowsException'{0x000000008a5f8c20}> (0x000000008a5f8c20) thrown at [./src/hotspot/share/prims/jni.cpp, line 616]
Event: 79.576 Thread 0x0000023be95f0800 Exception <a 'sun/nio/fs/WindowsException'{0x000000008a5f9fe8}> (0x000000008a5f9fe8) thrown at [./src/hotspot/share/prims/jni.cpp, line 616]
Event: 79.577 Thread 0x0000023be95f0800 Exception <a 'sun/nio/fs/WindowsException'{0x000000008a5fb3b0}> (0x000000008a5fb3b0) thrown at [./src/hotspot/share/prims/jni.cpp, line 616]
Event: 81.035 Thread 0x0000023be95f0800 Implicit null exception at 0x0000023bd9549fe0 to 0x0000023bd954b800
Event: 81.037 Thread 0x0000023be95f0800 Implicit null exception at 0x0000023bd95518b0 to 0x0000023bd9551988
Event: 81.485 Thread 0x0000023be95f0800 Implicit null exception at 0x0000023bd9541237 to 0x0000023bd954359c
Event: 81.614 Thread 0x0000023be95f0800 Implicit null exception at 0x0000023bd95577b3 to 0x0000023bd9557c40

Events (20 events):
Event: 81.067 Executing VM operation: G1CollectForAllocation done
Event: 81.350 loading class com/android/build/gradle/tasks/ShaderCompile$WorkAction$Params
Event: 81.350 loading class com/android/build/gradle/tasks/ShaderCompile$WorkAction$Params done
Event: 81.352 loading class com/android/build/gradle/internal/profile/ProfileAwareWorkAction$Parameters
Event: 81.352 loading class com/android/build/gradle/internal/profile/ProfileAwareWorkAction$Parameters done
Event: 81.363 loading class org/gradle/api/internal/provider/ValueSupplier$ExternalValueProducer
Event: 81.363 loading class org/gradle/api/internal/provider/ValueSupplier$ExternalValueProducer done
Event: 81.476 loading class com/android/build/gradle/internal/dependency/VariantDependencies$Companion$getComponentFilter$4
Event: 81.476 loading class com/android/build/gradle/internal/dependency/VariantDependencies$Companion$getComponentFilter$4 done
Event: 81.492 loading class org/gradle/api/internal/artifacts/transform/DefaultTransformUpstreamDependenciesResolver$TransformUpstreamDependenciesImpl
Event: 81.492 loading class org/gradle/api/internal/artifacts/transform/DefaultTransformUpstreamDependenciesResolver$TransformUpstreamDependenciesImpl done
Event: 81.493 loading class org/gradle/api/internal/artifacts/transform/DefaultTransformUpstreamDependenciesResolver$FinalizeTransformDependenciesFromSelectedArtifacts
Event: 81.493 loading class org/gradle/api/internal/artifacts/transform/DefaultTransformUpstreamDependenciesResolver$FinalizeTransformDependenciesFromSelectedArtifacts done
Event: 81.496 loading class org/gradle/api/internal/artifacts/transform/DefaultTransformUpstreamDependenciesResolver$FinalizeTransformDependencies
Event: 81.496 loading class org/gradle/api/internal/artifacts/transform/DefaultTransformUpstreamDependenciesResolver$FinalizeTransformDependencies done
Event: 81.516 Executing VM operation: CGC_Operation
Event: 81.536 Executing VM operation: CGC_Operation done
Event: 81.540 loading class org/gradle/api/artifacts/component/ComponentIdentifier
Event: 81.540 loading class org/gradle/api/artifacts/component/ComponentIdentifier done
Event: 81.648 Executing VM operation: G1CollectForAllocation


Dynamic libraries:
0x00007ff75d2a0000 - 0x00007ff75d2aa000 	C:\Program Files\Android\Android Studio\jre\bin\java.exe
0x00007ff96a710000 - 0x00007ff96a908000 	C:\WINDOWS\SYSTEM32\ntdll.dll
0x00007ff968cf0000 - 0x00007ff968daf000 	C:\WINDOWS\System32\KERNEL32.DLL
0x00007ff968420000 - 0x00007ff968716000 	C:\WINDOWS\System32\KERNELBASE.dll
0x00007ff968320000 - 0x00007ff968420000 	C:\WINDOWS\System32\ucrtbase.dll
0x00007ff953000000 - 0x00007ff953019000 	C:\Program Files\Android\Android Studio\jre\bin\jli.dll
0x00007ff9696d0000 - 0x00007ff96986d000 	C:\WINDOWS\System32\USER32.dll
0x00007ff967e90000 - 0x00007ff967eb2000 	C:\WINDOWS\System32\win32u.dll
0x00007ff969960000 - 0x00007ff96998c000 	C:\WINDOWS\System32\GDI32.dll
0x00007ff968200000 - 0x00007ff968315000 	C:\WINDOWS\System32\gdi32full.dll
0x00007ff967df0000 - 0x00007ff967e8d000 	C:\WINDOWS\System32\msvcp_win.dll
0x00007ff952fe0000 - 0x00007ff952ff7000 	C:\Program Files\Android\Android Studio\jre\bin\VCRUNTIME140.dll
0x00007ff9578b0000 - 0x00007ff957b4a000 	C:\WINDOWS\WinSxS\amd64_microsoft.windows.common-controls_6595b64144ccf1df_6.0.19041.1110_none_60b5254171f9507e\COMCTL32.dll
0x00007ff96a100000 - 0x00007ff96a19e000 	C:\WINDOWS\System32\msvcrt.dll
0x00007ff969df0000 - 0x00007ff969e20000 	C:\WINDOWS\System32\IMM32.DLL
0x00007ff952f40000 - 0x00007ff952fdd000 	C:\Program Files\Android\Android Studio\jre\bin\msvcp140.dll
0x00007ff910fb0000 - 0x00007ff911ab2000 	C:\Program Files\Android\Android Studio\jre\bin\server\jvm.dll
0x00007ff969d40000 - 0x00007ff969def000 	C:\WINDOWS\System32\ADVAPI32.dll
0x00007ff968db0000 - 0x00007ff968e4c000 	C:\WINDOWS\System32\sechost.dll
0x00007ff969c10000 - 0x00007ff969d36000 	C:\WINDOWS\System32\RPCRT4.dll
0x00007ff969990000 - 0x00007ff969998000 	C:\WINDOWS\System32\PSAPI.DLL
0x00007ff95c170000 - 0x00007ff95c179000 	C:\WINDOWS\SYSTEM32\WSOCK32.dll
0x00007ff96a270000 - 0x00007ff96a2db000 	C:\WINDOWS\System32\WS2_32.dll
0x00007ff957c00000 - 0x00007ff957c27000 	C:\WINDOWS\SYSTEM32\WINMM.dll
0x00007ff9602e0000 - 0x00007ff9602ea000 	C:\WINDOWS\SYSTEM32\VERSION.dll
0x00007ff965c60000 - 0x00007ff965c72000 	C:\WINDOWS\SYSTEM32\kernel.appcore.dll
0x00007ff952f20000 - 0x00007ff952f31000 	C:\Program Files\Android\Android Studio\jre\bin\verify.dll
0x00007ff9615a0000 - 0x00007ff961784000 	C:\WINDOWS\SYSTEM32\DBGHELP.DLL
0x00007ff961530000 - 0x00007ff961564000 	C:\WINDOWS\SYSTEM32\dbgcore.DLL
0x00007ff968090000 - 0x00007ff968112000 	C:\WINDOWS\System32\bcryptPrimitives.dll
0x00007ff952ef0000 - 0x00007ff952f19000 	C:\Program Files\Android\Android Studio\jre\bin\java.dll
0x00007ff954af0000 - 0x00007ff954afb000 	C:\Program Files\Android\Android Studio\jre\bin\jimage.dll
0x00007ff952ed0000 - 0x00007ff952ee8000 	C:\Program Files\Android\Android Studio\jre\bin\zip.dll
0x00007ff968e50000 - 0x00007ff969594000 	C:\WINDOWS\System32\SHELL32.dll
0x00007ff965e60000 - 0x00007ff9665f4000 	C:\WINDOWS\SYSTEM32\windows.storage.dll
0x00007ff96a370000 - 0x00007ff96a6c4000 	C:\WINDOWS\System32\combase.dll
0x00007ff967750000 - 0x00007ff96777e000 	C:\WINDOWS\SYSTEM32\Wldp.dll
0x00007ff968770000 - 0x00007ff96881d000 	C:\WINDOWS\System32\SHCORE.dll
0x00007ff969a90000 - 0x00007ff969ae5000 	C:\WINDOWS\System32\shlwapi.dll
0x00007ff967d20000 - 0x00007ff967d45000 	C:\WINDOWS\SYSTEM32\profapi.dll
0x00007ff951890000 - 0x00007ff9518aa000 	C:\Program Files\Android\Android Studio\jre\bin\net.dll
0x00007ff962710000 - 0x00007ff96281a000 	C:\WINDOWS\SYSTEM32\WINHTTP.dll
0x00007ff967530000 - 0x00007ff96759a000 	C:\WINDOWS\system32\mswsock.dll
0x00007ff951870000 - 0x00007ff951884000 	C:\Program Files\Android\Android Studio\jre\bin\nio.dll
0x00007ff9519c0000 - 0x00007ff9519e7000 	C:\Users\fezia\.gradle\native\e1d6ef7f7dcc3fd88c89a11ec53ec762bb8ba0a96d01ffa2cd45eb1d1d8dd5c5\windows-amd64\native-platform.dll
0x00007ff9316d0000 - 0x00007ff931814000 	C:\Users\fezia\.gradle\native\0d407fdbe67a94daf76414ababcb853783967236a71b16ec16e742cd7a986fd3\windows-amd64\native-platform-file-events.dll
0x00007ff952db0000 - 0x00007ff952dba000 	C:\Program Files\Android\Android Studio\jre\bin\management.dll
0x00007ff951820000 - 0x00007ff95182d000 	C:\Program Files\Android\Android Studio\jre\bin\management_ext.dll
0x00007ff967ad0000 - 0x00007ff967ae8000 	C:\WINDOWS\SYSTEM32\CRYPTSP.dll
0x00007ff966e00000 - 0x00007ff966e34000 	C:\WINDOWS\system32\rsaenh.dll
0x00007ff968120000 - 0x00007ff968147000 	C:\WINDOWS\System32\bcrypt.dll
0x00007ff967ca0000 - 0x00007ff967cce000 	C:\WINDOWS\SYSTEM32\USERENV.dll
0x00007ff9676c0000 - 0x00007ff9676cc000 	C:\WINDOWS\SYSTEM32\CRYPTBASE.dll
0x00007ff9671f0000 - 0x00007ff96722c000 	C:\WINDOWS\SYSTEM32\IPHLPAPI.DLL
0x00007ff969950000 - 0x00007ff969958000 	C:\WINDOWS\System32\NSI.dll
0x00007ff962380000 - 0x00007ff962397000 	C:\WINDOWS\SYSTEM32\dhcpcsvc6.DLL
0x00007ff962200000 - 0x00007ff96221d000 	C:\WINDOWS\SYSTEM32\dhcpcsvc.DLL
0x00007ff967240000 - 0x00007ff96730a000 	C:\WINDOWS\SYSTEM32\DNSAPI.dll

dbghelp: loaded successfully - version: 4.0.5 - missing functions: none
symbol engine: initialized successfully - sym options: 0x614 - pdb path: .;C:\Program Files\Android\Android Studio\jre\bin;C:\WINDOWS\SYSTEM32;C:\WINDOWS\WinSxS\amd64_microsoft.windows.common-controls_6595b64144ccf1df_6.0.19041.1110_none_60b5254171f9507e;C:\Program Files\Android\Android Studio\jre\bin\server;C:\Users\fezia\.gradle\native\e1d6ef7f7dcc3fd88c89a11ec53ec762bb8ba0a96d01ffa2cd45eb1d1d8dd5c5\windows-amd64;C:\Users\fezia\.gradle\native\0d407fdbe67a94daf76414ababcb853783967236a71b16ec16e742cd7a986fd3\windows-amd64

VM Arguments:
jvm_args: -XX:MaxMetaspaceSize=512m --add-opens=java.base/java.util=ALL-UNNAMED --add-opens=java.base/java.lang=ALL-UNNAMED --add-opens=java.base/java.lang.invoke=ALL-UNNAMED --add-opens=java.base/java.util=ALL-UNNAMED --add-opens=java.prefs/java.util.prefs=ALL-UNNAMED --add-opens=java.prefs/java.util.prefs=ALL-UNNAMED --add-opens=java.base/java.nio.charset=ALL-UNNAMED --add-opens=java.base/java.net=ALL-UNNAMED --add-opens=java.base/java.util.concurrent.atomic=ALL-UNNAMED -Xmx2048m -Dfile.encoding=windows-1252 -Duser.country=US -Duser.language=en -Duser.variant 
java_command: org.gradle.launcher.daemon.bootstrap.GradleDaemon 7.5.1
java_class_path (initial): C:\Users\fezia\.gradle\wrapper\dists\gradle-7.5.1-all\1ehga6e77gqps5uk2kc5kf1vc\gradle-7.5.1\lib\gradle-launcher-7.5.1.jar
Launcher Type: SUN_STANDARD

[Global flags]
     intx CICompilerCount                          = 3                                         {product} {ergonomic}
   size_t CompressedClassSpaceSize                 = 528482304                                 {product} {ergonomic}
     uint ConcGCThreads                            = 1                                         {product} {ergonomic}
     uint G1ConcRefinementThreads                  = 4                                         {product} {ergonomic}
   size_t G1HeapRegionSize                         = 1048576                                   {product} {ergonomic}
    uintx GCDrainStackTargetSize                   = 64                                        {product} {ergonomic}
   size_t InitialHeapSize                          = 65011712                                  {product} {ergonomic}
   size_t MarkStackSize                            = 4194304                                   {product} {ergonomic}
   size_t MaxHeapSize                              = 2147483648                                {product} {command line}
   size_t MaxMetaspaceSize                         = 536870912                                 {product} {command line}
   size_t MaxNewSize                               = 1287651328                                {product} {ergonomic}
   size_t MinHeapDeltaBytes                        = 1048576                                   {product} {ergonomic}
    uintx NonNMethodCodeHeapSize                   = 5830732                                {pd product} {ergonomic}
    uintx NonProfiledCodeHeapSize                  = 122913754                              {pd product} {ergonomic}
    uintx ProfiledCodeHeapSize                     = 122913754                              {pd product} {ergonomic}
    uintx ReservedCodeCacheSize                    = 251658240                              {pd product} {ergonomic}
     bool SegmentedCodeCache                       = true                                      {product} {ergonomic}
     bool UseCompressedClassPointers               = true                                 {lp64_product} {ergonomic}
     bool UseCompressedOops                        = true                                 {lp64_product} {ergonomic}
     bool UseG1GC                                  = true                                      {product} {ergonomic}
     bool UseLargePagesIndividualAllocation        = false                                  {pd product} {ergonomic}

Logging:
Log output configuration:
 #0: stdout all=warning uptime,level,tags
 #1: stderr all=off uptime,level,tags

Environment Variables:
JAVA_HOME=C:\Program Files\Android\Android Studio\jre
CLASSPATH=C:\Users\fezia\Tradly\android\\gradle\wrapper\gradle-wrapper.jar
PATH=C:\Users\fezia\Tradly\android\node_modules\.bin;C:\Users\fezia\Tradly\node_modules\.bin;C:\Users\fezia\node_modules\.bin;C:\Users\node_modules\.bin;C:\node_modules\.bin;C:\Program Files\nodejs;C:\Users\fezia\AppData\Local\Temp\yarn--1689401174540-0.6585636577779901;C:\Users\fezia\Tradly\node_modules\.bin;C:\Users\fezia\AppData\Local\Yarn\Data\link\node_modules\.bin;C:\Users\fezia\AppData\Local\Yarn\bin;C:\Program Files\libexec\lib\node_modules\npm\bin\node-gyp-bin;C:\Program Files\lib\node_modules\npm\bin\node-gyp-bin;C:\Program Files\nodejs\node_modules\npm\bin\node-gyp-bin;C:\Program Files\Microsoft\jdk-11.0.18.10-hotspot\bin;C:\WINDOWS\system32;C:\WINDOWS;C:\WINDOWS\System32\Wbem;C:\WINDOWS\System32\WindowsPowerShell\v1.0\;C:\WINDOWS\System32\OpenSSH\;C:\Program Files\Git\cmd;C:\ProgramData\chocolatey\bin;C:\Program Files\nodejs\;C:\Users\fezia\AppData\Local\Android\Sdk\platform-tools;C:\Users\fezia\AppData\Local\Microsoft\WindowsApps;C:\Users\fezia\AppData\Local\Programs\Microsoft VS Code\bin;C:\Users\fezia\AppData\Local\Android\Sdk\platform-tools;C:\Users\fezia\AppData\Roaming\npm
USERNAME=fezia
OS=Windows_NT
PROCESSOR_IDENTIFIER=Intel64 Family 6 Model 58 Stepping 9, GenuineIntel



---------------  S Y S T E M  ---------------

OS: Windows 10 , 64 bit Build 19041 (10.0.19041.3155)
OS uptime: 0 days 23:11 hours
Hyper-V role detected

CPU:total 4 (initial active 4) (2 cores per cpu, 2 threads per core) family 6 model 58 stepping 9 microcode 0x21, cmov, cx8, fxsr, mmx, sse, sse2, sse3, ssse3, sse4.1, sse4.2, popcnt, avx, aes, clmul, erms, ht, tsc, tscinvbit, tscinv

Memory: 4k page, system-wide physical 3959M (238M free)
TotalPageFile size 16247M (AvailPageFile size 15M)
current process WorkingSet (physical memory assigned to process): 440M, peak: 443M
current process commit charge ("private bytes"): 505M, peak: 543M

vm_info: OpenJDK 64-Bit Server VM (11.0.13+0-b1751.21-8125866) for windows-amd64 JRE (11.0.13+0-b1751.21-8125866), built on Feb  2 2022 03:00:22 by "builder" with MS VC++ 14.0 (VS2015)

END.
