#
# There is insufficient memory for the Java Runtime Environment to continue.
# Native memory allocation (malloc) failed to allocate 1435376 bytes for Chunk::new
# Possible reasons:
#   The system is out of physical RAM or swap space
#   The process is running with CompressedOops enabled, and the Java Heap may be blocking the growth of the native heap
# Possible solutions:
#   Reduce memory load on the system
#   Increase physical memory or swap space
#   Check if swap backing store is full
#   Decrease Java heap size (-Xmx/-Xms)
#   Decrease number of Java threads
#   Decrease Java thread stack sizes (-Xss)
#   Set larger code cache with -XX:ReservedCodeCacheSize=
#   JVM is running with Unscaled Compressed Oops mode in which the Java heap is
#     placed in the first 4GB address space. The Java Heap base address is the
#     maximum limit for the native heap growth. Please use -XX:HeapBaseMinAddress
#     to set the Java Heap base and to place the Java Heap above 4GB virtual address.
# This output file may be truncated or incomplete.
#
#  Out of Memory Error (./src/hotspot/share/memory/arena.cpp:197), pid=8612, tid=6488
#
# JRE version: OpenJDK Runtime Environment (11.0.13) (build 11.0.13+0-b1751.21-8125866)
# Java VM: OpenJDK 64-Bit Server VM (11.0.13+0-b1751.21-8125866, mixed mode, tiered, compressed oops, g1 gc, windows-amd64)
# No core dump will be written. Minidumps are not enabled by default on client versions of Windows
#

---------------  S U M M A R Y ------------

Command Line: -XX:MaxMetaspaceSize=512m --add-opens=java.base/java.util=ALL-UNNAMED --add-opens=java.base/java.lang=ALL-UNNAMED --add-opens=java.base/java.lang.invoke=ALL-UNNAMED --add-opens=java.base/java.util=ALL-UNNAMED --add-opens=java.prefs/java.util.prefs=ALL-UNNAMED --add-opens=java.prefs/java.util.prefs=ALL-UNNAMED --add-opens=java.base/java.nio.charset=ALL-UNNAMED --add-opens=java.base/java.net=ALL-UNNAMED --add-opens=java.base/java.util.concurrent.atomic=ALL-UNNAMED -Xmx2048m -Dfile.encoding=windows-1252 -Duser.country=US -Duser.language=en -Duser.variant org.gradle.launcher.daemon.bootstrap.GradleDaemon 7.5.1

Host: Intel(R) Core(TM) i5-3320M CPU @ 2.60GHz, 4 cores, 3G,  Windows 10 , 64 bit Build 19041 (10.0.19041.3155)
Time: Sat Jul 15 11:19:19 2023 Pakistan Standard Time elapsed time: 78.994845 seconds (0d 0h 1m 18s)

---------------  T H R E A D  ---------------

Current thread (0x000001c337ae6800):  JavaThread "C2 CompilerThread0" daemon [_thread_in_native, id=6488, stack(0x0000007532900000,0x0000007532a00000)]


Current CompileTask:
C2:  78994 16238       4       jdk.internal.loader.URLClassPath::getResource (74 bytes)

Stack: [0x0000007532900000,0x0000007532a00000]
Native frames: (J=compiled Java code, j=interpreted, Vv=VM code, C=native code)
V  [jvm.dll+0x6100fa]
V  [jvm.dll+0x747090]
V  [jvm.dll+0x7486ad]
V  [jvm.dll+0x748d83]
V  [jvm.dll+0x24ab48]
V  [jvm.dll+0xc04dc]
V  [jvm.dll+0xc0a0c]
V  [jvm.dll+0x35eb5b]
V  [jvm.dll+0x19d7bc]
V  [jvm.dll+0x2033be]
V  [jvm.dll+0x202437]
V  [jvm.dll+0x188e01]
V  [jvm.dll+0x21106b]
V  [jvm.dll+0x20f8c1]
V  [jvm.dll+0x70de0f]
V  [jvm.dll+0x706a75]
V  [jvm.dll+0x60ed66]
C  [ucrtbase.dll+0x21bb2]
C  [KERNEL32.DLL+0x17614]
C  [ntdll.dll+0x526b1]


---------------  P R O C E S S  ---------------

Threads class SMR info:
_java_thread_list=0x000001c3460ec2a0, length=98, elements={
0x000001c31b772800, 0x000001c337a7a800, 0x000001c337a7c000, 0x000001c337add000,
0x000001c337adf800, 0x000001c337ae1000, 0x000001c337ae6800, 0x000001c337aeb800,
0x000001c337aed800, 0x000001c337d57000, 0x000001c339f12000, 0x000001c3397a9800,
0x000001c339a3f000, 0x000001c338d9b000, 0x000001c33a407800, 0x000001c339caa000,
0x000001c338a0a800, 0x000001c339ec0000, 0x000001c33a9f7000, 0x000001c339e49800,
0x000001c339e4b800, 0x000001c339e4c800, 0x000001c339e4d800, 0x000001c339e4f000,
0x000001c339e4a000, 0x000001c339e4b000, 0x000001c339e50000, 0x000001c33b2a2800,
0x000001c33b29d000, 0x000001c33b2a3800, 0x000001c33b2a4000, 0x000001c33b2a1000,
0x000001c33b29f800, 0x000001c33b2a1800, 0x000001c33b2a0000, 0x000001c33b2a6800,
0x000001c33b2ab800, 0x000001c33b2a7800, 0x000001c33b2a8800, 0x000001c33b2a9000,
0x000001c33b2aa000, 0x000001c33b2a6000, 0x000001c33b2aa800, 0x000001c33a531000,
0x000001c33a52d800, 0x000001c33a52d000, 0x000001c33a52e800, 0x000001c33a531800,
0x000001c33a52f000, 0x000001c33a530000, 0x000001c33a52c000, 0x000001c33a532800,
0x000001c33a535800, 0x000001c33a535000, 0x000001c33a534000, 0x000001c33a533800,
0x000001c33a536800, 0x000001c33a53a000, 0x000001c33a539000, 0x000001c33a537800,
0x000001c33a538000, 0x000001c33a53a800, 0x000001c33b56f800, 0x000001c33b56b000,
0x000001c33b56a000, 0x000001c33b571800, 0x000001c33b570800, 0x000001c33b56f000,
0x000001c33b56e000, 0x000001c33b56d000, 0x000001c33b56b800, 0x000001c33b56c800,
0x000001c33b578000, 0x000001c33b573000, 0x000001c33b574000, 0x000001c33b578800,
0x000001c33b576000, 0x000001c33b577000, 0x000001c33b574800, 0x000001c33b575800,
0x000001c33d52e000, 0x000001c33d52f800, 0x000001c33d530800, 0x000001c33d531800,
0x000001c33d52f000, 0x000001c33d532000, 0x000001c33d533000, 0x000001c33d52d000,
0x000001c33d534800, 0x000001c33d535800, 0x000001c33d536000, 0x000001c33d538000,
0x000001c33d538800, 0x000001c33d539800, 0x000001c33d533800, 0x000001c33d53a800,
0x000001c33d53b000, 0x000001c33d53c000
}

Java Threads: ( => current thread )
  0x000001c31b772800 JavaThread "main" [_thread_blocked, id=5016, stack(0x0000007531d00000,0x0000007531e00000)]
  0x000001c337a7a800 JavaThread "Reference Handler" daemon [_thread_blocked, id=7736, stack(0x0000007532400000,0x0000007532500000)]
  0x000001c337a7c000 JavaThread "Finalizer" daemon [_thread_blocked, id=13788, stack(0x0000007532500000,0x0000007532600000)]
  0x000001c337add000 JavaThread "Signal Dispatcher" daemon [_thread_blocked, id=9332, stack(0x0000007532600000,0x0000007532700000)]
  0x000001c337adf800 JavaThread "Attach Listener" daemon [_thread_blocked, id=5684, stack(0x0000007532700000,0x0000007532800000)]
  0x000001c337ae1000 JavaThread "Service Thread" daemon [_thread_blocked, id=12816, stack(0x0000007532800000,0x0000007532900000)]
=>0x000001c337ae6800 JavaThread "C2 CompilerThread0" daemon [_thread_in_native, id=6488, stack(0x0000007532900000,0x0000007532a00000)]
  0x000001c337aeb800 JavaThread "C1 CompilerThread0" daemon [_thread_blocked, id=4860, stack(0x0000007532a00000,0x0000007532b00000)]
  0x000001c337aed800 JavaThread "Sweeper thread" daemon [_thread_blocked, id=6460, stack(0x0000007532b00000,0x0000007532c00000)]
  0x000001c337d57000 JavaThread "Common-Cleaner" daemon [_thread_blocked, id=8288, stack(0x0000007532c00000,0x0000007532d00000)]
  0x000001c339f12000 JavaThread "Daemon health stats" [_thread_blocked, id=16308, stack(0x0000007533000000,0x0000007533100000)]
  0x000001c3397a9800 JavaThread "Incoming local TCP Connector on port 49546" [_thread_in_native, id=14216, stack(0x0000007532e00000,0x0000007532f00000)]
  0x000001c339a3f000 JavaThread "Daemon periodic checks" [_thread_blocked, id=9432, stack(0x0000007533100000,0x0000007533200000)]
  0x000001c338d9b000 JavaThread "Daemon" [_thread_blocked, id=14988, stack(0x0000007533200000,0x0000007533300000)]
  0x000001c33a407800 JavaThread "Handler for socket connection from /127.0.0.1:49546 to /127.0.0.1:49547" [_thread_in_native, id=13800, stack(0x0000007533300000,0x0000007533400000)]
  0x000001c339caa000 JavaThread "Cancel handler" [_thread_blocked, id=11344, stack(0x0000007533400000,0x0000007533500000)]
  0x000001c338a0a800 JavaThread "Daemon worker" [_thread_blocked, id=15632, stack(0x0000007533500000,0x0000007533600000)]
  0x000001c339ec0000 JavaThread "Asynchronous log dispatcher for DefaultDaemonConnection: socket connection from /127.0.0.1:49546 to /127.0.0.1:49547" [_thread_blocked, id=15112, stack(0x0000007533600000,0x0000007533700000)]
  0x000001c33a9f7000 JavaThread "Daemon client event forwarder" [_thread_blocked, id=2552, stack(0x0000007533800000,0x0000007533900000)]
  0x000001c339e49800 JavaThread "Cache worker for journal cache (C:\Users\fezia\.gradle\caches\journal-1)" [_thread_blocked, id=10300, stack(0x0000007533b00000,0x0000007533c00000)]
  0x000001c339e4b800 JavaThread "File lock request listener" [_thread_in_native, id=16208, stack(0x0000007533c00000,0x0000007533d00000)]
  0x000001c339e4c800 JavaThread "Cache worker for file hash cache (C:\Users\fezia\.gradle\caches\7.5.1\fileHashes)" [_thread_blocked, id=1632, stack(0x0000007533e00000,0x0000007533f00000)]
  0x000001c339e4d800 JavaThread "File watcher server" daemon [_thread_in_native, id=16988, stack(0x0000007534000000,0x0000007534100000)]
  0x000001c339e4f000 JavaThread "File watcher consumer" daemon [_thread_blocked, id=8204, stack(0x0000007534100000,0x0000007534200000)]
  0x000001c339e4a000 JavaThread "Cache worker for checksums cache (C:\Users\fezia\Tradly\android\.gradle\7.5.1\checksums)" [_thread_blocked, id=16740, stack(0x0000007533f00000,0x0000007534000000)]
  0x000001c339e4b000 JavaThread "Cache worker for cache directory md-rule (C:\Users\fezia\.gradle\caches\7.5.1\md-rule)" [_thread_blocked, id=11900, stack(0x0000007534200000,0x0000007534300000)]
  0x000001c339e50000 JavaThread "Cache worker for file content cache (C:\Users\fezia\.gradle\caches\7.5.1\fileContent)" [_thread_blocked, id=10556, stack(0x0000007534300000,0x0000007534400000)]
  0x000001c33b2a2800 JavaThread "Cache worker for file hash cache (C:\Users\fezia\Tradly\android\.gradle\7.5.1\fileHashes)" [_thread_blocked, id=260, stack(0x0000007534400000,0x0000007534500000)]
  0x000001c33b29d000 JavaThread "Cache worker for cache directory md-supplier (C:\Users\fezia\.gradle\caches\7.5.1\md-supplier)" [_thread_blocked, id=12196, stack(0x0000007534500000,0x0000007534600000)]
  0x000001c33b2a3800 JavaThread "Cache worker for execution history cache (C:\Users\fezia\.gradle\caches\7.5.1\executionHistory)" [_thread_blocked, id=16704, stack(0x0000007534600000,0x0000007534700000)]
  0x000001c33b2a4000 JavaThread "jar transforms" [_thread_blocked, id=14752, stack(0x0000007534800000,0x0000007534900000)]
  0x000001c33b2a1000 JavaThread "jar transforms Thread 2" [_thread_blocked, id=13452, stack(0x0000007534900000,0x0000007534a00000)]
  0x000001c33b29f800 JavaThread "jar transforms Thread 3" [_thread_blocked, id=1444, stack(0x0000007534a00000,0x0000007534b00000)]
  0x000001c33b2a1800 JavaThread "jar transforms Thread 4" [_thread_blocked, id=15028, stack(0x0000007534b00000,0x0000007534c00000)]
  0x000001c33b2a0000 JavaThread "Cache worker for kotlin-dsl (C:\Users\fezia\.gradle\caches\7.5.1\kotlin-dsl)" [_thread_blocked, id=3244, stack(0x0000007534c00000,0x0000007534d00000)]
  0x000001c33b2a6800 JavaThread "Cache worker for dependencies-accessors (C:\Users\fezia\Tradly\android\.gradle\7.5.1\dependencies-accessors)" [_thread_blocked, id=16336, stack(0x0000007534d00000,0x0000007534e00000)]
  0x000001c33b2ab800 JavaThread "Cache worker for Build Output Cleanup Cache (C:\Users\fezia\Tradly\node_modules\react-native-gradle-plugin\.gradle\buildOutputCleanup)" [_thread_blocked, id=8060, stack(0x0000007534700000,0x0000007534800000)]
  0x000001c33b2a7800 JavaThread "Unconstrained build operations" [_thread_blocked, id=16708, stack(0x0000007534f00000,0x0000007535000000)]
  0x000001c33b2a8800 JavaThread "Unconstrained build operations Thread 2" [_thread_blocked, id=17328, stack(0x0000007535000000,0x0000007535100000)]
  0x000001c33b2a9000 JavaThread "Unconstrained build operations Thread 3" [_thread_in_vm, id=10452, stack(0x0000007535100000,0x0000007535200000)]
  0x000001c33b2aa000 JavaThread "Unconstrained build operations Thread 4" [_thread_blocked, id=1584, stack(0x0000007535200000,0x0000007535300000)]
  0x000001c33b2a6000 JavaThread "Unconstrained build operations Thread 5" [_thread_blocked, id=716, stack(0x0000007535300000,0x0000007535400000)]
  0x000001c33b2aa800 JavaThread "Unconstrained build operations Thread 6" [_thread_blocked, id=4128, stack(0x0000007535400000,0x0000007535500000)]
  0x000001c33a531000 JavaThread "Unconstrained build operations Thread 7" [_thread_blocked, id=5132, stack(0x0000007535500000,0x0000007535600000)]
  0x000001c33a52d800 JavaThread "Unconstrained build operations Thread 8" [_thread_blocked, id=14660, stack(0x0000007535600000,0x0000007535700000)]
  0x000001c33a52d000 JavaThread "Unconstrained build operations Thread 9" [_thread_blocked, id=16028, stack(0x0000007535700000,0x0000007535800000)]
  0x000001c33a52e800 JavaThread "Unconstrained build operations Thread 10" [_thread_blocked, id=11992, stack(0x0000007535800000,0x0000007535900000)]
  0x000001c33a531800 JavaThread "Unconstrained build operations Thread 11" [_thread_blocked, id=10624, stack(0x0000007535900000,0x0000007535a00000)]
  0x000001c33a52f000 JavaThread "Unconstrained build operations Thread 12" [_thread_blocked, id=16240, stack(0x0000007535a00000,0x0000007535b00000)]
  0x000001c33a530000 JavaThread "Unconstrained build operations Thread 13" [_thread_blocked, id=7456, stack(0x0000007535b00000,0x0000007535c00000)]
  0x000001c33a52c000 JavaThread "Unconstrained build operations Thread 14" [_thread_blocked, id=16404, stack(0x0000007535c00000,0x0000007535d00000)]
  0x000001c33a532800 JavaThread "Unconstrained build operations Thread 15" [_thread_blocked, id=14904, stack(0x0000007535d00000,0x0000007535e00000)]
  0x000001c33a535800 JavaThread "Unconstrained build operations Thread 16" [_thread_blocked, id=2924, stack(0x0000007535e00000,0x0000007535f00000)]
  0x000001c33a535000 JavaThread "Unconstrained build operations Thread 17" [_thread_blocked, id=816, stack(0x0000007535f00000,0x0000007536000000)]
  0x000001c33a534000 JavaThread "Unconstrained build operations Thread 18" [_thread_blocked, id=9200, stack(0x0000007536000000,0x0000007536100000)]
  0x000001c33a533800 JavaThread "Unconstrained build operations Thread 19" [_thread_blocked, id=2228, stack(0x0000007536100000,0x0000007536200000)]
  0x000001c33a536800 JavaThread "Unconstrained build operations Thread 20" [_thread_blocked, id=14856, stack(0x0000007536200000,0x0000007536300000)]
  0x000001c33a53a000 JavaThread "Unconstrained build operations Thread 21" [_thread_blocked, id=10824, stack(0x0000007536300000,0x0000007536400000)]
  0x000001c33a539000 JavaThread "Unconstrained build operations Thread 22" [_thread_blocked, id=12352, stack(0x0000007536400000,0x0000007536500000)]
  0x000001c33a537800 JavaThread "Unconstrained build operations Thread 23" [_thread_blocked, id=8772, stack(0x0000007536500000,0x0000007536600000)]
  0x000001c33a538000 JavaThread "Unconstrained build operations Thread 24" [_thread_blocked, id=5000, stack(0x0000007536600000,0x0000007536700000)]
  0x000001c33a53a800 JavaThread "Unconstrained build operations Thread 25" [_thread_blocked, id=15572, stack(0x0000007536700000,0x0000007536800000)]
  0x000001c33b56f800 JavaThread "Unconstrained build operations Thread 26" [_thread_blocked, id=15800, stack(0x0000007536800000,0x0000007536900000)]
  0x000001c33b56b000 JavaThread "Unconstrained build operations Thread 27" [_thread_blocked, id=9952, stack(0x0000007536900000,0x0000007536a00000)]
  0x000001c33b56a000 JavaThread "Unconstrained build operations Thread 28" [_thread_blocked, id=17364, stack(0x0000007536a00000,0x0000007536b00000)]
  0x000001c33b571800 JavaThread "Unconstrained build operations Thread 29" [_thread_blocked, id=14296, stack(0x0000007536b00000,0x0000007536c00000)]
  0x000001c33b570800 JavaThread "Unconstrained build operations Thread 30" [_thread_blocked, id=4964, stack(0x0000007536c00000,0x0000007536d00000)]
  0x000001c33b56f000 JavaThread "Unconstrained build operations Thread 31" [_thread_blocked, id=1712, stack(0x0000007536d00000,0x0000007536e00000)]
  0x000001c33b56e000 JavaThread "Unconstrained build operations Thread 32" [_thread_blocked, id=14976, stack(0x0000007536e00000,0x0000007536f00000)]
  0x000001c33b56d000 JavaThread "Unconstrained build operations Thread 33" [_thread_blocked, id=1620, stack(0x0000007536f00000,0x0000007537000000)]
  0x000001c33b56b800 JavaThread "build event listener" [_thread_blocked, id=8292, stack(0x0000007534e00000,0x0000007534f00000)]
  0x000001c33b56c800 JavaThread "Memory manager" [_thread_blocked, id=13440, stack(0x0000007537000000,0x0000007537100000)]
  0x000001c33b578000 JavaThread "Cache worker for Build Output Cleanup Cache (C:\Users\fezia\Tradly\android\.gradle\buildOutputCleanup)" [_thread_blocked, id=15744, stack(0x0000007537300000,0x0000007537400000)]
  0x000001c33b573000 JavaThread "included builds" [_thread_blocked, id=12712, stack(0x0000007537400000,0x0000007537500000)]
  0x000001c33b574000 JavaThread "Execution worker" [_thread_blocked, id=15780, stack(0x0000007537500000,0x0000007537600000)]
  0x000001c33b578800 JavaThread "Execution worker Thread 2" [_thread_blocked, id=5852, stack(0x0000007537600000,0x0000007537700000)]
  0x000001c33b576000 JavaThread "Execution worker Thread 3" [_thread_blocked, id=16804, stack(0x0000007537700000,0x0000007537800000)]
  0x000001c33b577000 JavaThread "Cache worker for execution history cache (C:\Users\fezia\Tradly\node_modules\react-native-gradle-plugin\.gradle\7.5.1\executionHistory)" [_thread_blocked, id=15396, stack(0x0000007537800000,0x0000007537900000)]
  0x000001c33b574800 JavaThread "Unconstrained build operations Thread 34" [_thread_blocked, id=12056, stack(0x0000007537900000,0x0000007537a00000)]
  0x000001c33b575800 JavaThread "Unconstrained build operations Thread 35" [_thread_blocked, id=17096, stack(0x0000007537a00000,0x0000007537b00000)]
  0x000001c33d52e000 JavaThread "Unconstrained build operations Thread 36" [_thread_blocked, id=14308, stack(0x0000007537b00000,0x0000007537c00000)]
  0x000001c33d52f800 JavaThread "Unconstrained build operations Thread 37" [_thread_blocked, id=10020, stack(0x0000007537c00000,0x0000007537d00000)]
  0x000001c33d530800 JavaThread "Unconstrained build operations Thread 38" [_thread_blocked, id=9452, stack(0x0000007537d00000,0x0000007537e00000)]
  0x000001c33d531800 JavaThread "Unconstrained build operations Thread 39" [_thread_blocked, id=11888, stack(0x0000007537e00000,0x0000007537f00000)]
  0x000001c33d52f000 JavaThread "Unconstrained build operations Thread 40" [_thread_blocked, id=2132, stack(0x0000007537f00000,0x0000007538000000)]
  0x000001c33d532000 JavaThread "pool-3-thread-1" [_thread_blocked, id=1072, stack(0x0000007531a00000,0x0000007531b00000)]
  0x000001c33d533000 JavaThread "build event listener" [_thread_blocked, id=13444, stack(0x0000007531b00000,0x0000007531c00000)]
  0x000001c33d52d000 JavaThread "Cache worker for execution history cache (C:\Users\fezia\Tradly\android\.gradle\7.5.1\executionHistory)" [_thread_blocked, id=13576, stack(0x0000007531c00000,0x0000007531d00000)]
  0x000001c33d534800 JavaThread "WorkerExecutor Queue" [_thread_in_native, id=6924, stack(0x0000007533700000,0x0000007533800000)]
  0x000001c33d535800 JavaThread "WorkerExecutor Queue Thread 2" [_thread_in_native, id=8360, stack(0x0000007538000000,0x0000007538100000)]
  0x000001c33d536000 JavaThread "RMI Scheduler(0)" daemon [_thread_blocked, id=8864, stack(0x0000007538100000,0x0000007538200000)]
  0x000001c33d538000 JavaThread "RMI RenewClean-[127.0.0.1:17083,org.jetbrains.kotlin.daemon.common.LoopbackNetworkInterface$ClientLoopbackSocketFactory@5e456e0d]" daemon [_thread_blocked, id=11692, stack(0x0000007538200000,0x0000007538300000)]
  0x000001c33d538800 JavaThread "RMI GC Daemon" daemon [_thread_blocked, id=6344, stack(0x0000007538300000,0x0000007538400000)]
  0x000001c33d539800 JavaThread "RMI TCP Accept-0" daemon [_thread_in_native, id=1644, stack(0x0000007538400000,0x0000007538500000)]
  0x000001c33d533800 JavaThread "RMI Reaper" [_thread_blocked, id=1288, stack(0x0000007538500000,0x0000007538600000)]
  0x000001c33d53a800 JavaThread "RMI TCP Connection(1)-127.0.0.1" daemon [_thread_in_native, id=10324, stack(0x0000007538600000,0x0000007538700000)]
  0x000001c33d53b000 JavaThread "RMI RenewClean-[127.0.0.1:17806,org.jetbrains.kotlin.daemon.common.LoopbackNetworkInterface$ClientLoopbackSocketFactory@5d7bb17e]" daemon [_thread_blocked, id=9228, stack(0x0000007533d00000,0x0000007533e00000)]
  0x000001c33d53c000 JavaThread "RMI TCP Accept-0" daemon [_thread_in_native, id=7904, stack(0x0000007538700000,0x0000007538800000)]

Other Threads:
  0x000001c337a78000 VMThread "VM Thread" [stack: 0x0000007532300000,0x0000007532400000] [id=1568]
  0x000001c337d60800 WatcherThread [stack: 0x0000007532d00000,0x0000007532e00000] [id=16812]
  0x000001c31b78b000 GCTaskThread "GC Thread#0" [stack: 0x0000007531e00000,0x0000007531f00000] [id=10420]
  0x000001c3380e7000 GCTaskThread "GC Thread#1" [stack: 0x0000007532f00000,0x0000007533000000] [id=15604]
  0x000001c338c3c800 GCTaskThread "GC Thread#2" [stack: 0x0000007533900000,0x0000007533a00000] [id=16972]
  0x000001c339ebf000 GCTaskThread "GC Thread#3" [stack: 0x0000007533a00000,0x0000007533b00000] [id=16888]
  0x000001c31b7ba800 ConcurrentGCThread "G1 Main Marker" [stack: 0x0000007531f00000,0x0000007532000000] [id=13992]
  0x000001c31b7bc000 ConcurrentGCThread "G1 Conc#0" [stack: 0x0000007532000000,0x0000007532100000] [id=8104]
  0x000001c31b813800 ConcurrentGCThread "G1 Refine#0" [stack: 0x0000007532100000,0x0000007532200000] [id=1276]
  0x000001c31b814800 ConcurrentGCThread "G1 Young RemSet Sampling" [stack: 0x0000007532200000,0x0000007532300000] [id=11100]

Threads with active compile tasks:
C2 CompilerThread0  79057 16238       4       jdk.internal.loader.URLClassPath::getResource (74 bytes)

VM state:not at safepoint (normal execution)

VM Mutex/Monitor currently owned by a thread: None

Heap address: 0x0000000080000000, size: 2048 MB, Compressed Oops mode: 32-bit
Narrow klass base: 0x0000000000000000, Narrow klass shift: 3
Compressed class space size: 528482304 Address: 0x0000000100000000

Heap:
 garbage-first heap   total 243712K, used 181366K [0x0000000080000000, 0x0000000100000000)
  region size 1024K, 5 young (5120K), 3 survivors (3072K)
 Metaspace       used 123154K, capacity 126968K, committed 127184K, reserved 626688K
  class space    used 15841K, capacity 17268K, committed 17280K, reserved 516096K
Heap Regions: E=young(eden), S=young(survivor), O=old, HS=humongous(starts), HC=humongous(continues), CS=collection set, F=free, A=archive, TAMS=top-at-mark-start (previous, next)
|   0|0x0000000080000000, 0x0000000080100000, 0x0000000080100000|100%|HS|  |TAMS 0x0000000080100000, 0x0000000080000000| Complete 
|   1|0x0000000080100000, 0x0000000080200000, 0x0000000080200000|100%|HC|  |TAMS 0x0000000080200000, 0x0000000080100000| Complete 
|   2|0x0000000080200000, 0x0000000080300000, 0x0000000080300000|100%|HC|  |TAMS 0x0000000080300000, 0x0000000080200000| Complete 
|   3|0x0000000080300000, 0x0000000080400000, 0x0000000080400000|100%| O|  |TAMS 0x0000000080400000, 0x0000000080300000| Untracked 
|   4|0x0000000080400000, 0x0000000080500000, 0x0000000080500000|100%| O|  |TAMS 0x0000000080500000, 0x0000000080400000| Untracked 
|   5|0x0000000080500000, 0x0000000080600000, 0x0000000080600000|100%| O|  |TAMS 0x0000000080600000, 0x0000000080500000| Untracked 
|   6|0x0000000080600000, 0x0000000080700000, 0x0000000080700000|100%| O|  |TAMS 0x0000000080700000, 0x0000000080600000| Untracked 
|   7|0x0000000080700000, 0x0000000080800000, 0x0000000080800000|100%| O|  |TAMS 0x0000000080800000, 0x0000000080700000| Untracked 
|   8|0x0000000080800000, 0x0000000080900000, 0x0000000080900000|100%| O|  |TAMS 0x0000000080900000, 0x0000000080800000| Untracked 
|   9|0x0000000080900000, 0x0000000080a00000, 0x0000000080a00000|100%| O|  |TAMS 0x0000000080a00000, 0x0000000080900000| Untracked 
|  10|0x0000000080a00000, 0x0000000080b00000, 0x0000000080b00000|100%| O|  |TAMS 0x0000000080b00000, 0x0000000080a00000| Untracked 
|  11|0x0000000080b00000, 0x0000000080c00000, 0x0000000080c00000|100%| O|  |TAMS 0x0000000080c00000, 0x0000000080b00000| Untracked 
|  12|0x0000000080c00000, 0x0000000080d00000, 0x0000000080d00000|100%| O|  |TAMS 0x0000000080d00000, 0x0000000080c00000| Untracked 
|  13|0x0000000080d00000, 0x0000000080e00000, 0x0000000080e00000|100%| O|  |TAMS 0x0000000080e00000, 0x0000000080d00000| Untracked 
|  14|0x0000000080e00000, 0x0000000080f00000, 0x0000000080f00000|100%| O|  |TAMS 0x0000000080f00000, 0x0000000080e00000| Untracked 
|  15|0x0000000080f00000, 0x0000000081000000, 0x0000000081000000|100%| O|  |TAMS 0x0000000081000000, 0x0000000080f00000| Untracked 
|  16|0x0000000081000000, 0x0000000081100000, 0x0000000081100000|100%| O|  |TAMS 0x0000000081100000, 0x0000000081000000| Untracked 
|  17|0x0000000081100000, 0x0000000081200000, 0x0000000081200000|100%| O|  |TAMS 0x0000000081200000, 0x0000000081100000| Untracked 
|  18|0x0000000081200000, 0x0000000081300000, 0x0000000081300000|100%| O|  |TAMS 0x0000000081300000, 0x0000000081200000| Untracked 
|  19|0x0000000081300000, 0x0000000081400000, 0x0000000081400000|100%| O|  |TAMS 0x0000000081400000, 0x0000000081300000| Untracked 
|  20|0x0000000081400000, 0x0000000081500000, 0x0000000081500000|100%| O|  |TAMS 0x0000000081500000, 0x0000000081400000| Untracked 
|  21|0x0000000081500000, 0x0000000081600000, 0x0000000081600000|100%| O|  |TAMS 0x0000000081600000, 0x0000000081500000| Untracked 
|  22|0x0000000081600000, 0x0000000081700000, 0x0000000081700000|100%| O|  |TAMS 0x0000000081700000, 0x0000000081600000| Untracked 
|  23|0x0000000081700000, 0x0000000081800000, 0x0000000081800000|100%| O|  |TAMS 0x0000000081800000, 0x0000000081700000| Untracked 
|  24|0x0000000081800000, 0x0000000081900000, 0x0000000081900000|100%| O|  |TAMS 0x0000000081900000, 0x0000000081800000| Untracked 
|  25|0x0000000081900000, 0x0000000081a00000, 0x0000000081a00000|100%| O|  |TAMS 0x0000000081a00000, 0x0000000081900000| Untracked 
|  26|0x0000000081a00000, 0x0000000081b00000, 0x0000000081b00000|100%| O|  |TAMS 0x0000000081b00000, 0x0000000081a00000| Untracked 
|  27|0x0000000081b00000, 0x0000000081c00000, 0x0000000081c00000|100%| O|  |TAMS 0x0000000081c00000, 0x0000000081b00000| Untracked 
|  28|0x0000000081c00000, 0x0000000081d00000, 0x0000000081d00000|100%| O|  |TAMS 0x0000000081d00000, 0x0000000081c00000| Untracked 
|  29|0x0000000081d00000, 0x0000000081e00000, 0x0000000081e00000|100%| O|  |TAMS 0x0000000081e00000, 0x0000000081d00000| Untracked 
|  30|0x0000000081e00000, 0x0000000081f00000, 0x0000000081f00000|100%| O|  |TAMS 0x0000000081f00000, 0x0000000081e00000| Untracked 
|  31|0x0000000081f00000, 0x0000000082000000, 0x0000000082000000|100%| O|  |TAMS 0x0000000082000000, 0x0000000081f00000| Untracked 
|  32|0x0000000082000000, 0x0000000082100000, 0x0000000082100000|100%|HS|  |TAMS 0x0000000082100000, 0x0000000082000000| Complete 
|  33|0x0000000082100000, 0x0000000082200000, 0x0000000082200000|100%| O|  |TAMS 0x0000000082200000, 0x0000000082100000| Untracked 
|  34|0x0000000082200000, 0x0000000082300000, 0x0000000082300000|100%|HS|  |TAMS 0x0000000082300000, 0x0000000082200000| Complete 
|  35|0x0000000082300000, 0x0000000082400000, 0x0000000082400000|100%|HC|  |TAMS 0x0000000082400000, 0x0000000082300000| Complete 
|  36|0x0000000082400000, 0x0000000082500000, 0x0000000082500000|100%|HC|  |TAMS 0x0000000082500000, 0x0000000082400000| Complete 
|  37|0x0000000082500000, 0x0000000082600000, 0x0000000082600000|100%| O|  |TAMS 0x0000000082600000, 0x0000000082500000| Untracked 
|  38|0x0000000082600000, 0x0000000082700000, 0x0000000082700000|100%| O|  |TAMS 0x0000000082700000, 0x0000000082600000| Untracked 
|  39|0x0000000082700000, 0x0000000082800000, 0x0000000082800000|100%| O|  |TAMS 0x0000000082800000, 0x0000000082700000| Untracked 
|  40|0x0000000082800000, 0x0000000082900000, 0x0000000082900000|100%| O|  |TAMS 0x0000000082900000, 0x0000000082800000| Untracked 
|  41|0x0000000082900000, 0x0000000082a00000, 0x0000000082a00000|100%| O|  |TAMS 0x0000000082a00000, 0x0000000082900000| Untracked 
|  42|0x0000000082a00000, 0x0000000082b00000, 0x0000000082b00000|100%| O|  |TAMS 0x0000000082b00000, 0x0000000082a00000| Untracked 
|  43|0x0000000082b00000, 0x0000000082c00000, 0x0000000082c00000|100%| O|  |TAMS 0x0000000082c00000, 0x0000000082b00000| Untracked 
|  44|0x0000000082c00000, 0x0000000082d00000, 0x0000000082d00000|100%| O|  |TAMS 0x0000000082d00000, 0x0000000082c00000| Untracked 
|  45|0x0000000082d00000, 0x0000000082e00000, 0x0000000082e00000|100%| O|  |TAMS 0x0000000082e00000, 0x0000000082d00000| Untracked 
|  46|0x0000000082e00000, 0x0000000082f00000, 0x0000000082f00000|100%| O|  |TAMS 0x0000000082f00000, 0x0000000082e00000| Untracked 
|  47|0x0000000082f00000, 0x0000000083000000, 0x0000000083000000|100%| O|  |TAMS 0x0000000083000000, 0x0000000082f00000| Untracked 
|  48|0x0000000083000000, 0x0000000083100000, 0x0000000083100000|100%|HS|  |TAMS 0x0000000083100000, 0x0000000083000000| Complete 
|  49|0x0000000083100000, 0x0000000083200000, 0x0000000083200000|100%|HS|  |TAMS 0x0000000083200000, 0x0000000083100000| Complete 
|  50|0x0000000083200000, 0x0000000083300000, 0x0000000083300000|100%| O|  |TAMS 0x0000000083300000, 0x0000000083200000| Untracked 
|  51|0x0000000083300000, 0x0000000083400000, 0x0000000083400000|100%| O|  |TAMS 0x0000000083400000, 0x0000000083300000| Untracked 
|  52|0x0000000083400000, 0x0000000083500000, 0x0000000083500000|100%| O|  |TAMS 0x0000000083500000, 0x0000000083400000| Untracked 
|  53|0x0000000083500000, 0x0000000083600000, 0x0000000083600000|100%| O|  |TAMS 0x0000000083600000, 0x0000000083500000| Untracked 
|  54|0x0000000083600000, 0x0000000083700000, 0x0000000083700000|100%| O|  |TAMS 0x0000000083700000, 0x0000000083600000| Untracked 
|  55|0x0000000083700000, 0x0000000083800000, 0x0000000083800000|100%| O|  |TAMS 0x0000000083800000, 0x0000000083700000| Untracked 
|  56|0x0000000083800000, 0x0000000083900000, 0x0000000083900000|100%| O|  |TAMS 0x0000000083900000, 0x0000000083800000| Untracked 
|  57|0x0000000083900000, 0x0000000083a00000, 0x0000000083a00000|100%| O|  |TAMS 0x0000000083a00000, 0x0000000083900000| Untracked 
|  58|0x0000000083a00000, 0x0000000083b00000, 0x0000000083b00000|100%| O|  |TAMS 0x0000000083b00000, 0x0000000083a00000| Untracked 
|  59|0x0000000083b00000, 0x0000000083c00000, 0x0000000083c00000|100%| O|  |TAMS 0x0000000083c00000, 0x0000000083b00000| Untracked 
|  60|0x0000000083c00000, 0x0000000083d00000, 0x0000000083d00000|100%|HS|  |TAMS 0x0000000083d00000, 0x0000000083c00000| Complete 
|  61|0x0000000083d00000, 0x0000000083e00000, 0x0000000083e00000|100%|HC|  |TAMS 0x0000000083e00000, 0x0000000083d00000| Complete 
|  62|0x0000000083e00000, 0x0000000083f00000, 0x0000000083f00000|100%| O|  |TAMS 0x0000000083f00000, 0x0000000083e00000| Untracked 
|  63|0x0000000083f00000, 0x0000000084000000, 0x0000000084000000|100%| O|  |TAMS 0x0000000084000000, 0x0000000083f00000| Untracked 
|  64|0x0000000084000000, 0x0000000084100000, 0x0000000084100000|100%| O|  |TAMS 0x0000000084100000, 0x0000000084000000| Untracked 
|  65|0x0000000084100000, 0x0000000084200000, 0x0000000084200000|100%| O|  |TAMS 0x0000000084200000, 0x0000000084100000| Untracked 
|  66|0x0000000084200000, 0x0000000084300000, 0x0000000084300000|100%| O|  |TAMS 0x0000000084300000, 0x0000000084200000| Untracked 
|  67|0x0000000084300000, 0x0000000084400000, 0x0000000084400000|100%| O|  |TAMS 0x0000000084400000, 0x0000000084300000| Untracked 
|  68|0x0000000084400000, 0x0000000084500000, 0x0000000084500000|100%| O|  |TAMS 0x0000000084500000, 0x0000000084400000| Untracked 
|  69|0x0000000084500000, 0x0000000084600000, 0x0000000084600000|100%| O|  |TAMS 0x0000000084600000, 0x0000000084500000| Untracked 
|  70|0x0000000084600000, 0x0000000084700000, 0x0000000084700000|100%| O|  |TAMS 0x0000000084700000, 0x0000000084600000| Untracked 
|  71|0x0000000084700000, 0x0000000084800000, 0x0000000084800000|100%| O|  |TAMS 0x0000000084800000, 0x0000000084700000| Untracked 
|  72|0x0000000084800000, 0x0000000084900000, 0x0000000084900000|100%| O|  |TAMS 0x0000000084900000, 0x0000000084800000| Untracked 
|  73|0x0000000084900000, 0x0000000084a00000, 0x0000000084a00000|100%| O|  |TAMS 0x0000000084a00000, 0x0000000084900000| Untracked 
|  74|0x0000000084a00000, 0x0000000084b00000, 0x0000000084b00000|100%| O|  |TAMS 0x0000000084b00000, 0x0000000084a00000| Untracked 
|  75|0x0000000084b00000, 0x0000000084c00000, 0x0000000084c00000|100%| O|  |TAMS 0x0000000084c00000, 0x0000000084b00000| Untracked 
|  76|0x0000000084c00000, 0x0000000084d00000, 0x0000000084d00000|100%| O|  |TAMS 0x0000000084d00000, 0x0000000084c00000| Untracked 
|  77|0x0000000084d00000, 0x0000000084e00000, 0x0000000084e00000|100%|HS|  |TAMS 0x0000000084e00000, 0x0000000084d00000| Complete 
|  78|0x0000000084e00000, 0x0000000084f00000, 0x0000000084f00000|100%|HC|  |TAMS 0x0000000084f00000, 0x0000000084e00000| Complete 
|  79|0x0000000084f00000, 0x0000000085000000, 0x0000000085000000|100%|HS|  |TAMS 0x0000000085000000, 0x0000000084f00000| Complete 
|  80|0x0000000085000000, 0x0000000085100000, 0x0000000085100000|100%|HC|  |TAMS 0x0000000085100000, 0x0000000085000000| Complete 
|  81|0x0000000085100000, 0x0000000085200000, 0x0000000085200000|100%| O|  |TAMS 0x0000000085200000, 0x0000000085100000| Untracked 
|  82|0x0000000085200000, 0x0000000085300000, 0x0000000085300000|100%| O|  |TAMS 0x0000000085300000, 0x0000000085200000| Untracked 
|  83|0x0000000085300000, 0x0000000085400000, 0x0000000085400000|100%| O|  |TAMS 0x0000000085400000, 0x0000000085300000| Untracked 
|  84|0x0000000085400000, 0x0000000085500000, 0x0000000085500000|100%| O|  |TAMS 0x0000000085500000, 0x0000000085400000| Untracked 
|  85|0x0000000085500000, 0x0000000085600000, 0x0000000085600000|100%| O|  |TAMS 0x0000000085600000, 0x0000000085500000| Untracked 
|  86|0x0000000085600000, 0x0000000085700000, 0x0000000085700000|100%| O|  |TAMS 0x0000000085700000, 0x0000000085600000| Untracked 
|  87|0x0000000085700000, 0x0000000085800000, 0x0000000085800000|100%|HS|  |TAMS 0x0000000085800000, 0x0000000085700000| Complete 
|  88|0x0000000085800000, 0x0000000085900000, 0x0000000085900000|100%|HS|  |TAMS 0x0000000085900000, 0x0000000085800000| Complete 
|  89|0x0000000085900000, 0x0000000085a00000, 0x0000000085a00000|100%|HC|  |TAMS 0x0000000085a00000, 0x0000000085900000| Complete 
|  90|0x0000000085a00000, 0x0000000085b00000, 0x0000000085b00000|100%|HC|  |TAMS 0x0000000085b00000, 0x0000000085a00000| Complete 
|  91|0x0000000085b00000, 0x0000000085c00000, 0x0000000085c00000|100%| O|  |TAMS 0x0000000085c00000, 0x0000000085b00000| Untracked 
|  92|0x0000000085c00000, 0x0000000085d00000, 0x0000000085d00000|100%| O|  |TAMS 0x0000000085d00000, 0x0000000085c00000| Untracked 
|  93|0x0000000085d00000, 0x0000000085e00000, 0x0000000085e00000|100%| O|  |TAMS 0x0000000085e00000, 0x0000000085d00000| Untracked 
|  94|0x0000000085e00000, 0x0000000085f00000, 0x0000000085f00000|100%| O|  |TAMS 0x0000000085f00000, 0x0000000085e00000| Untracked 
|  95|0x0000000085f00000, 0x0000000086000000, 0x0000000086000000|100%| O|  |TAMS 0x0000000086000000, 0x0000000085f00000| Untracked 
|  96|0x0000000086000000, 0x0000000086100000, 0x0000000086100000|100%| O|  |TAMS 0x0000000086100000, 0x0000000086000000| Untracked 
|  97|0x0000000086100000, 0x0000000086200000, 0x0000000086200000|100%| O|  |TAMS 0x0000000086200000, 0x0000000086100000| Untracked 
|  98|0x0000000086200000, 0x0000000086300000, 0x0000000086300000|100%| O|  |TAMS 0x0000000086300000, 0x0000000086200000| Untracked 
|  99|0x0000000086300000, 0x0000000086400000, 0x0000000086400000|100%| O|  |TAMS 0x0000000086400000, 0x0000000086300000| Untracked 
| 100|0x0000000086400000, 0x0000000086500000, 0x0000000086500000|100%| O|  |TAMS 0x0000000086500000, 0x0000000086400000| Untracked 
| 101|0x0000000086500000, 0x0000000086600000, 0x0000000086600000|100%| O|  |TAMS 0x0000000086600000, 0x0000000086500000| Untracked 
| 102|0x0000000086600000, 0x0000000086700000, 0x0000000086700000|100%| O|  |TAMS 0x0000000086700000, 0x0000000086600000| Untracked 
| 103|0x0000000086700000, 0x0000000086800000, 0x0000000086800000|100%|HS|  |TAMS 0x0000000086800000, 0x0000000086700000| Complete 
| 104|0x0000000086800000, 0x0000000086900000, 0x0000000086900000|100%|HS|  |TAMS 0x0000000086900000, 0x0000000086800000| Complete 
| 105|0x0000000086900000, 0x0000000086a00000, 0x0000000086a00000|100%|HS|  |TAMS 0x0000000086a00000, 0x0000000086900000| Complete 
| 106|0x0000000086a00000, 0x0000000086b00000, 0x0000000086b00000|100%|HC|  |TAMS 0x0000000086b00000, 0x0000000086a00000| Complete 
| 107|0x0000000086b00000, 0x0000000086c00000, 0x0000000086c00000|100%|HC|  |TAMS 0x0000000086c00000, 0x0000000086b00000| Complete 
| 108|0x0000000086c00000, 0x0000000086d00000, 0x0000000086d00000|100%| O|  |TAMS 0x0000000086d00000, 0x0000000086c00000| Untracked 
| 109|0x0000000086d00000, 0x0000000086e00000, 0x0000000086e00000|100%| O|  |TAMS 0x0000000086e00000, 0x0000000086d00000| Untracked 
| 110|0x0000000086e00000, 0x0000000086f00000, 0x0000000086f00000|100%| O|  |TAMS 0x0000000086f00000, 0x0000000086e00000| Untracked 
| 111|0x0000000086f00000, 0x0000000087000000, 0x0000000087000000|100%| O|  |TAMS 0x0000000087000000, 0x0000000086f00000| Untracked 
| 112|0x0000000087000000, 0x0000000087100000, 0x0000000087100000|100%| O|  |TAMS 0x0000000087100000, 0x0000000087000000| Untracked 
| 113|0x0000000087100000, 0x0000000087200000, 0x0000000087200000|100%| O|  |TAMS 0x0000000087200000, 0x0000000087100000| Untracked 
| 114|0x0000000087200000, 0x0000000087300000, 0x0000000087300000|100%| O|  |TAMS 0x0000000087300000, 0x0000000087200000| Untracked 
| 115|0x0000000087300000, 0x0000000087400000, 0x0000000087400000|100%| O|  |TAMS 0x0000000087400000, 0x0000000087300000| Untracked 
| 116|0x0000000087400000, 0x0000000087500000, 0x0000000087500000|100%| O|  |TAMS 0x0000000087500000, 0x0000000087400000| Untracked 
| 117|0x0000000087500000, 0x0000000087600000, 0x0000000087600000|100%| O|  |TAMS 0x0000000087600000, 0x0000000087500000| Untracked 
| 118|0x0000000087600000, 0x0000000087700000, 0x0000000087700000|100%| O|  |TAMS 0x0000000087700000, 0x0000000087600000| Untracked 
| 119|0x0000000087700000, 0x0000000087800000, 0x0000000087800000|100%| O|  |TAMS 0x0000000087800000, 0x0000000087700000| Untracked 
| 120|0x0000000087800000, 0x0000000087900000, 0x0000000087900000|100%| O|  |TAMS 0x0000000087900000, 0x0000000087800000| Untracked 
| 121|0x0000000087900000, 0x0000000087a00000, 0x0000000087a00000|100%| O|  |TAMS 0x0000000087a00000, 0x0000000087900000| Untracked 
| 122|0x0000000087a00000, 0x0000000087b00000, 0x0000000087b00000|100%| O|  |TAMS 0x0000000087b00000, 0x0000000087a00000| Untracked 
| 123|0x0000000087b00000, 0x0000000087c00000, 0x0000000087c00000|100%| O|  |TAMS 0x0000000087c00000, 0x0000000087b00000| Untracked 
| 124|0x0000000087c00000, 0x0000000087d00000, 0x0000000087d00000|100%| O|  |TAMS 0x0000000087d00000, 0x0000000087c00000| Untracked 
| 125|0x0000000087d00000, 0x0000000087e00000, 0x0000000087e00000|100%| O|  |TAMS 0x0000000087e00000, 0x0000000087d00000| Untracked 
| 126|0x0000000087e00000, 0x0000000087f00000, 0x0000000087f00000|100%| O|  |TAMS 0x0000000087f00000, 0x0000000087e00000| Untracked 
| 127|0x0000000087f00000, 0x0000000088000000, 0x0000000088000000|100%| O|  |TAMS 0x0000000088000000, 0x0000000087f00000| Untracked 
| 128|0x0000000088000000, 0x0000000088100000, 0x0000000088100000|100%| O|  |TAMS 0x0000000088100000, 0x0000000088000000| Untracked 
| 129|0x0000000088100000, 0x0000000088200000, 0x0000000088200000|100%| O|  |TAMS 0x0000000088200000, 0x0000000088100000| Untracked 
| 130|0x0000000088200000, 0x0000000088300000, 0x0000000088300000|100%| O|  |TAMS 0x0000000088300000, 0x0000000088200000| Untracked 
| 131|0x0000000088300000, 0x0000000088400000, 0x0000000088400000|100%| O|  |TAMS 0x0000000088400000, 0x0000000088300000| Untracked 
| 132|0x0000000088400000, 0x0000000088500000, 0x0000000088500000|100%| O|  |TAMS 0x0000000088500000, 0x0000000088400000| Untracked 
| 133|0x0000000088500000, 0x0000000088600000, 0x0000000088600000|100%| O|  |TAMS 0x0000000088600000, 0x0000000088500000| Untracked 
| 134|0x0000000088600000, 0x0000000088700000, 0x0000000088700000|100%| O|  |TAMS 0x0000000088700000, 0x0000000088600000| Untracked 
| 135|0x0000000088700000, 0x0000000088800000, 0x0000000088800000|100%| O|  |TAMS 0x0000000088800000, 0x0000000088700000| Untracked 
| 136|0x0000000088800000, 0x0000000088900000, 0x0000000088900000|100%| O|  |TAMS 0x0000000088900000, 0x0000000088800000| Untracked 
| 137|0x0000000088900000, 0x0000000088a00000, 0x0000000088a00000|100%| O|  |TAMS 0x0000000088a00000, 0x0000000088900000| Untracked 
| 138|0x0000000088a00000, 0x0000000088b00000, 0x0000000088b00000|100%| O|  |TAMS 0x0000000088b00000, 0x0000000088a00000| Untracked 
| 139|0x0000000088b00000, 0x0000000088c00000, 0x0000000088c00000|100%| O|  |TAMS 0x0000000088c00000, 0x0000000088b00000| Untracked 
| 140|0x0000000088c00000, 0x0000000088d00000, 0x0000000088d00000|100%| O|  |TAMS 0x0000000088d00000, 0x0000000088c00000| Untracked 
| 141|0x0000000088d00000, 0x0000000088e00000, 0x0000000088e00000|100%| O|  |TAMS 0x0000000088e00000, 0x0000000088d00000| Untracked 
| 142|0x0000000088e00000, 0x0000000088f00000, 0x0000000088f00000|100%| O|  |TAMS 0x0000000088f00000, 0x0000000088e00000| Untracked 
| 143|0x0000000088f00000, 0x0000000089000000, 0x0000000089000000|100%| O|  |TAMS 0x0000000089000000, 0x0000000088f00000| Untracked 
| 144|0x0000000089000000, 0x0000000089100000, 0x0000000089100000|100%| O|  |TAMS 0x0000000089100000, 0x0000000089000000| Untracked 
| 145|0x0000000089100000, 0x0000000089200000, 0x0000000089200000|100%| O|  |TAMS 0x0000000089200000, 0x0000000089100000| Untracked 
| 146|0x0000000089200000, 0x0000000089300000, 0x0000000089300000|100%| O|  |TAMS 0x0000000089300000, 0x0000000089200000| Untracked 
| 147|0x0000000089300000, 0x0000000089400000, 0x0000000089400000|100%| O|  |TAMS 0x0000000089400000, 0x0000000089300000| Untracked 
| 148|0x0000000089400000, 0x0000000089500000, 0x0000000089500000|100%| O|  |TAMS 0x0000000089500000, 0x0000000089400000| Untracked 
| 149|0x0000000089500000, 0x0000000089600000, 0x0000000089600000|100%| O|  |TAMS 0x0000000089600000, 0x0000000089500000| Untracked 
| 150|0x0000000089600000, 0x0000000089700000, 0x0000000089700000|100%| O|  |TAMS 0x0000000089700000, 0x0000000089600000| Untracked 
| 151|0x0000000089700000, 0x0000000089800000, 0x0000000089800000|100%| O|  |TAMS 0x0000000089800000, 0x0000000089700000| Untracked 
| 152|0x0000000089800000, 0x0000000089900000, 0x0000000089900000|100%| O|  |TAMS 0x0000000089900000, 0x0000000089800000| Untracked 
| 153|0x0000000089900000, 0x0000000089a00000, 0x0000000089a00000|100%| O|  |TAMS 0x0000000089a00000, 0x0000000089900000| Untracked 
| 154|0x0000000089a00000, 0x0000000089b00000, 0x0000000089b00000|100%| O|  |TAMS 0x0000000089b00000, 0x0000000089a00000| Untracked 
| 155|0x0000000089b00000, 0x0000000089c00000, 0x0000000089c00000|100%| O|  |TAMS 0x0000000089c00000, 0x0000000089b00000| Untracked 
| 156|0x0000000089c00000, 0x0000000089d00000, 0x0000000089d00000|100%| O|  |TAMS 0x0000000089d00000, 0x0000000089c00000| Untracked 
| 157|0x0000000089d00000, 0x0000000089e00000, 0x0000000089e00000|100%| O|  |TAMS 0x0000000089e00000, 0x0000000089d00000| Untracked 
| 158|0x0000000089e00000, 0x0000000089f00000, 0x0000000089f00000|100%| O|  |TAMS 0x0000000089f00000, 0x0000000089e00000| Untracked 
| 159|0x0000000089f00000, 0x000000008a000000, 0x000000008a000000|100%| O|  |TAMS 0x000000008a000000, 0x0000000089f00000| Untracked 
| 160|0x000000008a000000, 0x000000008a100000, 0x000000008a100000|100%| O|  |TAMS 0x000000008a100000, 0x000000008a000000| Untracked 
| 161|0x000000008a100000, 0x000000008a200000, 0x000000008a200000|100%| O|  |TAMS 0x000000008a200000, 0x000000008a100000| Untracked 
| 162|0x000000008a200000, 0x000000008a300000, 0x000000008a300000|100%| O|  |TAMS 0x000000008a300000, 0x000000008a200000| Untracked 
| 163|0x000000008a300000, 0x000000008a400000, 0x000000008a400000|100%| O|  |TAMS 0x000000008a400000, 0x000000008a300000| Untracked 
| 164|0x000000008a400000, 0x000000008a500000, 0x000000008a500000|100%| O|  |TAMS 0x000000008a500000, 0x000000008a400000| Untracked 
| 165|0x000000008a500000, 0x000000008a600000, 0x000000008a600000|100%| O|  |TAMS 0x000000008a600000, 0x000000008a500000| Untracked 
| 166|0x000000008a600000, 0x000000008a700000, 0x000000008a700000|100%| O|  |TAMS 0x000000008a700000, 0x000000008a600000| Untracked 
| 167|0x000000008a700000, 0x000000008a800000, 0x000000008a800000|100%| O|  |TAMS 0x000000008a800000, 0x000000008a700000| Untracked 
| 168|0x000000008a800000, 0x000000008a900000, 0x000000008a900000|100%|HS|  |TAMS 0x000000008a900000, 0x000000008a800000| Complete 
| 169|0x000000008a900000, 0x000000008aa00000, 0x000000008aa00000|100%|HC|  |TAMS 0x000000008aa00000, 0x000000008a900000| Complete 
| 170|0x000000008aa00000, 0x000000008ab00000, 0x000000008ab00000|100%| O|  |TAMS 0x000000008aa66800, 0x000000008aa00000| Untracked 
| 171|0x000000008ab00000, 0x000000008ac00000, 0x000000008ac00000|100%| O|  |TAMS 0x000000008ab00000, 0x000000008ab00000| Untracked 
| 172|0x000000008ac00000, 0x000000008ad00000, 0x000000008ad00000|100%| O|  |TAMS 0x000000008ac00000, 0x000000008ac00000| Untracked 
| 173|0x000000008ad00000, 0x000000008ad27000, 0x000000008ae00000| 15%| O|  |TAMS 0x000000008ad00000, 0x000000008ad00000| Untracked 
| 174|0x000000008ae00000, 0x000000008ae00000, 0x000000008af00000|  0%| F|  |TAMS 0x000000008ae00000, 0x000000008ae00000| Untracked 
| 175|0x000000008af00000, 0x000000008af00000, 0x000000008b000000|  0%| F|  |TAMS 0x000000008af00000, 0x000000008af00000| Untracked 
| 176|0x000000008b000000, 0x000000008b000000, 0x000000008b100000|  0%| F|  |TAMS 0x000000008b000000, 0x000000008b000000| Untracked 
| 177|0x000000008b100000, 0x000000008b100000, 0x000000008b200000|  0%| F|  |TAMS 0x000000008b100000, 0x000000008b100000| Untracked 
| 178|0x000000008b200000, 0x000000008b200000, 0x000000008b300000|  0%| F|  |TAMS 0x000000008b200000, 0x000000008b200000| Untracked 
| 179|0x000000008b300000, 0x000000008b300000, 0x000000008b400000|  0%| F|  |TAMS 0x000000008b300000, 0x000000008b300000| Untracked 
| 180|0x000000008b400000, 0x000000008b400000, 0x000000008b500000|  0%| F|  |TAMS 0x000000008b400000, 0x000000008b400000| Untracked 
| 181|0x000000008b500000, 0x000000008b500000, 0x000000008b600000|  0%| F|  |TAMS 0x000000008b500000, 0x000000008b500000| Untracked 
| 182|0x000000008b600000, 0x000000008b600000, 0x000000008b700000|  0%| F|  |TAMS 0x000000008b600000, 0x000000008b600000| Untracked 
| 183|0x000000008b700000, 0x000000008b700000, 0x000000008b800000|  0%| F|  |TAMS 0x000000008b700000, 0x000000008b700000| Untracked 
| 184|0x000000008b800000, 0x000000008b800000, 0x000000008b900000|  0%| F|  |TAMS 0x000000008b800000, 0x000000008b800000| Untracked 
| 185|0x000000008b900000, 0x000000008b900000, 0x000000008ba00000|  0%| F|  |TAMS 0x000000008b900000, 0x000000008b900000| Untracked 
| 186|0x000000008ba00000, 0x000000008ba00000, 0x000000008bb00000|  0%| F|  |TAMS 0x000000008ba00000, 0x000000008ba00000| Untracked 
| 187|0x000000008bb00000, 0x000000008bb00000, 0x000000008bc00000|  0%| F|  |TAMS 0x000000008bb00000, 0x000000008bb00000| Untracked 
| 188|0x000000008bc00000, 0x000000008bc00000, 0x000000008bd00000|  0%| F|  |TAMS 0x000000008bc00000, 0x000000008bc00000| Untracked 
| 189|0x000000008bd00000, 0x000000008bd00000, 0x000000008be00000|  0%| F|  |TAMS 0x000000008bd00000, 0x000000008bd00000| Untracked 
| 190|0x000000008be00000, 0x000000008be00000, 0x000000008bf00000|  0%| F|  |TAMS 0x000000008be00000, 0x000000008be00000| Untracked 
| 191|0x000000008bf00000, 0x000000008bf00000, 0x000000008c000000|  0%| F|  |TAMS 0x000000008bf00000, 0x000000008bf00000| Untracked 
| 192|0x000000008c000000, 0x000000008c000000, 0x000000008c100000|  0%| F|  |TAMS 0x000000008c000000, 0x000000008c000000| Untracked 
| 193|0x000000008c100000, 0x000000008c100000, 0x000000008c200000|  0%| F|  |TAMS 0x000000008c100000, 0x000000008c100000| Untracked 
| 194|0x000000008c200000, 0x000000008c200000, 0x000000008c300000|  0%| F|  |TAMS 0x000000008c200000, 0x000000008c200000| Untracked 
| 195|0x000000008c300000, 0x000000008c300000, 0x000000008c400000|  0%| F|  |TAMS 0x000000008c300000, 0x000000008c300000| Untracked 
| 196|0x000000008c400000, 0x000000008c400000, 0x000000008c500000|  0%| F|  |TAMS 0x000000008c400000, 0x000000008c400000| Untracked 
| 197|0x000000008c500000, 0x000000008c500000, 0x000000008c600000|  0%| F|  |TAMS 0x000000008c500000, 0x000000008c500000| Untracked 
| 198|0x000000008c600000, 0x000000008c600000, 0x000000008c700000|  0%| F|  |TAMS 0x000000008c600000, 0x000000008c600000| Untracked 
| 199|0x000000008c700000, 0x000000008c700000, 0x000000008c800000|  0%| F|  |TAMS 0x000000008c700000, 0x000000008c700000| Untracked 
| 200|0x000000008c800000, 0x000000008c800000, 0x000000008c900000|  0%| F|  |TAMS 0x000000008c800000, 0x000000008c800000| Untracked 
| 201|0x000000008c900000, 0x000000008c900000, 0x000000008ca00000|  0%| F|  |TAMS 0x000000008c900000, 0x000000008c900000| Untracked 
| 202|0x000000008ca00000, 0x000000008ca00000, 0x000000008cb00000|  0%| F|  |TAMS 0x000000008ca00000, 0x000000008ca00000| Untracked 
| 203|0x000000008cb00000, 0x000000008cb00000, 0x000000008cc00000|  0%| F|  |TAMS 0x000000008cb00000, 0x000000008cb00000| Untracked 
| 204|0x000000008cc00000, 0x000000008ccf69f0, 0x000000008cd00000| 96%| S|CS|TAMS 0x000000008cc00000, 0x000000008cc00000| Complete 
| 205|0x000000008cd00000, 0x000000008cd00000, 0x000000008ce00000|  0%| F|  |TAMS 0x000000008cd00000, 0x000000008cd00000| Untracked 
| 206|0x000000008ce00000, 0x000000008ce00000, 0x000000008cf00000|  0%| F|  |TAMS 0x000000008ce00000, 0x000000008ce00000| Untracked 
| 207|0x000000008cf00000, 0x000000008cf00000, 0x000000008d000000|  0%| F|  |TAMS 0x000000008cf00000, 0x000000008cf00000| Untracked 
| 208|0x000000008d000000, 0x000000008d000000, 0x000000008d100000|  0%| F|  |TAMS 0x000000008d000000, 0x000000008d000000| Untracked 
| 209|0x000000008d100000, 0x000000008d200000, 0x000000008d200000|100%| S|CS|TAMS 0x000000008d100000, 0x000000008d100000| Complete 
| 210|0x000000008d200000, 0x000000008d300000, 0x000000008d300000|100%| S|CS|TAMS 0x000000008d200000, 0x000000008d200000| Complete 
| 211|0x000000008d300000, 0x000000008d300000, 0x000000008d400000|  0%| F|  |TAMS 0x000000008d300000, 0x000000008d300000| Untracked 
| 212|0x000000008d400000, 0x000000008d400000, 0x000000008d500000|  0%| F|  |TAMS 0x000000008d400000, 0x000000008d400000| Untracked 
| 213|0x000000008d500000, 0x000000008d500000, 0x000000008d600000|  0%| F|  |TAMS 0x000000008d500000, 0x000000008d500000| Untracked 
| 214|0x000000008d600000, 0x000000008d600000, 0x000000008d700000|  0%| F|  |TAMS 0x000000008d600000, 0x000000008d600000| Untracked 
| 215|0x000000008d700000, 0x000000008d700000, 0x000000008d800000|  0%| F|  |TAMS 0x000000008d700000, 0x000000008d700000| Untracked 
| 216|0x000000008d800000, 0x000000008d800000, 0x000000008d900000|  0%| F|  |TAMS 0x000000008d800000, 0x000000008d800000| Untracked 
| 217|0x000000008d900000, 0x000000008d900000, 0x000000008da00000|  0%| F|  |TAMS 0x000000008d900000, 0x000000008d900000| Untracked 
| 218|0x000000008da00000, 0x000000008da00000, 0x000000008db00000|  0%| F|  |TAMS 0x000000008da00000, 0x000000008da00000| Untracked 
| 219|0x000000008db00000, 0x000000008db00000, 0x000000008dc00000|  0%| F|  |TAMS 0x000000008db00000, 0x000000008db00000| Untracked 
| 220|0x000000008dc00000, 0x000000008dc00000, 0x000000008dd00000|  0%| F|  |TAMS 0x000000008dc00000, 0x000000008dc00000| Untracked 
| 221|0x000000008dd00000, 0x000000008dd00000, 0x000000008de00000|  0%| F|  |TAMS 0x000000008dd00000, 0x000000008dd00000| Untracked 
| 222|0x000000008de00000, 0x000000008de00000, 0x000000008df00000|  0%| F|  |TAMS 0x000000008de00000, 0x000000008de00000| Untracked 
| 223|0x000000008df00000, 0x000000008df00000, 0x000000008e000000|  0%| F|  |TAMS 0x000000008df00000, 0x000000008df00000| Untracked 
| 224|0x000000008e000000, 0x000000008e000000, 0x000000008e100000|  0%| F|  |TAMS 0x000000008e000000, 0x000000008e000000| Untracked 
| 225|0x000000008e100000, 0x000000008e100000, 0x000000008e200000|  0%| F|  |TAMS 0x000000008e100000, 0x000000008e100000| Untracked 
| 226|0x000000008e200000, 0x000000008e200000, 0x000000008e300000|  0%| F|  |TAMS 0x000000008e200000, 0x000000008e200000| Untracked 
| 227|0x000000008e300000, 0x000000008e300000, 0x000000008e400000|  0%| F|  |TAMS 0x000000008e300000, 0x000000008e300000| Untracked 
| 228|0x000000008e400000, 0x000000008e400000, 0x000000008e500000|  0%| F|  |TAMS 0x000000008e400000, 0x000000008e400000| Untracked 
| 229|0x000000008e500000, 0x000000008e500000, 0x000000008e600000|  0%| F|  |TAMS 0x000000008e500000, 0x000000008e500000| Untracked 
| 230|0x000000008e600000, 0x000000008e600000, 0x000000008e700000|  0%| F|  |TAMS 0x000000008e600000, 0x000000008e600000| Untracked 
| 231|0x000000008e700000, 0x000000008e700000, 0x000000008e800000|  0%| F|  |TAMS 0x000000008e700000, 0x000000008e700000| Untracked 
| 232|0x000000008e800000, 0x000000008e800000, 0x000000008e900000|  0%| F|  |TAMS 0x000000008e800000, 0x000000008e800000| Untracked 
| 233|0x000000008e900000, 0x000000008e900000, 0x000000008ea00000|  0%| F|  |TAMS 0x000000008e900000, 0x000000008e900000| Untracked 
| 234|0x000000008ea00000, 0x000000008ea00000, 0x000000008eb00000|  0%| F|  |TAMS 0x000000008ea00000, 0x000000008ea00000| Untracked 
| 235|0x000000008eb00000, 0x000000008eb00000, 0x000000008ec00000|  0%| F|  |TAMS 0x000000008eb00000, 0x000000008eb00000| Untracked 
| 236|0x000000008ec00000, 0x000000008ec98e98, 0x000000008ed00000| 59%| E|  |TAMS 0x000000008ec00000, 0x000000008ec00000| Complete 
| 237|0x000000008ed00000, 0x000000008ee00000, 0x000000008ee00000|100%| E|CS|TAMS 0x000000008ed00000, 0x000000008ed00000| Complete 

Card table byte_map: [0x000001c330490000,0x000001c330890000] _byte_map_base: 0x000001c330090000

Marking Bits (Prev, Next): (CMBitMap*) 0x000001c31b7b1968, (CMBitMap*) 0x000001c31b7b19a0
 Prev Bits: [0x000001c330c90000, 0x000001c332c90000)
 Next Bits: [0x000001c332c90000, 0x000001c334c90000)

Polling page: 0x000001c31b850000

Metaspace:

Usage:
  Non-class:    107.21 MB capacity,   104.89 MB ( 98%) used,     1.94 MB (  2%) free+waste,   388.06 KB ( <1%) overhead. 
      Class:     16.90 MB capacity,    15.49 MB ( 92%) used,     1.24 MB (  7%) free+waste,   176.31 KB (  1%) overhead. 
       Both:    124.11 MB capacity,   120.38 MB ( 97%) used,     3.18 MB (  3%) free+waste,   564.38 KB ( <1%) overhead. 

Virtual space:
  Non-class space:      108.00 MB reserved,     107.33 MB (>99%) committed 
      Class space:      504.00 MB reserved,      17.00 MB (  3%) committed 
             Both:      612.00 MB reserved,     124.33 MB ( 20%) committed 

Chunk freelists:
   Non-Class:  0 bytes
       Class:  5.00 KB
        Both:  5.00 KB

MaxMetaspaceSize: 512.00 MB
CompressedClassSpaceSize: 504.00 MB
Initial GC threshold: 20.80 MB
Current GC threshold: 203.67 MB
CDS: off

CodeHeap 'non-profiled nmethods': size=120064Kb used=8967Kb max_used=8967Kb free=111096Kb
 bounds [0x000001c328520000, 0x000001c328df0000, 0x000001c32fa60000]
CodeHeap 'profiled nmethods': size=120000Kb used=34899Kb max_used=34899Kb free=85101Kb
 bounds [0x000001c320ff0000, 0x000001c323210000, 0x000001c328520000]
CodeHeap 'non-nmethods': size=5696Kb used=2443Kb max_used=2484Kb free=3252Kb
 bounds [0x000001c320a60000, 0x000001c320ce0000, 0x000001c320ff0000]
 total_blobs=16999 nmethods=16019 adapters=891
 compilation: enabled
              stopped_count=0, restarted_count=0
 full_count=0

Compilation events (20 events):
Event: 78.749 Thread 0x000001c337aeb800 16328       2       java.io.ObjectInputStream::isCustomSubclass (21 bytes)
Event: 78.750 Thread 0x000001c337aeb800 nmethod 16328 0x000001c3231ec710 code [0x000001c3231ec920, 0x000001c3231ecdd8]
Event: 78.767 Thread 0x000001c337aeb800 16329   !   2       java.lang.Class::newInstance (160 bytes)
Event: 78.769 Thread 0x000001c337aeb800 nmethod 16329 0x000001c3231ed110 code [0x000001c3231ed420, 0x000001c3231edf58]
Event: 78.774 Thread 0x000001c337aeb800 16330       2       kotlin.ranges.IntRange::getStart (8 bytes)
Event: 78.774 Thread 0x000001c337aeb800 nmethod 16330 0x000001c3231ee710 code [0x000001c3231ee8c0, 0x000001c3231eea78]
Event: 78.789 Thread 0x000001c337aeb800 16331       2       sun.rmi.runtime.Log$LoggerLog::isLoggable (9 bytes)
Event: 78.789 Thread 0x000001c337aeb800 nmethod 16331 0x000001c3231eeb90 code [0x000001c3231eed40, 0x000001c3231eee78]
Event: 78.896 Thread 0x000001c337aeb800 16333       2       java.io.ObjectStreamField::compareTo (40 bytes)
Event: 78.897 Thread 0x000001c337aeb800 nmethod 16333 0x000001c3231eef90 code [0x000001c3231ef1a0, 0x000001c3231ef568]
Event: 78.905 Thread 0x000001c337aeb800 16334       2       java.io.SerialCallbackContext::<init> (22 bytes)
Event: 78.906 Thread 0x000001c337aeb800 nmethod 16334 0x000001c3231ef810 code [0x000001c3231ef9c0, 0x000001c3231efbd8]
Event: 78.906 Thread 0x000001c337aeb800 16335       2       java.io.SerialCallbackContext::setUsed (6 bytes)
Event: 78.906 Thread 0x000001c337aeb800 nmethod 16335 0x000001c3231efc90 code [0x000001c3231efe40, 0x000001c3231eff58]
Event: 78.909 Thread 0x000001c337aeb800 16336       2       jdk.internal.reflect.AccessorGenerator::emitBoxingContantPoolEntries (1437 bytes)
Event: 78.945 Thread 0x000001c337aeb800 nmethod 16336 0x000001c3231f0010 code [0x000001c3231f18c0, 0x000001c3231fbff8]
Event: 78.951 Thread 0x000001c337aeb800 16337       2       com.android.tools.r8.internal.Jt::c (32 bytes)
Event: 78.951 Thread 0x000001c337aeb800 nmethod 16337 0x000001c323203510 code [0x000001c3232036c0, 0x000001c3232037b8]
Event: 78.951 Thread 0x000001c337aeb800 16338       2       com.android.tools.r8.utils.C$$Lambda$1447/0x000000010107c840::call (16 bytes)
Event: 78.952 Thread 0x000001c337aeb800 nmethod 16338 0x000001c323203890 code [0x000001c323203a60, 0x000001c323203c08]

GC Heap History (20 events):
Event: 68.292 GC heap after
{Heap after GC invocations=107 (full 0):
 garbage-first heap   total 243712K, used 159628K [0x0000000080000000, 0x0000000100000000)
  region size 1024K, 1 young (1024K), 1 survivors (1024K)
 Metaspace       used 111173K, capacity 114614K, committed 115024K, reserved 616448K
  class space    used 14235K, capacity 15508K, committed 15616K, reserved 516096K
}
Event: 68.802 GC heap before
{Heap before GC invocations=107 (full 0):
 garbage-first heap   total 243712K, used 191372K [0x0000000080000000, 0x0000000100000000)
  region size 1024K, 29 young (29696K), 1 survivors (1024K)
 Metaspace       used 111376K, capacity 114793K, committed 115024K, reserved 616448K
  class space    used 14278K, capacity 15545K, committed 15616K, reserved 516096K
}
Event: 68.811 GC heap after
{Heap after GC invocations=108 (full 0):
 garbage-first heap   total 243712K, used 160512K [0x0000000080000000, 0x0000000100000000)
  region size 1024K, 2 young (2048K), 2 survivors (2048K)
 Metaspace       used 111376K, capacity 114793K, committed 115024K, reserved 616448K
  class space    used 14278K, capacity 15545K, committed 15616K, reserved 516096K
}
Event: 70.026 GC heap before
{Heap before GC invocations=109 (full 0):
 garbage-first heap   total 243712K, used 191232K [0x0000000080000000, 0x0000000100000000)
  region size 1024K, 32 young (32768K), 2 survivors (2048K)
 Metaspace       used 112746K, capacity 116143K, committed 116176K, reserved 618496K
  class space    used 14440K, capacity 15714K, committed 15744K, reserved 516096K
}
Event: 70.035 GC heap after
{Heap after GC invocations=110 (full 0):
 garbage-first heap   total 243712K, used 163316K [0x0000000080000000, 0x0000000100000000)
  region size 1024K, 4 young (4096K), 4 survivors (4096K)
 Metaspace       used 112746K, capacity 116143K, committed 116176K, reserved 618496K
  class space    used 14440K, capacity 15714K, committed 15744K, reserved 516096K
}
Event: 70.578 GC heap before
{Heap before GC invocations=110 (full 0):
 garbage-first heap   total 243712K, used 193012K [0x0000000080000000, 0x0000000100000000)
  region size 1024K, 34 young (34816K), 4 survivors (4096K)
 Metaspace       used 114051K, capacity 117541K, committed 117712K, reserved 618496K
  class space    used 14619K, capacity 15919K, committed 16000K, reserved 516096K
}
Event: 70.591 GC heap after
{Heap after GC invocations=111 (full 0):
 garbage-first heap   total 243712K, used 166219K [0x0000000080000000, 0x0000000100000000)
  region size 1024K, 5 young (5120K), 5 survivors (5120K)
 Metaspace       used 114051K, capacity 117541K, committed 117712K, reserved 618496K
  class space    used 14619K, capacity 15919K, committed 16000K, reserved 516096K
}
Event: 71.911 GC heap before
{Heap before GC invocations=112 (full 0):
 garbage-first heap   total 243712K, used 195915K [0x0000000080000000, 0x0000000100000000)
  region size 1024K, 35 young (35840K), 5 survivors (5120K)
 Metaspace       used 115137K, capacity 118689K, committed 118864K, reserved 620544K
  class space    used 14752K, capacity 16052K, committed 16128K, reserved 516096K
}
Event: 71.925 GC heap after
{Heap after GC invocations=113 (full 0):
 garbage-first heap   total 243712K, used 168059K [0x0000000080000000, 0x0000000100000000)
  region size 1024K, 2 young (2048K), 2 survivors (2048K)
 Metaspace       used 115137K, capacity 118689K, committed 118864K, reserved 620544K
  class space    used 14752K, capacity 16052K, committed 16128K, reserved 516096K
}
Event: 71.957 GC heap before
{Heap before GC invocations=113 (full 0):
 garbage-first heap   total 243712K, used 169083K [0x0000000080000000, 0x0000000100000000)
  region size 1024K, 4 young (4096K), 2 survivors (2048K)
 Metaspace       used 115137K, capacity 118689K, committed 118864K, reserved 620544K
  class space    used 14752K, capacity 16052K, committed 16128K, reserved 516096K
}
Event: 71.962 GC heap after
{Heap after GC invocations=114 (full 0):
 garbage-first heap   total 243712K, used 167900K [0x0000000080000000, 0x0000000100000000)
  region size 1024K, 2 young (2048K), 2 survivors (2048K)
 Metaspace       used 115137K, capacity 118689K, committed 118864K, reserved 620544K
  class space    used 14752K, capacity 16052K, committed 16128K, reserved 516096K
}
Event: 72.866 GC heap before
{Heap before GC invocations=115 (full 0):
 garbage-first heap   total 243712K, used 200668K [0x0000000080000000, 0x0000000100000000)
  region size 1024K, 31 young (31744K), 2 survivors (2048K)
 Metaspace       used 115936K, capacity 119633K, committed 119760K, reserved 620544K
  class space    used 14885K, capacity 16216K, committed 16256K, reserved 516096K
}
Event: 72.876 GC heap after
{Heap after GC invocations=116 (full 0):
 garbage-first heap   total 243712K, used 169801K [0x0000000080000000, 0x0000000100000000)
  region size 1024K, 4 young (4096K), 4 survivors (4096K)
 Metaspace       used 115936K, capacity 119633K, committed 119760K, reserved 620544K
  class space    used 14885K, capacity 16216K, committed 16256K, reserved 516096K
}
Event: 72.953 GC heap before
{Heap before GC invocations=116 (full 0):
 garbage-first heap   total 243712K, used 172873K [0x0000000080000000, 0x0000000100000000)
  region size 1024K, 8 young (8192K), 4 survivors (4096K)
 Metaspace       used 115936K, capacity 119633K, committed 119760K, reserved 620544K
  class space    used 14885K, capacity 16216K, committed 16256K, reserved 516096K
}
Event: 72.961 GC heap after
{Heap after GC invocations=117 (full 0):
 garbage-first heap   total 243712K, used 170080K [0x0000000080000000, 0x0000000100000000)
  region size 1024K, 3 young (3072K), 3 survivors (3072K)
 Metaspace       used 115936K, capacity 119633K, committed 119760K, reserved 620544K
  class space    used 14885K, capacity 16216K, committed 16256K, reserved 516096K
}
Event: 73.959 GC heap before
{Heap before GC invocations=118 (full 0):
 garbage-first heap   total 243712K, used 205920K [0x0000000080000000, 0x0000000100000000)
  region size 1024K, 33 young (33792K), 3 survivors (3072K)
 Metaspace       used 116405K, capacity 120063K, committed 120144K, reserved 620544K
  class space    used 14962K, capacity 16317K, committed 16384K, reserved 516096K
}
Event: 73.971 GC heap after
{Heap after GC invocations=119 (full 0):
 garbage-first heap   total 243712K, used 174692K [0x0000000080000000, 0x0000000100000000)
  region size 1024K, 5 young (5120K), 5 survivors (5120K)
 Metaspace       used 116405K, capacity 120063K, committed 120144K, reserved 620544K
  class space    used 14962K, capacity 16317K, committed 16384K, reserved 516096K
}
Event: 76.111 GC heap before
{Heap before GC invocations=119 (full 0):
 garbage-first heap   total 243712K, used 203364K [0x0000000080000000, 0x0000000100000000)
  region size 1024K, 34 young (34816K), 5 survivors (5120K)
 Metaspace       used 120577K, capacity 124370K, committed 124624K, reserved 624640K
  class space    used 15505K, capacity 16903K, committed 17024K, reserved 516096K
}
Event: 76.132 GC heap after
{Heap after GC invocations=120 (full 0):
 garbage-first heap   total 243712K, used 178011K [0x0000000080000000, 0x0000000100000000)
  region size 1024K, 4 young (4096K), 4 survivors (4096K)
 Metaspace       used 120577K, capacity 124370K, committed 124624K, reserved 624640K
  class space    used 15505K, capacity 16903K, committed 17024K, reserved 516096K
}
Event: 78.972 GC heap before
{Heap before GC invocations=121 (full 0):
 garbage-first heap   total 243712K, used 204635K [0x0000000080000000, 0x0000000100000000)
  region size 1024K, 31 young (31744K), 4 survivors (4096K)
 Metaspace       used 123111K, capacity 126945K, committed 127184K, reserved 626688K
  class space    used 15833K, capacity 17260K, committed 17280K, reserved 516096K
}

Deoptimization events (20 events):
Event: 78.912 Thread 0x000001c33d534800 DEOPT PACKING pc=0x000001c322b666cb sp=0x00000075337fd380
Event: 78.912 Thread 0x000001c33d534800 DEOPT UNPACKING pc=0x000001c320aaa95e sp=0x00000075337fc840 mode 0
Event: 78.913 Thread 0x000001c33d534800 DEOPT PACKING pc=0x000001c322b666cb sp=0x00000075337fc180
Event: 78.913 Thread 0x000001c33d534800 DEOPT UNPACKING pc=0x000001c320aaa95e sp=0x00000075337fb640 mode 0
Event: 78.915 Thread 0x000001c33d534800 DEOPT PACKING pc=0x000001c322b666cb sp=0x00000075337fc050
Event: 78.915 Thread 0x000001c33d534800 DEOPT UNPACKING pc=0x000001c320aaa95e sp=0x00000075337fb510 mode 0
Event: 78.926 Thread 0x000001c33d534800 DEOPT PACKING pc=0x000001c322b666cb sp=0x00000075337fd380
Event: 78.926 Thread 0x000001c33d534800 DEOPT UNPACKING pc=0x000001c320aaa95e sp=0x00000075337fc840 mode 0
Event: 78.948 Thread 0x000001c33b2a9000 DEOPT PACKING pc=0x000001c3231d78c0 sp=0x00000075351f86e0
Event: 78.948 Thread 0x000001c33b2a9000 DEOPT UNPACKING pc=0x000001c320aaa95e sp=0x00000075351f7c08 mode 0
Event: 78.957 Thread 0x000001c33b2a9000 DEOPT PACKING pc=0x000001c3231d78c0 sp=0x00000075351f8890
Event: 78.957 Thread 0x000001c33b2a9000 DEOPT UNPACKING pc=0x000001c320aaa95e sp=0x00000075351f7db8 mode 0
Event: 78.958 Thread 0x000001c33b2a9000 DEOPT PACKING pc=0x000001c3231d78c0 sp=0x00000075351f8890
Event: 78.958 Thread 0x000001c33b2a9000 DEOPT UNPACKING pc=0x000001c320aaa95e sp=0x00000075351f7db8 mode 0
Event: 78.959 Thread 0x000001c33b2a9000 DEOPT PACKING pc=0x000001c3231d78c0 sp=0x00000075351f8960
Event: 78.959 Thread 0x000001c33b2a9000 DEOPT UNPACKING pc=0x000001c320aaa95e sp=0x00000075351f7e88 mode 0
Event: 78.967 Thread 0x000001c33b2a9000 DEOPT PACKING pc=0x000001c3231d78c0 sp=0x00000075351f8970
Event: 78.967 Thread 0x000001c33b2a9000 DEOPT UNPACKING pc=0x000001c320aaa95e sp=0x00000075351f7e98 mode 0
Event: 78.970 Thread 0x000001c33b2a9000 DEOPT PACKING pc=0x000001c3231d78c0 sp=0x00000075351f8960
Event: 78.970 Thread 0x000001c33b2a9000 DEOPT UNPACKING pc=0x000001c320aaa95e sp=0x00000075351f7e88 mode 0

Classes redefined (0 events):
No events

Internal exceptions (20 events):
Event: 72.691 Thread 0x000001c33d535800 Exception <a 'java/lang/NoSuchMethodError'{0x000000008d8779e8}: <clinit>> (0x000000008d8779e8) thrown at [./src/hotspot/share/prims/jni.cpp, line 1366]
Event: 72.693 Thread 0x000001c33d535800 Exception <a 'java/lang/NoSuchMethodError'{0x000000008d884a48}: <clinit>> (0x000000008d884a48) thrown at [./src/hotspot/share/prims/jni.cpp, line 1366]
Event: 72.705 Thread 0x000001c33d535800 Exception <a 'java/lang/NoSuchMethodError'{0x000000008d70f3e8}: <clinit>> (0x000000008d70f3e8) thrown at [./src/hotspot/share/prims/jni.cpp, line 1366]
Event: 72.762 Thread 0x000001c33d535800 Exception <a 'java/lang/NoSuchMethodError'{0x000000008d3e3918}: <clinit>> (0x000000008d3e3918) thrown at [./src/hotspot/share/prims/jni.cpp, line 1366]
Event: 73.246 Thread 0x000001c33d53a800 Exception <a 'java/lang/NoSuchMethodError'{0x000000008dc838d0}: 'java.lang.Object java.lang.invoke.DirectMethodHandle$Holder.invokeStatic(java.lang.Object, java.lang.Object, java.lang.Object, java.lang.Object, java.lang.Object, java.lang.Object, java.lang.Object, java.lang.Object, java.lang.Object, java.lang.Object, java.lang.Object, java.lang.Object, java.lang.Object, int)'> (0x000000008dc838d0) thrown at [./src/hotspot/share/interpreter/linkResolver.cpp, line 773]
Event: 73.255 Thread 0x000001c33d53a800 Exception <a 'java/lang/NoSuchMethodError'{0x000000008dc914b8}: 'java.lang.Object java.lang.invoke.DirectMethodHandle$Holder.invokeStatic(java.lang.Object, java.lang.Object, java.lang.Object, java.lang.Object, java.lang.Object, java.lang.Object, java.lang.Object, java.lang.Object, java.lang.Object, java.lang.Object, java.lang.Object, java.lang.Object, java.lang.Object, int, int)'> (0x000000008dc914b8) thrown at [./src/hotspot/share/interpreter/linkResolver.cpp, line 773]
Event: 74.333 Thread 0x000001c33b2a9000 Exception <a 'sun/nio/fs/WindowsException'{0x000000008e587930}> (0x000000008e587930) thrown at [./src/hotspot/share/prims/jni.cpp, line 616]
Event: 74.516 Thread 0x000001c33b2a9000 Exception <a 'java/lang/NoSuchMethodError'{0x000000008e367408}: 'java.lang.Object java.lang.invoke.DirectMethodHandle$Holder.newInvokeSpecial(java.lang.Object, int)'> (0x000000008e367408) thrown at [./src/hotspot/share/interpreter/linkResolver.cpp, line 773]
Event: 75.077 Thread 0x000001c33b2a9000 Exception <a 'java/lang/NoSuchMethodError'{0x000000008deaafa8}: 'java.lang.Object java.lang.invoke.DirectMethodHandle$Holder.invokeStaticInit(java.lang.Object, java.lang.Object, java.lang.Object, java.lang.Object, java.lang.Object, java.lang.Object, java.lang.Object, java.lang.Object, java.lang.Object, java.lang.Object, java.lang.Object, java.lang.Object, java.lang.Object, java.lang.Object, java.lang.Object, java.lang.Object, java.lang.Object, java.lang.Object, int, java.lang.Object, java.lang.Object)'> (0
Event: 75.188 Thread 0x000001c33b2a9000 Exception <a 'java/lang/IncompatibleClassChangeError'{0x000000008ddcea30}: Found class java.lang.Object, but interface was expected> (0x000000008ddcea30) thrown at [./src/hotspot/share/interpreter/linkResolver.cpp, line 839]
Event: 76.151 Thread 0x000001c33b2a9000 Exception <a 'java/lang/NoSuchMethodError'{0x000000008edbdeb0}: 'void java.lang.invoke.DirectMethodHandle$Holder.invokeStatic(java.lang.Object, java.lang.Object, java.lang.Object, int)'> (0x000000008edbdeb0) thrown at [./src/hotspot/share/interpreter/linkResolver.cpp, line 773]
Event: 76.153 Thread 0x000001c33b2a9000 Exception <a 'java/lang/IncompatibleClassChangeError'{0x000000008edc7c20}: Found class java.lang.Object, but interface was expected> (0x000000008edc7c20) thrown at [./src/hotspot/share/interpreter/linkResolver.cpp, line 839]
Event: 77.686 Thread 0x000001c33b2a9000 Exception <a 'java/lang/NoSuchMethodError'{0x000000008e2f35d0}: 'java.lang.Object java.lang.invoke.DirectMethodHandle$Holder.invokeStatic(java.lang.Object, int, java.lang.Object, java.lang.Object)'> (0x000000008e2f35d0) thrown at [./src/hotspot/share/interpreter/linkResolver.cpp, line 773]
Event: 78.221 Thread 0x000001c33d534800 Exception <a 'java/lang/NoSuchMethodError'{0x000000008de6b708}: <clinit>> (0x000000008de6b708) thrown at [./src/hotspot/share/prims/jni.cpp, line 1366]
Event: 78.224 Thread 0x000001c33d534800 Exception <a 'java/lang/NoSuchMethodError'{0x000000008de777e0}: <clinit>> (0x000000008de777e0) thrown at [./src/hotspot/share/prims/jni.cpp, line 1366]
Event: 78.749 Thread 0x000001c33d53b000 Exception <a 'java/lang/InterruptedException'{0x000000008d8985a8}> (0x000000008d8985a8) thrown at [./src/hotspot/share/runtime/objectMonitor.cpp, line 1635]
Event: 78.768 Thread 0x000001c33d534800 Exception <a 'java/lang/NoSuchMethodError'{0x000000008d8a5cf8}: <clinit>> (0x000000008d8a5cf8) thrown at [./src/hotspot/share/prims/jni.cpp, line 1366]
Event: 78.769 Thread 0x000001c33d534800 Exception <a 'java/lang/NoSuchMethodError'{0x000000008d8b1dc8}: <clinit>> (0x000000008d8b1dc8) thrown at [./src/hotspot/share/prims/jni.cpp, line 1366]
Event: 78.771 Thread 0x000001c33d534800 Exception <a 'java/lang/NoSuchMethodError'{0x000000008d8be998}: <clinit>> (0x000000008d8be998) thrown at [./src/hotspot/share/prims/jni.cpp, line 1366]
Event: 78.782 Thread 0x000001c33d534800 Exception <a 'java/lang/NoSuchMethodError'{0x000000008d8e01e0}: <clinit>> (0x000000008d8e01e0) thrown at [./src/hotspot/share/prims/jni.cpp, line 1366]

Events (20 events):
Event: 78.291 Executing VM operation: RevokeBias
Event: 78.305 Executing VM operation: RevokeBias done
Event: 78.306 loading class com/android/tools/r8/internal/T7
Event: 78.306 loading class com/android/tools/r8/internal/T7 done
Event: 78.307 loading class com/android/tools/r8/internal/pG
Event: 78.307 loading class com/android/tools/r8/internal/pG done
Event: 78.309 loading class com/android/tools/r8/internal/oG
Event: 78.309 loading class com/android/tools/r8/internal/oG done
Event: 78.315 loading class com/android/tools/r8/internal/c8
Event: 78.315 loading class com/android/tools/r8/internal/c8 done
Event: 78.741 Executing VM operation: RevokeBias
Event: 78.746 Executing VM operation: RevokeBias done
Event: 78.816 Executing VM operation: RevokeBias
Event: 78.819 Executing VM operation: RevokeBias done
Event: 78.823 Thread 0x000001c33d53c000 Thread added: 0x000001c33d53c000
Event: 78.823 Executing VM operation: RevokeBias
Event: 78.886 Executing VM operation: RevokeBias done
Event: 78.897 Executing VM operation: RevokeBias
Event: 78.898 Executing VM operation: RevokeBias done
Event: 78.972 Executing VM operation: G1CollectForAllocation


Dynamic libraries:
0x00007ff75d2a0000 - 0x00007ff75d2aa000 	C:\Program Files\Android\Android Studio\jre\bin\java.exe
0x00007ff96a710000 - 0x00007ff96a908000 	C:\WINDOWS\SYSTEM32\ntdll.dll
0x00007ff968cf0000 - 0x00007ff968daf000 	C:\WINDOWS\System32\KERNEL32.DLL
0x00007ff968420000 - 0x00007ff968716000 	C:\WINDOWS\System32\KERNELBASE.dll
0x00007ff968320000 - 0x00007ff968420000 	C:\WINDOWS\System32\ucrtbase.dll
0x00007ff952fe0000 - 0x00007ff952ff7000 	C:\Program Files\Android\Android Studio\jre\bin\VCRUNTIME140.dll
0x00007ff953000000 - 0x00007ff953019000 	C:\Program Files\Android\Android Studio\jre\bin\jli.dll
0x00007ff9696d0000 - 0x00007ff96986d000 	C:\WINDOWS\System32\USER32.dll
0x00007ff967e90000 - 0x00007ff967eb2000 	C:\WINDOWS\System32\win32u.dll
0x00007ff969960000 - 0x00007ff96998c000 	C:\WINDOWS\System32\GDI32.dll
0x00007ff968200000 - 0x00007ff968315000 	C:\WINDOWS\System32\gdi32full.dll
0x00007ff967df0000 - 0x00007ff967e8d000 	C:\WINDOWS\System32\msvcp_win.dll
0x00007ff9578b0000 - 0x00007ff957b4a000 	C:\WINDOWS\WinSxS\amd64_microsoft.windows.common-controls_6595b64144ccf1df_6.0.19041.1110_none_60b5254171f9507e\COMCTL32.dll
0x00007ff96a100000 - 0x00007ff96a19e000 	C:\WINDOWS\System32\msvcrt.dll
0x00007ff969df0000 - 0x00007ff969e20000 	C:\WINDOWS\System32\IMM32.DLL
0x00007ff952f40000 - 0x00007ff952fdd000 	C:\Program Files\Android\Android Studio\jre\bin\msvcp140.dll
0x00007ff910fb0000 - 0x00007ff911ab2000 	C:\Program Files\Android\Android Studio\jre\bin\server\jvm.dll
0x00007ff969d40000 - 0x00007ff969def000 	C:\WINDOWS\System32\ADVAPI32.dll
0x00007ff968db0000 - 0x00007ff968e4c000 	C:\WINDOWS\System32\sechost.dll
0x00007ff969c10000 - 0x00007ff969d36000 	C:\WINDOWS\System32\RPCRT4.dll
0x00007ff969990000 - 0x00007ff969998000 	C:\WINDOWS\System32\PSAPI.DLL
0x00007ff95c170000 - 0x00007ff95c179000 	C:\WINDOWS\SYSTEM32\WSOCK32.dll
0x00007ff96a270000 - 0x00007ff96a2db000 	C:\WINDOWS\System32\WS2_32.dll
0x00007ff9602e0000 - 0x00007ff9602ea000 	C:\WINDOWS\SYSTEM32\VERSION.dll
0x00007ff957c00000 - 0x00007ff957c27000 	C:\WINDOWS\SYSTEM32\WINMM.dll
0x00007ff965c60000 - 0x00007ff965c72000 	C:\WINDOWS\SYSTEM32\kernel.appcore.dll
0x00007ff952f20000 - 0x00007ff952f31000 	C:\Program Files\Android\Android Studio\jre\bin\verify.dll
0x00007ff9615a0000 - 0x00007ff961784000 	C:\WINDOWS\SYSTEM32\DBGHELP.DLL
0x00007ff961530000 - 0x00007ff961564000 	C:\WINDOWS\SYSTEM32\dbgcore.DLL
0x00007ff968090000 - 0x00007ff968112000 	C:\WINDOWS\System32\bcryptPrimitives.dll
0x00007ff952ef0000 - 0x00007ff952f19000 	C:\Program Files\Android\Android Studio\jre\bin\java.dll
0x00007ff954af0000 - 0x00007ff954afb000 	C:\Program Files\Android\Android Studio\jre\bin\jimage.dll
0x00007ff952ed0000 - 0x00007ff952ee8000 	C:\Program Files\Android\Android Studio\jre\bin\zip.dll
0x00007ff968e50000 - 0x00007ff969594000 	C:\WINDOWS\System32\SHELL32.dll
0x00007ff965e60000 - 0x00007ff9665f4000 	C:\WINDOWS\SYSTEM32\windows.storage.dll
0x00007ff96a370000 - 0x00007ff96a6c4000 	C:\WINDOWS\System32\combase.dll
0x00007ff967750000 - 0x00007ff96777e000 	C:\WINDOWS\SYSTEM32\Wldp.dll
0x00007ff968770000 - 0x00007ff96881d000 	C:\WINDOWS\System32\SHCORE.dll
0x00007ff969a90000 - 0x00007ff969ae5000 	C:\WINDOWS\System32\shlwapi.dll
0x00007ff967d20000 - 0x00007ff967d45000 	C:\WINDOWS\SYSTEM32\profapi.dll
0x00007ff951890000 - 0x00007ff9518aa000 	C:\Program Files\Android\Android Studio\jre\bin\net.dll
0x00007ff962710000 - 0x00007ff96281a000 	C:\WINDOWS\SYSTEM32\WINHTTP.dll
0x00007ff967530000 - 0x00007ff96759a000 	C:\WINDOWS\system32\mswsock.dll
0x00007ff951870000 - 0x00007ff951884000 	C:\Program Files\Android\Android Studio\jre\bin\nio.dll
0x00007ff954b40000 - 0x00007ff954b67000 	C:\Users\fezia\.gradle\native\e1d6ef7f7dcc3fd88c89a11ec53ec762bb8ba0a96d01ffa2cd45eb1d1d8dd5c5\windows-amd64\native-platform.dll
0x00007ff9316d0000 - 0x00007ff931814000 	C:\Users\fezia\.gradle\native\0d407fdbe67a94daf76414ababcb853783967236a71b16ec16e742cd7a986fd3\windows-amd64\native-platform-file-events.dll
0x00007ff952db0000 - 0x00007ff952dba000 	C:\Program Files\Android\Android Studio\jre\bin\management.dll
0x00007ff951820000 - 0x00007ff95182d000 	C:\Program Files\Android\Android Studio\jre\bin\management_ext.dll
0x00007ff967ad0000 - 0x00007ff967ae8000 	C:\WINDOWS\SYSTEM32\CRYPTSP.dll
0x00007ff966e00000 - 0x00007ff966e34000 	C:\WINDOWS\system32\rsaenh.dll
0x00007ff968120000 - 0x00007ff968147000 	C:\WINDOWS\System32\bcrypt.dll
0x00007ff967ca0000 - 0x00007ff967cce000 	C:\WINDOWS\SYSTEM32\USERENV.dll
0x00007ff9676c0000 - 0x00007ff9676cc000 	C:\WINDOWS\SYSTEM32\CRYPTBASE.dll
0x00007ff9671f0000 - 0x00007ff96722c000 	C:\WINDOWS\SYSTEM32\IPHLPAPI.DLL
0x00007ff969950000 - 0x00007ff969958000 	C:\WINDOWS\System32\NSI.dll
0x00007ff962380000 - 0x00007ff962397000 	C:\WINDOWS\SYSTEM32\dhcpcsvc6.DLL
0x00007ff962200000 - 0x00007ff96221d000 	C:\WINDOWS\SYSTEM32\dhcpcsvc.DLL
0x00007ff967240000 - 0x00007ff96730a000 	C:\WINDOWS\SYSTEM32\DNSAPI.dll
0x00007ff954b20000 - 0x00007ff954b3e000 	C:\Users\fezia\AppData\Local\Temp\native-platform15828083031942725346dir\native-platform.dll
0x00007ff962bf0000 - 0x00007ff962bf8000 	C:\Program Files\Android\Android Studio\jre\bin\rmi.dll

dbghelp: loaded successfully - version: 4.0.5 - missing functions: none
symbol engine: initialized successfully - sym options: 0x614 - pdb path: .;C:\Program Files\Android\Android Studio\jre\bin;C:\WINDOWS\SYSTEM32;C:\WINDOWS\WinSxS\amd64_microsoft.windows.common-controls_6595b64144ccf1df_6.0.19041.1110_none_60b5254171f9507e;C:\Program Files\Android\Android Studio\jre\bin\server;C:\Users\fezia\.gradle\native\e1d6ef7f7dcc3fd88c89a11ec53ec762bb8ba0a96d01ffa2cd45eb1d1d8dd5c5\windows-amd64;C:\Users\fezia\.gradle\native\0d407fdbe67a94daf76414ababcb853783967236a71b16ec16e742cd7a986fd3\windows-amd64;C:\Users\fezia\AppData\Local\Temp\native-platform15828083031942725346dir

VM Arguments:
jvm_args: -XX:MaxMetaspaceSize=512m --add-opens=java.base/java.util=ALL-UNNAMED --add-opens=java.base/java.lang=ALL-UNNAMED --add-opens=java.base/java.lang.invoke=ALL-UNNAMED --add-opens=java.base/java.util=ALL-UNNAMED --add-opens=java.prefs/java.util.prefs=ALL-UNNAMED --add-opens=java.prefs/java.util.prefs=ALL-UNNAMED --add-opens=java.base/java.nio.charset=ALL-UNNAMED --add-opens=java.base/java.net=ALL-UNNAMED --add-opens=java.base/java.util.concurrent.atomic=ALL-UNNAMED -Xmx2048m -Dfile.encoding=windows-1252 -Duser.country=US -Duser.language=en -Duser.variant 
java_command: org.gradle.launcher.daemon.bootstrap.GradleDaemon 7.5.1
java_class_path (initial): C:\Users\fezia\.gradle\wrapper\dists\gradle-7.5.1-all\1ehga6e77gqps5uk2kc5kf1vc\gradle-7.5.1\lib\gradle-launcher-7.5.1.jar
Launcher Type: SUN_STANDARD

[Global flags]
     intx CICompilerCount                          = 3                                         {product} {ergonomic}
   size_t CompressedClassSpaceSize                 = 528482304                                 {product} {ergonomic}
     uint ConcGCThreads                            = 1                                         {product} {ergonomic}
     uint G1ConcRefinementThreads                  = 4                                         {product} {ergonomic}
   size_t G1HeapRegionSize                         = 1048576                                   {product} {ergonomic}
    uintx GCDrainStackTargetSize                   = 64                                        {product} {ergonomic}
   size_t InitialHeapSize                          = 65011712                                  {product} {ergonomic}
   size_t MarkStackSize                            = 4194304                                   {product} {ergonomic}
   size_t MaxHeapSize                              = 2147483648                                {product} {command line}
   size_t MaxMetaspaceSize                         = 536870912                                 {product} {command line}
   size_t MaxNewSize                               = 1287651328                                {product} {ergonomic}
   size_t MinHeapDeltaBytes                        = 1048576                                   {product} {ergonomic}
    uintx NonNMethodCodeHeapSize                   = 5830732                                {pd product} {ergonomic}
    uintx NonProfiledCodeHeapSize                  = 122913754                              {pd product} {ergonomic}
    uintx ProfiledCodeHeapSize                     = 122913754                              {pd product} {ergonomic}
    uintx ReservedCodeCacheSize                    = 251658240                              {pd product} {ergonomic}
     bool SegmentedCodeCache                       = true                                      {product} {ergonomic}
     bool UseCompressedClassPointers               = true                                 {lp64_product} {ergonomic}
     bool UseCompressedOops                        = true                                 {lp64_product} {ergonomic}
     bool UseG1GC                                  = true                                      {product} {ergonomic}
     bool UseLargePagesIndividualAllocation        = false                                  {pd product} {ergonomic}

Logging:
Log output configuration:
 #0: stdout all=warning uptime,level,tags
 #1: stderr all=off uptime,level,tags

Environment Variables:
JAVA_HOME=C:\Program Files\Android\Android Studio\jre
CLASSPATH=C:\Users\fezia\Tradly\android\\gradle\wrapper\gradle-wrapper.jar
PATH=C:\Users\fezia\Tradly\android\node_modules\.bin;C:\Users\fezia\Tradly\node_modules\.bin;C:\Users\fezia\node_modules\.bin;C:\Users\node_modules\.bin;C:\node_modules\.bin;C:\Program Files\nodejs;C:\Users\fezia\Tradly\node_modules\.bin;C:\Users\fezia\Tradly\node_modules\.bin;C:\Users\fezia\node_modules\.bin;C:\Users\node_modules\.bin;C:\node_modules\.bin;C:\Program Files\nodejs\node_modules\npm\node_modules\@npmcli\run-script\lib\node-gyp-bin;C:\Users\fezia\Tradly\node_modules\.bin;C:\Users\fezia\node_modules\.bin;C:\Users\node_modules\.bin;C:\node_modules\.bin;C:\Program Files\nodejs;C:\Users\fezia\Tradly\node_modules\react-native\scripts\node_modules\.bin;C:\Users\fezia\Tradly\node_modules\react-native\node_modules\.bin;C:\Users\fezia\Tradly\node_modules\node_modules\.bin;C:\Users\fezia\Tradly\node_modules\.bin;C:\Users\fezia\node_modules\.bin;C:\Users\node_modules\.bin;C:\node_modules\.bin;C:\Program Files\nodejs;C:\Users\fezia\Tradly\node_modules\.bin;C:\Users\fezia\Tradly\node_modules\.bin;C:\Users\fezia\node_modules\.bin;C:\Users\node_modules\.bin;C:\node_modules\.bin;C:\Program Files\nodejs\node_modules\npm\node_modules\@npmcli\run-script\lib\node-gyp-bin;C:\Program Files\Microsoft\jdk-11.0.18.10-hotspot\bin;C:\WINDOWS\system32;C:\WINDOWS;C:\WINDOWS\System32\Wbem;C:\WINDOWS\System32\WindowsPowerShell\v1.0\;C:\WINDOWS\System32\OpenSSH\;C:\Program Files\Git\cmd;C:\ProgramData\chocolatey\bin;C:\Program Files\nodejs\;C:\Users\fezia\AppData\Local\Android\Sdk\platform-tools;C:\Users\fezia\AppData\Local\Microsoft\WindowsApps;C:\Users\fezia\AppData\Local\Programs\Microsoft VS Code\bin;C:\Users\fezia\AppData\Local\Android\Sdk\platform-tools;C:\Users\fezia\AppData\Roaming\npm
USERNAME=fezia
OS=Windows_NT
PROCESSOR_IDENTIFIER=Intel64 Family 6 Model 58 Stepping 9, GenuineIntel



---------------  S Y S T E M  ---------------

OS: Windows 10 , 64 bit Build 19041 (10.0.19041.3155)
OS uptime: 0 days 23:22 hours
Hyper-V role detected

CPU:total 4 (initial active 4) (2 cores per cpu, 2 threads per core) family 6 model 58 stepping 9 microcode 0x21, cmov, cx8, fxsr, mmx, sse, sse2, sse3, ssse3, sse4.1, sse4.2, popcnt, avx, aes, clmul, erms, ht, tsc, tscinvbit, tscinv

Memory: 4k page, system-wide physical 3959M (188M free)
TotalPageFile size 16247M (AvailPageFile size 2M)
current process WorkingSet (physical memory assigned to process): 494M, peak: 554M
current process commit charge ("private bytes"): 601M, peak: 603M

vm_info: OpenJDK 64-Bit Server VM (11.0.13+0-b1751.21-8125866) for windows-amd64 JRE (11.0.13+0-b1751.21-8125866), built on Feb  2 2022 03:00:22 by "builder" with MS VC++ 14.0 (VS2015)

END.
