#
# There is insufficient memory for the Java Runtime Environment to continue.
# Native memory allocation (malloc) failed to allocate 1971056 bytes for Chunk::new
# Possible reasons:
#   The system is out of physical RAM or swap space
#   The process is running with CompressedOops enabled, and the Java Heap may be blocking the growth of the native heap
# Possible solutions:
#   Reduce memory load on the system
#   Increase physical memory or swap space
#   Check if swap backing store is full
#   Decrease Java heap size (-Xmx/-Xms)
#   Decrease number of Java threads
#   Decrease Java thread stack sizes (-Xss)
#   Set larger code cache with -XX:ReservedCodeCacheSize=
#   JVM is running with Unscaled Compressed Oops mode in which the Java heap is
#     placed in the first 4GB address space. The Java Heap base address is the
#     maximum limit for the native heap growth. Please use -XX:HeapBaseMinAddress
#     to set the Java Heap base and to place the Java Heap above 4GB virtual address.
# This output file may be truncated or incomplete.
#
#  Out of Memory Error (./src/hotspot/share/memory/arena.cpp:197), pid=16016, tid=2396
#
# JRE version: OpenJDK Runtime Environment (11.0.13) (build 11.0.13+0-b1751.21-8125866)
# Java VM: OpenJDK 64-Bit Server VM (11.0.13+0-b1751.21-8125866, mixed mode, tiered, compressed oops, g1 gc, windows-amd64)
# No core dump will be written. Minidumps are not enabled by default on client versions of Windows
#

---------------  S U M M A R Y ------------

Command Line: -XX:MaxMetaspaceSize=512m --add-opens=java.base/java.util=ALL-UNNAMED --add-opens=java.base/java.lang=ALL-UNNAMED --add-opens=java.base/java.lang.invoke=ALL-UNNAMED --add-opens=java.base/java.util=ALL-UNNAMED --add-opens=java.prefs/java.util.prefs=ALL-UNNAMED --add-opens=java.prefs/java.util.prefs=ALL-UNNAMED --add-opens=java.base/java.nio.charset=ALL-UNNAMED --add-opens=java.base/java.net=ALL-UNNAMED --add-opens=java.base/java.util.concurrent.atomic=ALL-UNNAMED -Xmx2048m -Dfile.encoding=windows-1252 -Duser.country=US -Duser.language=en -Duser.variant org.gradle.launcher.daemon.bootstrap.GradleDaemon 7.5.1

Host: Intel(R) Core(TM) i5-3320M CPU @ 2.60GHz, 4 cores, 3G,  Windows 10 , 64 bit Build 19041 (10.0.19041.3155)
Time: Sat Jul 15 10:53:07 2023 Pakistan Standard Time elapsed time: 379.852134 seconds (0d 0h 6m 19s)

---------------  T H R E A D  ---------------

Current thread (0x000001959aae3800):  JavaThread "C2 CompilerThread0" daemon [_thread_in_native, id=2396, stack(0x00000016dcf00000,0x00000016dd000000)]


Current CompileTask:
C2: 379852 22385       4       com.google.common.collect.AbstractMapBasedMultimap::put (92 bytes)

Stack: [0x00000016dcf00000,0x00000016dd000000]
Native frames: (J=compiled Java code, j=interpreted, Vv=VM code, C=native code)
V  [jvm.dll+0x6100fa]
V  [jvm.dll+0x747090]
V  [jvm.dll+0x7486ad]
V  [jvm.dll+0x748d83]
V  [jvm.dll+0x24ab48]
V  [jvm.dll+0xc04dc]
V  [jvm.dll+0xc0a0c]
V  [jvm.dll+0x35eb9d]
V  [jvm.dll+0x32b833]
V  [jvm.dll+0x32ad2a]
V  [jvm.dll+0x2032b2]
V  [jvm.dll+0x202437]
V  [jvm.dll+0x188e01]
V  [jvm.dll+0x21106b]
V  [jvm.dll+0x20f8c1]
V  [jvm.dll+0x70de0f]
V  [jvm.dll+0x706a75]
V  [jvm.dll+0x60ed66]
C  [ucrtbase.dll+0x21bb2]
C  [KERNEL32.DLL+0x17614]
C  [ntdll.dll+0x526b1]


---------------  P R O C E S S  ---------------

Threads class SMR info:
_java_thread_list=0x00000195a7feac50, length=98, elements={
0x00000195fff01000, 0x000001959aa7d800, 0x000001959aa7f000, 0x000001959aadd000,
0x000001959aadf000, 0x000001959aae0000, 0x000001959aae3800, 0x000001959aae7000,
0x000001959aaed800, 0x000001959ad5c800, 0x000001959c166800, 0x000001959bb96800,
0x000001959af0a800, 0x000001959b974000, 0x000001959b131800, 0x000001959ba88800,
0x000001959cf24000, 0x000001959c27a000, 0x000001959c232000, 0x000001959afbd000,
0x000001959ba89800, 0x000001959ba8b000, 0x000001959ba8a800, 0x000001959ba8f800,
0x000001959ba8c000, 0x000001959ba8d000, 0x000001959ba8d800, 0x000001959ba8e800,
0x000001959ba90000, 0x000001959d47d000, 0x000001959d47a800, 0x000001959d47e000,
0x000001959d47f800, 0x000001959d47b800, 0x000001959d47c000, 0x000001959d483000,
0x000001959d483800, 0x000001959d484800, 0x000001959d486000, 0x000001959d481000,
0x000001959d482000, 0x000001959d487000, 0x000001959d487800, 0x000001959d488800,
0x000001959cf9a000, 0x000001959cf96000, 0x000001959cf96800, 0x000001959cf97800,
0x000001959cf95000, 0x000001959cf98800, 0x000001959cf99000, 0x000001959cf94800,
0x000001959cfa0800, 0x000001959cf9c800, 0x000001959cf9b000, 0x000001959cfa1800,
0x000001959cf9d800, 0x000001959cf9e000, 0x000001959cf9f000, 0x000001959cf9f800,
0x000001959cf9b800, 0x000001959cfa2000, 0x000001959cfa3000, 0x000001959ec83800,
0x000001959ec81000, 0x000001959ec82000, 0x000001959ec83000, 0x000001959ec7f800,
0x000001959ec80800, 0x000001959ec7e000, 0x000001959ec84800, 0x000001959ec7f000,
0x000001959ec85800, 0x000001959ec8b000, 0x000001959ec87800, 0x000001959ec8a000,
0x000001959ec86000, 0x000001959ec8c800, 0x000001959ec88800, 0x000001959eca7800,
0x000001959eca6800, 0x000001959eca8000, 0x000001959eca4000, 0x000001959eca3000,
0x000001959eca2800, 0x000001959eca9000, 0x000001959eca5800, 0x000001959f8e0000,
0x000001959f8db800, 0x000001959f8dd000, 0x000001959f8df800, 0x000001959f8da800,
0x000001959f8e3800, 0x000001959f8e2800, 0x000001959f8de000, 0x000001959f8e6000,
0x000001959f8e2000, 0x000001959f8e1000
}

Java Threads: ( => current thread )
  0x00000195fff01000 JavaThread "main" [_thread_blocked, id=10608, stack(0x00000016dc300000,0x00000016dc400000)]
  0x000001959aa7d800 JavaThread "Reference Handler" daemon [_thread_blocked, id=3556, stack(0x00000016dca00000,0x00000016dcb00000)]
  0x000001959aa7f000 JavaThread "Finalizer" daemon [_thread_blocked, id=16036, stack(0x00000016dcb00000,0x00000016dcc00000)]
  0x000001959aadd000 JavaThread "Signal Dispatcher" daemon [_thread_blocked, id=7208, stack(0x00000016dcc00000,0x00000016dcd00000)]
  0x000001959aadf000 JavaThread "Attach Listener" daemon [_thread_blocked, id=14788, stack(0x00000016dcd00000,0x00000016dce00000)]
  0x000001959aae0000 JavaThread "Service Thread" daemon [_thread_blocked, id=9740, stack(0x00000016dce00000,0x00000016dcf00000)]
=>0x000001959aae3800 JavaThread "C2 CompilerThread0" daemon [_thread_in_native, id=2396, stack(0x00000016dcf00000,0x00000016dd000000)]
  0x000001959aae7000 JavaThread "C1 CompilerThread0" daemon [_thread_blocked, id=336, stack(0x00000016dd000000,0x00000016dd100000)]
  0x000001959aaed800 JavaThread "Sweeper thread" daemon [_thread_blocked, id=16452, stack(0x00000016dd100000,0x00000016dd200000)]
  0x000001959ad5c800 JavaThread "Common-Cleaner" daemon [_thread_blocked, id=16560, stack(0x00000016dd200000,0x00000016dd300000)]
  0x000001959c166800 JavaThread "Daemon health stats" [_thread_blocked, id=4272, stack(0x00000016dd500000,0x00000016dd600000)]
  0x000001959bb96800 JavaThread "Incoming local TCP Connector on port 55114" [_thread_in_native, id=10700, stack(0x00000016dd600000,0x00000016dd700000)]
  0x000001959af0a800 JavaThread "Daemon periodic checks" [_thread_blocked, id=15680, stack(0x00000016dd700000,0x00000016dd800000)]
  0x000001959b974000 JavaThread "Daemon" [_thread_blocked, id=2912, stack(0x00000016dd800000,0x00000016dd900000)]
  0x000001959b131800 JavaThread "Handler for socket connection from /127.0.0.1:55114 to /127.0.0.1:55116" [_thread_in_native, id=8436, stack(0x00000016dd900000,0x00000016dda00000)]
  0x000001959ba88800 JavaThread "Cancel handler" [_thread_blocked, id=16192, stack(0x00000016dda00000,0x00000016ddb00000)]
  0x000001959cf24000 JavaThread "Daemon worker" [_thread_blocked, id=5900, stack(0x00000016ddb00000,0x00000016ddc00000)]
  0x000001959c27a000 JavaThread "Asynchronous log dispatcher for DefaultDaemonConnection: socket connection from /127.0.0.1:55114 to /127.0.0.1:55116" [_thread_blocked, id=14140, stack(0x00000016ddc00000,0x00000016ddd00000)]
  0x000001959c232000 JavaThread "Stdin handler" [_thread_blocked, id=12220, stack(0x00000016ddd00000,0x00000016dde00000)]
  0x000001959afbd000 JavaThread "Daemon client event forwarder" [_thread_blocked, id=7236, stack(0x00000016dde00000,0x00000016ddf00000)]
  0x000001959ba89800 JavaThread "Cache worker for journal cache (C:\Users\fezia\.gradle\caches\journal-1)" [_thread_blocked, id=9300, stack(0x00000016ddf00000,0x00000016de000000)]
  0x000001959ba8b000 JavaThread "File lock request listener" [_thread_in_native, id=2364, stack(0x00000016de000000,0x00000016de100000)]
  0x000001959ba8a800 JavaThread "Cache worker for file hash cache (C:\Users\fezia\.gradle\caches\7.5.1\fileHashes)" [_thread_blocked, id=10880, stack(0x00000016de300000,0x00000016de400000)]
  0x000001959ba8f800 JavaThread "File watcher server" daemon [_thread_in_native, id=17280, stack(0x00000016de400000,0x00000016de500000)]
  0x000001959ba8c000 JavaThread "File watcher consumer" daemon [_thread_blocked, id=15840, stack(0x00000016de500000,0x00000016de600000)]
  0x000001959ba8d000 JavaThread "Cache worker for checksums cache (C:\Users\fezia\Tradly\android\.gradle\7.5.1\checksums)" [_thread_blocked, id=16340, stack(0x00000016de600000,0x00000016de700000)]
  0x000001959ba8d800 JavaThread "Cache worker for cache directory md-rule (C:\Users\fezia\.gradle\caches\7.5.1\md-rule)" [_thread_blocked, id=15448, stack(0x00000016de700000,0x00000016de800000)]
  0x000001959ba8e800 JavaThread "Cache worker for file content cache (C:\Users\fezia\.gradle\caches\7.5.1\fileContent)" [_thread_blocked, id=16328, stack(0x00000016de800000,0x00000016de900000)]
  0x000001959ba90000 JavaThread "Cache worker for file hash cache (C:\Users\fezia\Tradly\android\.gradle\7.5.1\fileHashes)" [_thread_blocked, id=12852, stack(0x00000016de900000,0x00000016dea00000)]
  0x000001959d47d000 JavaThread "Cache worker for cache directory md-supplier (C:\Users\fezia\.gradle\caches\7.5.1\md-supplier)" [_thread_blocked, id=13800, stack(0x00000016dea00000,0x00000016deb00000)]
  0x000001959d47a800 JavaThread "Cache worker for execution history cache (C:\Users\fezia\.gradle\caches\7.5.1\executionHistory)" [_thread_blocked, id=15468, stack(0x00000016deb00000,0x00000016dec00000)]
  0x000001959d47e000 JavaThread "jar transforms" [_thread_blocked, id=14212, stack(0x00000016dec00000,0x00000016ded00000)]
  0x000001959d47f800 JavaThread "jar transforms Thread 2" [_thread_blocked, id=16636, stack(0x00000016ded00000,0x00000016dee00000)]
  0x000001959d47b800 JavaThread "jar transforms Thread 3" [_thread_blocked, id=12560, stack(0x00000016dee00000,0x00000016def00000)]
  0x000001959d47c000 JavaThread "jar transforms Thread 4" [_thread_blocked, id=16492, stack(0x00000016def00000,0x00000016df000000)]
  0x000001959d483000 JavaThread "Cache worker for kotlin-dsl (C:\Users\fezia\.gradle\caches\7.5.1\kotlin-dsl)" [_thread_blocked, id=9016, stack(0x00000016df100000,0x00000016df200000)]
  0x000001959d483800 JavaThread "Cache worker for dependencies-accessors (C:\Users\fezia\Tradly\android\.gradle\7.5.1\dependencies-accessors)" [_thread_blocked, id=8396, stack(0x00000016df200000,0x00000016df300000)]
  0x000001959d484800 JavaThread "Cache worker for Build Output Cleanup Cache (C:\Users\fezia\Tradly\node_modules\react-native-gradle-plugin\.gradle\buildOutputCleanup)" [_thread_blocked, id=16788, stack(0x00000016df300000,0x00000016df400000)]
  0x000001959d486000 JavaThread "Unconstrained build operations" [_thread_blocked, id=15492, stack(0x00000016df500000,0x00000016df600000)]
  0x000001959d481000 JavaThread "Unconstrained build operations Thread 2" [_thread_blocked, id=16248, stack(0x00000016df600000,0x00000016df700000)]
  0x000001959d482000 JavaThread "Unconstrained build operations Thread 3" [_thread_blocked, id=14360, stack(0x00000016df700000,0x00000016df800000)]
  0x000001959d487000 JavaThread "Unconstrained build operations Thread 4" [_thread_blocked, id=7604, stack(0x00000016df800000,0x00000016df900000)]
  0x000001959d487800 JavaThread "Unconstrained build operations Thread 5" [_thread_blocked, id=14520, stack(0x00000016df900000,0x00000016dfa00000)]
  0x000001959d488800 JavaThread "Unconstrained build operations Thread 6" [_thread_blocked, id=16228, stack(0x00000016dfa00000,0x00000016dfb00000)]
  0x000001959cf9a000 JavaThread "Unconstrained build operations Thread 7" [_thread_blocked, id=15812, stack(0x00000016dfb00000,0x00000016dfc00000)]
  0x000001959cf96000 JavaThread "Unconstrained build operations Thread 8" [_thread_blocked, id=15428, stack(0x00000016dfc00000,0x00000016dfd00000)]
  0x000001959cf96800 JavaThread "Unconstrained build operations Thread 9" [_thread_blocked, id=15744, stack(0x00000016dfd00000,0x00000016dfe00000)]
  0x000001959cf97800 JavaThread "Unconstrained build operations Thread 10" [_thread_blocked, id=7092, stack(0x00000016dfe00000,0x00000016dff00000)]
  0x000001959cf95000 JavaThread "Unconstrained build operations Thread 11" [_thread_blocked, id=340, stack(0x00000016dff00000,0x00000016e0000000)]
  0x000001959cf98800 JavaThread "Unconstrained build operations Thread 12" [_thread_blocked, id=14844, stack(0x00000016e0000000,0x00000016e0100000)]
  0x000001959cf99000 JavaThread "Unconstrained build operations Thread 13" [_thread_blocked, id=16712, stack(0x00000016e0100000,0x00000016e0200000)]
  0x000001959cf94800 JavaThread "Unconstrained build operations Thread 14" [_thread_blocked, id=15172, stack(0x00000016e0200000,0x00000016e0300000)]
  0x000001959cfa0800 JavaThread "Unconstrained build operations Thread 15" [_thread_blocked, id=16052, stack(0x00000016e0300000,0x00000016e0400000)]
  0x000001959cf9c800 JavaThread "Unconstrained build operations Thread 16" [_thread_blocked, id=13756, stack(0x00000016e0400000,0x00000016e0500000)]
  0x000001959cf9b000 JavaThread "Unconstrained build operations Thread 17" [_thread_blocked, id=4488, stack(0x00000016e0500000,0x00000016e0600000)]
  0x000001959cfa1800 JavaThread "Unconstrained build operations Thread 18" [_thread_blocked, id=17160, stack(0x00000016e0600000,0x00000016e0700000)]
  0x000001959cf9d800 JavaThread "Unconstrained build operations Thread 19" [_thread_blocked, id=3156, stack(0x00000016e0700000,0x00000016e0800000)]
  0x000001959cf9e000 JavaThread "Unconstrained build operations Thread 20" [_thread_blocked, id=12148, stack(0x00000016e0800000,0x00000016e0900000)]
  0x000001959cf9f000 JavaThread "Unconstrained build operations Thread 21" [_thread_blocked, id=16092, stack(0x00000016e0900000,0x00000016e0a00000)]
  0x000001959cf9f800 JavaThread "Unconstrained build operations Thread 22" [_thread_blocked, id=10632, stack(0x00000016e0a00000,0x00000016e0b00000)]
  0x000001959cf9b800 JavaThread "Unconstrained build operations Thread 23" [_thread_blocked, id=8124, stack(0x00000016e0b00000,0x00000016e0c00000)]
  0x000001959cfa2000 JavaThread "Unconstrained build operations Thread 24" [_thread_blocked, id=15092, stack(0x00000016e0c00000,0x00000016e0d00000)]
  0x000001959cfa3000 JavaThread "Unconstrained build operations Thread 25" [_thread_blocked, id=4864, stack(0x00000016e0d00000,0x00000016e0e00000)]
  0x000001959ec83800 JavaThread "Unconstrained build operations Thread 26" [_thread_blocked, id=14980, stack(0x00000016e0e00000,0x00000016e0f00000)]
  0x000001959ec81000 JavaThread "Unconstrained build operations Thread 27" [_thread_blocked, id=13988, stack(0x00000016e0f00000,0x00000016e1000000)]
  0x000001959ec82000 JavaThread "Unconstrained build operations Thread 28" [_thread_blocked, id=10652, stack(0x00000016e1000000,0x00000016e1100000)]
  0x000001959ec83000 JavaThread "Unconstrained build operations Thread 29" [_thread_blocked, id=15884, stack(0x00000016e1100000,0x00000016e1200000)]
  0x000001959ec7f800 JavaThread "Unconstrained build operations Thread 30" [_thread_blocked, id=8924, stack(0x00000016e1200000,0x00000016e1300000)]
  0x000001959ec80800 JavaThread "Unconstrained build operations Thread 31" [_thread_blocked, id=15496, stack(0x00000016e1300000,0x00000016e1400000)]
  0x000001959ec7e000 JavaThread "Unconstrained build operations Thread 32" [_thread_blocked, id=14952, stack(0x00000016e1400000,0x00000016e1500000)]
  0x000001959ec84800 JavaThread "Unconstrained build operations Thread 33" [_thread_blocked, id=632, stack(0x00000016e1500000,0x00000016e1600000)]
  0x000001959ec7f000 JavaThread "build event listener" [_thread_blocked, id=10556, stack(0x00000016e1600000,0x00000016e1700000)]
  0x000001959ec85800 JavaThread "Memory manager" [_thread_blocked, id=14856, stack(0x00000016e1700000,0x00000016e1800000)]
  0x000001959ec8b000 JavaThread "Cache worker for Build Output Cleanup Cache (C:\Users\fezia\Tradly\android\.gradle\buildOutputCleanup)" [_thread_blocked, id=15636, stack(0x00000016e1800000,0x00000016e1900000)]
  0x000001959ec87800 JavaThread "Execution worker" [_thread_blocked, id=14628, stack(0x00000016e1a00000,0x00000016e1b00000)]
  0x000001959ec8a000 JavaThread "Execution worker Thread 2" [_thread_blocked, id=16456, stack(0x00000016e1b00000,0x00000016e1c00000)]
  0x000001959ec86000 JavaThread "Execution worker Thread 3" [_thread_in_native, id=6944, stack(0x00000016e1c00000,0x00000016e1d00000)]
  0x000001959ec8c800 JavaThread "Cache worker for execution history cache (C:\Users\fezia\Tradly\node_modules\react-native-gradle-plugin\.gradle\7.5.1\executionHistory)" [_thread_blocked, id=1520, stack(0x00000016e1d00000,0x00000016e1e00000)]
  0x000001959ec88800 JavaThread "Unconstrained build operations Thread 34" [_thread_blocked, id=16536, stack(0x00000016e1e00000,0x00000016e1f00000)]
  0x000001959eca7800 JavaThread "Unconstrained build operations Thread 35" [_thread_blocked, id=14976, stack(0x00000016e1f00000,0x00000016e2000000)]
  0x000001959eca6800 JavaThread "Unconstrained build operations Thread 36" [_thread_blocked, id=9812, stack(0x00000016e2000000,0x00000016e2100000)]
  0x000001959eca8000 JavaThread "Unconstrained build operations Thread 37" [_thread_blocked, id=2228, stack(0x00000016e2100000,0x00000016e2200000)]
  0x000001959eca4000 JavaThread "Unconstrained build operations Thread 38" [_thread_blocked, id=11476, stack(0x00000016e2200000,0x00000016e2300000)]
  0x000001959eca3000 JavaThread "Unconstrained build operations Thread 39" [_thread_blocked, id=12088, stack(0x00000016e2300000,0x00000016e2400000)]
  0x000001959eca2800 JavaThread "Unconstrained build operations Thread 40" [_thread_blocked, id=13116, stack(0x00000016e2400000,0x00000016e2500000)]
  0x000001959eca9000 JavaThread "RMI Scheduler(0)" daemon [_thread_blocked, id=3112, stack(0x00000016dc100000,0x00000016dc200000)]
  0x000001959eca5800 JavaThread "RMI GC Daemon" daemon [_thread_blocked, id=15104, stack(0x00000016e2500000,0x00000016e2600000)]
  0x000001959f8e0000 JavaThread "RMI TCP Accept-0" daemon [_thread_in_native, id=12996, stack(0x00000016e2600000,0x00000016e2700000)]
  0x000001959f8db800 JavaThread "RMI Reaper" [_thread_blocked, id=9124, stack(0x00000016e2700000,0x00000016e2800000)]
  0x000001959f8dd000 JavaThread "pool-3-thread-1" [_thread_blocked, id=7316, stack(0x00000016dc200000,0x00000016dc300000)]
  0x000001959f8df800 JavaThread "build event listener" [_thread_blocked, id=6828, stack(0x00000016e1900000,0x00000016e1a00000)]
  0x000001959f8da800 JavaThread "included builds Thread 2" [_thread_blocked, id=15520, stack(0x00000016e2800000,0x00000016e2900000)]
  0x000001959f8e3800 JavaThread "Cache worker for execution history cache (C:\Users\fezia\Tradly\android\.gradle\7.5.1\executionHistory)" [_thread_blocked, id=14724, stack(0x00000016e2900000,0x00000016e2a00000)]
  0x000001959f8e2800 JavaThread "WorkerExecutor Queue" [_thread_in_Java, id=15924, stack(0x00000016e2a00000,0x00000016e2b00000)]
  0x000001959f8de000 JavaThread "WorkerExecutor Queue Thread 2" [_thread_blocked, id=5808, stack(0x00000016e2b00000,0x00000016e2c00000)]
  0x000001959f8e6000 JavaThread "WorkerExecutor Queue Thread 3" [_thread_blocked, id=17244, stack(0x00000016e2c00000,0x00000016e2d00000)]
  0x000001959f8e2000 JavaThread "WorkerExecutor Queue Thread 4" [_thread_in_Java, id=5508, stack(0x00000016e2d00000,0x00000016e2e00000)]
  0x000001959f8e1000 JavaThread "RMI TCP Connection(idle)" daemon [_thread_blocked, id=14312, stack(0x00000016e2e00000,0x00000016e2f00000)]

Other Threads:
  0x000001959aa78800 VMThread "VM Thread" [stack: 0x00000016dc900000,0x00000016dca00000] [id=11632]
  0x000001959ad89800 WatcherThread [stack: 0x00000016dd300000,0x00000016dd400000] [id=15756]
  0x00000195fff19800 GCTaskThread "GC Thread#0" [stack: 0x00000016dc400000,0x00000016dc500000] [id=11168]
  0x000001959b217000 GCTaskThread "GC Thread#1" [stack: 0x00000016dd400000,0x00000016dd500000] [id=15900]
  0x000001959b887000 GCTaskThread "GC Thread#2" [stack: 0x00000016de100000,0x00000016de200000] [id=6020]
  0x000001959c323000 GCTaskThread "GC Thread#3" [stack: 0x00000016de200000,0x00000016de300000] [id=4556]
  0x00000195fff49000 ConcurrentGCThread "G1 Main Marker" [stack: 0x00000016dc500000,0x00000016dc600000] [id=12728]
  0x00000195fff4a800 ConcurrentGCThread "G1 Conc#0" [stack: 0x00000016dc600000,0x00000016dc700000] [id=7036]
  0x00000195fffa1800 ConcurrentGCThread "G1 Refine#0" [stack: 0x00000016dc700000,0x00000016dc800000] [id=3152]
  0x00000195fffa3000 ConcurrentGCThread "G1 Young RemSet Sampling" [stack: 0x00000016dc800000,0x00000016dc900000] [id=2692]

Threads with active compile tasks:
C2 CompilerThread0 379937 22385       4       com.google.common.collect.AbstractMapBasedMultimap::put (92 bytes)
C1 CompilerThread0 379938 22447       2       com.google.common.collect.ImmutableList::of (9 bytes)

VM state:not at safepoint (normal execution)

VM Mutex/Monitor currently owned by a thread:  ([mutex/lock_event])
[0x00000195ffefce10] Compile_lock - owner thread: 0x0000000000000000

Heap address: 0x0000000080000000, size: 2048 MB, Compressed Oops mode: 32-bit
Narrow klass base: 0x0000000000000000, Narrow klass shift: 3
Compressed class space size: 528482304 Address: 0x0000000100000000

Heap:
 garbage-first heap   total 278528K, used 210989K [0x0000000080000000, 0x0000000100000000)
  region size 1024K, 37 young (37888K), 2 survivors (2048K)
 Metaspace       used 137426K, capacity 141412K, committed 141520K, reserved 641024K
  class space    used 17078K, capacity 18515K, committed 18560K, reserved 516096K
Heap Regions: E=young(eden), S=young(survivor), O=old, HS=humongous(starts), HC=humongous(continues), CS=collection set, F=free, A=archive, TAMS=top-at-mark-start (previous, next)
|   0|0x0000000080000000, 0x0000000080100000, 0x0000000080100000|100%|HS|  |TAMS 0x0000000080100000, 0x0000000080000000| Complete 
|   1|0x0000000080100000, 0x0000000080200000, 0x0000000080200000|100%|HC|  |TAMS 0x0000000080200000, 0x0000000080100000| Complete 
|   2|0x0000000080200000, 0x0000000080300000, 0x0000000080300000|100%|HC|  |TAMS 0x0000000080300000, 0x0000000080200000| Complete 
|   3|0x0000000080300000, 0x0000000080400000, 0x0000000080400000|100%| O|  |TAMS 0x0000000080400000, 0x0000000080300000| Untracked 
|   4|0x0000000080400000, 0x0000000080500000, 0x0000000080500000|100%| O|  |TAMS 0x0000000080500000, 0x0000000080400000| Untracked 
|   5|0x0000000080500000, 0x0000000080600000, 0x0000000080600000|100%| O|  |TAMS 0x0000000080600000, 0x0000000080500000| Untracked 
|   6|0x0000000080600000, 0x0000000080700000, 0x0000000080700000|100%| O|  |TAMS 0x0000000080700000, 0x0000000080600000| Untracked 
|   7|0x0000000080700000, 0x0000000080800000, 0x0000000080800000|100%| O|  |TAMS 0x0000000080800000, 0x0000000080700000| Untracked 
|   8|0x0000000080800000, 0x0000000080900000, 0x0000000080900000|100%| O|  |TAMS 0x0000000080900000, 0x0000000080800000| Untracked 
|   9|0x0000000080900000, 0x0000000080a00000, 0x0000000080a00000|100%| O|  |TAMS 0x0000000080a00000, 0x0000000080900000| Untracked 
|  10|0x0000000080a00000, 0x0000000080b00000, 0x0000000080b00000|100%| O|  |TAMS 0x0000000080b00000, 0x0000000080a00000| Untracked 
|  11|0x0000000080b00000, 0x0000000080c00000, 0x0000000080c00000|100%| O|  |TAMS 0x0000000080c00000, 0x0000000080b00000| Untracked 
|  12|0x0000000080c00000, 0x0000000080d00000, 0x0000000080d00000|100%| O|  |TAMS 0x0000000080d00000, 0x0000000080c00000| Untracked 
|  13|0x0000000080d00000, 0x0000000080e00000, 0x0000000080e00000|100%| O|  |TAMS 0x0000000080e00000, 0x0000000080d00000| Untracked 
|  14|0x0000000080e00000, 0x0000000080f00000, 0x0000000080f00000|100%| O|  |TAMS 0x0000000080f00000, 0x0000000080e00000| Untracked 
|  15|0x0000000080f00000, 0x0000000081000000, 0x0000000081000000|100%| O|  |TAMS 0x0000000081000000, 0x0000000080f00000| Untracked 
|  16|0x0000000081000000, 0x0000000081100000, 0x0000000081100000|100%| O|  |TAMS 0x0000000081100000, 0x0000000081000000| Untracked 
|  17|0x0000000081100000, 0x0000000081200000, 0x0000000081200000|100%| O|  |TAMS 0x0000000081200000, 0x0000000081100000| Untracked 
|  18|0x0000000081200000, 0x0000000081300000, 0x0000000081300000|100%| O|  |TAMS 0x0000000081300000, 0x0000000081200000| Untracked 
|  19|0x0000000081300000, 0x0000000081400000, 0x0000000081400000|100%| O|  |TAMS 0x0000000081400000, 0x0000000081300000| Untracked 
|  20|0x0000000081400000, 0x0000000081500000, 0x0000000081500000|100%| O|  |TAMS 0x0000000081500000, 0x0000000081400000| Untracked 
|  21|0x0000000081500000, 0x0000000081600000, 0x0000000081600000|100%| O|  |TAMS 0x0000000081600000, 0x0000000081500000| Untracked 
|  22|0x0000000081600000, 0x0000000081700000, 0x0000000081700000|100%| O|  |TAMS 0x0000000081700000, 0x0000000081600000| Untracked 
|  23|0x0000000081700000, 0x0000000081800000, 0x0000000081800000|100%| O|  |TAMS 0x0000000081800000, 0x0000000081700000| Untracked 
|  24|0x0000000081800000, 0x0000000081900000, 0x0000000081900000|100%| O|  |TAMS 0x0000000081900000, 0x0000000081800000| Untracked 
|  25|0x0000000081900000, 0x0000000081a00000, 0x0000000081a00000|100%| O|  |TAMS 0x0000000081a00000, 0x0000000081900000| Untracked 
|  26|0x0000000081a00000, 0x0000000081b00000, 0x0000000081b00000|100%| O|  |TAMS 0x0000000081b00000, 0x0000000081a00000| Untracked 
|  27|0x0000000081b00000, 0x0000000081c00000, 0x0000000081c00000|100%| O|  |TAMS 0x0000000081c00000, 0x0000000081b00000| Untracked 
|  28|0x0000000081c00000, 0x0000000081d00000, 0x0000000081d00000|100%| O|  |TAMS 0x0000000081d00000, 0x0000000081c00000| Untracked 
|  29|0x0000000081d00000, 0x0000000081e00000, 0x0000000081e00000|100%| O|  |TAMS 0x0000000081e00000, 0x0000000081d00000| Untracked 
|  30|0x0000000081e00000, 0x0000000081f00000, 0x0000000081f00000|100%| O|  |TAMS 0x0000000081f00000, 0x0000000081e00000| Untracked 
|  31|0x0000000081f00000, 0x0000000082000000, 0x0000000082000000|100%| O|  |TAMS 0x0000000082000000, 0x0000000081f00000| Untracked 
|  32|0x0000000082000000, 0x0000000082100000, 0x0000000082100000|100%| O|  |TAMS 0x0000000082100000, 0x0000000082000000| Untracked 
|  33|0x0000000082100000, 0x0000000082200000, 0x0000000082200000|100%| O|  |TAMS 0x0000000082200000, 0x0000000082100000| Untracked 
|  34|0x0000000082200000, 0x0000000082300000, 0x0000000082300000|100%| O|  |TAMS 0x0000000082300000, 0x0000000082200000| Untracked 
|  35|0x0000000082300000, 0x0000000082400000, 0x0000000082400000|100%| O|  |TAMS 0x0000000082400000, 0x0000000082300000| Untracked 
|  36|0x0000000082400000, 0x0000000082500000, 0x0000000082500000|100%|HS|  |TAMS 0x0000000082500000, 0x0000000082400000| Complete 
|  37|0x0000000082500000, 0x0000000082600000, 0x0000000082600000|100%|HS|  |TAMS 0x0000000082600000, 0x0000000082500000| Complete 
|  38|0x0000000082600000, 0x0000000082700000, 0x0000000082700000|100%|HC|  |TAMS 0x0000000082700000, 0x0000000082600000| Complete 
|  39|0x0000000082700000, 0x0000000082800000, 0x0000000082800000|100%|HC|  |TAMS 0x0000000082800000, 0x0000000082700000| Complete 
|  40|0x0000000082800000, 0x0000000082900000, 0x0000000082900000|100%| O|  |TAMS 0x0000000082900000, 0x0000000082800000| Untracked 
|  41|0x0000000082900000, 0x0000000082a00000, 0x0000000082a00000|100%| O|  |TAMS 0x0000000082a00000, 0x0000000082900000| Untracked 
|  42|0x0000000082a00000, 0x0000000082b00000, 0x0000000082b00000|100%| O|  |TAMS 0x0000000082b00000, 0x0000000082a00000| Untracked 
|  43|0x0000000082b00000, 0x0000000082c00000, 0x0000000082c00000|100%| O|  |TAMS 0x0000000082c00000, 0x0000000082b00000| Untracked 
|  44|0x0000000082c00000, 0x0000000082d00000, 0x0000000082d00000|100%| O|  |TAMS 0x0000000082d00000, 0x0000000082c00000| Untracked 
|  45|0x0000000082d00000, 0x0000000082e00000, 0x0000000082e00000|100%| O|  |TAMS 0x0000000082e00000, 0x0000000082d00000| Untracked 
|  46|0x0000000082e00000, 0x0000000082f00000, 0x0000000082f00000|100%| O|  |TAMS 0x0000000082f00000, 0x0000000082e00000| Untracked 
|  47|0x0000000082f00000, 0x0000000083000000, 0x0000000083000000|100%| O|  |TAMS 0x0000000083000000, 0x0000000082f00000| Untracked 
|  48|0x0000000083000000, 0x0000000083100000, 0x0000000083100000|100%| O|  |TAMS 0x0000000083100000, 0x0000000083000000| Untracked 
|  49|0x0000000083100000, 0x0000000083200000, 0x0000000083200000|100%| O|  |TAMS 0x0000000083200000, 0x0000000083100000| Untracked 
|  50|0x0000000083200000, 0x0000000083300000, 0x0000000083300000|100%| O|  |TAMS 0x0000000083300000, 0x0000000083200000| Untracked 
|  51|0x0000000083300000, 0x0000000083400000, 0x0000000083400000|100%| O|  |TAMS 0x0000000083400000, 0x0000000083300000| Untracked 
|  52|0x0000000083400000, 0x0000000083500000, 0x0000000083500000|100%| O|  |TAMS 0x0000000083500000, 0x0000000083400000| Untracked 
|  53|0x0000000083500000, 0x0000000083600000, 0x0000000083600000|100%| O|  |TAMS 0x0000000083600000, 0x0000000083500000| Untracked 
|  54|0x0000000083600000, 0x0000000083700000, 0x0000000083700000|100%| O|  |TAMS 0x0000000083700000, 0x0000000083600000| Untracked 
|  55|0x0000000083700000, 0x0000000083800000, 0x0000000083800000|100%| O|  |TAMS 0x0000000083800000, 0x0000000083700000| Untracked 
|  56|0x0000000083800000, 0x0000000083900000, 0x0000000083900000|100%|HS|  |TAMS 0x0000000083900000, 0x0000000083800000| Complete 
|  57|0x0000000083900000, 0x0000000083a00000, 0x0000000083a00000|100%|HS|  |TAMS 0x0000000083a00000, 0x0000000083900000| Complete 
|  58|0x0000000083a00000, 0x0000000083b00000, 0x0000000083b00000|100%| O|  |TAMS 0x0000000083b00000, 0x0000000083a00000| Untracked 
|  59|0x0000000083b00000, 0x0000000083c00000, 0x0000000083c00000|100%| O|  |TAMS 0x0000000083c00000, 0x0000000083b00000| Untracked 
|  60|0x0000000083c00000, 0x0000000083d00000, 0x0000000083d00000|100%| O|  |TAMS 0x0000000083d00000, 0x0000000083c00000| Untracked 
|  61|0x0000000083d00000, 0x0000000083e00000, 0x0000000083e00000|100%|HS|  |TAMS 0x0000000083e00000, 0x0000000083d00000| Complete 
|  62|0x0000000083e00000, 0x0000000083f00000, 0x0000000083f00000|100%|HC|  |TAMS 0x0000000083f00000, 0x0000000083e00000| Complete 
|  63|0x0000000083f00000, 0x0000000084000000, 0x0000000084000000|100%| O|  |TAMS 0x0000000084000000, 0x0000000083f00000| Untracked 
|  64|0x0000000084000000, 0x0000000084100000, 0x0000000084100000|100%| O|  |TAMS 0x0000000084100000, 0x0000000084000000| Untracked 
|  65|0x0000000084100000, 0x0000000084200000, 0x0000000084200000|100%| O|  |TAMS 0x0000000084200000, 0x0000000084100000| Untracked 
|  66|0x0000000084200000, 0x0000000084300000, 0x0000000084300000|100%| O|  |TAMS 0x0000000084300000, 0x0000000084200000| Untracked 
|  67|0x0000000084300000, 0x0000000084400000, 0x0000000084400000|100%| O|  |TAMS 0x0000000084400000, 0x0000000084300000| Untracked 
|  68|0x0000000084400000, 0x0000000084500000, 0x0000000084500000|100%| O|  |TAMS 0x0000000084500000, 0x0000000084400000| Untracked 
|  69|0x0000000084500000, 0x0000000084600000, 0x0000000084600000|100%| O|  |TAMS 0x0000000084600000, 0x0000000084500000| Untracked 
|  70|0x0000000084600000, 0x0000000084700000, 0x0000000084700000|100%| O|  |TAMS 0x0000000084700000, 0x0000000084600000| Untracked 
|  71|0x0000000084700000, 0x0000000084800000, 0x0000000084800000|100%| O|  |TAMS 0x0000000084800000, 0x0000000084700000| Untracked 
|  72|0x0000000084800000, 0x0000000084900000, 0x0000000084900000|100%| O|  |TAMS 0x0000000084900000, 0x0000000084800000| Untracked 
|  73|0x0000000084900000, 0x0000000084a00000, 0x0000000084a00000|100%| O|  |TAMS 0x0000000084a00000, 0x0000000084900000| Untracked 
|  74|0x0000000084a00000, 0x0000000084b00000, 0x0000000084b00000|100%| O|  |TAMS 0x0000000084b00000, 0x0000000084a00000| Untracked 
|  75|0x0000000084b00000, 0x0000000084c00000, 0x0000000084c00000|100%| O|  |TAMS 0x0000000084c00000, 0x0000000084b00000| Untracked 
|  76|0x0000000084c00000, 0x0000000084d00000, 0x0000000084d00000|100%| O|  |TAMS 0x0000000084d00000, 0x0000000084c00000| Untracked 
|  77|0x0000000084d00000, 0x0000000084e00000, 0x0000000084e00000|100%| O|  |TAMS 0x0000000084e00000, 0x0000000084d00000| Untracked 
|  78|0x0000000084e00000, 0x0000000084f00000, 0x0000000084f00000|100%| O|  |TAMS 0x0000000084f00000, 0x0000000084e00000| Untracked 
|  79|0x0000000084f00000, 0x0000000085000000, 0x0000000085000000|100%| O|  |TAMS 0x0000000085000000, 0x0000000084f00000| Untracked 
|  80|0x0000000085000000, 0x0000000085100000, 0x0000000085100000|100%| O|  |TAMS 0x0000000085100000, 0x0000000085000000| Untracked 
|  81|0x0000000085100000, 0x0000000085200000, 0x0000000085200000|100%| O|  |TAMS 0x0000000085200000, 0x0000000085100000| Untracked 
|  82|0x0000000085200000, 0x0000000085300000, 0x0000000085300000|100%| O|  |TAMS 0x0000000085300000, 0x0000000085200000| Untracked 
|  83|0x0000000085300000, 0x0000000085400000, 0x0000000085400000|100%| O|  |TAMS 0x0000000085400000, 0x0000000085300000| Untracked 
|  84|0x0000000085400000, 0x0000000085500000, 0x0000000085500000|100%| O|  |TAMS 0x0000000085500000, 0x0000000085400000| Untracked 
|  85|0x0000000085500000, 0x0000000085600000, 0x0000000085600000|100%|HS|  |TAMS 0x0000000085600000, 0x0000000085500000| Complete 
|  86|0x0000000085600000, 0x0000000085700000, 0x0000000085700000|100%|HC|  |TAMS 0x0000000085700000, 0x0000000085600000| Complete 
|  87|0x0000000085700000, 0x0000000085800000, 0x0000000085800000|100%|HS|  |TAMS 0x0000000085800000, 0x0000000085700000| Complete 
|  88|0x0000000085800000, 0x0000000085900000, 0x0000000085900000|100%|HC|  |TAMS 0x0000000085900000, 0x0000000085800000| Complete 
|  89|0x0000000085900000, 0x0000000085a00000, 0x0000000085a00000|100%| O|  |TAMS 0x0000000085a00000, 0x0000000085900000| Untracked 
|  90|0x0000000085a00000, 0x0000000085b00000, 0x0000000085b00000|100%| O|  |TAMS 0x0000000085b00000, 0x0000000085a00000| Untracked 
|  91|0x0000000085b00000, 0x0000000085c00000, 0x0000000085c00000|100%| O|  |TAMS 0x0000000085c00000, 0x0000000085b00000| Untracked 
|  92|0x0000000085c00000, 0x0000000085d00000, 0x0000000085d00000|100%| O|  |TAMS 0x0000000085d00000, 0x0000000085c00000| Untracked 
|  93|0x0000000085d00000, 0x0000000085e00000, 0x0000000085e00000|100%| O|  |TAMS 0x0000000085e00000, 0x0000000085d00000| Untracked 
|  94|0x0000000085e00000, 0x0000000085f00000, 0x0000000085f00000|100%| O|  |TAMS 0x0000000085f00000, 0x0000000085e00000| Untracked 
|  95|0x0000000085f00000, 0x0000000086000000, 0x0000000086000000|100%| O|  |TAMS 0x0000000086000000, 0x0000000085f00000| Untracked 
|  96|0x0000000086000000, 0x0000000086100000, 0x0000000086100000|100%| O|  |TAMS 0x0000000086100000, 0x0000000086000000| Untracked 
|  97|0x0000000086100000, 0x0000000086200000, 0x0000000086200000|100%| O|  |TAMS 0x0000000086200000, 0x0000000086100000| Untracked 
|  98|0x0000000086200000, 0x0000000086300000, 0x0000000086300000|100%| O|  |TAMS 0x0000000086300000, 0x0000000086200000| Untracked 
|  99|0x0000000086300000, 0x0000000086400000, 0x0000000086400000|100%| O|  |TAMS 0x0000000086400000, 0x0000000086300000| Untracked 
| 100|0x0000000086400000, 0x0000000086400000, 0x0000000086500000|  0%| F|  |TAMS 0x0000000086400000, 0x0000000086400000| Untracked 
| 101|0x0000000086500000, 0x0000000086500000, 0x0000000086600000|  0%| F|  |TAMS 0x0000000086500000, 0x0000000086500000| Untracked 
| 102|0x0000000086600000, 0x0000000086700000, 0x0000000086700000|100%| O|  |TAMS 0x0000000086700000, 0x0000000086600000| Untracked 
| 103|0x0000000086700000, 0x0000000086800000, 0x0000000086800000|100%| O|  |TAMS 0x0000000086800000, 0x0000000086700000| Untracked 
| 104|0x0000000086800000, 0x0000000086900000, 0x0000000086900000|100%|HS|  |TAMS 0x0000000086900000, 0x0000000086800000| Complete 
| 105|0x0000000086900000, 0x0000000086a00000, 0x0000000086a00000|100%| O|  |TAMS 0x0000000086a00000, 0x0000000086900000| Untracked 
| 106|0x0000000086a00000, 0x0000000086b00000, 0x0000000086b00000|100%| O|  |TAMS 0x0000000086b00000, 0x0000000086a00000| Untracked 
| 107|0x0000000086b00000, 0x0000000086b00000, 0x0000000086c00000|  0%| F|  |TAMS 0x0000000086b00000, 0x0000000086b00000| Untracked 
| 108|0x0000000086c00000, 0x0000000086d00000, 0x0000000086d00000|100%| O|  |TAMS 0x0000000086d00000, 0x0000000086c00000| Untracked 
| 109|0x0000000086d00000, 0x0000000086e00000, 0x0000000086e00000|100%| O|  |TAMS 0x0000000086e00000, 0x0000000086d00000| Untracked 
| 110|0x0000000086e00000, 0x0000000086f00000, 0x0000000086f00000|100%|HS|  |TAMS 0x0000000086f00000, 0x0000000086e00000| Complete 
| 111|0x0000000086f00000, 0x0000000087000000, 0x0000000087000000|100%|HC|  |TAMS 0x0000000087000000, 0x0000000086f00000| Complete 
| 112|0x0000000087000000, 0x0000000087100000, 0x0000000087100000|100%|HC|  |TAMS 0x0000000087100000, 0x0000000087000000| Complete 
| 113|0x0000000087100000, 0x0000000087200000, 0x0000000087200000|100%| O|  |TAMS 0x0000000087200000, 0x0000000087100000| Untracked 
| 114|0x0000000087200000, 0x0000000087300000, 0x0000000087300000|100%| O|  |TAMS 0x0000000087300000, 0x0000000087200000| Untracked 
| 115|0x0000000087300000, 0x0000000087400000, 0x0000000087400000|100%| O|  |TAMS 0x0000000087400000, 0x0000000087300000| Untracked 
| 116|0x0000000087400000, 0x0000000087500000, 0x0000000087500000|100%| O|  |TAMS 0x0000000087500000, 0x0000000087400000| Untracked 
| 117|0x0000000087500000, 0x0000000087500000, 0x0000000087600000|  0%| F|  |TAMS 0x0000000087500000, 0x0000000087500000| Untracked 
| 118|0x0000000087600000, 0x0000000087600000, 0x0000000087700000|  0%| F|  |TAMS 0x0000000087600000, 0x0000000087600000| Untracked 
| 119|0x0000000087700000, 0x0000000087800000, 0x0000000087800000|100%| O|  |TAMS 0x0000000087800000, 0x0000000087700000| Untracked 
| 120|0x0000000087800000, 0x0000000087900000, 0x0000000087900000|100%| O|  |TAMS 0x0000000087900000, 0x0000000087800000| Untracked 
| 121|0x0000000087900000, 0x0000000087a00000, 0x0000000087a00000|100%| O|  |TAMS 0x0000000087a00000, 0x0000000087900000| Untracked 
| 122|0x0000000087a00000, 0x0000000087b00000, 0x0000000087b00000|100%| O|  |TAMS 0x0000000087b00000, 0x0000000087a00000| Untracked 
| 123|0x0000000087b00000, 0x0000000087b00000, 0x0000000087c00000|  0%| F|  |TAMS 0x0000000087b00000, 0x0000000087b00000| Untracked 
| 124|0x0000000087c00000, 0x0000000087d00000, 0x0000000087d00000|100%|HS|  |TAMS 0x0000000087d00000, 0x0000000087c00000| Complete 
| 125|0x0000000087d00000, 0x0000000087e00000, 0x0000000087e00000|100%|HS|  |TAMS 0x0000000087e00000, 0x0000000087d00000| Complete 
| 126|0x0000000087e00000, 0x0000000087f00000, 0x0000000087f00000|100%|HS|  |TAMS 0x0000000087f00000, 0x0000000087e00000| Complete 
| 127|0x0000000087f00000, 0x0000000088000000, 0x0000000088000000|100%|HC|  |TAMS 0x0000000088000000, 0x0000000087f00000| Complete 
| 128|0x0000000088000000, 0x0000000088100000, 0x0000000088100000|100%|HC|  |TAMS 0x0000000088100000, 0x0000000088000000| Complete 
| 129|0x0000000088100000, 0x0000000088200000, 0x0000000088200000|100%| O|  |TAMS 0x0000000088200000, 0x0000000088100000| Untracked 
| 130|0x0000000088200000, 0x0000000088300000, 0x0000000088300000|100%| O|  |TAMS 0x0000000088300000, 0x0000000088200000| Untracked 
| 131|0x0000000088300000, 0x0000000088400000, 0x0000000088400000|100%| O|  |TAMS 0x0000000088400000, 0x0000000088300000| Untracked 
| 132|0x0000000088400000, 0x0000000088500000, 0x0000000088500000|100%| O|  |TAMS 0x0000000088500000, 0x0000000088400000| Untracked 
| 133|0x0000000088500000, 0x0000000088600000, 0x0000000088600000|100%| O|  |TAMS 0x0000000088600000, 0x0000000088500000| Untracked 
| 134|0x0000000088600000, 0x0000000088700000, 0x0000000088700000|100%| O|  |TAMS 0x0000000088700000, 0x0000000088600000| Untracked 
| 135|0x0000000088700000, 0x0000000088800000, 0x0000000088800000|100%| O|  |TAMS 0x0000000088800000, 0x0000000088700000| Untracked 
| 136|0x0000000088800000, 0x0000000088900000, 0x0000000088900000|100%| O|  |TAMS 0x0000000088900000, 0x0000000088800000| Untracked 
| 137|0x0000000088900000, 0x0000000088a00000, 0x0000000088a00000|100%| O|  |TAMS 0x0000000088a00000, 0x0000000088900000| Untracked 
| 138|0x0000000088a00000, 0x0000000088b00000, 0x0000000088b00000|100%| O|  |TAMS 0x0000000088b00000, 0x0000000088a00000| Untracked 
| 139|0x0000000088b00000, 0x0000000088c00000, 0x0000000088c00000|100%| O|  |TAMS 0x0000000088c00000, 0x0000000088b00000| Untracked 
| 140|0x0000000088c00000, 0x0000000088d00000, 0x0000000088d00000|100%| O|  |TAMS 0x0000000088d00000, 0x0000000088c00000| Untracked 
| 141|0x0000000088d00000, 0x0000000088e00000, 0x0000000088e00000|100%| O|  |TAMS 0x0000000088e00000, 0x0000000088d00000| Untracked 
| 142|0x0000000088e00000, 0x0000000088f00000, 0x0000000088f00000|100%| O|  |TAMS 0x0000000088f00000, 0x0000000088e00000| Untracked 
| 143|0x0000000088f00000, 0x0000000089000000, 0x0000000089000000|100%| O|  |TAMS 0x0000000089000000, 0x0000000088f00000| Untracked 
| 144|0x0000000089000000, 0x0000000089100000, 0x0000000089100000|100%| O|  |TAMS 0x0000000089100000, 0x0000000089000000| Untracked 
| 145|0x0000000089100000, 0x0000000089200000, 0x0000000089200000|100%| O|  |TAMS 0x0000000089200000, 0x0000000089100000| Untracked 
| 146|0x0000000089200000, 0x0000000089300000, 0x0000000089300000|100%| O|  |TAMS 0x0000000089300000, 0x0000000089200000| Untracked 
| 147|0x0000000089300000, 0x0000000089400000, 0x0000000089400000|100%| O|  |TAMS 0x0000000089400000, 0x0000000089300000| Untracked 
| 148|0x0000000089400000, 0x0000000089400000, 0x0000000089500000|  0%| F|  |TAMS 0x0000000089400000, 0x0000000089400000| Untracked 
| 149|0x0000000089500000, 0x0000000089600000, 0x0000000089600000|100%| O|  |TAMS 0x0000000089600000, 0x0000000089500000| Untracked 
| 150|0x0000000089600000, 0x0000000089700000, 0x0000000089700000|100%| O|  |TAMS 0x0000000089700000, 0x0000000089600000| Untracked 
| 151|0x0000000089700000, 0x0000000089800000, 0x0000000089800000|100%| O|  |TAMS 0x0000000089800000, 0x0000000089700000| Untracked 
| 152|0x0000000089800000, 0x0000000089900000, 0x0000000089900000|100%| O|  |TAMS 0x0000000089900000, 0x0000000089800000| Untracked 
| 153|0x0000000089900000, 0x0000000089900000, 0x0000000089a00000|  0%| F|  |TAMS 0x0000000089900000, 0x0000000089900000| Untracked 
| 154|0x0000000089a00000, 0x0000000089a00000, 0x0000000089b00000|  0%| F|  |TAMS 0x0000000089a00000, 0x0000000089a00000| Untracked 
| 155|0x0000000089b00000, 0x0000000089c00000, 0x0000000089c00000|100%| O|  |TAMS 0x0000000089b00000, 0x0000000089b00000| Untracked 
| 156|0x0000000089c00000, 0x0000000089d00000, 0x0000000089d00000|100%| O|  |TAMS 0x0000000089c00000, 0x0000000089c00000| Untracked 
| 157|0x0000000089d00000, 0x0000000089e00000, 0x0000000089e00000|100%| O|  |TAMS 0x0000000089e00000, 0x0000000089d00000| Untracked 
| 158|0x0000000089e00000, 0x0000000089e00000, 0x0000000089f00000|  0%| F|  |TAMS 0x0000000089e00000, 0x0000000089e00000| Untracked 
| 159|0x0000000089f00000, 0x000000008a000000, 0x000000008a000000|100%| O|  |TAMS 0x000000008a000000, 0x0000000089f00000| Untracked 
| 160|0x000000008a000000, 0x000000008a100000, 0x000000008a100000|100%| O|  |TAMS 0x000000008a100000, 0x000000008a000000| Untracked 
| 161|0x000000008a100000, 0x000000008a200000, 0x000000008a200000|100%| O|  |TAMS 0x000000008a200000, 0x000000008a100000| Untracked 
| 162|0x000000008a200000, 0x000000008a300000, 0x000000008a300000|100%| O|  |TAMS 0x000000008a300000, 0x000000008a200000| Untracked 
| 163|0x000000008a300000, 0x000000008a400000, 0x000000008a400000|100%| O|  |TAMS 0x000000008a400000, 0x000000008a300000| Untracked 
| 164|0x000000008a400000, 0x000000008a500000, 0x000000008a500000|100%| O|  |TAMS 0x000000008a500000, 0x000000008a400000| Untracked 
| 165|0x000000008a500000, 0x000000008a600000, 0x000000008a600000|100%| O|  |TAMS 0x000000008a600000, 0x000000008a500000| Untracked 
| 166|0x000000008a600000, 0x000000008a700000, 0x000000008a700000|100%| O|  |TAMS 0x000000008a700000, 0x000000008a600000| Untracked 
| 167|0x000000008a700000, 0x000000008a800000, 0x000000008a800000|100%| O|  |TAMS 0x000000008a800000, 0x000000008a700000| Untracked 
| 168|0x000000008a800000, 0x000000008a900000, 0x000000008a900000|100%| O|  |TAMS 0x000000008a900000, 0x000000008a800000| Untracked 
| 169|0x000000008a900000, 0x000000008aa00000, 0x000000008aa00000|100%| O|  |TAMS 0x000000008aa00000, 0x000000008a900000| Untracked 
| 170|0x000000008aa00000, 0x000000008aa00000, 0x000000008ab00000|  0%| F|  |TAMS 0x000000008aa00000, 0x000000008aa00000| Untracked 
| 171|0x000000008ab00000, 0x000000008ac00000, 0x000000008ac00000|100%| O|  |TAMS 0x000000008ac00000, 0x000000008ab00000| Untracked 
| 172|0x000000008ac00000, 0x000000008ac00000, 0x000000008ad00000|  0%| F|  |TAMS 0x000000008ac00000, 0x000000008ac00000| Untracked 
| 173|0x000000008ad00000, 0x000000008ae00000, 0x000000008ae00000|100%| O|  |TAMS 0x000000008ad00000, 0x000000008ad00000| Untracked 
| 174|0x000000008ae00000, 0x000000008af00000, 0x000000008af00000|100%| O|  |TAMS 0x000000008af00000, 0x000000008ae00000| Untracked 
| 175|0x000000008af00000, 0x000000008b000000, 0x000000008b000000|100%| O|  |TAMS 0x000000008af00000, 0x000000008af00000| Untracked 
| 176|0x000000008b000000, 0x000000008b100000, 0x000000008b100000|100%| O|  |TAMS 0x000000008b100000, 0x000000008b000000| Untracked 
| 177|0x000000008b100000, 0x000000008b200000, 0x000000008b200000|100%| O|  |TAMS 0x000000008b200000, 0x000000008b100000| Untracked 
| 178|0x000000008b200000, 0x000000008b300000, 0x000000008b300000|100%| O|  |TAMS 0x000000008b300000, 0x000000008b200000| Untracked 
| 179|0x000000008b300000, 0x000000008b300000, 0x000000008b400000|  0%| F|  |TAMS 0x000000008b300000, 0x000000008b300000| Untracked 
| 180|0x000000008b400000, 0x000000008b400000, 0x000000008b500000|  0%| F|  |TAMS 0x000000008b400000, 0x000000008b400000| Untracked 
| 181|0x000000008b500000, 0x000000008b600000, 0x000000008b600000|100%| O|  |TAMS 0x000000008b500000, 0x000000008b500000| Untracked 
| 182|0x000000008b600000, 0x000000008b700000, 0x000000008b700000|100%| O|  |TAMS 0x000000008b600000, 0x000000008b600000| Untracked 
| 183|0x000000008b700000, 0x000000008b70b600, 0x000000008b800000|  4%| O|  |TAMS 0x000000008b700000, 0x000000008b700000| Untracked 
| 184|0x000000008b800000, 0x000000008b800000, 0x000000008b900000|  0%| F|  |TAMS 0x000000008b800000, 0x000000008b800000| Untracked 
| 185|0x000000008b900000, 0x000000008b900000, 0x000000008ba00000|  0%| F|  |TAMS 0x000000008b900000, 0x000000008b900000| Untracked 
| 186|0x000000008ba00000, 0x000000008ba00000, 0x000000008bb00000|  0%| F|  |TAMS 0x000000008ba00000, 0x000000008ba00000| Untracked 
| 187|0x000000008bb00000, 0x000000008bb00000, 0x000000008bc00000|  0%| F|  |TAMS 0x000000008bb00000, 0x000000008bb00000| Untracked 
| 188|0x000000008bc00000, 0x000000008bc00000, 0x000000008bd00000|  0%| F|  |TAMS 0x000000008bc00000, 0x000000008bc00000| Untracked 
| 189|0x000000008bd00000, 0x000000008bd00000, 0x000000008be00000|  0%| F|  |TAMS 0x000000008bd00000, 0x000000008bd00000| Untracked 
| 190|0x000000008be00000, 0x000000008be00000, 0x000000008bf00000|  0%| F|  |TAMS 0x000000008be00000, 0x000000008be00000| Untracked 
| 191|0x000000008bf00000, 0x000000008bf00000, 0x000000008c000000|  0%| F|  |TAMS 0x000000008bf00000, 0x000000008bf00000| Untracked 
| 192|0x000000008c000000, 0x000000008c000000, 0x000000008c100000|  0%| F|  |TAMS 0x000000008c000000, 0x000000008c000000| Untracked 
| 193|0x000000008c100000, 0x000000008c100000, 0x000000008c200000|  0%| F|  |TAMS 0x000000008c100000, 0x000000008c100000| Untracked 
| 194|0x000000008c200000, 0x000000008c200000, 0x000000008c300000|  0%| F|  |TAMS 0x000000008c200000, 0x000000008c200000| Untracked 
| 195|0x000000008c300000, 0x000000008c300000, 0x000000008c400000|  0%| F|  |TAMS 0x000000008c300000, 0x000000008c300000| Untracked 
| 196|0x000000008c400000, 0x000000008c400000, 0x000000008c500000|  0%| F|  |TAMS 0x000000008c400000, 0x000000008c400000| Untracked 
| 197|0x000000008c500000, 0x000000008c500000, 0x000000008c600000|  0%| F|  |TAMS 0x000000008c500000, 0x000000008c500000| Untracked 
| 198|0x000000008c600000, 0x000000008c700000, 0x000000008c700000|100%| O|  |TAMS 0x000000008c66e800, 0x000000008c600000| Untracked 
| 199|0x000000008c700000, 0x000000008c800000, 0x000000008c800000|100%| O|  |TAMS 0x000000008c700000, 0x000000008c700000| Untracked 
| 200|0x000000008c800000, 0x000000008c800000, 0x000000008c900000|  0%| F|  |TAMS 0x000000008c800000, 0x000000008c800000| Untracked 
| 201|0x000000008c900000, 0x000000008c900000, 0x000000008ca00000|  0%| F|  |TAMS 0x000000008c900000, 0x000000008c900000| Untracked 
| 202|0x000000008ca00000, 0x000000008ca00000, 0x000000008cb00000|  0%| F|  |TAMS 0x000000008ca00000, 0x000000008ca00000| Untracked 
| 203|0x000000008cb00000, 0x000000008cb00000, 0x000000008cc00000|  0%| F|  |TAMS 0x000000008cb00000, 0x000000008cb00000| Untracked 
| 204|0x000000008cc00000, 0x000000008cc00000, 0x000000008cd00000|  0%| F|  |TAMS 0x000000008cc00000, 0x000000008cc00000| Untracked 
| 205|0x000000008cd00000, 0x000000008cd00000, 0x000000008ce00000|  0%| F|  |TAMS 0x000000008cd00000, 0x000000008cd00000| Untracked 
| 206|0x000000008ce00000, 0x000000008ce00000, 0x000000008cf00000|  0%| F|  |TAMS 0x000000008ce00000, 0x000000008ce00000| Untracked 
| 207|0x000000008cf00000, 0x000000008cf00000, 0x000000008d000000|  0%| F|  |TAMS 0x000000008cf00000, 0x000000008cf00000| Untracked 
| 208|0x000000008d000000, 0x000000008d000000, 0x000000008d100000|  0%| F|  |TAMS 0x000000008d000000, 0x000000008d000000| Untracked 
| 209|0x000000008d100000, 0x000000008d100000, 0x000000008d200000|  0%| F|  |TAMS 0x000000008d100000, 0x000000008d100000| Untracked 
| 210|0x000000008d200000, 0x000000008d200000, 0x000000008d300000|  0%| F|  |TAMS 0x000000008d200000, 0x000000008d200000| Untracked 
| 211|0x000000008d300000, 0x000000008d300000, 0x000000008d400000|  0%| F|  |TAMS 0x000000008d300000, 0x000000008d300000| Untracked 
| 212|0x000000008d400000, 0x000000008d400000, 0x000000008d500000|  0%| F|  |TAMS 0x000000008d400000, 0x000000008d400000| Untracked 
| 213|0x000000008d500000, 0x000000008d500000, 0x000000008d600000|  0%| F|  |TAMS 0x000000008d500000, 0x000000008d500000| Untracked 
| 214|0x000000008d600000, 0x000000008d600000, 0x000000008d700000|  0%| F|  |TAMS 0x000000008d600000, 0x000000008d600000| Untracked 
| 215|0x000000008d700000, 0x000000008d700000, 0x000000008d800000|  0%| F|  |TAMS 0x000000008d700000, 0x000000008d700000| Untracked 
| 216|0x000000008d800000, 0x000000008d800000, 0x000000008d900000|  0%| F|  |TAMS 0x000000008d800000, 0x000000008d800000| Untracked 
| 217|0x000000008d900000, 0x000000008d900000, 0x000000008da00000|  0%| F|  |TAMS 0x000000008d900000, 0x000000008d900000| Untracked 
| 218|0x000000008da00000, 0x000000008da00000, 0x000000008db00000|  0%| F|  |TAMS 0x000000008da00000, 0x000000008da00000| Untracked 
| 219|0x000000008db00000, 0x000000008db00000, 0x000000008dc00000|  0%| F|  |TAMS 0x000000008db00000, 0x000000008db00000| Untracked 
| 220|0x000000008dc00000, 0x000000008dc00000, 0x000000008dd00000|  0%| F|  |TAMS 0x000000008dc00000, 0x000000008dc00000| Untracked 
| 221|0x000000008dd00000, 0x000000008dd00000, 0x000000008de00000|  0%| F|  |TAMS 0x000000008dd00000, 0x000000008dd00000| Untracked 
| 222|0x000000008de00000, 0x000000008de00000, 0x000000008df00000|  0%| F|  |TAMS 0x000000008de00000, 0x000000008de00000| Untracked 
| 223|0x000000008df00000, 0x000000008df00000, 0x000000008e000000|  0%| F|  |TAMS 0x000000008df00000, 0x000000008df00000| Untracked 
| 224|0x000000008e000000, 0x000000008e000000, 0x000000008e100000|  0%| F|  |TAMS 0x000000008e000000, 0x000000008e000000| Untracked 
| 225|0x000000008e100000, 0x000000008e100000, 0x000000008e200000|  0%| F|  |TAMS 0x000000008e100000, 0x000000008e100000| Untracked 
| 226|0x000000008e200000, 0x000000008e200000, 0x000000008e300000|  0%| F|  |TAMS 0x000000008e200000, 0x000000008e200000| Untracked 
| 227|0x000000008e300000, 0x000000008e300000, 0x000000008e400000|  0%| F|  |TAMS 0x000000008e300000, 0x000000008e300000| Untracked 
| 228|0x000000008e400000, 0x000000008e400000, 0x000000008e500000|  0%| F|  |TAMS 0x000000008e400000, 0x000000008e400000| Untracked 
| 229|0x000000008e500000, 0x000000008e500000, 0x000000008e600000|  0%| F|  |TAMS 0x000000008e500000, 0x000000008e500000| Untracked 
| 230|0x000000008e600000, 0x000000008e600000, 0x000000008e700000|  0%| F|  |TAMS 0x000000008e600000, 0x000000008e600000| Untracked 
| 231|0x000000008e700000, 0x000000008e700000, 0x000000008e800000|  0%| F|  |TAMS 0x000000008e700000, 0x000000008e700000| Untracked 
| 232|0x000000008e800000, 0x000000008e800000, 0x000000008e900000|  0%| F|  |TAMS 0x000000008e800000, 0x000000008e800000| Untracked 
| 233|0x000000008e900000, 0x000000008e900000, 0x000000008ea00000|  0%| F|  |TAMS 0x000000008e900000, 0x000000008e900000| Untracked 
| 234|0x000000008ea00000, 0x000000008ea4c030, 0x000000008eb00000| 29%| E|  |TAMS 0x000000008ea00000, 0x000000008ea00000| Complete 
| 235|0x000000008eb00000, 0x000000008ec00000, 0x000000008ec00000|100%| E|CS|TAMS 0x000000008eb00000, 0x000000008eb00000| Complete 
| 236|0x000000008ec00000, 0x000000008ed00000, 0x000000008ed00000|100%| E|CS|TAMS 0x000000008ec00000, 0x000000008ec00000| Complete 
| 237|0x000000008ed00000, 0x000000008ee00000, 0x000000008ee00000|100%| E|CS|TAMS 0x000000008ed00000, 0x000000008ed00000| Complete 
| 238|0x000000008ee00000, 0x000000008ef00000, 0x000000008ef00000|100%| E|CS|TAMS 0x000000008ee00000, 0x000000008ee00000| Complete 
| 239|0x000000008ef00000, 0x000000008efffbd0, 0x000000008f000000| 99%| E|  |TAMS 0x000000008ef00000, 0x000000008ef00000| Complete 
| 240|0x000000008f000000, 0x000000008f100000, 0x000000008f100000|100%| E|CS|TAMS 0x000000008f000000, 0x000000008f000000| Complete 
| 241|0x000000008f100000, 0x000000008f200000, 0x000000008f200000|100%| E|CS|TAMS 0x000000008f100000, 0x000000008f100000| Complete 
| 242|0x000000008f200000, 0x000000008f300000, 0x000000008f300000|100%| E|CS|TAMS 0x000000008f200000, 0x000000008f200000| Complete 
| 243|0x000000008f300000, 0x000000008f400000, 0x000000008f400000|100%| E|CS|TAMS 0x000000008f300000, 0x000000008f300000| Complete 
| 244|0x000000008f400000, 0x000000008f500000, 0x000000008f500000|100%| E|CS|TAMS 0x000000008f400000, 0x000000008f400000| Complete 
| 245|0x000000008f500000, 0x000000008f600000, 0x000000008f600000|100%| E|CS|TAMS 0x000000008f500000, 0x000000008f500000| Complete 
| 246|0x000000008f600000, 0x000000008f700000, 0x000000008f700000|100%| E|CS|TAMS 0x000000008f600000, 0x000000008f600000| Complete 
| 247|0x000000008f700000, 0x000000008f800000, 0x000000008f800000|100%| E|CS|TAMS 0x000000008f700000, 0x000000008f700000| Complete 
| 248|0x000000008f800000, 0x000000008f900000, 0x000000008f900000|100%| E|CS|TAMS 0x000000008f800000, 0x000000008f800000| Complete 
| 249|0x000000008f900000, 0x000000008fa00000, 0x000000008fa00000|100%| E|CS|TAMS 0x000000008f900000, 0x000000008f900000| Complete 
| 250|0x000000008fa00000, 0x000000008fb00000, 0x000000008fb00000|100%| E|CS|TAMS 0x000000008fa00000, 0x000000008fa00000| Complete 
| 251|0x000000008fb00000, 0x000000008fc00000, 0x000000008fc00000|100%| E|CS|TAMS 0x000000008fb00000, 0x000000008fb00000| Complete 
| 252|0x000000008fc00000, 0x000000008fd00000, 0x000000008fd00000|100%| E|CS|TAMS 0x000000008fc00000, 0x000000008fc00000| Complete 
| 253|0x000000008fd00000, 0x000000008fe00000, 0x000000008fe00000|100%| E|CS|TAMS 0x000000008fd00000, 0x000000008fd00000| Complete 
| 254|0x000000008fe00000, 0x000000008ff00000, 0x000000008ff00000|100%| E|CS|TAMS 0x000000008fe00000, 0x000000008fe00000| Complete 
| 255|0x000000008ff00000, 0x0000000090000000, 0x0000000090000000|100%| E|CS|TAMS 0x000000008ff00000, 0x000000008ff00000| Complete 
| 256|0x0000000090000000, 0x0000000090100000, 0x0000000090100000|100%| E|CS|TAMS 0x0000000090000000, 0x0000000090000000| Complete 
| 257|0x0000000090100000, 0x0000000090200000, 0x0000000090200000|100%| E|CS|TAMS 0x0000000090100000, 0x0000000090100000| Complete 
| 258|0x0000000090200000, 0x0000000090300000, 0x0000000090300000|100%| E|CS|TAMS 0x0000000090200000, 0x0000000090200000| Complete 
| 259|0x0000000090300000, 0x00000000903ffff8, 0x0000000090400000| 99%| E|CS|TAMS 0x0000000090300000, 0x0000000090300000| Complete 
| 260|0x0000000090400000, 0x0000000090500000, 0x0000000090500000|100%| S|CS|TAMS 0x0000000090400000, 0x0000000090400000| Complete 
| 261|0x0000000090500000, 0x0000000090600000, 0x0000000090600000|100%| S|CS|TAMS 0x0000000090500000, 0x0000000090500000| Complete 
| 262|0x0000000090600000, 0x0000000090700000, 0x0000000090700000|100%| E|CS|TAMS 0x0000000090600000, 0x0000000090600000| Complete 
| 263|0x0000000090700000, 0x0000000090800000, 0x0000000090800000|100%| E|CS|TAMS 0x0000000090700000, 0x0000000090700000| Complete 
| 264|0x0000000090800000, 0x0000000090900000, 0x0000000090900000|100%| E|CS|TAMS 0x0000000090800000, 0x0000000090800000| Complete 
| 265|0x0000000090900000, 0x0000000090a00000, 0x0000000090a00000|100%| E|CS|TAMS 0x0000000090900000, 0x0000000090900000| Complete 
| 266|0x0000000090a00000, 0x0000000090b00000, 0x0000000090b00000|100%| E|CS|TAMS 0x0000000090a00000, 0x0000000090a00000| Complete 
| 267|0x0000000090b00000, 0x0000000090c00000, 0x0000000090c00000|100%| E|CS|TAMS 0x0000000090b00000, 0x0000000090b00000| Complete 
| 268|0x0000000090c00000, 0x0000000090d00000, 0x0000000090d00000|100%| E|CS|TAMS 0x0000000090c00000, 0x0000000090c00000| Complete 
| 269|0x0000000090d00000, 0x0000000090e00000, 0x0000000090e00000|100%| E|CS|TAMS 0x0000000090d00000, 0x0000000090d00000| Complete 
| 270|0x0000000090e00000, 0x0000000090f00000, 0x0000000090f00000|100%| E|CS|TAMS 0x0000000090e00000, 0x0000000090e00000| Complete 
| 271|0x0000000090f00000, 0x0000000091000000, 0x0000000091000000|100%| E|CS|TAMS 0x0000000090f00000, 0x0000000090f00000| Complete 

Card table byte_map: [0x0000019593490000,0x0000019593890000] _byte_map_base: 0x0000019593090000

Marking Bits (Prev, Next): (CMBitMap*) 0x00000195fff40568, (CMBitMap*) 0x00000195fff405a0
 Prev Bits: [0x0000019593c90000, 0x0000019595c90000)
 Next Bits: [0x0000019595c90000, 0x0000019597c90000)

Polling page: 0x0000019580000000

Metaspace:

Usage:
  Non-class:    120.02 MB capacity,   117.53 MB ( 98%) used,     2.09 MB (  2%) free+waste,   405.75 KB ( <1%) overhead. 
      Class:     18.08 MB capacity,    16.68 MB ( 92%) used,     1.23 MB (  7%) free+waste,   178.19 KB ( <1%) overhead. 
       Both:    138.10 MB capacity,   134.21 MB ( 97%) used,     3.32 MB (  2%) free+waste,   583.94 KB ( <1%) overhead. 

Virtual space:
  Non-class space:      122.00 MB reserved,     120.08 MB ( 98%) committed 
      Class space:      504.00 MB reserved,      18.13 MB (  4%) committed 
             Both:      626.00 MB reserved,     138.20 MB ( 22%) committed 

Chunk freelists:
   Non-Class:  3.00 KB
       Class:  13.00 KB
        Both:  16.00 KB

MaxMetaspaceSize: 512.00 MB
CompressedClassSpaceSize: 504.00 MB
Initial GC threshold: 20.80 MB
Current GC threshold: 228.05 MB
CDS: off

CodeHeap 'non-profiled nmethods': size=120064Kb used=13443Kb max_used=14163Kb free=106620Kb
 bounds [0x000001958b520000, 0x000001958c300000, 0x0000019592a60000]
CodeHeap 'profiled nmethods': size=120000Kb used=44278Kb max_used=44773Kb free=75721Kb
 bounds [0x0000019583ff0000, 0x0000019586be0000, 0x000001958b520000]
CodeHeap 'non-nmethods': size=5696Kb used=2475Kb max_used=2531Kb free=3220Kb
 bounds [0x0000019583a60000, 0x0000019583cf0000, 0x0000019583ff0000]
 total_blobs=20837 nmethods=19815 adapters=932
 compilation: enabled
              stopped_count=0, restarted_count=0
 full_count=0

Compilation events (20 events):
Event: 379.756 Thread 0x000001959aae7000 22420       2       com.google.common.collect.SingletonImmutableList::get (11 bytes)
Event: 379.756 Thread 0x000001959aae7000 nmethod 22420 0x0000019585b1ff10 code [0x0000019585b200e0, 0x0000019585b202d8]
Event: 379.757 Thread 0x000001959aae7000 22421       2       com.google.common.base.Preconditions::checkElementIndex (8 bytes)
Event: 379.757 Thread 0x000001959aae7000 nmethod 22421 0x0000019585b1fa10 code [0x0000019585b1fbe0, 0x0000019585b1fdb8]
Event: 379.757 Thread 0x000001959aae7000 22422       2       com.google.common.base.Preconditions::checkElementIndex (25 bytes)
Event: 379.758 Thread 0x000001959aae7000 nmethod 22422 0x0000019585b1f590 code [0x0000019585b1f760, 0x0000019585b1f918]
Event: 379.769 Thread 0x000001959aae7000 22424 %     3       org.objectweb.asm.ClassWriter::toByteArray @ 17 (1535 bytes)
Event: 379.781 Thread 0x000001959aae7000 nmethod 22424% 0x0000019585bf9010 code [0x0000019585bf9920, 0x0000019585bfdaa8]
Event: 379.781 Thread 0x000001959aae7000 22426       1       com.android.zipflinger.Source::getName (5 bytes)
Event: 379.781 Thread 0x000001959aae7000 nmethod 22426 0x000001958bb22610 code [0x000001958bb227c0, 0x000001958bb22878]
Event: 379.781 Thread 0x000001959aae7000 22427       1       com.android.zipflinger.Source::getCompressedSize (5 bytes)
Event: 379.781 Thread 0x000001959aae7000 nmethod 22427 0x000001958bb22310 code [0x000001958bb224c0, 0x000001958bb22578]
Event: 379.781 Thread 0x000001959aae7000 22428       1       com.android.zipflinger.Source::getNameBytes (5 bytes)
Event: 379.782 Thread 0x000001959aae7000 nmethod 22428 0x000001958bb22010 code [0x000001958bb221c0, 0x000001958bb22278]
Event: 379.801 Thread 0x000001959aae7000 22429       2       java.util.regex.Matcher::reset (128 bytes)
Event: 379.802 Thread 0x000001959aae7000 nmethod 22429 0x0000019585332490 code [0x0000019585332680, 0x00000195853329c8]
Event: 379.804 Thread 0x000001959aae7000 22430       2       com.google.common.collect.SparseImmutableTable::rowMap (10 bytes)
Event: 379.804 Thread 0x000001959aae7000 nmethod 22430 0x0000019585b1f210 code [0x0000019585b1f3c0, 0x0000019585b1f4c8]
Event: 379.823 Thread 0x000001959aae7000 22431       2       com.android.zipflinger.Ints::longToUint (23 bytes)
Event: 379.823 Thread 0x000001959aae7000 nmethod 22431 0x0000019585bf8b10 code [0x0000019585bf8cc0, 0x0000019585bf8e68]

GC Heap History (20 events):
Event: 367.056 GC heap before
{Heap before GC invocations=299 (full 0):
 garbage-first heap   total 231424K, used 214852K [0x0000000080000000, 0x0000000100000000)
  region size 1024K, 11 young (11264K), 2 survivors (2048K)
 Metaspace       used 135547K, capacity 139478K, committed 139600K, reserved 638976K
  class space    used 16922K, capacity 18342K, committed 18432K, reserved 516096K
}
Event: 367.063 GC heap after
{Heap after GC invocations=300 (full 0):
 garbage-first heap   total 231424K, used 204771K [0x0000000080000000, 0x0000000100000000)
  region size 1024K, 1 young (1024K), 1 survivors (1024K)
 Metaspace       used 135547K, capacity 139478K, committed 139600K, reserved 638976K
  class space    used 16922K, capacity 18342K, committed 18432K, reserved 516096K
}
Event: 367.837 GC heap before
{Heap before GC invocations=300 (full 0):
 garbage-first heap   total 231424K, used 213987K [0x0000000080000000, 0x0000000100000000)
  region size 1024K, 11 young (11264K), 1 survivors (1024K)
 Metaspace       used 135688K, capacity 139587K, committed 139856K, reserved 638976K
  class space    used 16928K, capacity 18376K, committed 18432K, reserved 516096K
}
Event: 367.846 GC heap after
{Heap after GC invocations=301 (full 0):
 garbage-first heap   total 231424K, used 204780K [0x0000000080000000, 0x0000000100000000)
  region size 1024K, 1 young (1024K), 1 survivors (1024K)
 Metaspace       used 135688K, capacity 139587K, committed 139856K, reserved 638976K
  class space    used 16928K, capacity 18376K, committed 18432K, reserved 516096K
}
Event: 369.343 GC heap before
{Heap before GC invocations=301 (full 0):
 garbage-first heap   total 231424K, used 213996K [0x0000000080000000, 0x0000000100000000)
  region size 1024K, 11 young (11264K), 1 survivors (1024K)
 Metaspace       used 135755K, capacity 139685K, committed 139856K, reserved 638976K
  class space    used 16934K, capacity 18383K, committed 18432K, reserved 516096K
}
Event: 369.359 GC heap after
{Heap after GC invocations=302 (full 0):
 garbage-first heap   total 231424K, used 205074K [0x0000000080000000, 0x0000000100000000)
  region size 1024K, 1 young (1024K), 1 survivors (1024K)
 Metaspace       used 135755K, capacity 139685K, committed 139856K, reserved 638976K
  class space    used 16934K, capacity 18383K, committed 18432K, reserved 516096K
}
Event: 369.398 GC heap before
{Heap before GC invocations=302 (full 0):
 garbage-first heap   total 231424K, used 208146K [0x0000000080000000, 0x0000000100000000)
  region size 1024K, 3 young (3072K), 1 survivors (1024K)
 Metaspace       used 135758K, capacity 139685K, committed 139856K, reserved 638976K
  class space    used 16934K, capacity 18383K, committed 18432K, reserved 516096K
}
Event: 369.443 GC heap after
{Heap after GC invocations=303 (full 0):
 garbage-first heap   total 231424K, used 207143K [0x0000000080000000, 0x0000000100000000)
  region size 1024K, 1 young (1024K), 1 survivors (1024K)
 Metaspace       used 135758K, capacity 139685K, committed 139856K, reserved 638976K
  class space    used 16934K, capacity 18383K, committed 18432K, reserved 516096K
}
Event: 369.751 GC heap before
{Heap before GC invocations=303 (full 0):
 garbage-first heap   total 231424K, used 218407K [0x0000000080000000, 0x0000000100000000)
  region size 1024K, 11 young (11264K), 1 survivors (1024K)
 Metaspace       used 135764K, capacity 139688K, committed 139856K, reserved 638976K
  class space    used 16934K, capacity 18383K, committed 18432K, reserved 516096K
}
Event: 369.758 GC heap after
{Heap after GC invocations=304 (full 0):
 garbage-first heap   total 231424K, used 205866K [0x0000000080000000, 0x0000000100000000)
  region size 1024K, 2 young (2048K), 2 survivors (2048K)
 Metaspace       used 135764K, capacity 139688K, committed 139856K, reserved 638976K
  class space    used 16934K, capacity 18383K, committed 18432K, reserved 516096K
}
Event: 370.128 GC heap before
{Heap before GC invocations=304 (full 0):
 garbage-first heap   total 231424K, used 218154K [0x0000000080000000, 0x0000000100000000)
  region size 1024K, 11 young (11264K), 2 survivors (2048K)
 Metaspace       used 135767K, capacity 139688K, committed 139856K, reserved 638976K
  class space    used 16934K, capacity 18383K, committed 18432K, reserved 516096K
}
Event: 370.140 GC heap after
{Heap after GC invocations=305 (full 0):
 garbage-first heap   total 231424K, used 206695K [0x0000000080000000, 0x0000000100000000)
  region size 1024K, 2 young (2048K), 2 survivors (2048K)
 Metaspace       used 135767K, capacity 139688K, committed 139856K, reserved 638976K
  class space    used 16934K, capacity 18383K, committed 18432K, reserved 516096K
}
Event: 371.554 GC heap before
{Heap before GC invocations=305 (full 0):
 garbage-first heap   total 231424K, used 214887K [0x0000000080000000, 0x0000000100000000)
  region size 1024K, 11 young (11264K), 2 survivors (2048K)
 Metaspace       used 135861K, capacity 139757K, committed 139856K, reserved 638976K
  class space    used 16935K, capacity 18383K, committed 18432K, reserved 516096K
}
Event: 371.577 GC heap after
{Heap after GC invocations=306 (full 0):
 garbage-first heap   total 231424K, used 207051K [0x0000000080000000, 0x0000000100000000)
  region size 1024K, 2 young (2048K), 2 survivors (2048K)
 Metaspace       used 135861K, capacity 139757K, committed 139856K, reserved 638976K
  class space    used 16935K, capacity 18383K, committed 18432K, reserved 516096K
}
Event: 374.646 GC heap before
{Heap before GC invocations=306 (full 0):
 garbage-first heap   total 231424K, used 207051K [0x0000000080000000, 0x0000000100000000)
  region size 1024K, 11 young (11264K), 2 survivors (2048K)
 Metaspace       used 136174K, capacity 140099K, committed 140368K, reserved 638976K
  class space    used 16960K, capacity 18408K, committed 18432K, reserved 516096K
}
Event: 374.680 GC heap after
{Heap after GC invocations=307 (full 0):
 garbage-first heap   total 278528K, used 198713K [0x0000000080000000, 0x0000000100000000)
  region size 1024K, 1 young (1024K), 1 survivors (1024K)
 Metaspace       used 136174K, capacity 140099K, committed 140368K, reserved 638976K
  class space    used 16960K, capacity 18408K, committed 18432K, reserved 516096K
}
Event: 377.570 GC heap before
{Heap before GC invocations=308 (full 0):
 garbage-first heap   total 278528K, used 227385K [0x0000000080000000, 0x0000000100000000)
  region size 1024K, 26 young (26624K), 1 survivors (1024K)
 Metaspace       used 136694K, capacity 140603K, committed 140752K, reserved 638976K
  class space    used 17019K, capacity 18445K, committed 18560K, reserved 516096K
}
Event: 377.588 GC heap after
{Heap after GC invocations=309 (full 0):
 garbage-first heap   total 278528K, used 200889K [0x0000000080000000, 0x0000000100000000)
  region size 1024K, 3 young (3072K), 3 survivors (3072K)
 Metaspace       used 136694K, capacity 140603K, committed 140752K, reserved 638976K
  class space    used 17019K, capacity 18445K, committed 18560K, reserved 516096K
}
Event: 378.195 GC heap before
{Heap before GC invocations=309 (full 0):
 garbage-first heap   total 278528K, used 211129K [0x0000000080000000, 0x0000000100000000)
  region size 1024K, 13 young (13312K), 3 survivors (3072K)
 Metaspace       used 136910K, capacity 140849K, committed 141008K, reserved 638976K
  class space    used 17029K, capacity 18480K, committed 18560K, reserved 516096K
}
Event: 378.256 GC heap after
{Heap after GC invocations=310 (full 0):
 garbage-first heap   total 278528K, used 177197K [0x0000000080000000, 0x0000000100000000)
  region size 1024K, 2 young (2048K), 2 survivors (2048K)
 Metaspace       used 136910K, capacity 140849K, committed 141008K, reserved 638976K
  class space    used 17029K, capacity 18480K, committed 18560K, reserved 516096K
}

Deoptimization events (20 events):
Event: 379.728 Thread 0x000001959ec87800 Uncommon trap: trap_request=0xffffff4d fr.pc=0x000001958b69e23c relative=0x000000000000025c
Event: 379.728 Thread 0x000001959ec87800 Uncommon trap: reason=unstable_if action=reinterpret pc=0x000001958b69e23c method=java.util.regex.Matcher.reset()Ljava/util/regex/Matcher; @ 80 c2
Event: 379.728 Thread 0x000001959ec87800 DEOPT PACKING pc=0x000001958b69e23c sp=0x00000016e1afae70
Event: 379.729 Thread 0x000001959ec87800 DEOPT UNPACKING pc=0x0000019583aaa1af sp=0x00000016e1afae00 mode 2
Event: 379.731 Thread 0x000001959ec87800 Uncommon trap: trap_request=0xffffffde fr.pc=0x000001958bb24b2c relative=0x000000000000016c
Event: 379.731 Thread 0x000001959ec87800 Uncommon trap: reason=class_check action=maybe_recompile pc=0x000001958bb24b2c method=java.io.Writer.append(C)Ljava/io/Writer; @ 2 c2
Event: 379.731 Thread 0x000001959ec87800 DEOPT PACKING pc=0x000001958bb24b2c sp=0x00000016e1afaf00
Event: 379.731 Thread 0x000001959ec87800 DEOPT UNPACKING pc=0x0000019583aaa1af sp=0x00000016e1afaee8 mode 2
Event: 379.732 Thread 0x000001959ec87800 Uncommon trap: trap_request=0xffffffde fr.pc=0x000001958bb24b2c relative=0x000000000000016c
Event: 379.732 Thread 0x000001959ec87800 Uncommon trap: reason=class_check action=maybe_recompile pc=0x000001958bb24b2c method=java.io.Writer.append(C)Ljava/io/Writer; @ 2 c2
Event: 379.732 Thread 0x000001959ec87800 DEOPT PACKING pc=0x000001958bb24b2c sp=0x00000016e1afaf00
Event: 379.732 Thread 0x000001959ec87800 DEOPT UNPACKING pc=0x0000019583aaa1af sp=0x00000016e1afaee8 mode 2
Event: 379.742 Thread 0x000001959f8e6000 Uncommon trap: trap_request=0xffffffbe fr.pc=0x000001958bc55cc4 relative=0x0000000000000dc4
Event: 379.742 Thread 0x000001959f8e6000 Uncommon trap: reason=profile_predicate action=maybe_recompile pc=0x000001958bc55cc4 method=java.util.TimSort.gallopRight(Ljava/lang/Object;[Ljava/lang/Object;IIILjava/util/Comparator;)I @ 62 c2
Event: 379.742 Thread 0x000001959f8e6000 DEOPT PACKING pc=0x000001958bc55cc4 sp=0x00000016e2cfd630
Event: 379.742 Thread 0x000001959f8e6000 DEOPT UNPACKING pc=0x0000019583aaa1af sp=0x00000016e2cfd5b8 mode 2
Event: 379.742 Thread 0x000001959f8e6000 Uncommon trap: trap_request=0xffffffbe fr.pc=0x000001958bc55cc4 relative=0x0000000000000dc4
Event: 379.742 Thread 0x000001959f8e6000 Uncommon trap: reason=profile_predicate action=maybe_recompile pc=0x000001958bc55cc4 method=java.util.TimSort.gallopRight(Ljava/lang/Object;[Ljava/lang/Object;IIILjava/util/Comparator;)I @ 62 c2
Event: 379.742 Thread 0x000001959f8e6000 DEOPT PACKING pc=0x000001958bc55cc4 sp=0x00000016e2cfd630
Event: 379.742 Thread 0x000001959f8e6000 DEOPT UNPACKING pc=0x0000019583aaa1af sp=0x00000016e2cfd5b8 mode 2

Classes redefined (0 events):
No events

Internal exceptions (20 events):
Event: 378.977 Thread 0x000001959f8e2000 Exception <a 'sun/nio/fs/WindowsException'{0x000000008ff94150}> (0x000000008ff94150) thrown at [./src/hotspot/share/prims/jni.cpp, line 616]
Event: 378.993 Thread 0x000001959f8e2000 Exception <a 'sun/nio/fs/WindowsException'{0x000000008ffa7ee0}> (0x000000008ffa7ee0) thrown at [./src/hotspot/share/prims/jni.cpp, line 616]
Event: 379.000 Thread 0x000001959f8e2000 Exception <a 'sun/nio/fs/WindowsException'{0x000000008ffcaa90}> (0x000000008ffcaa90) thrown at [./src/hotspot/share/prims/jni.cpp, line 616]
Event: 379.000 Thread 0x000001959f8e2000 Exception <a 'sun/nio/fs/WindowsException'{0x000000008ffcab78}> (0x000000008ffcab78) thrown at [./src/hotspot/share/prims/jni.cpp, line 616]
Event: 379.030 Thread 0x000001959f8de000 Exception <a 'sun/nio/fs/WindowsException'{0x000000008ff8ed18}> (0x000000008ff8ed18) thrown at [./src/hotspot/share/prims/jni.cpp, line 616]
Event: 379.031 Thread 0x000001959f8de000 Exception <a 'sun/nio/fs/WindowsException'{0x000000008ff8edb8}> (0x000000008ff8edb8) thrown at [./src/hotspot/share/prims/jni.cpp, line 616]
Event: 379.031 Thread 0x000001959f8de000 Exception <a 'sun/nio/fs/WindowsException'{0x000000008ff8eea0}> (0x000000008ff8eea0) thrown at [./src/hotspot/share/prims/jni.cpp, line 616]
Event: 379.330 Thread 0x000001959ec86000 Exception <a 'sun/nio/fs/WindowsException'{0x000000008fbb2c80}> (0x000000008fbb2c80) thrown at [./src/hotspot/share/prims/jni.cpp, line 616]
Event: 379.330 Thread 0x000001959ec86000 Exception <a 'sun/nio/fs/WindowsException'{0x000000008fbb3b20}> (0x000000008fbb3b20) thrown at [./src/hotspot/share/prims/jni.cpp, line 616]
Event: 379.330 Thread 0x000001959ec86000 Exception <a 'sun/nio/fs/WindowsException'{0x000000008fbb3ea0}> (0x000000008fbb3ea0) thrown at [./src/hotspot/share/prims/jni.cpp, line 616]
Event: 379.330 Thread 0x000001959ec86000 Exception <a 'sun/nio/fs/WindowsException'{0x000000008fbb4d70}> (0x000000008fbb4d70) thrown at [./src/hotspot/share/prims/jni.cpp, line 616]
Event: 379.331 Thread 0x000001959ec86000 Exception <a 'sun/nio/fs/WindowsException'{0x000000008fbb5090}> (0x000000008fbb5090) thrown at [./src/hotspot/share/prims/jni.cpp, line 616]
Event: 379.331 Thread 0x000001959ec86000 Exception <a 'sun/nio/fs/WindowsException'{0x000000008fbb5f30}> (0x000000008fbb5f30) thrown at [./src/hotspot/share/prims/jni.cpp, line 616]
Event: 379.610 Thread 0x000001959f8da800 Exception <a 'sun/nio/fs/WindowsException'{0x000000008f5e0440}> (0x000000008f5e0440) thrown at [./src/hotspot/share/prims/jni.cpp, line 616]
Event: 379.610 Thread 0x000001959f8da800 Exception <a 'sun/nio/fs/WindowsException'{0x000000008f5e1590}> (0x000000008f5e1590) thrown at [./src/hotspot/share/prims/jni.cpp, line 616]
Event: 379.739 Thread 0x000001959f8e6000 Exception <a 'sun/nio/fs/WindowsException'{0x000000008f1cc6e0}> (0x000000008f1cc6e0) thrown at [./src/hotspot/share/prims/jni.cpp, line 616]
Event: 379.760 Thread 0x000001959f8e6000 Exception <a 'sun/nio/fs/WindowsException'{0x000000008f0c5488}> (0x000000008f0c5488) thrown at [./src/hotspot/share/prims/jni.cpp, line 616]
Event: 379.761 Thread 0x000001959f8e6000 Exception <a 'sun/nio/fs/WindowsException'{0x000000008f0c55c8}> (0x000000008f0c55c8) thrown at [./src/hotspot/share/prims/jni.cpp, line 616]
Event: 379.761 Thread 0x000001959f8e6000 Exception <a 'sun/nio/fs/WindowsException'{0x000000008f0c5668}> (0x000000008f0c5668) thrown at [./src/hotspot/share/prims/jni.cpp, line 616]
Event: 379.761 Thread 0x000001959f8e6000 Exception <a 'sun/nio/fs/WindowsException'{0x000000008f0c5750}> (0x000000008f0c5750) thrown at [./src/hotspot/share/prims/jni.cpp, line 616]

Events (20 events):
Event: 379.650 loading class com/android/build/gradle/internal/generators/BuildConfigData$Builder
Event: 379.650 loading class com/android/build/gradle/internal/generators/BuildConfigData$Builder done
Event: 379.659 loading class com/android/build/gradle/internal/generators/BuildConfigData
Event: 379.659 loading class com/android/build/gradle/internal/generators/BuildConfigData done
Event: 379.660 loading class com/android/build/gradle/internal/generators/BuildConfigGenerator
Event: 379.660 loading class com/android/build/gradle/internal/generators/BuildConfigGenerator done
Event: 379.662 loading class com/android/builder/compiling/GeneratedCodeFileCreator
Event: 379.662 loading class com/android/builder/compiling/GeneratedCodeFileCreator done
Event: 379.665 loading class com/android/build/gradle/internal/generators/BuildConfigGenerator$Companion
Event: 379.665 loading class com/android/build/gradle/internal/generators/BuildConfigGenerator$Companion done
Event: 379.680 loading class com/squareup/javawriter/JavaWriter
Event: 379.680 loading class com/squareup/javawriter/JavaWriter done
Event: 379.721 loading class com/squareup/javawriter/JavaWriter$Scope
Event: 379.721 loading class com/squareup/javawriter/JavaWriter$Scope done
Event: 379.729 loading class com/android/build/gradle/internal/generators/BuildConfigFieldUtilsKt
Event: 379.729 loading class com/android/build/gradle/internal/generators/BuildConfigFieldUtilsKt done
Event: 379.736 Executing VM operation: RevokeBias
Event: 379.738 Executing VM operation: RevokeBias done
Event: 379.759 Executing VM operation: RevokeBias
Event: 379.760 Executing VM operation: RevokeBias done


Dynamic libraries:
0x00007ff75d2a0000 - 0x00007ff75d2aa000 	C:\Program Files\Android\Android Studio\jre\bin\java.exe
0x00007ff96a710000 - 0x00007ff96a908000 	C:\WINDOWS\SYSTEM32\ntdll.dll
0x00007ff968cf0000 - 0x00007ff968daf000 	C:\WINDOWS\System32\KERNEL32.DLL
0x00007ff968420000 - 0x00007ff968716000 	C:\WINDOWS\System32\KERNELBASE.dll
0x00007ff968320000 - 0x00007ff968420000 	C:\WINDOWS\System32\ucrtbase.dll
0x00007ff952fe0000 - 0x00007ff952ff7000 	C:\Program Files\Android\Android Studio\jre\bin\VCRUNTIME140.dll
0x00007ff953000000 - 0x00007ff953019000 	C:\Program Files\Android\Android Studio\jre\bin\jli.dll
0x00007ff9696d0000 - 0x00007ff96986d000 	C:\WINDOWS\System32\USER32.dll
0x00007ff967e90000 - 0x00007ff967eb2000 	C:\WINDOWS\System32\win32u.dll
0x00007ff969960000 - 0x00007ff96998c000 	C:\WINDOWS\System32\GDI32.dll
0x00007ff968200000 - 0x00007ff968315000 	C:\WINDOWS\System32\gdi32full.dll
0x00007ff967df0000 - 0x00007ff967e8d000 	C:\WINDOWS\System32\msvcp_win.dll
0x00007ff9578b0000 - 0x00007ff957b4a000 	C:\WINDOWS\WinSxS\amd64_microsoft.windows.common-controls_6595b64144ccf1df_6.0.19041.1110_none_60b5254171f9507e\COMCTL32.dll
0x00007ff96a100000 - 0x00007ff96a19e000 	C:\WINDOWS\System32\msvcrt.dll
0x00007ff969df0000 - 0x00007ff969e20000 	C:\WINDOWS\System32\IMM32.DLL
0x00007ff952f40000 - 0x00007ff952fdd000 	C:\Program Files\Android\Android Studio\jre\bin\msvcp140.dll
0x00007ff910fb0000 - 0x00007ff911ab2000 	C:\Program Files\Android\Android Studio\jre\bin\server\jvm.dll
0x00007ff969d40000 - 0x00007ff969def000 	C:\WINDOWS\System32\ADVAPI32.dll
0x00007ff968db0000 - 0x00007ff968e4c000 	C:\WINDOWS\System32\sechost.dll
0x00007ff969c10000 - 0x00007ff969d36000 	C:\WINDOWS\System32\RPCRT4.dll
0x00007ff969990000 - 0x00007ff969998000 	C:\WINDOWS\System32\PSAPI.DLL
0x00007ff95c170000 - 0x00007ff95c179000 	C:\WINDOWS\SYSTEM32\WSOCK32.dll
0x00007ff96a270000 - 0x00007ff96a2db000 	C:\WINDOWS\System32\WS2_32.dll
0x00007ff957c00000 - 0x00007ff957c27000 	C:\WINDOWS\SYSTEM32\WINMM.dll
0x00007ff9602e0000 - 0x00007ff9602ea000 	C:\WINDOWS\SYSTEM32\VERSION.dll
0x00007ff965c60000 - 0x00007ff965c72000 	C:\WINDOWS\SYSTEM32\kernel.appcore.dll
0x00007ff952f20000 - 0x00007ff952f31000 	C:\Program Files\Android\Android Studio\jre\bin\verify.dll
0x00007ff9615a0000 - 0x00007ff961784000 	C:\WINDOWS\SYSTEM32\DBGHELP.DLL
0x00007ff961530000 - 0x00007ff961564000 	C:\WINDOWS\SYSTEM32\dbgcore.DLL
0x00007ff968090000 - 0x00007ff968112000 	C:\WINDOWS\System32\bcryptPrimitives.dll
0x00007ff952ef0000 - 0x00007ff952f19000 	C:\Program Files\Android\Android Studio\jre\bin\java.dll
0x00007ff954af0000 - 0x00007ff954afb000 	C:\Program Files\Android\Android Studio\jre\bin\jimage.dll
0x00007ff952ed0000 - 0x00007ff952ee8000 	C:\Program Files\Android\Android Studio\jre\bin\zip.dll
0x00007ff968e50000 - 0x00007ff969594000 	C:\WINDOWS\System32\SHELL32.dll
0x00007ff965e60000 - 0x00007ff9665f4000 	C:\WINDOWS\SYSTEM32\windows.storage.dll
0x00007ff96a370000 - 0x00007ff96a6c4000 	C:\WINDOWS\System32\combase.dll
0x00007ff967750000 - 0x00007ff96777e000 	C:\WINDOWS\SYSTEM32\Wldp.dll
0x00007ff968770000 - 0x00007ff96881d000 	C:\WINDOWS\System32\SHCORE.dll
0x00007ff969a90000 - 0x00007ff969ae5000 	C:\WINDOWS\System32\shlwapi.dll
0x00007ff967d20000 - 0x00007ff967d45000 	C:\WINDOWS\SYSTEM32\profapi.dll
0x00007ff951890000 - 0x00007ff9518aa000 	C:\Program Files\Android\Android Studio\jre\bin\net.dll
0x00007ff962710000 - 0x00007ff96281a000 	C:\WINDOWS\SYSTEM32\WINHTTP.dll
0x00007ff967530000 - 0x00007ff96759a000 	C:\WINDOWS\system32\mswsock.dll
0x00007ff951870000 - 0x00007ff951884000 	C:\Program Files\Android\Android Studio\jre\bin\nio.dll
0x00007ff951660000 - 0x00007ff951687000 	C:\Users\fezia\.gradle\native\e1d6ef7f7dcc3fd88c89a11ec53ec762bb8ba0a96d01ffa2cd45eb1d1d8dd5c5\windows-amd64\native-platform.dll
0x00007ff92cef0000 - 0x00007ff92d034000 	C:\Users\fezia\.gradle\native\0d407fdbe67a94daf76414ababcb853783967236a71b16ec16e742cd7a986fd3\windows-amd64\native-platform-file-events.dll
0x00007ff952db0000 - 0x00007ff952dba000 	C:\Program Files\Android\Android Studio\jre\bin\management.dll
0x00007ff951820000 - 0x00007ff95182d000 	C:\Program Files\Android\Android Studio\jre\bin\management_ext.dll
0x00007ff967ad0000 - 0x00007ff967ae8000 	C:\WINDOWS\SYSTEM32\CRYPTSP.dll
0x00007ff966e00000 - 0x00007ff966e34000 	C:\WINDOWS\system32\rsaenh.dll
0x00007ff968120000 - 0x00007ff968147000 	C:\WINDOWS\System32\bcrypt.dll
0x00007ff967ca0000 - 0x00007ff967cce000 	C:\WINDOWS\SYSTEM32\USERENV.dll
0x00007ff9676c0000 - 0x00007ff9676cc000 	C:\WINDOWS\SYSTEM32\CRYPTBASE.dll
0x00007ff9671f0000 - 0x00007ff96722c000 	C:\WINDOWS\SYSTEM32\IPHLPAPI.DLL
0x00007ff969950000 - 0x00007ff969958000 	C:\WINDOWS\System32\NSI.dll
0x00007ff962380000 - 0x00007ff962397000 	C:\WINDOWS\SYSTEM32\dhcpcsvc6.DLL
0x00007ff962200000 - 0x00007ff96221d000 	C:\WINDOWS\SYSTEM32\dhcpcsvc.DLL
0x00007ff967240000 - 0x00007ff96730a000 	C:\WINDOWS\SYSTEM32\DNSAPI.dll
0x00007ff9530c0000 - 0x00007ff9530e7000 	C:\Program Files\Android\Android Studio\jre\bin\sunec.dll
0x00007ff95fbc0000 - 0x00007ff95fbca000 	C:\Windows\System32\rasadhlp.dll
0x00007ff962420000 - 0x00007ff9624a2000 	C:\WINDOWS\System32\fwpuclnt.dll
0x00007ff95c860000 - 0x00007ff95c87e000 	C:\Users\fezia\AppData\Local\Temp\native-platform10132347137607368241dir\native-platform.dll
0x00007ff962bf0000 - 0x00007ff962bf8000 	C:\Program Files\Android\Android Studio\jre\bin\rmi.dll
0x00007ff966f20000 - 0x00007ff966f53000 	C:\WINDOWS\SYSTEM32\ntmarta.dll

dbghelp: loaded successfully - version: 4.0.5 - missing functions: none
symbol engine: initialized successfully - sym options: 0x614 - pdb path: .;C:\Program Files\Android\Android Studio\jre\bin;C:\WINDOWS\SYSTEM32;C:\WINDOWS\WinSxS\amd64_microsoft.windows.common-controls_6595b64144ccf1df_6.0.19041.1110_none_60b5254171f9507e;C:\Program Files\Android\Android Studio\jre\bin\server;C:\Users\fezia\.gradle\native\e1d6ef7f7dcc3fd88c89a11ec53ec762bb8ba0a96d01ffa2cd45eb1d1d8dd5c5\windows-amd64;C:\Users\fezia\.gradle\native\0d407fdbe67a94daf76414ababcb853783967236a71b16ec16e742cd7a986fd3\windows-amd64;C:\Users\fezia\AppData\Local\Temp\native-platform10132347137607368241dir

VM Arguments:
jvm_args: -XX:MaxMetaspaceSize=512m --add-opens=java.base/java.util=ALL-UNNAMED --add-opens=java.base/java.lang=ALL-UNNAMED --add-opens=java.base/java.lang.invoke=ALL-UNNAMED --add-opens=java.base/java.util=ALL-UNNAMED --add-opens=java.prefs/java.util.prefs=ALL-UNNAMED --add-opens=java.prefs/java.util.prefs=ALL-UNNAMED --add-opens=java.base/java.nio.charset=ALL-UNNAMED --add-opens=java.base/java.net=ALL-UNNAMED --add-opens=java.base/java.util.concurrent.atomic=ALL-UNNAMED -Xmx2048m -Dfile.encoding=windows-1252 -Duser.country=US -Duser.language=en -Duser.variant 
java_command: org.gradle.launcher.daemon.bootstrap.GradleDaemon 7.5.1
java_class_path (initial): C:\Users\fezia\.gradle\wrapper\dists\gradle-7.5.1-all\1ehga6e77gqps5uk2kc5kf1vc\gradle-7.5.1\lib\gradle-launcher-7.5.1.jar
Launcher Type: SUN_STANDARD

[Global flags]
     intx CICompilerCount                          = 3                                         {product} {ergonomic}
   size_t CompressedClassSpaceSize                 = 528482304                                 {product} {ergonomic}
     uint ConcGCThreads                            = 1                                         {product} {ergonomic}
     uint G1ConcRefinementThreads                  = 4                                         {product} {ergonomic}
   size_t G1HeapRegionSize                         = 1048576                                   {product} {ergonomic}
    uintx GCDrainStackTargetSize                   = 64                                        {product} {ergonomic}
   size_t InitialHeapSize                          = 65011712                                  {product} {ergonomic}
   size_t MarkStackSize                            = 4194304                                   {product} {ergonomic}
   size_t MaxHeapSize                              = 2147483648                                {product} {command line}
   size_t MaxMetaspaceSize                         = 536870912                                 {product} {command line}
   size_t MaxNewSize                               = 1287651328                                {product} {ergonomic}
   size_t MinHeapDeltaBytes                        = 1048576                                   {product} {ergonomic}
    uintx NonNMethodCodeHeapSize                   = 5830732                                {pd product} {ergonomic}
    uintx NonProfiledCodeHeapSize                  = 122913754                              {pd product} {ergonomic}
    uintx ProfiledCodeHeapSize                     = 122913754                              {pd product} {ergonomic}
    uintx ReservedCodeCacheSize                    = 251658240                              {pd product} {ergonomic}
     bool SegmentedCodeCache                       = true                                      {product} {ergonomic}
     bool UseCompressedClassPointers               = true                                 {lp64_product} {ergonomic}
     bool UseCompressedOops                        = true                                 {lp64_product} {ergonomic}
     bool UseG1GC                                  = true                                      {product} {ergonomic}
     bool UseLargePagesIndividualAllocation        = false                                  {pd product} {ergonomic}

Logging:
Log output configuration:
 #0: stdout all=warning uptime,level,tags
 #1: stderr all=off uptime,level,tags

Environment Variables:
JAVA_HOME=C:\Program Files\Android\Android Studio\jre
CLASSPATH=C:\Users\fezia\Tradly\android\\gradle\wrapper\gradle-wrapper.jar
PATH=C:\Users\fezia\Tradly\android\node_modules\.bin;C:\Users\fezia\Tradly\node_modules\.bin;C:\Users\fezia\node_modules\.bin;C:\Users\node_modules\.bin;C:\node_modules\.bin;C:\Program Files\nodejs;C:\Users\fezia\AppData\Local\Temp\yarn--1689399981330-0.2778577201262058;C:\Users\fezia\Tradly\node_modules\.bin;C:\Users\fezia\AppData\Local\Yarn\Data\link\node_modules\.bin;C:\Users\fezia\AppData\Local\Yarn\bin;C:\Program Files\libexec\lib\node_modules\npm\bin\node-gyp-bin;C:\Program Files\lib\node_modules\npm\bin\node-gyp-bin;C:\Program Files\nodejs\node_modules\npm\bin\node-gyp-bin;C:\Program Files\Microsoft\jdk-11.0.18.10-hotspot\bin;C:\WINDOWS\system32;C:\WINDOWS;C:\WINDOWS\System32\Wbem;C:\WINDOWS\System32\WindowsPowerShell\v1.0\;C:\WINDOWS\System32\OpenSSH\;C:\Program Files\Git\cmd;C:\ProgramData\chocolatey\bin;C:\Program Files\nodejs\;C:\Users\fezia\AppData\Local\Android\Sdk\platform-tools;C:\Users\fezia\AppData\Local\Microsoft\WindowsApps;C:\Users\fezia\AppData\Local\Programs\Microsoft VS Code\bin;C:\Users\fezia\AppData\Local\Android\Sdk\platform-tools;C:\Users\fezia\AppData\Roaming\npm
USERNAME=fezia
OS=Windows_NT
PROCESSOR_IDENTIFIER=Intel64 Family 6 Model 58 Stepping 9, GenuineIntel



---------------  S Y S T E M  ---------------

OS: Windows 10 , 64 bit Build 19041 (10.0.19041.3155)
OS uptime: 0 days 22:56 hours
Hyper-V role detected

CPU:total 4 (initial active 4) (2 cores per cpu, 2 threads per core) family 6 model 58 stepping 9 microcode 0x21, cmov, cx8, fxsr, mmx, sse, sse2, sse3, ssse3, sse4.1, sse4.2, popcnt, avx, aes, clmul, erms, ht, tsc, tscinvbit, tscinv

Memory: 4k page, system-wide physical 3959M (98M free)
TotalPageFile size 16247M (AvailPageFile size 4M)
current process WorkingSet (physical memory assigned to process): 392M, peak: 456M
current process commit charge ("private bytes"): 677M, peak: 679M

vm_info: OpenJDK 64-Bit Server VM (11.0.13+0-b1751.21-8125866) for windows-amd64 JRE (11.0.13+0-b1751.21-8125866), built on Feb  2 2022 03:00:22 by "builder" with MS VC++ 14.0 (VS2015)

END.
