#
# There is insufficient memory for the Java Runtime Environment to continue.
# Native memory allocation (mmap) failed to map 18874368 bytes for Failed to commit area from 0x0000000085a00000 to 0x0000000086c00000 of length 18874368.
# Possible reasons:
#   The system is out of physical RAM or swap space
#   The process is running with CompressedOops enabled, and the Java Heap may be blocking the growth of the native heap
# Possible solutions:
#   Reduce memory load on the system
#   Increase physical memory or swap space
#   Check if swap backing store is full
#   Decrease Java heap size (-Xmx/-Xms)
#   Decrease number of Java threads
#   Decrease Java thread stack sizes (-Xss)
#   Set larger code cache with -XX:ReservedCodeCacheSize=
#   JVM is running with Unscaled Compressed Oops mode in which the Java heap is
#     placed in the first 4GB address space. The Java Heap base address is the
#     maximum limit for the native heap growth. Please use -XX:HeapBaseMinAddress
#     to set the Java Heap base and to place the Java Heap above 4GB virtual address.
# This output file may be truncated or incomplete.
#
#  Out of Memory Error (./src/hotspot/os/windows/os_windows.cpp:3619), pid=5940, tid=13376
#
# JRE version: OpenJDK Runtime Environment (11.0.13) (build 11.0.13+0-b1751.21-8125866)
# Java VM: OpenJDK 64-Bit Server VM (11.0.13+0-b1751.21-8125866, mixed mode, tiered, compressed oops, g1 gc, windows-amd64)
# No core dump will be written. Minidumps are not enabled by default on client versions of Windows
#

---------------  S U M M A R Y ------------

Command Line: -XX:MaxMetaspaceSize=512m --add-opens=java.base/java.util=ALL-UNNAMED --add-opens=java.base/java.lang=ALL-UNNAMED --add-opens=java.base/java.lang.invoke=ALL-UNNAMED --add-opens=java.base/java.util=ALL-UNNAMED --add-opens=java.prefs/java.util.prefs=ALL-UNNAMED --add-opens=java.prefs/java.util.prefs=ALL-UNNAMED --add-opens=java.base/java.nio.charset=ALL-UNNAMED --add-opens=java.base/java.net=ALL-UNNAMED --add-opens=java.base/java.util.concurrent.atomic=ALL-UNNAMED -Xmx2048m -Dfile.encoding=windows-1252 -Duser.country=US -Duser.language=en -Duser.variant org.gradle.launcher.daemon.bootstrap.GradleDaemon 7.5.1

Host: Intel(R) Core(TM) i5-3320M CPU @ 2.60GHz, 4 cores, 3G,  Windows 10 , 64 bit Build 19041 (10.0.19041.3155)
Time: Sat Jul 15 11:10:43 2023 Pakistan Standard Time elapsed time: 45.680267 seconds (0d 0h 0m 45s)

---------------  T H R E A D  ---------------

Current thread (0x00000225ee5c7000):  VMThread "VM Thread" [stack: 0x0000005545800000,0x0000005545900000] [id=13376]

Stack: [0x0000005545800000,0x0000005545900000]
[error occurred during error reporting (printing stack bounds), id 0xc0000005, EXCEPTION_ACCESS_VIOLATION (0xc0000005) at pc=0x00000225d760112d]

Native frames: (J=compiled Java code, j=interpreted, Vv=VM code, C=native code)
V  [jvm.dll+0x6100fa]
V  [jvm.dll+0x747090]
V  [jvm.dll+0x7486ad]
V  [jvm.dll+0x748ce5]
V  [jvm.dll+0x748c9b]
V  [jvm.dll+0x60f224]
V  [jvm.dll+0x60f9b8]
C  [ntdll.dll+0xa23af]
C  [ntdll.dll+0x514b4]
C  [ntdll.dll+0xa0ebe]
C  0x00000225d760112d

VM_Operation (0x0000005546af6a30): G1CollectForAllocation, mode: safepoint, requested by thread 0x00000225f0124000


---------------  P R O C E S S  ---------------

Threads class SMR info:
_java_thread_list=0x00000225f687e820, length=74, elements={
0x00000225d22df000, 0x00000225ee5ce800, 0x00000225ee5d0000, 0x00000225ee62e800,
0x00000225ee62f000, 0x00000225ee630800, 0x00000225ee634000, 0x00000225ee66d800,
0x00000225ee7b9000, 0x00000225ee8a6800, 0x00000225efa48000, 0x00000225eec2b000,
0x00000225efff6000, 0x00000225efd06800, 0x00000225ef2d1800, 0x00000225ef73f000,
0x00000225f0124000, 0x00000225ee863800, 0x00000225ee860800, 0x00000225eebeb800,
0x00000225f094f800, 0x00000225f0952800, 0x00000225f0954000, 0x00000225f0956000,
0x00000225f0951800, 0x00000225f0950000, 0x00000225f0953800, 0x00000225f0955000,
0x00000225f0951000, 0x00000225f1466000, 0x00000225f1467000, 0x00000225f1468000,
0x00000225f1464000, 0x00000225f1468800, 0x00000225f1464800, 0x00000225f1465800,
0x00000225f1463000, 0x00000225f146e800, 0x00000225f146b000, 0x00000225f146d000,
0x00000225f146d800, 0x00000225f146c000, 0x00000225f146f000, 0x00000225f1469800,
0x00000225f1470000, 0x00000225f146a800, 0x00000225f1471000, 0x00000225f31c5800,
0x00000225f31c1800, 0x00000225f31c5000, 0x00000225f31c0800, 0x00000225f31c4000,
0x00000225f31c2800, 0x00000225f31c6800, 0x00000225f31c8000, 0x00000225f31c3000,
0x00000225f31cb800, 0x00000225f31c9000, 0x00000225f31c9800, 0x00000225f31cd000,
0x00000225f31c7800, 0x00000225f31ca800, 0x00000225f31cf800, 0x00000225f31ce800,
0x00000225f31cc000, 0x00000225f31ce000, 0x00000225f1245800, 0x00000225f1246000,
0x00000225f1240800, 0x00000225f1247000, 0x00000225f1241800, 0x00000225f1248000,
0x00000225f1243800, 0x00000225f1243000
}

Java Threads: ( => current thread )
  0x00000225d22df000 JavaThread "main" [_thread_blocked, id=12644, stack(0x0000005545200000,0x0000005545300000)]
  0x00000225ee5ce800 JavaThread "Reference Handler" daemon [_thread_blocked, id=17080, stack(0x0000005545900000,0x0000005545a00000)]
  0x00000225ee5d0000 JavaThread "Finalizer" daemon [_thread_blocked, id=2568, stack(0x0000005545a00000,0x0000005545b00000)]
  0x00000225ee62e800 JavaThread "Signal Dispatcher" daemon [_thread_blocked, id=9504, stack(0x0000005545b00000,0x0000005545c00000)]
  0x00000225ee62f000 JavaThread "Attach Listener" daemon [_thread_blocked, id=10356, stack(0x0000005545c00000,0x0000005545d00000)]
  0x00000225ee630800 JavaThread "Service Thread" daemon [_thread_blocked, id=7640, stack(0x0000005545d00000,0x0000005545e00000)]
  0x00000225ee634000 JavaThread "C2 CompilerThread0" daemon [_thread_blocked, id=1708, stack(0x0000005545e00000,0x0000005545f00000)]
  0x00000225ee66d800 JavaThread "C1 CompilerThread0" daemon [_thread_blocked, id=16224, stack(0x0000005545f00000,0x0000005546000000)]
  0x00000225ee7b9000 JavaThread "Sweeper thread" daemon [_thread_blocked, id=14648, stack(0x0000005546000000,0x0000005546100000)]
  0x00000225ee8a6800 JavaThread "Common-Cleaner" daemon [_thread_blocked, id=8048, stack(0x0000005546100000,0x0000005546200000)]
  0x00000225efa48000 JavaThread "Daemon health stats" [_thread_blocked, id=15676, stack(0x0000005546400000,0x0000005546500000)]
  0x00000225eec2b000 JavaThread "Incoming local TCP Connector on port 65515" [_thread_in_native, id=13756, stack(0x0000005546500000,0x0000005546600000)]
  0x00000225efff6000 JavaThread "Daemon periodic checks" [_thread_blocked, id=2692, stack(0x0000005546600000,0x0000005546700000)]
  0x00000225efd06800 JavaThread "Daemon" [_thread_blocked, id=6760, stack(0x0000005546700000,0x0000005546800000)]
  0x00000225ef2d1800 JavaThread "Handler for socket connection from /127.0.0.1:65515 to /127.0.0.1:65516" [_thread_in_native, id=11636, stack(0x0000005546800000,0x0000005546900000)]
  0x00000225ef73f000 JavaThread "Cancel handler" [_thread_blocked, id=16856, stack(0x0000005546900000,0x0000005546a00000)]
  0x00000225f0124000 JavaThread "Daemon worker" [_thread_blocked, id=7376, stack(0x0000005546a00000,0x0000005546b00000)]
  0x00000225ee863800 JavaThread "Asynchronous log dispatcher for DefaultDaemonConnection: socket connection from /127.0.0.1:65515 to /127.0.0.1:65516" [_thread_blocked, id=14928, stack(0x0000005546b00000,0x0000005546c00000)]
  0x00000225ee860800 JavaThread "Stdin handler" [_thread_blocked, id=10528, stack(0x0000005546c00000,0x0000005546d00000)]
  0x00000225eebeb800 JavaThread "Daemon client event forwarder" [_thread_blocked, id=1512, stack(0x0000005546d00000,0x0000005546e00000)]
  0x00000225f094f800 JavaThread "Cache worker for journal cache (C:\Users\fezia\.gradle\caches\journal-1)" [_thread_blocked, id=3140, stack(0x0000005547000000,0x0000005547100000)]
  0x00000225f0952800 JavaThread "File lock request listener" [_thread_in_native, id=6460, stack(0x0000005547100000,0x0000005547200000)]
  0x00000225f0954000 JavaThread "Cache worker for file hash cache (C:\Users\fezia\.gradle\caches\7.5.1\fileHashes)" [_thread_blocked, id=7904, stack(0x0000005547200000,0x0000005547300000)]
  0x00000225f0956000 JavaThread "File watcher server" daemon [_thread_in_native, id=16052, stack(0x0000005547300000,0x0000005547400000)]
  0x00000225f0951800 JavaThread "File watcher consumer" daemon [_thread_blocked, id=10832, stack(0x0000005547400000,0x0000005547500000)]
  0x00000225f0950000 JavaThread "Cache worker for checksums cache (C:\Users\fezia\Tradly\android\.gradle\7.5.1\checksums)" [_thread_blocked, id=14704, stack(0x0000005547500000,0x0000005547600000)]
  0x00000225f0953800 JavaThread "Cache worker for cache directory md-rule (C:\Users\fezia\.gradle\caches\7.5.1\md-rule)" [_thread_blocked, id=11988, stack(0x0000005547600000,0x0000005547700000)]
  0x00000225f0955000 JavaThread "Cache worker for file content cache (C:\Users\fezia\.gradle\caches\7.5.1\fileContent)" [_thread_blocked, id=8092, stack(0x0000005547700000,0x0000005547800000)]
  0x00000225f0951000 JavaThread "Cache worker for file hash cache (C:\Users\fezia\Tradly\android\.gradle\7.5.1\fileHashes)" [_thread_blocked, id=16512, stack(0x0000005547800000,0x0000005547900000)]
  0x00000225f1466000 JavaThread "Cache worker for cache directory md-supplier (C:\Users\fezia\.gradle\caches\7.5.1\md-supplier)" [_thread_blocked, id=8464, stack(0x0000005547900000,0x0000005547a00000)]
  0x00000225f1467000 JavaThread "Cache worker for execution history cache (C:\Users\fezia\.gradle\caches\7.5.1\executionHistory)" [_thread_blocked, id=7336, stack(0x0000005547a00000,0x0000005547b00000)]
  0x00000225f1468000 JavaThread "jar transforms" [_thread_blocked, id=13024, stack(0x0000005547b00000,0x0000005547c00000)]
  0x00000225f1464000 JavaThread "jar transforms Thread 2" [_thread_blocked, id=16952, stack(0x0000005547c00000,0x0000005547d00000)]
  0x00000225f1468800 JavaThread "jar transforms Thread 3" [_thread_blocked, id=9228, stack(0x0000005547d00000,0x0000005547e00000)]
  0x00000225f1464800 JavaThread "jar transforms Thread 4" [_thread_blocked, id=9516, stack(0x0000005547e00000,0x0000005547f00000)]
  0x00000225f1465800 JavaThread "Cache worker for kotlin-dsl (C:\Users\fezia\.gradle\caches\7.5.1\kotlin-dsl)" [_thread_blocked, id=16372, stack(0x0000005547f00000,0x0000005548000000)]
  0x00000225f1463000 JavaThread "Cache worker for dependencies-accessors (C:\Users\fezia\Tradly\android\.gradle\7.5.1\dependencies-accessors)" [_thread_blocked, id=16260, stack(0x0000005548000000,0x0000005548100000)]
  0x00000225f146e800 JavaThread "Cache worker for Build Output Cleanup Cache (C:\Users\fezia\Tradly\node_modules\react-native-gradle-plugin\.gradle\buildOutputCleanup)" [_thread_blocked, id=16160, stack(0x0000005548100000,0x0000005548200000)]
  0x00000225f146b000 JavaThread "Unconstrained build operations" [_thread_blocked, id=15596, stack(0x0000005548400000,0x0000005548500000)]
  0x00000225f146d000 JavaThread "Unconstrained build operations Thread 2" [_thread_blocked, id=17044, stack(0x0000005548500000,0x0000005548600000)]
  0x00000225f146d800 JavaThread "Unconstrained build operations Thread 3" [_thread_blocked, id=16508, stack(0x0000005548600000,0x0000005548700000)]
  0x00000225f146c000 JavaThread "Unconstrained build operations Thread 4" [_thread_blocked, id=15368, stack(0x0000005548700000,0x0000005548800000)]
  0x00000225f146f000 JavaThread "Unconstrained build operations Thread 5" [_thread_blocked, id=12080, stack(0x0000005548800000,0x0000005548900000)]
  0x00000225f1469800 JavaThread "Unconstrained build operations Thread 6" [_thread_blocked, id=10776, stack(0x0000005548900000,0x0000005548a00000)]
  0x00000225f1470000 JavaThread "Unconstrained build operations Thread 7" [_thread_blocked, id=3276, stack(0x0000005548a00000,0x0000005548b00000)]
  0x00000225f146a800 JavaThread "Unconstrained build operations Thread 8" [_thread_blocked, id=9440, stack(0x0000005548b00000,0x0000005548c00000)]
  0x00000225f1471000 JavaThread "Unconstrained build operations Thread 9" [_thread_blocked, id=7828, stack(0x0000005548c00000,0x0000005548d00000)]
  0x00000225f31c5800 JavaThread "Unconstrained build operations Thread 10" [_thread_blocked, id=1316, stack(0x0000005548d00000,0x0000005548e00000)]
  0x00000225f31c1800 JavaThread "Unconstrained build operations Thread 11" [_thread_blocked, id=3128, stack(0x0000005548e00000,0x0000005548f00000)]
  0x00000225f31c5000 JavaThread "Unconstrained build operations Thread 12" [_thread_blocked, id=14956, stack(0x0000005548f00000,0x0000005549000000)]
  0x00000225f31c0800 JavaThread "Unconstrained build operations Thread 13" [_thread_blocked, id=15476, stack(0x0000005549000000,0x0000005549100000)]
  0x00000225f31c4000 JavaThread "Unconstrained build operations Thread 14" [_thread_blocked, id=2564, stack(0x0000005549100000,0x0000005549200000)]
  0x00000225f31c2800 JavaThread "Unconstrained build operations Thread 15" [_thread_blocked, id=14808, stack(0x0000005549200000,0x0000005549300000)]
  0x00000225f31c6800 JavaThread "Unconstrained build operations Thread 16" [_thread_blocked, id=7452, stack(0x0000005549300000,0x0000005549400000)]
  0x00000225f31c8000 JavaThread "Unconstrained build operations Thread 17" [_thread_blocked, id=15840, stack(0x0000005549400000,0x0000005549500000)]
  0x00000225f31c3000 JavaThread "Unconstrained build operations Thread 18" [_thread_blocked, id=6668, stack(0x0000005549500000,0x0000005549600000)]
  0x00000225f31cb800 JavaThread "Unconstrained build operations Thread 19" [_thread_blocked, id=8548, stack(0x0000005549600000,0x0000005549700000)]
  0x00000225f31c9000 JavaThread "Unconstrained build operations Thread 20" [_thread_blocked, id=13116, stack(0x0000005549700000,0x0000005549800000)]
  0x00000225f31c9800 JavaThread "Unconstrained build operations Thread 21" [_thread_blocked, id=16800, stack(0x0000005549800000,0x0000005549900000)]
  0x00000225f31cd000 JavaThread "Unconstrained build operations Thread 22" [_thread_blocked, id=16784, stack(0x0000005549900000,0x0000005549a00000)]
  0x00000225f31c7800 JavaThread "Unconstrained build operations Thread 23" [_thread_blocked, id=4464, stack(0x0000005549a00000,0x0000005549b00000)]
  0x00000225f31ca800 JavaThread "Unconstrained build operations Thread 24" [_thread_blocked, id=11740, stack(0x0000005549b00000,0x0000005549c00000)]
  0x00000225f31cf800 JavaThread "Unconstrained build operations Thread 25" [_thread_blocked, id=4604, stack(0x0000005549c00000,0x0000005549d00000)]
  0x00000225f31ce800 JavaThread "Unconstrained build operations Thread 26" [_thread_blocked, id=8892, stack(0x0000005549d00000,0x0000005549e00000)]
  0x00000225f31cc000 JavaThread "Unconstrained build operations Thread 27" [_thread_blocked, id=11924, stack(0x0000005549e00000,0x0000005549f00000)]
  0x00000225f31ce000 JavaThread "Unconstrained build operations Thread 28" [_thread_blocked, id=16532, stack(0x0000005549f00000,0x000000554a000000)]
  0x00000225f1245800 JavaThread "Unconstrained build operations Thread 29" [_thread_blocked, id=6028, stack(0x000000554a000000,0x000000554a100000)]
  0x00000225f1246000 JavaThread "Unconstrained build operations Thread 30" [_thread_blocked, id=14588, stack(0x000000554a100000,0x000000554a200000)]
  0x00000225f1240800 JavaThread "Unconstrained build operations Thread 31" [_thread_blocked, id=13172, stack(0x000000554a200000,0x000000554a300000)]
  0x00000225f1247000 JavaThread "Unconstrained build operations Thread 32" [_thread_blocked, id=10816, stack(0x000000554a300000,0x000000554a400000)]
  0x00000225f1241800 JavaThread "Unconstrained build operations Thread 33" [_thread_blocked, id=2248, stack(0x000000554a400000,0x000000554a500000)]
  0x00000225f1248000 JavaThread "build event listener" [_thread_blocked, id=7984, stack(0x000000554a500000,0x000000554a600000)]
  0x00000225f1243800 JavaThread "Memory manager" [_thread_blocked, id=10924, stack(0x000000554a600000,0x000000554a700000)]
  0x00000225f1243000 JavaThread "Cache worker for Build Output Cleanup Cache (C:\Users\fezia\Tradly\android\.gradle\buildOutputCleanup)" [_thread_blocked, id=9680, stack(0x000000554a700000,0x000000554a800000)]

Other Threads:
=>0x00000225ee5c7000 VMThread "VM Thread" [stack: 0x0000005545800000,0x0000005545900000] [id=13376]
  0x00000225ee8d3800 WatcherThread [stack: 0x0000005546200000,0x0000005546300000] [id=10840]
  0x00000225d22f7800 GCTaskThread "GC Thread#0" [stack: 0x0000005545300000,0x0000005545400000] [id=8104]
  0x00000225eeae1000 GCTaskThread "GC Thread#1" [stack: 0x0000005546300000,0x0000005546400000] [id=2224]
  0x00000225f0287000 GCTaskThread "GC Thread#2" [stack: 0x0000005546e00000,0x0000005546f00000] [id=16788]
  0x00000225f094e000 GCTaskThread "GC Thread#3" [stack: 0x0000005546f00000,0x0000005547000000] [id=14412]
  0x00000225d2326800 ConcurrentGCThread "G1 Main Marker" [stack: 0x0000005545400000,0x0000005545500000] [id=15288]
  0x00000225d2328000 ConcurrentGCThread "G1 Conc#0" [stack: 0x0000005545500000,0x0000005545600000] [id=11880]
  0x00000225d2381000 ConcurrentGCThread "G1 Refine#0" [stack: 0x0000005545600000,0x0000005545700000] [id=12360]
  0x00000225d2382000 ConcurrentGCThread "G1 Young RemSet Sampling" [stack: 0x0000005545700000,0x0000005545800000] [id=12448]

Threads with active compile tasks:
C1 CompilerThread0  45872 6433       3       org.gradle.internal.component.external.model.maven.DefaultMavenModuleResolveMetadata::contextualize (21 bytes)

VM state:at safepoint (normal execution)

VM Mutex/Monitor currently owned by a thread:  ([mutex/lock_event])
[0x00000225d22db8d0] Threads_lock - owner thread: 0x00000225ee5c7000
[0x00000225d22dbb10] Heap_lock - owner thread: 0x00000225f0124000

Heap address: 0x0000000080000000, size: 2048 MB, Compressed Oops mode: 32-bit
Narrow klass base: 0x0000000000000000, Narrow klass shift: 3
Compressed class space size: 528482304 Address: 0x0000000100000000

Heap:
 garbage-first heap   total 110592K, used 49636K [0x0000000080000000, 0x0000000100000000)
  region size 1024K, 3 young (3072K), 3 survivors (3072K)
 Metaspace       used 65884K, capacity 67810K, committed 67920K, reserved 575488K
  class space    used 8616K, capacity 9380K, committed 9472K, reserved 516096K
Heap Regions: E=young(eden), S=young(survivor), O=old, HS=humongous(starts), HC=humongous(continues), CS=collection set, F=free, A=archive, TAMS=top-at-mark-start (previous, next)
|   0|0x0000000080000000, 0x0000000080100000, 0x0000000080100000|100%|HS|  |TAMS 0x0000000080100000, 0x0000000080000000| Complete 
|   1|0x0000000080100000, 0x0000000080200000, 0x0000000080200000|100%|HC|  |TAMS 0x0000000080200000, 0x0000000080100000| Complete 
|   2|0x0000000080200000, 0x0000000080300000, 0x0000000080300000|100%|HC|  |TAMS 0x0000000080300000, 0x0000000080200000| Complete 
|   3|0x0000000080300000, 0x0000000080400000, 0x0000000080400000|100%| O|  |TAMS 0x0000000080400000, 0x0000000080300000| Untracked 
|   4|0x0000000080400000, 0x0000000080500000, 0x0000000080500000|100%| O|  |TAMS 0x0000000080500000, 0x0000000080400000| Untracked 
|   5|0x0000000080500000, 0x0000000080600000, 0x0000000080600000|100%| O|  |TAMS 0x0000000080600000, 0x0000000080500000| Untracked 
|   6|0x0000000080600000, 0x0000000080700000, 0x0000000080700000|100%| O|  |TAMS 0x0000000080700000, 0x0000000080600000| Untracked 
|   7|0x0000000080700000, 0x0000000080800000, 0x0000000080800000|100%| O|  |TAMS 0x0000000080800000, 0x0000000080700000| Untracked 
|   8|0x0000000080800000, 0x0000000080900000, 0x0000000080900000|100%| O|  |TAMS 0x0000000080900000, 0x0000000080800000| Untracked 
|   9|0x0000000080900000, 0x0000000080a00000, 0x0000000080a00000|100%| O|  |TAMS 0x0000000080a00000, 0x0000000080900000| Untracked 
|  10|0x0000000080a00000, 0x0000000080b00000, 0x0000000080b00000|100%| O|  |TAMS 0x0000000080b00000, 0x0000000080a00000| Untracked 
|  11|0x0000000080b00000, 0x0000000080c00000, 0x0000000080c00000|100%| O|  |TAMS 0x0000000080c00000, 0x0000000080b00000| Untracked 
|  12|0x0000000080c00000, 0x0000000080d00000, 0x0000000080d00000|100%| O|  |TAMS 0x0000000080d00000, 0x0000000080c00000| Untracked 
|  13|0x0000000080d00000, 0x0000000080e00000, 0x0000000080e00000|100%| O|  |TAMS 0x0000000080e00000, 0x0000000080d00000| Untracked 
|  14|0x0000000080e00000, 0x0000000080f00000, 0x0000000080f00000|100%| O|  |TAMS 0x0000000080f00000, 0x0000000080e00000| Untracked 
|  15|0x0000000080f00000, 0x0000000081000000, 0x0000000081000000|100%| O|  |TAMS 0x0000000081000000, 0x0000000080f00000| Untracked 
|  16|0x0000000081000000, 0x0000000081100000, 0x0000000081100000|100%| O|  |TAMS 0x0000000081100000, 0x0000000081000000| Untracked 
|  17|0x0000000081100000, 0x0000000081200000, 0x0000000081200000|100%| O|  |TAMS 0x0000000081200000, 0x0000000081100000| Untracked 
|  18|0x0000000081200000, 0x0000000081300000, 0x0000000081300000|100%| O|  |TAMS 0x0000000081300000, 0x0000000081200000| Untracked 
|  19|0x0000000081300000, 0x0000000081400000, 0x0000000081400000|100%| O|  |TAMS 0x0000000081400000, 0x0000000081300000| Untracked 
|  20|0x0000000081400000, 0x0000000081500000, 0x0000000081500000|100%| O|  |TAMS 0x0000000081500000, 0x0000000081400000| Untracked 
|  21|0x0000000081500000, 0x0000000081600000, 0x0000000081600000|100%| O|  |TAMS 0x0000000081600000, 0x0000000081500000| Untracked 
|  22|0x0000000081600000, 0x0000000081700000, 0x0000000081700000|100%| O|  |TAMS 0x0000000081700000, 0x0000000081600000| Untracked 
|  23|0x0000000081700000, 0x0000000081800000, 0x0000000081800000|100%| O|  |TAMS 0x0000000081800000, 0x0000000081700000| Untracked 
|  24|0x0000000081800000, 0x0000000081900000, 0x0000000081900000|100%| O|  |TAMS 0x0000000081900000, 0x0000000081800000| Untracked 
|  25|0x0000000081900000, 0x0000000081a00000, 0x0000000081a00000|100%| O|  |TAMS 0x0000000081a00000, 0x0000000081900000| Untracked 
|  26|0x0000000081a00000, 0x0000000081b00000, 0x0000000081b00000|100%| O|  |TAMS 0x0000000081b00000, 0x0000000081a00000| Untracked 
|  27|0x0000000081b00000, 0x0000000081c00000, 0x0000000081c00000|100%| O|  |TAMS 0x0000000081c00000, 0x0000000081b00000| Untracked 
|  28|0x0000000081c00000, 0x0000000081d00000, 0x0000000081d00000|100%| O|  |TAMS 0x0000000081d00000, 0x0000000081c00000| Untracked 
|  29|0x0000000081d00000, 0x0000000081e00000, 0x0000000081e00000|100%| O|  |TAMS 0x0000000081e00000, 0x0000000081d00000| Untracked 
|  30|0x0000000081e00000, 0x0000000081f00000, 0x0000000081f00000|100%| O|  |TAMS 0x0000000081f00000, 0x0000000081e00000| Untracked 
|  31|0x0000000081f00000, 0x0000000082000000, 0x0000000082000000|100%| O|  |TAMS 0x0000000082000000, 0x0000000081f00000| Untracked 
|  32|0x0000000082000000, 0x0000000082100000, 0x0000000082100000|100%| O|  |TAMS 0x0000000082100000, 0x0000000082000000| Untracked 
|  33|0x0000000082100000, 0x0000000082200000, 0x0000000082200000|100%|HS|  |TAMS 0x0000000082200000, 0x0000000082100000| Complete 
|  34|0x0000000082200000, 0x0000000082300000, 0x0000000082300000|100%| O|  |TAMS 0x0000000082300000, 0x0000000082200000| Untracked 
|  35|0x0000000082300000, 0x0000000082400000, 0x0000000082400000|100%|HS|  |TAMS 0x0000000082400000, 0x0000000082300000| Complete 
|  36|0x0000000082400000, 0x0000000082500000, 0x0000000082500000|100%|HC|  |TAMS 0x0000000082500000, 0x0000000082400000| Complete 
|  37|0x0000000082500000, 0x0000000082600000, 0x0000000082600000|100%|HC|  |TAMS 0x0000000082600000, 0x0000000082500000| Complete 
|  38|0x0000000082600000, 0x0000000082700000, 0x0000000082700000|100%| O|  |TAMS 0x0000000082700000, 0x0000000082600000| Untracked 
|  39|0x0000000082700000, 0x0000000082800000, 0x0000000082800000|100%| O|  |TAMS 0x0000000082800000, 0x0000000082700000| Untracked 
|  40|0x0000000082800000, 0x0000000082900000, 0x0000000082900000|100%| O|  |TAMS 0x0000000082900000, 0x0000000082800000| Untracked 
|  41|0x0000000082900000, 0x0000000082a00000, 0x0000000082a00000|100%| O|  |TAMS 0x0000000082a00000, 0x0000000082900000| Untracked 
|  42|0x0000000082a00000, 0x0000000082b00000, 0x0000000082b00000|100%| O|  |TAMS 0x0000000082b00000, 0x0000000082a00000| Untracked 
|  43|0x0000000082b00000, 0x0000000082c00000, 0x0000000082c00000|100%| O|  |TAMS 0x0000000082ba8e00, 0x0000000082b00000| Untracked 
|  44|0x0000000082c00000, 0x0000000082d00000, 0x0000000082d00000|100%| O|  |TAMS 0x0000000082c00000, 0x0000000082c00000| Untracked 
|  45|0x0000000082d00000, 0x0000000082d7b000, 0x0000000082e00000| 48%| O|  |TAMS 0x0000000082d00000, 0x0000000082d00000| Untracked 
|  46|0x0000000082e00000, 0x0000000082e00000, 0x0000000082f00000|  0%| F|  |TAMS 0x0000000082e00000, 0x0000000082e00000| Untracked 
|  47|0x0000000082f00000, 0x0000000082f00000, 0x0000000083000000|  0%| F|  |TAMS 0x0000000082f00000, 0x0000000082f00000| Untracked 
|  48|0x0000000083000000, 0x0000000083000000, 0x0000000083100000|  0%| F|  |TAMS 0x0000000083000000, 0x0000000083000000| Untracked 
|  49|0x0000000083100000, 0x0000000083100000, 0x0000000083200000|  0%| F|  |TAMS 0x0000000083100000, 0x0000000083100000| Untracked 
|  50|0x0000000083200000, 0x0000000083200000, 0x0000000083300000|  0%| F|  |TAMS 0x0000000083200000, 0x0000000083200000| Untracked 
|  51|0x0000000083300000, 0x0000000083300000, 0x0000000083400000|  0%| F|  |TAMS 0x0000000083300000, 0x0000000083300000| Untracked 
|  52|0x0000000083400000, 0x0000000083400000, 0x0000000083500000|  0%| F|  |TAMS 0x0000000083400000, 0x0000000083400000| Untracked 
|  53|0x0000000083500000, 0x0000000083500000, 0x0000000083600000|  0%| F|  |TAMS 0x0000000083500000, 0x0000000083500000| Untracked 
|  54|0x0000000083600000, 0x0000000083600000, 0x0000000083700000|  0%| F|  |TAMS 0x0000000083600000, 0x0000000083600000| Untracked 
|  55|0x0000000083700000, 0x0000000083700000, 0x0000000083800000|  0%| F|  |TAMS 0x0000000083700000, 0x0000000083700000| Untracked 
|  56|0x0000000083800000, 0x0000000083800000, 0x0000000083900000|  0%| F|  |TAMS 0x0000000083800000, 0x0000000083800000| Untracked 
|  57|0x0000000083900000, 0x0000000083900000, 0x0000000083a00000|  0%| F|  |TAMS 0x0000000083900000, 0x0000000083900000| Untracked 
|  58|0x0000000083a00000, 0x0000000083a00000, 0x0000000083b00000|  0%| F|  |TAMS 0x0000000083a00000, 0x0000000083a00000| Untracked 
|  59|0x0000000083b00000, 0x0000000083b00000, 0x0000000083c00000|  0%| F|  |TAMS 0x0000000083b00000, 0x0000000083b00000| Untracked 
|  60|0x0000000083c00000, 0x0000000083c00000, 0x0000000083d00000|  0%| F|  |TAMS 0x0000000083c00000, 0x0000000083c00000| Untracked 
|  61|0x0000000083d00000, 0x0000000083d00000, 0x0000000083e00000|  0%| F|  |TAMS 0x0000000083d00000, 0x0000000083d00000| Untracked 
|  62|0x0000000083e00000, 0x0000000083e00000, 0x0000000083f00000|  0%| F|  |TAMS 0x0000000083e00000, 0x0000000083e00000| Untracked 
|  63|0x0000000083f00000, 0x0000000083f00000, 0x0000000084000000|  0%| F|  |TAMS 0x0000000083f00000, 0x0000000083f00000| Untracked 
|  64|0x0000000084000000, 0x00000000840fe098, 0x0000000084100000| 99%| S|CS|TAMS 0x0000000084000000, 0x0000000084000000| Complete 
|  65|0x0000000084100000, 0x0000000084200000, 0x0000000084200000|100%| S|CS|TAMS 0x0000000084100000, 0x0000000084100000| Complete 
|  66|0x0000000084200000, 0x0000000084300000, 0x0000000084300000|100%| S|CS|TAMS 0x0000000084200000, 0x0000000084200000| Complete 
|  67|0x0000000084300000, 0x0000000084300000, 0x0000000084400000|  0%| F|  |TAMS 0x0000000084300000, 0x0000000084300000| Untracked 
|  68|0x0000000084400000, 0x0000000084400000, 0x0000000084500000|  0%| F|  |TAMS 0x0000000084400000, 0x0000000084400000| Untracked 
|  69|0x0000000084500000, 0x0000000084500000, 0x0000000084600000|  0%| F|  |TAMS 0x0000000084500000, 0x0000000084500000| Untracked 
|  70|0x0000000084600000, 0x0000000084600000, 0x0000000084700000|  0%| F|  |TAMS 0x0000000084600000, 0x0000000084600000| Untracked 
|  71|0x0000000084700000, 0x0000000084700000, 0x0000000084800000|  0%| F|  |TAMS 0x0000000084700000, 0x0000000084700000| Untracked 
|  72|0x0000000084800000, 0x0000000084800000, 0x0000000084900000|  0%| F|  |TAMS 0x0000000084800000, 0x0000000084800000| Untracked 
|  73|0x0000000084900000, 0x0000000084900000, 0x0000000084a00000|  0%| F|  |TAMS 0x0000000084900000, 0x0000000084900000| Untracked 
|  74|0x0000000084a00000, 0x0000000084a00000, 0x0000000084b00000|  0%| F|  |TAMS 0x0000000084a00000, 0x0000000084a00000| Untracked 
|  75|0x0000000084b00000, 0x0000000084b00000, 0x0000000084c00000|  0%| F|  |TAMS 0x0000000084b00000, 0x0000000084b00000| Untracked 
|  76|0x0000000084c00000, 0x0000000084c00000, 0x0000000084d00000|  0%| F|  |TAMS 0x0000000084c00000, 0x0000000084c00000| Untracked 
|  77|0x0000000084d00000, 0x0000000084d00000, 0x0000000084e00000|  0%| F|  |TAMS 0x0000000084d00000, 0x0000000084d00000| Untracked 
|  78|0x0000000084e00000, 0x0000000084e00000, 0x0000000084f00000|  0%| F|  |TAMS 0x0000000084e00000, 0x0000000084e00000| Untracked 
|  79|0x0000000084f00000, 0x0000000084f00000, 0x0000000085000000|  0%| F|  |TAMS 0x0000000084f00000, 0x0000000084f00000| Untracked 
|  80|0x0000000085000000, 0x0000000085000000, 0x0000000085100000|  0%| F|  |TAMS 0x0000000085000000, 0x0000000085000000| Untracked 
|  81|0x0000000085100000, 0x0000000085100000, 0x0000000085200000|  0%| F|  |TAMS 0x0000000085100000, 0x0000000085100000| Untracked 
|  82|0x0000000085200000, 0x0000000085200000, 0x0000000085300000|  0%| F|  |TAMS 0x0000000085200000, 0x0000000085200000| Untracked 
|  83|0x0000000085300000, 0x0000000085300000, 0x0000000085400000|  0%| F|  |TAMS 0x0000000085300000, 0x0000000085300000| Untracked 
|  84|0x0000000085400000, 0x0000000085400000, 0x0000000085500000|  0%| F|  |TAMS 0x0000000085400000, 0x0000000085400000| Untracked 
|  85|0x0000000085500000, 0x0000000085500000, 0x0000000085600000|  0%| F|  |TAMS 0x0000000085500000, 0x0000000085500000| Untracked 
|  86|0x0000000085600000, 0x0000000085600000, 0x0000000085700000|  0%| F|  |TAMS 0x0000000085600000, 0x0000000085600000| Untracked 
|  87|0x0000000085700000, 0x0000000085700000, 0x0000000085800000|  0%| F|  |TAMS 0x0000000085700000, 0x0000000085700000| Untracked 
|  88|0x0000000085800000, 0x0000000085800000, 0x0000000085900000|  0%| F|  |TAMS 0x0000000085800000, 0x0000000085800000| Untracked 
|  89|0x0000000085900000, 0x0000000085900000, 0x0000000085a00000|  0%| F|  |TAMS 0x0000000085900000, 0x0000000085900000| Untracked 

Card table byte_map: [0x00000225e7020000,0x00000225e7420000] _byte_map_base: 0x00000225e6c20000

Marking Bits (Prev, Next): (CMBitMap*) 0x00000225d231dba8, (CMBitMap*) 0x00000225d231dbe0
 Prev Bits: [0x00000225e7820000, 0x00000225e9820000)
 Next Bits: [0x00000225e9820000, 0x00000225eb820000)

Polling page: 0x00000225d2190000

Metaspace:

Usage:
  Non-class:     57.06 MB capacity,    55.93 MB ( 98%) used,   960.12 KB (  2%) free+waste,   201.13 KB ( <1%) overhead. 
      Class:      9.16 MB capacity,     8.41 MB ( 92%) used,   666.52 KB (  7%) free+waste,    97.38 KB (  1%) overhead. 
       Both:     66.22 MB capacity,    64.34 MB ( 97%) used,     1.59 MB (  2%) free+waste,   298.50 KB ( <1%) overhead. 

Virtual space:
  Non-class space:       58.00 MB reserved,      57.08 MB ( 98%) committed 
      Class space:      504.00 MB reserved,       9.25 MB (  2%) committed 
             Both:      562.00 MB reserved,      66.33 MB ( 12%) committed 

Chunk freelists:
   Non-Class:  18.00 KB
       Class:  0 bytes
        Both:  18.00 KB

MaxMetaspaceSize: 512.00 MB
CompressedClassSpaceSize: 504.00 MB
Initial GC threshold: 20.80 MB
Current GC threshold: 109.09 MB
CDS: off

CodeHeap 'non-profiled nmethods': size=120064Kb used=3138Kb max_used=3138Kb free=116925Kb
 bounds [0x00000225df0c0000, 0x00000225df3e0000, 0x00000225e6600000]
CodeHeap 'profiled nmethods': size=120000Kb used=12990Kb max_used=12990Kb free=107009Kb
 bounds [0x00000225d7b90000, 0x00000225d8840000, 0x00000225df0c0000]
CodeHeap 'non-nmethods': size=5696Kb used=2341Kb max_used=2379Kb free=3354Kb
 bounds [0x00000225d7600000, 0x00000225d7870000, 0x00000225d7b90000]
 total_blobs=7199 nmethods=6343 adapters=768
 compilation: enabled
              stopped_count=0, restarted_count=0
 full_count=0

Compilation events (20 events):
Event: 45.651 Thread 0x00000225ee66d800 nmethod 6423 0x00000225d883cf90 code [0x00000225d883d160, 0x00000225d883d388]
Event: 45.651 Thread 0x00000225ee66d800 6424       3       org.gradle.internal.id.LongIdGenerator::generateId (11 bytes)
Event: 45.652 Thread 0x00000225ee66d800 nmethod 6424 0x00000225d883d490 code [0x00000225d883d660, 0x00000225d883d808]
Event: 45.652 Thread 0x00000225ee66d800 6425       1       org.gradle.api.internal.artifacts.ivyservice.resolveengine.graph.builder.ResolveState::getAttributeDesugaring (5 bytes)
Event: 45.652 Thread 0x00000225ee66d800 nmethod 6425 0x00000225df3d0490 code [0x00000225df3d0640, 0x00000225df3d06f8]
Event: 45.652 Thread 0x00000225ee66d800 6426       1       org.gradle.api.internal.artifacts.ivyservice.resolveengine.graph.builder.ComponentState::setSelectors (6 bytes)
Event: 45.652 Thread 0x00000225ee66d800 nmethod 6426 0x00000225df3d0790 code [0x00000225df3d0940, 0x00000225df3d0a38]
Event: 45.654 Thread 0x00000225ee66d800 6427       3       org.gradle.api.internal.artifacts.ivyservice.resolutionstrategy.DefaultCachePolicy$AbstractResolutionControl::<init> (10 bytes)
Event: 45.655 Thread 0x00000225ee66d800 nmethod 6427 0x00000225d883d910 code [0x00000225d883dae0, 0x00000225d883de18]
Event: 45.655 Thread 0x00000225ee66d800 6428       3       org.gradle.api.internal.artifacts.ivyservice.resolutionstrategy.DefaultCachePolicy$AbstractResolutionControl::<init> (30 bytes)
Event: 45.655 Thread 0x00000225ee66d800 nmethod 6428 0x00000225d883df90 code [0x00000225d883e160, 0x00000225d883e438]
Event: 45.655 Thread 0x00000225ee66d800 6429       3       org.gradle.api.internal.artifacts.ivyservice.resolutionstrategy.DefaultCachePolicy$AbstractResolutionControl::correctForClockShift (10 bytes)
Event: 45.655 Thread 0x00000225ee66d800 nmethod 6429 0x00000225d883e590 code [0x00000225d883e740, 0x00000225d883e898]
Event: 45.655 Thread 0x00000225ee66d800 6430       3       org.gradle.api.internal.artifacts.ivyservice.resolutionstrategy.DefaultCachePolicy$AbstractResolutionControl::isMustCheck (22 bytes)
Event: 45.655 Thread 0x00000225ee66d800 nmethod 6430 0x00000225d883e910 code [0x00000225d883eac0, 0x00000225d883ec58]
Event: 45.659 Thread 0x00000225ee66d800 6431       3       org.gradle.api.internal.artifacts.ivyservice.resolveengine.graph.builder.ModuleResolveState::isVirtualPlatform (28 bytes)
Event: 45.660 Thread 0x00000225ee66d800 nmethod 6431 0x00000225d883ed10 code [0x00000225d883eee0, 0x00000225d883f158]
Event: 45.660 Thread 0x00000225ee66d800 6432       3       org.gradle.internal.component.external.model.maven.DefaultMavenModuleResolveMetadata::include (23 bytes)
Event: 45.660 Thread 0x00000225ee66d800 nmethod 6432 0x00000225d883f210 code [0x00000225d883f3e0, 0x00000225d883f728]
Event: 45.660 Thread 0x00000225ee66d800 6433       3       org.gradle.internal.component.external.model.maven.DefaultMavenModuleResolveMetadata::contextualize (21 bytes)

GC Heap History (20 events):
Event: 40.308 GC heap after
{Heap after GC invocations=41 (full 0):
 garbage-first heap   total 63488K, used 43059K [0x0000000080000000, 0x0000000100000000)
  region size 1024K, 1 young (1024K), 1 survivors (1024K)
 Metaspace       used 55093K, capacity 56689K, committed 56784K, reserved 565248K
  class space    used 7141K, capacity 7782K, committed 7808K, reserved 516096K
}
Event: 40.597 GC heap before
{Heap before GC invocations=41 (full 0):
 garbage-first heap   total 63488K, used 51251K [0x0000000080000000, 0x0000000100000000)
  region size 1024K, 9 young (9216K), 1 survivors (1024K)
 Metaspace       used 55780K, capacity 57392K, committed 57424K, reserved 567296K
  class space    used 7251K, capacity 7911K, committed 7936K, reserved 516096K
}
Event: 40.601 GC heap after
{Heap after GC invocations=42 (full 0):
 garbage-first heap   total 63488K, used 43316K [0x0000000080000000, 0x0000000100000000)
  region size 1024K, 1 young (1024K), 1 survivors (1024K)
 Metaspace       used 55780K, capacity 57392K, committed 57424K, reserved 567296K
  class space    used 7251K, capacity 7911K, committed 7936K, reserved 516096K
}
Event: 40.973 GC heap before
{Heap before GC invocations=43 (full 0):
 garbage-first heap   total 63488K, used 51508K [0x0000000080000000, 0x0000000100000000)
  region size 1024K, 9 young (9216K), 1 survivors (1024K)
 Metaspace       used 56455K, capacity 58116K, committed 58320K, reserved 567296K
  class space    used 7348K, capacity 8043K, committed 8064K, reserved 516096K
}
Event: 40.978 GC heap after
{Heap after GC invocations=44 (full 0):
 garbage-first heap   total 76800K, used 43630K [0x0000000080000000, 0x0000000100000000)
  region size 1024K, 2 young (2048K), 2 survivors (2048K)
 Metaspace       used 56455K, capacity 58116K, committed 58320K, reserved 567296K
  class space    used 7348K, capacity 8043K, committed 8064K, reserved 516096K
}
Event: 41.425 GC heap before
{Heap before GC invocations=44 (full 0):
 garbage-first heap   total 76800K, used 55918K [0x0000000080000000, 0x0000000100000000)
  region size 1024K, 14 young (14336K), 2 survivors (2048K)
 Metaspace       used 57545K, capacity 59190K, committed 59216K, reserved 567296K
  class space    used 7493K, capacity 8168K, committed 8192K, reserved 516096K
}
Event: 41.432 GC heap after
{Heap after GC invocations=45 (full 0):
 garbage-first heap   total 76800K, used 44103K [0x0000000080000000, 0x0000000100000000)
  region size 1024K, 2 young (2048K), 2 survivors (2048K)
 Metaspace       used 57545K, capacity 59190K, committed 59216K, reserved 567296K
  class space    used 7493K, capacity 8168K, committed 8192K, reserved 516096K
}
Event: 41.902 GC heap before
{Heap before GC invocations=46 (full 0):
 garbage-first heap   total 76800K, used 57415K [0x0000000080000000, 0x0000000100000000)
  region size 1024K, 15 young (15360K), 2 survivors (2048K)
 Metaspace       used 58618K, capacity 60345K, committed 60496K, reserved 569344K
  class space    used 7635K, capacity 8339K, committed 8448K, reserved 516096K
}
Event: 41.909 GC heap after
{Heap after GC invocations=47 (full 0):
 garbage-first heap   total 76800K, used 44774K [0x0000000080000000, 0x0000000100000000)
  region size 1024K, 2 young (2048K), 2 survivors (2048K)
 Metaspace       used 58618K, capacity 60345K, committed 60496K, reserved 569344K
  class space    used 7635K, capacity 8339K, committed 8448K, reserved 516096K
}
Event: 42.146 GC heap before
{Heap before GC invocations=47 (full 0):
 garbage-first heap   total 76800K, used 58086K [0x0000000080000000, 0x0000000100000000)
  region size 1024K, 15 young (15360K), 2 survivors (2048K)
 Metaspace       used 59408K, capacity 61177K, committed 61392K, reserved 569344K
  class space    used 7751K, capacity 8467K, committed 8576K, reserved 516096K
}
Event: 42.152 GC heap after
{Heap after GC invocations=48 (full 0):
 garbage-first heap   total 76800K, used 44958K [0x0000000080000000, 0x0000000100000000)
  region size 1024K, 1 young (1024K), 1 survivors (1024K)
 Metaspace       used 59408K, capacity 61177K, committed 61392K, reserved 569344K
  class space    used 7751K, capacity 8467K, committed 8576K, reserved 516096K
}
Event: 42.470 GC heap before
{Heap before GC invocations=49 (full 0):
 garbage-first heap   total 76800K, used 59294K [0x0000000080000000, 0x0000000100000000)
  region size 1024K, 15 young (15360K), 1 survivors (1024K)
 Metaspace       used 60524K, capacity 62265K, committed 62544K, reserved 571392K
  class space    used 7896K, capacity 8595K, committed 8704K, reserved 516096K
}
Event: 42.475 GC heap after
{Heap after GC invocations=50 (full 0):
 garbage-first heap   total 92160K, used 45205K [0x0000000080000000, 0x0000000100000000)
  region size 1024K, 2 young (2048K), 2 survivors (2048K)
 Metaspace       used 60524K, capacity 62265K, committed 62544K, reserved 571392K
  class space    used 7896K, capacity 8595K, committed 8704K, reserved 516096K
}
Event: 42.920 GC heap before
{Heap before GC invocations=50 (full 0):
 garbage-first heap   total 92160K, used 65685K [0x0000000080000000, 0x0000000100000000)
  region size 1024K, 22 young (22528K), 2 survivors (2048K)
 Metaspace       used 62017K, capacity 63773K, committed 63952K, reserved 571392K
  class space    used 8080K, capacity 8796K, committed 8832K, reserved 516096K
}
Event: 42.925 GC heap after
{Heap after GC invocations=51 (full 0):
 garbage-first heap   total 92160K, used 45458K [0x0000000080000000, 0x0000000100000000)
  region size 1024K, 2 young (2048K), 2 survivors (2048K)
 Metaspace       used 62017K, capacity 63773K, committed 63952K, reserved 571392K
  class space    used 8080K, capacity 8796K, committed 8832K, reserved 516096K
}
Event: 44.031 GC heap before
{Heap before GC invocations=52 (full 0):
 garbage-first heap   total 92160K, used 65938K [0x0000000080000000, 0x0000000100000000)
  region size 1024K, 23 young (23552K), 2 survivors (2048K)
 Metaspace       used 63547K, capacity 65334K, committed 65488K, reserved 573440K
  class space    used 8264K, capacity 9009K, committed 9088K, reserved 516096K
}
Event: 44.038 GC heap after
{Heap after GC invocations=53 (full 0):
 garbage-first heap   total 92160K, used 46637K [0x0000000080000000, 0x0000000100000000)
  region size 1024K, 3 young (3072K), 3 survivors (3072K)
 Metaspace       used 63547K, capacity 65334K, committed 65488K, reserved 573440K
  class space    used 8264K, capacity 9009K, committed 9088K, reserved 516096K
}
Event: 44.483 GC heap before
{Heap before GC invocations=53 (full 0):
 garbage-first heap   total 92160K, used 69165K [0x0000000080000000, 0x0000000100000000)
  region size 1024K, 25 young (25600K), 3 survivors (3072K)
 Metaspace       used 64438K, capacity 66274K, committed 66384K, reserved 573440K
  class space    used 8401K, capacity 9130K, committed 9216K, reserved 516096K
}
Event: 44.496 GC heap after
{Heap after GC invocations=54 (full 0):
 garbage-first heap   total 92160K, used 48102K [0x0000000080000000, 0x0000000100000000)
  region size 1024K, 4 young (4096K), 4 survivors (4096K)
 Metaspace       used 64438K, capacity 66274K, committed 66384K, reserved 573440K
  class space    used 8401K, capacity 9130K, committed 9216K, reserved 516096K
}
Event: 45.661 GC heap before
{Heap before GC invocations=55 (full 0):
 garbage-first heap   total 92160K, used 70630K [0x0000000080000000, 0x0000000100000000)
  region size 1024K, 26 young (26624K), 4 survivors (4096K)
 Metaspace       used 65884K, capacity 67810K, committed 67920K, reserved 575488K
  class space    used 8616K, capacity 9380K, committed 9472K, reserved 516096K
}

Deoptimization events (20 events):
Event: 44.906 Thread 0x00000225f0124000 Uncommon trap: trap_request=0xffffff4d fr.pc=0x00000225df321d30 relative=0x0000000000001630
Event: 44.906 Thread 0x00000225f0124000 Uncommon trap: reason=unstable_if action=reinterpret pc=0x00000225df321d30 method=org.objectweb.asm.Frame.getAbstractTypeFromDescriptor(Lorg/objectweb/asm/SymbolTable;Ljava/lang/String;I)I @ 5 c2
Event: 44.906 Thread 0x00000225f0124000 DEOPT PACKING pc=0x00000225df321d30 sp=0x0000005546af5560
Event: 44.906 Thread 0x00000225f0124000 DEOPT UNPACKING pc=0x00000225d764a1af sp=0x0000005546af5520 mode 2
Event: 45.371 Thread 0x00000225f1243800 Uncommon trap: trap_request=0xffffffd6 fr.pc=0x00000225df3b9c28 relative=0x0000000000000348
Event: 45.371 Thread 0x00000225f1243800 Uncommon trap: reason=array_check action=maybe_recompile pc=0x00000225df3b9c28 method=java.util.AbstractCollection.toArray([Ljava/lang/Object;)[Ljava/lang/Object; @ 116 c2
Event: 45.371 Thread 0x00000225f1243800 DEOPT PACKING pc=0x00000225df3b9c28 sp=0x000000554a6fc7d0
Event: 45.371 Thread 0x00000225f1243800 DEOPT UNPACKING pc=0x00000225d764a1af sp=0x000000554a6fc770 mode 2
Event: 45.393 Thread 0x00000225f0124000 Uncommon trap: trap_request=0xffffffd6 fr.pc=0x00000225df3b9c28 relative=0x0000000000000348
Event: 45.393 Thread 0x00000225f0124000 Uncommon trap: reason=array_check action=maybe_recompile pc=0x00000225df3b9c28 method=java.util.AbstractCollection.toArray([Ljava/lang/Object;)[Ljava/lang/Object; @ 116 c2
Event: 45.393 Thread 0x00000225f0124000 DEOPT PACKING pc=0x00000225df3b9c28 sp=0x0000005546af7770
Event: 45.393 Thread 0x00000225f0124000 DEOPT UNPACKING pc=0x00000225d764a1af sp=0x0000005546af7710 mode 2
Event: 45.393 Thread 0x00000225f0124000 Uncommon trap: trap_request=0xffffffd6 fr.pc=0x00000225df3b9c28 relative=0x0000000000000348
Event: 45.393 Thread 0x00000225f0124000 Uncommon trap: reason=array_check action=maybe_recompile pc=0x00000225df3b9c28 method=java.util.AbstractCollection.toArray([Ljava/lang/Object;)[Ljava/lang/Object; @ 116 c2
Event: 45.393 Thread 0x00000225f0124000 DEOPT PACKING pc=0x00000225df3b9c28 sp=0x0000005546af7770
Event: 45.393 Thread 0x00000225f0124000 DEOPT UNPACKING pc=0x00000225d764a1af sp=0x0000005546af7710 mode 2
Event: 45.393 Thread 0x00000225f0124000 Uncommon trap: trap_request=0xffffffd6 fr.pc=0x00000225df3b9c28 relative=0x0000000000000348
Event: 45.393 Thread 0x00000225f0124000 Uncommon trap: reason=array_check action=maybe_recompile pc=0x00000225df3b9c28 method=java.util.AbstractCollection.toArray([Ljava/lang/Object;)[Ljava/lang/Object; @ 116 c2
Event: 45.393 Thread 0x00000225f0124000 DEOPT PACKING pc=0x00000225df3b9c28 sp=0x0000005546af7820
Event: 45.393 Thread 0x00000225f0124000 DEOPT UNPACKING pc=0x00000225d764a1af sp=0x0000005546af77c0 mode 2

Classes redefined (0 events):
No events

Internal exceptions (20 events):
Event: 44.268 Thread 0x00000225f0124000 Exception <a 'java/lang/ClassNotFoundException'{0x0000000085140160}: org/gradle/internal/metaobject/ConfigureDelegateCustomizer> (0x0000000085140160) thrown at [./src/hotspot/share/classfile/systemDictionary.cpp, line 231]
Event: 44.278 Thread 0x00000225f0124000 Exception <a 'java/lang/ClassNotFoundException'{0x00000000851b4ec8}: org/gradle/api/internal/initialization/DefaultScriptHandlerBeanInfo> (0x00000000851b4ec8) thrown at [./src/hotspot/share/classfile/systemDictionary.cpp, line 231]
Event: 44.279 Thread 0x00000225f0124000 Exception <a 'java/lang/ClassNotFoundException'{0x00000000851e1e80}: org/gradle/api/internal/initialization/DefaultScriptHandlerCustomizer> (0x00000000851e1e80) thrown at [./src/hotspot/share/classfile/systemDictionary.cpp, line 231]
Event: 44.309 Thread 0x00000225f0124000 Exception <a 'java/lang/ClassNotFoundException'{0x0000000084c304b8}: org/gradle/api/internal/artifacts/dsl/DefaultRepositoryHandler_DecoratedBeanInfo> (0x0000000084c304b8) thrown at [./src/hotspot/share/classfile/systemDictionary.cpp, line 231]
Event: 44.311 Thread 0x00000225f0124000 Exception <a 'java/lang/ClassNotFoundException'{0x0000000084c6f1d0}: org/gradle/api/internal/artifacts/dsl/DefaultRepositoryHandlerBeanInfo> (0x0000000084c6f1d0) thrown at [./src/hotspot/share/classfile/systemDictionary.cpp, line 231]
Event: 44.313 Thread 0x00000225f0124000 Exception <a 'java/lang/ClassNotFoundException'{0x0000000084cb11d8}: org/gradle/api/internal/artifacts/DefaultArtifactRepositoryContainerBeanInfo> (0x0000000084cb11d8) thrown at [./src/hotspot/share/classfile/systemDictionary.cpp, line 231]
Event: 44.315 Thread 0x00000225f0124000 Exception <a 'java/lang/ClassNotFoundException'{0x0000000084cdf1a0}: org/gradle/api/internal/DefaultNamedDomainObjectListBeanInfo> (0x0000000084cdf1a0) thrown at [./src/hotspot/share/classfile/systemDictionary.cpp, line 231]
Event: 44.317 Thread 0x00000225f0124000 Exception <a 'java/lang/ClassNotFoundException'{0x0000000084b0e930}: org/gradle/api/internal/DefaultNamedDomainObjectCollectionBeanInfo> (0x0000000084b0e930) thrown at [./src/hotspot/share/classfile/systemDictionary.cpp, line 231]
Event: 44.318 Thread 0x00000225f0124000 Exception <a 'java/lang/ClassNotFoundException'{0x0000000084b3ca90}: org/gradle/api/internal/DefaultDomainObjectCollectionBeanInfo> (0x0000000084b3ca90) thrown at [./src/hotspot/share/classfile/systemDictionary.cpp, line 231]
Event: 44.319 Thread 0x00000225f0124000 Exception <a 'java/lang/ClassNotFoundException'{0x0000000084b6b488}: org/gradle/api/internal/DefaultDomainObjectCollectionCustomizer> (0x0000000084b6b488) thrown at [./src/hotspot/share/classfile/systemDictionary.cpp, line 231]
Event: 44.325 Thread 0x00000225f0124000 Exception <a 'java/lang/ClassNotFoundException'{0x0000000084bb7ba0}: org/gradle/api/internal/DefaultNamedDomainObjectCollectionCustomizer> (0x0000000084bb7ba0) thrown at [./src/hotspot/share/classfile/systemDictionary.cpp, line 231]
Event: 44.330 Thread 0x00000225f0124000 Exception <a 'java/lang/ClassNotFoundException'{0x0000000084a0bbe8}: org/gradle/api/internal/DefaultNamedDomainObjectListCustomizer> (0x0000000084a0bbe8) thrown at [./src/hotspot/share/classfile/systemDictionary.cpp, line 231]
Event: 44.334 Thread 0x00000225f0124000 Exception <a 'java/lang/ClassNotFoundException'{0x0000000084a66c78}: org/gradle/api/internal/artifacts/DefaultArtifactRepositoryContainerCustomizer> (0x0000000084a66c78) thrown at [./src/hotspot/share/classfile/systemDictionary.cpp, line 231]
Event: 44.339 Thread 0x00000225f0124000 Exception <a 'java/lang/ClassNotFoundException'{0x0000000084ab68d0}: org/gradle/api/internal/artifacts/dsl/DefaultRepositoryHandlerCustomizer> (0x0000000084ab68d0) thrown at [./src/hotspot/share/classfile/systemDictionary.cpp, line 231]
Event: 44.343 Thread 0x00000225f0124000 Exception <a 'java/lang/ClassNotFoundException'{0x0000000084919f38}: org/gradle/api/internal/artifacts/dsl/DefaultRepositoryHandler_DecoratedCustomizer> (0x0000000084919f38) thrown at [./src/hotspot/share/classfile/systemDictionary.cpp, line 231]
Event: 44.361 Thread 0x00000225f0124000 Exception <a 'java/lang/ClassNotFoundException'{0x00000000849f37f0}: org/gradle/api/internal/artifacts/dsl/dependencies/DefaultDependencyHandler_DecoratedBeanInfo> (0x00000000849f37f0) thrown at [./src/hotspot/share/classfile/systemDictionary.cpp, line 231]
Event: 44.363 Thread 0x00000225f0124000 Exception <a 'java/lang/ClassNotFoundException'{0x0000000084837b58}: org/gradle/api/internal/artifacts/dsl/dependencies/DefaultDependencyHandlerBeanInfo> (0x0000000084837b58) thrown at [./src/hotspot/share/classfile/systemDictionary.cpp, line 231]
Event: 44.365 Thread 0x00000225f0124000 Exception <a 'java/lang/ClassNotFoundException'{0x000000008487bdc8}: org/gradle/api/internal/artifacts/dsl/dependencies/DefaultDependencyHandlerCustomizer> (0x000000008487bdc8) thrown at [./src/hotspot/share/classfile/systemDictionary.cpp, line 231]
Event: 44.371 Thread 0x00000225f0124000 Exception <a 'java/lang/ClassNotFoundException'{0x00000000848eacb8}: org/gradle/api/internal/artifacts/dsl/dependencies/DefaultDependencyHandler_DecoratedCustomizer> (0x00000000848eacb8) thrown at [./src/hotspot/share/classfile/systemDictionary.cpp, line 231]
Event: 44.602 Thread 0x00000225f0124000 Exception <a 'java/lang/NoSuchMethodError'{0x000000008576bb08}: 'java.lang.Object java.lang.invoke.Invokers$Holder.linkToTargetMethod(java.lang.Object, int, java.lang.Object)'> (0x000000008576bb08) thrown at [./src/hotspot/share/interpreter/linkResolver.cpp, line 773]

Events (20 events):
Event: 45.370 Executing VM operation: Deoptimize done
Event: 45.372 loading class org/gradle/process/internal/health/memory/JvmMemoryStatusSnapshot
Event: 45.372 loading class org/gradle/process/internal/health/memory/JvmMemoryStatusSnapshot done
Event: 45.372 Executing VM operation: RevokeBias
Event: 45.373 Executing VM operation: RevokeBias done
Event: 45.373 Executing VM operation: RevokeBias
Event: 45.373 Executing VM operation: RevokeBias done
Event: 45.478 loading class org/gradle/api/internal/artifacts/ivyservice/ivyresolve/strategy/LatestVersionSelector
Event: 45.478 loading class org/gradle/api/internal/artifacts/ivyservice/ivyresolve/strategy/LatestVersionSelector done
Event: 45.494 Executing VM operation: RevokeBias
Event: 45.494 Executing VM operation: RevokeBias done
Event: 45.494 loading class com/google/common/primitives/Longs$AsciiDigits
Event: 45.494 loading class com/google/common/primitives/Longs$AsciiDigits done
Event: 45.496 loading class org/gradle/api/internal/artifacts/ivyservice/resolveengine/graph/selectors/SelectorStateResolverResults$Registration
Event: 45.496 loading class org/gradle/api/internal/artifacts/ivyservice/resolveengine/graph/selectors/SelectorStateResolverResults$Registration done
Event: 45.498 loading class org/gradle/api/internal/artifacts/ivyservice/resolveengine/graph/conflicts/DefaultConflictResolverDetails
Event: 45.498 loading class org/gradle/api/internal/artifacts/ivyservice/resolveengine/graph/conflicts/DefaultConflictResolverDetails done
Event: 45.501 loading class org/gradle/api/internal/artifacts/ivyservice/resolveengine/graph/conflicts/CompositeConflictResolver$CompositeDetails
Event: 45.501 loading class org/gradle/api/internal/artifacts/ivyservice/resolveengine/graph/conflicts/CompositeConflictResolver$CompositeDetails done
Event: 45.661 Executing VM operation: G1CollectForAllocation


Dynamic libraries:
0x00007ff75d2a0000 - 0x00007ff75d2aa000 	C:\Program Files\Android\Android Studio\jre\bin\java.exe
0x00007ff96a710000 - 0x00007ff96a908000 	C:\WINDOWS\SYSTEM32\ntdll.dll
0x00007ff968cf0000 - 0x00007ff968daf000 	C:\WINDOWS\System32\KERNEL32.DLL
0x00007ff968420000 - 0x00007ff968716000 	C:\WINDOWS\System32\KERNELBASE.dll
0x00007ff968320000 - 0x00007ff968420000 	C:\WINDOWS\System32\ucrtbase.dll
0x00007ff953000000 - 0x00007ff953019000 	C:\Program Files\Android\Android Studio\jre\bin\jli.dll
0x00007ff9696d0000 - 0x00007ff96986d000 	C:\WINDOWS\System32\USER32.dll
0x00007ff967e90000 - 0x00007ff967eb2000 	C:\WINDOWS\System32\win32u.dll
0x00007ff969960000 - 0x00007ff96998c000 	C:\WINDOWS\System32\GDI32.dll
0x00007ff968200000 - 0x00007ff968315000 	C:\WINDOWS\System32\gdi32full.dll
0x00007ff967df0000 - 0x00007ff967e8d000 	C:\WINDOWS\System32\msvcp_win.dll
0x00007ff952fe0000 - 0x00007ff952ff7000 	C:\Program Files\Android\Android Studio\jre\bin\VCRUNTIME140.dll
0x00007ff9578b0000 - 0x00007ff957b4a000 	C:\WINDOWS\WinSxS\amd64_microsoft.windows.common-controls_6595b64144ccf1df_6.0.19041.1110_none_60b5254171f9507e\COMCTL32.dll
0x00007ff96a100000 - 0x00007ff96a19e000 	C:\WINDOWS\System32\msvcrt.dll
0x00007ff969df0000 - 0x00007ff969e20000 	C:\WINDOWS\System32\IMM32.DLL
0x00007ff952f40000 - 0x00007ff952fdd000 	C:\Program Files\Android\Android Studio\jre\bin\msvcp140.dll
0x00007ff910fb0000 - 0x00007ff911ab2000 	C:\Program Files\Android\Android Studio\jre\bin\server\jvm.dll
0x00007ff969d40000 - 0x00007ff969def000 	C:\WINDOWS\System32\ADVAPI32.dll
0x00007ff968db0000 - 0x00007ff968e4c000 	C:\WINDOWS\System32\sechost.dll
0x00007ff969c10000 - 0x00007ff969d36000 	C:\WINDOWS\System32\RPCRT4.dll
0x00007ff969990000 - 0x00007ff969998000 	C:\WINDOWS\System32\PSAPI.DLL
0x00007ff95c170000 - 0x00007ff95c179000 	C:\WINDOWS\SYSTEM32\WSOCK32.dll
0x00007ff96a270000 - 0x00007ff96a2db000 	C:\WINDOWS\System32\WS2_32.dll
0x00007ff957c00000 - 0x00007ff957c27000 	C:\WINDOWS\SYSTEM32\WINMM.dll
0x00007ff9602e0000 - 0x00007ff9602ea000 	C:\WINDOWS\SYSTEM32\VERSION.dll
0x00007ff965c60000 - 0x00007ff965c72000 	C:\WINDOWS\SYSTEM32\kernel.appcore.dll
0x00007ff952f20000 - 0x00007ff952f31000 	C:\Program Files\Android\Android Studio\jre\bin\verify.dll
0x00007ff9615a0000 - 0x00007ff961784000 	C:\WINDOWS\SYSTEM32\DBGHELP.DLL
0x00007ff961530000 - 0x00007ff961564000 	C:\WINDOWS\SYSTEM32\dbgcore.DLL
0x00007ff968090000 - 0x00007ff968112000 	C:\WINDOWS\System32\bcryptPrimitives.dll
0x00007ff952ef0000 - 0x00007ff952f19000 	C:\Program Files\Android\Android Studio\jre\bin\java.dll
0x00007ff954af0000 - 0x00007ff954afb000 	C:\Program Files\Android\Android Studio\jre\bin\jimage.dll
0x00007ff952ed0000 - 0x00007ff952ee8000 	C:\Program Files\Android\Android Studio\jre\bin\zip.dll
0x00007ff968e50000 - 0x00007ff969594000 	C:\WINDOWS\System32\SHELL32.dll
0x00007ff965e60000 - 0x00007ff9665f4000 	C:\WINDOWS\SYSTEM32\windows.storage.dll
0x00007ff96a370000 - 0x00007ff96a6c4000 	C:\WINDOWS\System32\combase.dll
0x00007ff967750000 - 0x00007ff96777e000 	C:\WINDOWS\SYSTEM32\Wldp.dll
0x00007ff968770000 - 0x00007ff96881d000 	C:\WINDOWS\System32\SHCORE.dll
0x00007ff969a90000 - 0x00007ff969ae5000 	C:\WINDOWS\System32\shlwapi.dll
0x00007ff967d20000 - 0x00007ff967d45000 	C:\WINDOWS\SYSTEM32\profapi.dll
0x00007ff951890000 - 0x00007ff9518aa000 	C:\Program Files\Android\Android Studio\jre\bin\net.dll
0x00007ff962710000 - 0x00007ff96281a000 	C:\WINDOWS\SYSTEM32\WINHTTP.dll
0x00007ff967530000 - 0x00007ff96759a000 	C:\WINDOWS\system32\mswsock.dll
0x00007ff951870000 - 0x00007ff951884000 	C:\Program Files\Android\Android Studio\jre\bin\nio.dll
0x00007ff9530a0000 - 0x00007ff9530c7000 	C:\Users\fezia\.gradle\native\e1d6ef7f7dcc3fd88c89a11ec53ec762bb8ba0a96d01ffa2cd45eb1d1d8dd5c5\windows-amd64\native-platform.dll
0x00007ff950cc0000 - 0x00007ff950e04000 	C:\Users\fezia\.gradle\native\0d407fdbe67a94daf76414ababcb853783967236a71b16ec16e742cd7a986fd3\windows-amd64\native-platform-file-events.dll
0x00007ff952db0000 - 0x00007ff952dba000 	C:\Program Files\Android\Android Studio\jre\bin\management.dll
0x00007ff951820000 - 0x00007ff95182d000 	C:\Program Files\Android\Android Studio\jre\bin\management_ext.dll
0x00007ff967ad0000 - 0x00007ff967ae8000 	C:\WINDOWS\SYSTEM32\CRYPTSP.dll
0x00007ff966e00000 - 0x00007ff966e34000 	C:\WINDOWS\system32\rsaenh.dll
0x00007ff968120000 - 0x00007ff968147000 	C:\WINDOWS\System32\bcrypt.dll
0x00007ff967ca0000 - 0x00007ff967cce000 	C:\WINDOWS\SYSTEM32\USERENV.dll
0x00007ff9676c0000 - 0x00007ff9676cc000 	C:\WINDOWS\SYSTEM32\CRYPTBASE.dll
0x00007ff9671f0000 - 0x00007ff96722c000 	C:\WINDOWS\SYSTEM32\IPHLPAPI.DLL
0x00007ff969950000 - 0x00007ff969958000 	C:\WINDOWS\System32\NSI.dll
0x00007ff962380000 - 0x00007ff962397000 	C:\WINDOWS\SYSTEM32\dhcpcsvc6.DLL
0x00007ff962200000 - 0x00007ff96221d000 	C:\WINDOWS\SYSTEM32\dhcpcsvc.DLL
0x00007ff967240000 - 0x00007ff96730a000 	C:\WINDOWS\SYSTEM32\DNSAPI.dll

dbghelp: loaded successfully - version: 4.0.5 - missing functions: none
symbol engine: initialized successfully - sym options: 0x614 - pdb path: .;C:\Program Files\Android\Android Studio\jre\bin;C:\WINDOWS\SYSTEM32;C:\WINDOWS\WinSxS\amd64_microsoft.windows.common-controls_6595b64144ccf1df_6.0.19041.1110_none_60b5254171f9507e;C:\Program Files\Android\Android Studio\jre\bin\server;C:\Users\fezia\.gradle\native\e1d6ef7f7dcc3fd88c89a11ec53ec762bb8ba0a96d01ffa2cd45eb1d1d8dd5c5\windows-amd64;C:\Users\fezia\.gradle\native\0d407fdbe67a94daf76414ababcb853783967236a71b16ec16e742cd7a986fd3\windows-amd64

VM Arguments:
jvm_args: -XX:MaxMetaspaceSize=512m --add-opens=java.base/java.util=ALL-UNNAMED --add-opens=java.base/java.lang=ALL-UNNAMED --add-opens=java.base/java.lang.invoke=ALL-UNNAMED --add-opens=java.base/java.util=ALL-UNNAMED --add-opens=java.prefs/java.util.prefs=ALL-UNNAMED --add-opens=java.prefs/java.util.prefs=ALL-UNNAMED --add-opens=java.base/java.nio.charset=ALL-UNNAMED --add-opens=java.base/java.net=ALL-UNNAMED --add-opens=java.base/java.util.concurrent.atomic=ALL-UNNAMED -Xmx2048m -Dfile.encoding=windows-1252 -Duser.country=US -Duser.language=en -Duser.variant 
java_command: org.gradle.launcher.daemon.bootstrap.GradleDaemon 7.5.1
java_class_path (initial): C:\Users\fezia\.gradle\wrapper\dists\gradle-7.5.1-all\1ehga6e77gqps5uk2kc5kf1vc\gradle-7.5.1\lib\gradle-launcher-7.5.1.jar
Launcher Type: SUN_STANDARD

[Global flags]
     intx CICompilerCount                          = 3                                         {product} {ergonomic}
   size_t CompressedClassSpaceSize                 = 528482304                                 {product} {ergonomic}
     uint ConcGCThreads                            = 1                                         {product} {ergonomic}
     uint G1ConcRefinementThreads                  = 4                                         {product} {ergonomic}
   size_t G1HeapRegionSize                         = 1048576                                   {product} {ergonomic}
    uintx GCDrainStackTargetSize                   = 64                                        {product} {ergonomic}
   size_t InitialHeapSize                          = 65011712                                  {product} {ergonomic}
   size_t MarkStackSize                            = 4194304                                   {product} {ergonomic}
   size_t MaxHeapSize                              = 2147483648                                {product} {command line}
   size_t MaxMetaspaceSize                         = 536870912                                 {product} {command line}
   size_t MaxNewSize                               = 1287651328                                {product} {ergonomic}
   size_t MinHeapDeltaBytes                        = 1048576                                   {product} {ergonomic}
    uintx NonNMethodCodeHeapSize                   = 5830732                                {pd product} {ergonomic}
    uintx NonProfiledCodeHeapSize                  = 122913754                              {pd product} {ergonomic}
    uintx ProfiledCodeHeapSize                     = 122913754                              {pd product} {ergonomic}
    uintx ReservedCodeCacheSize                    = 251658240                              {pd product} {ergonomic}
     bool SegmentedCodeCache                       = true                                      {product} {ergonomic}
     bool UseCompressedClassPointers               = true                                 {lp64_product} {ergonomic}
     bool UseCompressedOops                        = true                                 {lp64_product} {ergonomic}
     bool UseG1GC                                  = true                                      {product} {ergonomic}
     bool UseLargePagesIndividualAllocation        = false                                  {pd product} {ergonomic}

Logging:
Log output configuration:
 #0: stdout all=warning uptime,level,tags
 #1: stderr all=off uptime,level,tags

Environment Variables:
JAVA_HOME=C:\Program Files\Android\Android Studio\jre
CLASSPATH=C:\Users\fezia\Tradly\android\\gradle\wrapper\gradle-wrapper.jar
PATH=C:\Users\fezia\Tradly\android\node_modules\.bin;C:\Users\fezia\Tradly\node_modules\.bin;C:\Users\fezia\node_modules\.bin;C:\Users\node_modules\.bin;C:\node_modules\.bin;C:\Program Files\nodejs;C:\Users\fezia\AppData\Local\Temp\yarn--1689401385116-0.7199503071749342;C:\Users\fezia\Tradly\node_modules\.bin;C:\Users\fezia\AppData\Local\Yarn\Data\link\node_modules\.bin;C:\Users\fezia\AppData\Local\Yarn\bin;C:\Program Files\libexec\lib\node_modules\npm\bin\node-gyp-bin;C:\Program Files\lib\node_modules\npm\bin\node-gyp-bin;C:\Program Files\nodejs\node_modules\npm\bin\node-gyp-bin;C:\Program Files\Microsoft\jdk-11.0.18.10-hotspot\bin;C:\WINDOWS\system32;C:\WINDOWS;C:\WINDOWS\System32\Wbem;C:\WINDOWS\System32\WindowsPowerShell\v1.0\;C:\WINDOWS\System32\OpenSSH\;C:\Program Files\Git\cmd;C:\ProgramData\chocolatey\bin;C:\Program Files\nodejs\;C:\Users\fezia\AppData\Local\Android\Sdk\platform-tools;C:\Users\fezia\AppData\Local\Microsoft\WindowsApps;C:\Users\fezia\AppData\Local\Programs\Microsoft VS Code\bin;C:\Users\fezia\AppData\Local\Android\Sdk\platform-tools;C:\Users\fezia\AppData\Roaming\npm
USERNAME=fezia
OS=Windows_NT
PROCESSOR_IDENTIFIER=Intel64 Family 6 Model 58 Stepping 9, GenuineIntel



---------------  S Y S T E M  ---------------

OS: Windows 10 , 64 bit Build 19041 (10.0.19041.3155)
OS uptime: 0 days 23:14 hours
Hyper-V role detected

CPU:total 4 (initial active 4) (2 cores per cpu, 2 threads per core) family 6 model 58 stepping 9 microcode 0x21, cmov, cx8, fxsr, mmx, sse, sse2, sse3, ssse3, sse4.1, sse4.2, popcnt, avx, aes, clmul, erms, ht, tsc, tscinvbit, tscinv

Memory: 4k page, system-wide physical 3959M (230M free)
TotalPageFile size 16247M (AvailPageFile size 1M)
current process WorkingSet (physical memory assigned to process): 277M, peak: 279M
current process commit charge ("private bytes"): 306M, peak: 324M

vm_info: OpenJDK 64-Bit Server VM (11.0.13+0-b1751.21-8125866) for windows-amd64 JRE (11.0.13+0-b1751.21-8125866), built on Feb  2 2022 03:00:22 by "builder" with MS VC++ 14.0 (VS2015)

END.
