#
# There is insufficient memory for the Java Runtime Environment to continue.
# Native memory allocation (malloc) failed to allocate 32744 bytes for ChunkPool::allocate
# Possible reasons:
#   The system is out of physical RAM or swap space
#   The process is running with CompressedOops enabled, and the Java Heap may be blocking the growth of the native heap
# Possible solutions:
#   Reduce memory load on the system
#   Increase physical memory or swap space
#   Check if swap backing store is full
#   Decrease Java heap size (-Xmx/-Xms)
#   Decrease number of Java threads
#   Decrease Java thread stack sizes (-Xss)
#   Set larger code cache with -XX:ReservedCodeCacheSize=
#   JVM is running with Unscaled Compressed Oops mode in which the Java heap is
#     placed in the first 4GB address space. The Java Heap base address is the
#     maximum limit for the native heap growth. Please use -XX:HeapBaseMinAddress
#     to set the Java Heap base and to place the Java Heap above 4GB virtual address.
# This output file may be truncated or incomplete.
#
#  Out of Memory Error (./src/hotspot/share/memory/arena.cpp:81), pid=16332, tid=14440
#
# JRE version: OpenJDK Runtime Environment (11.0.13) (build 11.0.13+0-b1751.21-8125866)
# Java VM: OpenJDK 64-Bit Server VM (11.0.13+0-b1751.21-8125866, mixed mode, tiered, compressed oops, g1 gc, windows-amd64)
# No core dump will be written. Minidumps are not enabled by default on client versions of Windows
#

---------------  S U M M A R Y ------------

Command Line: -XX:MaxMetaspaceSize=512m --add-opens=java.base/java.util=ALL-UNNAMED --add-opens=java.base/java.lang=ALL-UNNAMED --add-opens=java.base/java.lang.invoke=ALL-UNNAMED --add-opens=java.base/java.util=ALL-UNNAMED --add-opens=java.prefs/java.util.prefs=ALL-UNNAMED --add-opens=java.prefs/java.util.prefs=ALL-UNNAMED --add-opens=java.base/java.nio.charset=ALL-UNNAMED --add-opens=java.base/java.net=ALL-UNNAMED --add-opens=java.base/java.util.concurrent.atomic=ALL-UNNAMED -Xmx2048m -Dfile.encoding=windows-1252 -Duser.country=US -Duser.language=en -Duser.variant org.gradle.launcher.daemon.bootstrap.GradleDaemon 7.5.1

Host: Intel(R) Core(TM) i5-3320M CPU @ 2.60GHz, 4 cores, 3G,  Windows 10 , 64 bit Build 19041 (10.0.19041.3155)
Time: Sat Jul 15 11:12:57 2023 Pakistan Standard Time elapsed time: 21.991987 seconds (0d 0h 0m 21s)

---------------  T H R E A D  ---------------

Current thread (0x0000011f27891800):  JavaThread "C2 CompilerThread0" daemon [_thread_in_native, id=14440, stack(0x0000001c54100000,0x0000001c54200000)]


Current CompileTask:
C2:  21992 3369       4       java.net.URLClassLoader$1::run (5 bytes)

Stack: [0x0000001c54100000,0x0000001c54200000]
Native frames: (J=compiled Java code, j=interpreted, Vv=VM code, C=native code)
V  [jvm.dll+0x6100fa]
V  [jvm.dll+0x747090]
V  [jvm.dll+0x7486ad]
V  [jvm.dll+0x748d83]
V  [jvm.dll+0x24ab48]
V  [jvm.dll+0xc075b]
V  [jvm.dll+0xc0a0c]
V  [jvm.dll+0x3644c6]
V  [jvm.dll+0x363d41]
V  [jvm.dll+0x363d84]
V  [jvm.dll+0x507db4]
V  [jvm.dll+0x5087d9]
V  [jvm.dll+0x32b862]
V  [jvm.dll+0x32ad2a]
V  [jvm.dll+0x2032b2]
V  [jvm.dll+0x202437]
V  [jvm.dll+0x188e01]
V  [jvm.dll+0x21106b]
V  [jvm.dll+0x20f8c1]
V  [jvm.dll+0x70de0f]
V  [jvm.dll+0x706a75]
V  [jvm.dll+0x60ed66]
C  [ucrtbase.dll+0x21bb2]
C  [KERNEL32.DLL+0x17614]
C  [ntdll.dll+0x526b1]


---------------  P R O C E S S  ---------------

Threads class SMR info:
_java_thread_list=0x0000011f2bd1dde0, length=32, elements={
0x0000011f0b4ef000, 0x0000011f27829000, 0x0000011f2782a800, 0x0000011f2788c000,
0x0000011f2788d000, 0x0000011f2788e000, 0x0000011f27891800, 0x0000011f278b8000,
0x0000011f278cb800, 0x0000011f27afb000, 0x0000011f2872f800, 0x0000011f292b4800,
0x0000011f29599000, 0x0000011f28f07800, 0x0000011f2930e000, 0x0000011f2930f000,
0x0000011f2906d800, 0x0000011f28c32800, 0x0000011f28606800, 0x0000011f28607800,
0x0000011f293af000, 0x0000011f293ad000, 0x0000011f293ac800, 0x0000011f293ae000,
0x0000011f28a25800, 0x0000011f28a26000, 0x0000011f28a24800, 0x0000011f28a27000,
0x0000011f28a28000, 0x0000011f28a28800, 0x0000011f28a29800, 0x0000011f28a24000
}

Java Threads: ( => current thread )
  0x0000011f0b4ef000 JavaThread "main" [_thread_blocked, id=9232, stack(0x0000001c53500000,0x0000001c53600000)]
  0x0000011f27829000 JavaThread "Reference Handler" daemon [_thread_blocked, id=8236, stack(0x0000001c53c00000,0x0000001c53d00000)]
  0x0000011f2782a800 JavaThread "Finalizer" daemon [_thread_blocked, id=10504, stack(0x0000001c53d00000,0x0000001c53e00000)]
  0x0000011f2788c000 JavaThread "Signal Dispatcher" daemon [_thread_blocked, id=11332, stack(0x0000001c53e00000,0x0000001c53f00000)]
  0x0000011f2788d000 JavaThread "Attach Listener" daemon [_thread_blocked, id=13372, stack(0x0000001c53f00000,0x0000001c54000000)]
  0x0000011f2788e000 JavaThread "Service Thread" daemon [_thread_blocked, id=17100, stack(0x0000001c54000000,0x0000001c54100000)]
=>0x0000011f27891800 JavaThread "C2 CompilerThread0" daemon [_thread_in_native, id=14440, stack(0x0000001c54100000,0x0000001c54200000)]
  0x0000011f278b8000 JavaThread "C1 CompilerThread0" daemon [_thread_blocked, id=5736, stack(0x0000001c54200000,0x0000001c54300000)]
  0x0000011f278cb800 JavaThread "Sweeper thread" daemon [_thread_blocked, id=15764, stack(0x0000001c54300000,0x0000001c54400000)]
  0x0000011f27afb000 JavaThread "Common-Cleaner" daemon [_thread_blocked, id=8372, stack(0x0000001c54400000,0x0000001c54500000)]
  0x0000011f2872f800 JavaThread "Daemon health stats" [_thread_blocked, id=1840, stack(0x0000001c54700000,0x0000001c54800000)]
  0x0000011f292b4800 JavaThread "Incoming local TCP Connector on port 49290" [_thread_in_native, id=8316, stack(0x0000001c54800000,0x0000001c54900000)]
  0x0000011f29599000 JavaThread "Daemon periodic checks" [_thread_blocked, id=15048, stack(0x0000001c54900000,0x0000001c54a00000)]
  0x0000011f28f07800 JavaThread "Daemon" [_thread_blocked, id=7832, stack(0x0000001c54a00000,0x0000001c54b00000)]
  0x0000011f2930e000 JavaThread "Handler for socket connection from /127.0.0.1:49290 to /127.0.0.1:49291" [_thread_in_native, id=9960, stack(0x0000001c54b00000,0x0000001c54c00000)]
  0x0000011f2930f000 JavaThread "Cancel handler" [_thread_blocked, id=12888, stack(0x0000001c54c00000,0x0000001c54d00000)]
  0x0000011f2906d800 JavaThread "Daemon worker" [_thread_blocked, id=15864, stack(0x0000001c54d00000,0x0000001c54e00000)]
  0x0000011f28c32800 JavaThread "Asynchronous log dispatcher for DefaultDaemonConnection: socket connection from /127.0.0.1:49290 to /127.0.0.1:49291" [_thread_blocked, id=8628, stack(0x0000001c54e00000,0x0000001c54f00000)]
  0x0000011f28606800 JavaThread "Stdin handler" [_thread_blocked, id=17180, stack(0x0000001c54f00000,0x0000001c55000000)]
  0x0000011f28607800 JavaThread "Daemon client event forwarder" [_thread_blocked, id=2976, stack(0x0000001c55000000,0x0000001c55100000)]
  0x0000011f293af000 JavaThread "Cache worker for journal cache (C:\Users\fezia\.gradle\caches\journal-1)" [_thread_blocked, id=6492, stack(0x0000001c55100000,0x0000001c55200000)]
  0x0000011f293ad000 JavaThread "File lock request listener" [_thread_in_native, id=8112, stack(0x0000001c55200000,0x0000001c55300000)]
  0x0000011f293ac800 JavaThread "Cache worker for file hash cache (C:\Users\fezia\.gradle\caches\7.5.1\fileHashes)" [_thread_blocked, id=10000, stack(0x0000001c55500000,0x0000001c55600000)]
  0x0000011f293ae000 JavaThread "File watcher server" daemon [_thread_in_native, id=15288, stack(0x0000001c55600000,0x0000001c55700000)]
  0x0000011f28a25800 JavaThread "File watcher consumer" daemon [_thread_blocked, id=11880, stack(0x0000001c55700000,0x0000001c55800000)]
  0x0000011f28a26000 JavaThread "Cache worker for checksums cache (C:\Users\fezia\Tradly\android\.gradle\7.5.1\checksums)" [_thread_blocked, id=12360, stack(0x0000001c55800000,0x0000001c55900000)]
  0x0000011f28a24800 JavaThread "Cache worker for cache directory md-rule (C:\Users\fezia\.gradle\caches\7.5.1\md-rule)" [_thread_blocked, id=12448, stack(0x0000001c55900000,0x0000001c55a00000)]
  0x0000011f28a27000 JavaThread "Cache worker for file content cache (C:\Users\fezia\.gradle\caches\7.5.1\fileContent)" [_thread_blocked, id=17080, stack(0x0000001c55a00000,0x0000001c55b00000)]
  0x0000011f28a28000 JavaThread "Cache worker for file hash cache (C:\Users\fezia\Tradly\android\.gradle\7.5.1\fileHashes)" [_thread_blocked, id=9504, stack(0x0000001c55b00000,0x0000001c55c00000)]
  0x0000011f28a28800 JavaThread "Cache worker for cache directory md-supplier (C:\Users\fezia\.gradle\caches\7.5.1\md-supplier)" [_thread_blocked, id=10356, stack(0x0000001c55c00000,0x0000001c55d00000)]
  0x0000011f28a29800 JavaThread "Cache worker for execution history cache (C:\Users\fezia\.gradle\caches\7.5.1\executionHistory)" [_thread_blocked, id=7640, stack(0x0000001c55d00000,0x0000001c55e00000)]
  0x0000011f28a24000 JavaThread "jar transforms" [_thread_in_vm, id=8048, stack(0x0000001c55e00000,0x0000001c55f00000)]

Other Threads:
  0x0000011f27826800 VMThread "VM Thread" [stack: 0x0000001c53b00000,0x0000001c53c00000] [id=5292]
  0x0000011f27afc000 WatcherThread [stack: 0x0000001c54500000,0x0000001c54600000] [id=13772]
  0x0000011f0b507800 GCTaskThread "GC Thread#0" [stack: 0x0000001c53600000,0x0000001c53700000] [id=6112]
  0x0000011f282be800 GCTaskThread "GC Thread#1" [stack: 0x0000001c54600000,0x0000001c54700000] [id=8232]
  0x0000011f28382000 GCTaskThread "GC Thread#2" [stack: 0x0000001c55300000,0x0000001c55400000] [id=2336]
  0x0000011f28385000 GCTaskThread "GC Thread#3" [stack: 0x0000001c55400000,0x0000001c55500000] [id=13668]
  0x0000011f0b537000 ConcurrentGCThread "G1 Main Marker" [stack: 0x0000001c53700000,0x0000001c53800000] [id=16424]
  0x0000011f0b538800 ConcurrentGCThread "G1 Conc#0" [stack: 0x0000001c53800000,0x0000001c53900000] [id=14664]
  0x0000011f0b591800 ConcurrentGCThread "G1 Refine#0" [stack: 0x0000001c53900000,0x0000001c53a00000] [id=7112]
  0x0000011f0b592800 ConcurrentGCThread "G1 Young RemSet Sampling" [stack: 0x0000001c53a00000,0x0000001c53b00000] [id=11616]

Threads with active compile tasks:
C2 CompilerThread0  22088 3369       4       java.net.URLClassLoader$1::run (5 bytes)

VM state:not at safepoint (normal execution)

VM Mutex/Monitor currently owned by a thread: None

Heap address: 0x0000000080000000, size: 2048 MB, Compressed Oops mode: 32-bit
Narrow klass base: 0x0000000000000000, Narrow klass shift: 3
Compressed class space size: 528482304 Address: 0x0000000100000000

Heap:
 garbage-first heap   total 63488K, used 33682K [0x0000000080000000, 0x0000000100000000)
  region size 1024K, 13 young (13312K), 4 survivors (4096K)
 Metaspace       used 38015K, capacity 38951K, committed 39120K, reserved 550912K
  class space    used 4848K, capacity 5211K, committed 5248K, reserved 516096K
Heap Regions: E=young(eden), S=young(survivor), O=old, HS=humongous(starts), HC=humongous(continues), CS=collection set, F=free, A=archive, TAMS=top-at-mark-start (previous, next)
|   0|0x0000000080000000, 0x0000000080100000, 0x0000000080100000|100%|HS|  |TAMS 0x0000000080100000, 0x0000000080000000| Complete 
|   1|0x0000000080100000, 0x0000000080200000, 0x0000000080200000|100%|HC|  |TAMS 0x0000000080200000, 0x0000000080100000| Complete 
|   2|0x0000000080200000, 0x0000000080300000, 0x0000000080300000|100%|HC|  |TAMS 0x0000000080300000, 0x0000000080200000| Complete 
|   3|0x0000000080300000, 0x0000000080400000, 0x0000000080400000|100%| O|  |TAMS 0x0000000080400000, 0x0000000080300000| Untracked 
|   4|0x0000000080400000, 0x0000000080500000, 0x0000000080500000|100%| O|  |TAMS 0x0000000080500000, 0x0000000080400000| Untracked 
|   5|0x0000000080500000, 0x0000000080600000, 0x0000000080600000|100%| O|  |TAMS 0x0000000080600000, 0x0000000080500000| Untracked 
|   6|0x0000000080600000, 0x0000000080700000, 0x0000000080700000|100%| O|  |TAMS 0x0000000080700000, 0x0000000080600000| Untracked 
|   7|0x0000000080700000, 0x0000000080800000, 0x0000000080800000|100%| O|  |TAMS 0x0000000080800000, 0x0000000080700000| Untracked 
|   8|0x0000000080800000, 0x0000000080900000, 0x0000000080900000|100%| O|  |TAMS 0x0000000080900000, 0x0000000080800000| Untracked 
|   9|0x0000000080900000, 0x0000000080a00000, 0x0000000080a00000|100%| O|  |TAMS 0x0000000080a00000, 0x0000000080900000| Untracked 
|  10|0x0000000080a00000, 0x0000000080b00000, 0x0000000080b00000|100%| O|  |TAMS 0x0000000080b00000, 0x0000000080a00000| Untracked 
|  11|0x0000000080b00000, 0x0000000080c00000, 0x0000000080c00000|100%| O|  |TAMS 0x0000000080c00000, 0x0000000080b00000| Untracked 
|  12|0x0000000080c00000, 0x0000000080d00000, 0x0000000080d00000|100%| O|  |TAMS 0x0000000080d00000, 0x0000000080c00000| Untracked 
|  13|0x0000000080d00000, 0x0000000080e00000, 0x0000000080e00000|100%| O|  |TAMS 0x0000000080e00000, 0x0000000080d00000| Untracked 
|  14|0x0000000080e00000, 0x0000000080f00000, 0x0000000080f00000|100%| O|  |TAMS 0x0000000080f00000, 0x0000000080e00000| Untracked 
|  15|0x0000000080f00000, 0x0000000081000000, 0x0000000081000000|100%| O|  |TAMS 0x0000000081000000, 0x0000000080f00000| Untracked 
|  16|0x0000000081000000, 0x0000000081100000, 0x0000000081100000|100%| O|  |TAMS 0x0000000081100000, 0x0000000081000000| Untracked 
|  17|0x0000000081100000, 0x0000000081200000, 0x0000000081200000|100%| O|  |TAMS 0x0000000081200000, 0x0000000081100000| Untracked 
|  18|0x0000000081200000, 0x0000000081300000, 0x0000000081300000|100%| O|  |TAMS 0x00000000812eae00, 0x0000000081200000| Untracked 
|  19|0x0000000081300000, 0x0000000081400000, 0x0000000081400000|100%| O|  |TAMS 0x0000000081300000, 0x0000000081300000| Untracked 
|  20|0x0000000081400000, 0x00000000814e4a00, 0x0000000081500000| 89%| O|  |TAMS 0x0000000081400000, 0x0000000081400000| Untracked 
|  21|0x0000000081500000, 0x0000000081500000, 0x0000000081600000|  0%| F|  |TAMS 0x0000000081500000, 0x0000000081500000| Untracked 
|  22|0x0000000081600000, 0x0000000081600000, 0x0000000081700000|  0%| F|  |TAMS 0x0000000081600000, 0x0000000081600000| Untracked 
|  23|0x0000000081700000, 0x0000000081700000, 0x0000000081800000|  0%| F|  |TAMS 0x0000000081700000, 0x0000000081700000| Untracked 
|  24|0x0000000081800000, 0x0000000081800000, 0x0000000081900000|  0%| F|  |TAMS 0x0000000081800000, 0x0000000081800000| Untracked 
|  25|0x0000000081900000, 0x0000000081900000, 0x0000000081a00000|  0%| F|  |TAMS 0x0000000081900000, 0x0000000081900000| Untracked 
|  26|0x0000000081a00000, 0x0000000081a00000, 0x0000000081b00000|  0%| F|  |TAMS 0x0000000081a00000, 0x0000000081a00000| Untracked 
|  27|0x0000000081b00000, 0x0000000081b00000, 0x0000000081c00000|  0%| F|  |TAMS 0x0000000081b00000, 0x0000000081b00000| Untracked 
|  28|0x0000000081c00000, 0x0000000081c00000, 0x0000000081d00000|  0%| F|  |TAMS 0x0000000081c00000, 0x0000000081c00000| Untracked 
|  29|0x0000000081d00000, 0x0000000081d00000, 0x0000000081e00000|  0%| F|  |TAMS 0x0000000081d00000, 0x0000000081d00000| Untracked 
|  30|0x0000000081e00000, 0x0000000081e00000, 0x0000000081f00000|  0%| F|  |TAMS 0x0000000081e00000, 0x0000000081e00000| Untracked 
|  31|0x0000000081f00000, 0x0000000082000000, 0x0000000082000000|100%| S|CS|TAMS 0x0000000081f00000, 0x0000000081f00000| Complete 
|  32|0x0000000082000000, 0x0000000082100000, 0x0000000082100000|100%| S|CS|TAMS 0x0000000082000000, 0x0000000082000000| Complete 
|  33|0x0000000082100000, 0x0000000082200000, 0x0000000082200000|100%| S|CS|TAMS 0x0000000082100000, 0x0000000082100000| Complete 
|  34|0x0000000082200000, 0x0000000082300000, 0x0000000082300000|100%| S|CS|TAMS 0x0000000082200000, 0x0000000082200000| Complete 
|  35|0x0000000082300000, 0x0000000082300000, 0x0000000082400000|  0%| F|  |TAMS 0x0000000082300000, 0x0000000082300000| Untracked 
|  36|0x0000000082400000, 0x0000000082400000, 0x0000000082500000|  0%| F|  |TAMS 0x0000000082400000, 0x0000000082400000| Untracked 
|  37|0x0000000082500000, 0x0000000082500000, 0x0000000082600000|  0%| F|  |TAMS 0x0000000082500000, 0x0000000082500000| Untracked 
|  38|0x0000000082600000, 0x0000000082600000, 0x0000000082700000|  0%| F|  |TAMS 0x0000000082600000, 0x0000000082600000| Untracked 
|  39|0x0000000082700000, 0x0000000082700000, 0x0000000082800000|  0%| F|  |TAMS 0x0000000082700000, 0x0000000082700000| Untracked 
|  40|0x0000000082800000, 0x0000000082800000, 0x0000000082900000|  0%| F|  |TAMS 0x0000000082800000, 0x0000000082800000| Untracked 
|  41|0x0000000082900000, 0x0000000082900000, 0x0000000082a00000|  0%| F|  |TAMS 0x0000000082900000, 0x0000000082900000| Untracked 
|  42|0x0000000082a00000, 0x0000000082a00000, 0x0000000082b00000|  0%| F|  |TAMS 0x0000000082a00000, 0x0000000082a00000| Untracked 
|  43|0x0000000082b00000, 0x0000000082b00000, 0x0000000082c00000|  0%| F|  |TAMS 0x0000000082b00000, 0x0000000082b00000| Untracked 
|  44|0x0000000082c00000, 0x0000000082c00000, 0x0000000082d00000|  0%| F|  |TAMS 0x0000000082c00000, 0x0000000082c00000| Untracked 
|  45|0x0000000082d00000, 0x0000000082d00000, 0x0000000082e00000|  0%| F|  |TAMS 0x0000000082d00000, 0x0000000082d00000| Untracked 
|  46|0x0000000082e00000, 0x0000000082e00000, 0x0000000082f00000|  0%| F|  |TAMS 0x0000000082e00000, 0x0000000082e00000| Untracked 
|  47|0x0000000082f00000, 0x0000000082f00000, 0x0000000083000000|  0%| F|  |TAMS 0x0000000082f00000, 0x0000000082f00000| Untracked 
|  48|0x0000000083000000, 0x0000000083000000, 0x0000000083100000|  0%| F|  |TAMS 0x0000000083000000, 0x0000000083000000| Untracked 
|  49|0x0000000083100000, 0x0000000083100000, 0x0000000083200000|  0%| F|  |TAMS 0x0000000083100000, 0x0000000083100000| Untracked 
|  50|0x0000000083200000, 0x0000000083200000, 0x0000000083300000|  0%| F|  |TAMS 0x0000000083200000, 0x0000000083200000| Untracked 
|  51|0x0000000083300000, 0x0000000083300000, 0x0000000083400000|  0%| F|  |TAMS 0x0000000083300000, 0x0000000083300000| Untracked 
|  52|0x0000000083400000, 0x0000000083400000, 0x0000000083500000|  0%| F|  |TAMS 0x0000000083400000, 0x0000000083400000| Untracked 
|  53|0x0000000083500000, 0x00000000835d8c10, 0x0000000083600000| 84%| E|  |TAMS 0x0000000083500000, 0x0000000083500000| Complete 
|  54|0x0000000083600000, 0x0000000083700000, 0x0000000083700000|100%| E|CS|TAMS 0x0000000083600000, 0x0000000083600000| Complete 
|  55|0x0000000083700000, 0x0000000083800000, 0x0000000083800000|100%| E|CS|TAMS 0x0000000083700000, 0x0000000083700000| Complete 
|  56|0x0000000083800000, 0x0000000083900000, 0x0000000083900000|100%| E|CS|TAMS 0x0000000083800000, 0x0000000083800000| Complete 
|  57|0x0000000083900000, 0x0000000083a00000, 0x0000000083a00000|100%| E|CS|TAMS 0x0000000083900000, 0x0000000083900000| Complete 
|  58|0x0000000083a00000, 0x0000000083b00000, 0x0000000083b00000|100%| E|CS|TAMS 0x0000000083a00000, 0x0000000083a00000| Complete 
|  59|0x0000000083b00000, 0x0000000083c00000, 0x0000000083c00000|100%| E|CS|TAMS 0x0000000083b00000, 0x0000000083b00000| Complete 
|  60|0x0000000083c00000, 0x0000000083d00000, 0x0000000083d00000|100%| E|CS|TAMS 0x0000000083c00000, 0x0000000083c00000| Complete 
|  61|0x0000000083d00000, 0x0000000083e00000, 0x0000000083e00000|100%| E|CS|TAMS 0x0000000083d00000, 0x0000000083d00000| Complete 

Card table byte_map: [0x0000011f20240000,0x0000011f20640000] _byte_map_base: 0x0000011f1fe40000

Marking Bits (Prev, Next): (CMBitMap*) 0x0000011f0b52e2b8, (CMBitMap*) 0x0000011f0b52e2f0
 Prev Bits: [0x0000011f20a40000, 0x0000011f22a40000)
 Next Bits: [0x0000011f22a40000, 0x0000011f24a40000)

Polling page: 0x0000011f0b5d0000

Metaspace:

Usage:
  Non-class:     32.95 MB capacity,    32.39 MB ( 98%) used,   481.41 KB (  1%) free+waste,    91.63 KB ( <1%) overhead. 
      Class:      5.09 MB capacity,     4.74 MB ( 93%) used,   317.67 KB (  6%) free+waste,    44.50 KB ( <1%) overhead. 
       Both:     38.04 MB capacity,    37.12 MB ( 98%) used,   799.09 KB (  2%) free+waste,   136.13 KB ( <1%) overhead. 

Virtual space:
  Non-class space:       34.00 MB reserved,      33.08 MB ( 97%) committed 
      Class space:      504.00 MB reserved,       5.13 MB (  1%) committed 
             Both:      538.00 MB reserved,      38.20 MB (  7%) committed 

Chunk freelists:
   Non-Class:  4.00 KB
       Class:  0 bytes
        Both:  4.00 KB

MaxMetaspaceSize: 512.00 MB
CompressedClassSpaceSize: 504.00 MB
Initial GC threshold: 20.80 MB
Current GC threshold: 58.88 MB
CDS: off

CodeHeap 'non-profiled nmethods': size=120064Kb used=1648Kb max_used=1648Kb free=118416Kb
 bounds [0x0000011f182e0000, 0x0000011f18550000, 0x0000011f1f820000]
CodeHeap 'profiled nmethods': size=120000Kb used=7195Kb max_used=7195Kb free=112804Kb
 bounds [0x0000011f10db0000, 0x0000011f114c0000, 0x0000011f182e0000]
CodeHeap 'non-nmethods': size=5696Kb used=1583Kb max_used=1607Kb free=4112Kb
 bounds [0x0000011f10820000, 0x0000011f10a90000, 0x0000011f10db0000]
 total_blobs=4022 nmethods=3394 adapters=539
 compilation: enabled
              stopped_count=0, restarted_count=0
 full_count=0

Compilation events (20 events):
Event: 21.907 Thread 0x0000011f278b8000 3399       3       jdk.internal.org.objectweb.asm.MethodVisitor::visitCode (15 bytes)
Event: 21.907 Thread 0x0000011f278b8000 nmethod 3399 0x0000011f1149d590 code [0x0000011f1149d740, 0x0000011f1149d928]
Event: 21.907 Thread 0x0000011f278b8000 3400       3       jdk.internal.org.objectweb.asm.MethodVisitor::visitMaxs (17 bytes)
Event: 21.908 Thread 0x0000011f278b8000 nmethod 3400 0x0000011f1149da10 code [0x0000011f1149dbc0, 0x0000011f1149dda8]
Event: 21.908 Thread 0x0000011f278b8000 3401       3       jdk.internal.org.objectweb.asm.MethodVisitor::visitEnd (15 bytes)
Event: 21.908 Thread 0x0000011f278b8000 nmethod 3401 0x0000011f1149de90 code [0x0000011f1149e040, 0x0000011f1149e228]
Event: 21.912 Thread 0x0000011f278b8000 3402       3       java.lang.invoke.InnerClassLambdaMetafactory::<init> (240 bytes)
Event: 21.916 Thread 0x0000011f278b8000 nmethod 3402 0x0000011f1149e310 code [0x0000011f1149e780, 0x0000011f114a0878]
Event: 21.916 Thread 0x0000011f278b8000 3406       3       java.lang.invoke.AbstractValidatingLambdaMetafactory::validateMetafactoryArgs (607 bytes)
Event: 21.931 Thread 0x0000011f278b8000 nmethod 3406 0x0000011f114a1390 code [0x0000011f114a1ee0, 0x0000011f114a9898]
Event: 21.931 Thread 0x0000011f278b8000 3403       3       java.lang.invoke.AbstractValidatingLambdaMetafactory::<init> (474 bytes)
Event: 21.944 Thread 0x0000011f278b8000 nmethod 3403 0x0000011f114ac290 code [0x0000011f114acba0, 0x0000011f114b2038]
Event: 21.944 Thread 0x0000011f278b8000 3404   !   3       java.lang.invoke.MethodHandles$Lookup::revealDirect (209 bytes)
Event: 21.948 Thread 0x0000011f278b8000 nmethod 3404 0x0000011f114b3a90 code [0x0000011f114b3e40, 0x0000011f114b5518]
Event: 21.948 Thread 0x0000011f278b8000 3405       3       java.lang.invoke.InfoFromMemberName::<init> (72 bytes)
Event: 21.948 Thread 0x0000011f278b8000 nmethod 3405 0x0000011f114b5d10 code [0x0000011f114b5ec0, 0x0000011f114b6098]
Event: 21.948 Thread 0x0000011f278b8000 3407       3       java.lang.invoke.AbstractValidatingLambdaMetafactory::isAdaptableToAsReturn (36 bytes)
Event: 21.949 Thread 0x0000011f278b8000 nmethod 3407 0x0000011f114b6190 code [0x0000011f114b6380, 0x0000011f114b6808]
Event: 21.949 Thread 0x0000011f278b8000 3408       1       java.lang.invoke.DirectMethodHandle$Special::isInvokeSpecial (2 bytes)
Event: 21.949 Thread 0x0000011f278b8000 nmethod 3408 0x0000011f1847b110 code [0x0000011f1847b2c0, 0x0000011f1847b378]

GC Heap History (20 events):
Event: 6.409 GC heap before
{Heap before GC invocations=1 (full 0):
 garbage-first heap   total 63488K, used 41684K [0x0000000080000000, 0x0000000100000000)
  region size 1024K, 37 young (37888K), 2 survivors (2048K)
 Metaspace       used 10861K, capacity 11085K, committed 11264K, reserved 526336K
  class space    used 1114K, capacity 1207K, committed 1280K, reserved 516096K
}
Event: 6.420 GC heap after
{Heap after GC invocations=2 (full 0):
 garbage-first heap   total 63488K, used 9699K [0x0000000080000000, 0x0000000100000000)
  region size 1024K, 5 young (5120K), 5 survivors (5120K)
 Metaspace       used 10861K, capacity 11085K, committed 11264K, reserved 526336K
  class space    used 1114K, capacity 1207K, committed 1280K, reserved 516096K
}
Event: 7.826 GC heap before
{Heap before GC invocations=2 (full 0):
 garbage-first heap   total 63488K, used 41443K [0x0000000080000000, 0x0000000100000000)
  region size 1024K, 36 young (36864K), 5 survivors (5120K)
 Metaspace       used 12966K, capacity 13276K, committed 13568K, reserved 528384K
  class space    used 1388K, capacity 1490K, committed 1536K, reserved 516096K
}
Event: 7.841 GC heap after
{Heap after GC invocations=3 (full 0):
 garbage-first heap   total 63488K, used 14861K [0x0000000080000000, 0x0000000100000000)
  region size 1024K, 5 young (5120K), 5 survivors (5120K)
 Metaspace       used 12966K, capacity 13276K, committed 13568K, reserved 528384K
  class space    used 1388K, capacity 1490K, committed 1536K, reserved 516096K
}
Event: 12.562 GC heap before
{Heap before GC invocations=3 (full 0):
 garbage-first heap   total 63488K, used 42509K [0x0000000080000000, 0x0000000100000000)
  region size 1024K, 32 young (32768K), 5 survivors (5120K)
 Metaspace       used 18875K, capacity 19261K, committed 19584K, reserved 534528K
  class space    used 2200K, capacity 2317K, committed 2432K, reserved 516096K
}
Event: 12.616 GC heap after
{Heap after GC invocations=4 (full 0):
 garbage-first heap   total 63488K, used 16899K [0x0000000080000000, 0x0000000100000000)
  region size 1024K, 2 young (2048K), 2 survivors (2048K)
 Metaspace       used 18875K, capacity 19261K, committed 19584K, reserved 534528K
  class space    used 2200K, capacity 2317K, committed 2432K, reserved 516096K
}
Event: 13.553 GC heap before
{Heap before GC invocations=4 (full 0):
 garbage-first heap   total 63488K, used 32259K [0x0000000080000000, 0x0000000100000000)
  region size 1024K, 18 young (18432K), 2 survivors (2048K)
 Metaspace       used 20753K, capacity 21140K, committed 21296K, reserved 536576K
  class space    used 2479K, capacity 2627K, committed 2688K, reserved 516096K
}
Event: 13.559 GC heap after
{Heap after GC invocations=5 (full 0):
 garbage-first heap   total 63488K, used 17533K [0x0000000080000000, 0x0000000100000000)
  region size 1024K, 3 young (3072K), 3 survivors (3072K)
 Metaspace       used 20753K, capacity 21140K, committed 21296K, reserved 536576K
  class space    used 2479K, capacity 2627K, committed 2688K, reserved 516096K
}
Event: 14.797 GC heap before
{Heap before GC invocations=6 (full 0):
 garbage-first heap   total 63488K, used 43133K [0x0000000080000000, 0x0000000100000000)
  region size 1024K, 28 young (28672K), 3 survivors (3072K)
 Metaspace       used 23075K, capacity 23616K, committed 23728K, reserved 538624K
  class space    used 2877K, capacity 3071K, committed 3072K, reserved 516096K
}
Event: 14.805 GC heap after
{Heap after GC invocations=7 (full 0):
 garbage-first heap   total 63488K, used 18293K [0x0000000080000000, 0x0000000100000000)
  region size 1024K, 2 young (2048K), 2 survivors (2048K)
 Metaspace       used 23075K, capacity 23616K, committed 23728K, reserved 538624K
  class space    used 2877K, capacity 3071K, committed 3072K, reserved 516096K
}
Event: 16.196 GC heap before
{Heap before GC invocations=7 (full 0):
 garbage-first heap   total 63488K, used 43893K [0x0000000080000000, 0x0000000100000000)
  region size 1024K, 27 young (27648K), 2 survivors (2048K)
 Metaspace       used 26043K, capacity 26587K, committed 26800K, reserved 540672K
  class space    used 3345K, capacity 3554K, committed 3584K, reserved 516096K
}
Event: 16.202 GC heap after
{Heap after GC invocations=8 (full 0):
 garbage-first heap   total 63488K, used 19452K [0x0000000080000000, 0x0000000100000000)
  region size 1024K, 3 young (3072K), 3 survivors (3072K)
 Metaspace       used 26043K, capacity 26587K, committed 26800K, reserved 540672K
  class space    used 3345K, capacity 3554K, committed 3584K, reserved 516096K
}
Event: 17.184 GC heap before
{Heap before GC invocations=8 (full 0):
 garbage-first heap   total 63488K, used 44028K [0x0000000080000000, 0x0000000100000000)
  region size 1024K, 28 young (28672K), 3 survivors (3072K)
 Metaspace       used 28231K, capacity 28818K, committed 28976K, reserved 542720K
  class space    used 3684K, capacity 3920K, committed 3968K, reserved 516096K
}
Event: 17.191 GC heap after
{Heap after GC invocations=9 (full 0):
 garbage-first heap   total 63488K, used 20141K [0x0000000080000000, 0x0000000100000000)
  region size 1024K, 3 young (3072K), 3 survivors (3072K)
 Metaspace       used 28231K, capacity 28818K, committed 28976K, reserved 542720K
  class space    used 3684K, capacity 3920K, committed 3968K, reserved 516096K
}
Event: 18.354 GC heap before
{Heap before GC invocations=9 (full 0):
 garbage-first heap   total 63488K, used 46765K [0x0000000080000000, 0x0000000100000000)
  region size 1024K, 29 young (29696K), 3 survivors (3072K)
 Metaspace       used 30670K, capacity 31344K, committed 31536K, reserved 544768K
  class space    used 4071K, capacity 4358K, committed 4480K, reserved 516096K
}
Event: 18.361 GC heap after
{Heap after GC invocations=10 (full 0):
 garbage-first heap   total 63488K, used 20894K [0x0000000080000000, 0x0000000100000000)
  region size 1024K, 3 young (3072K), 3 survivors (3072K)
 Metaspace       used 30670K, capacity 31344K, committed 31536K, reserved 544768K
  class space    used 4071K, capacity 4358K, committed 4480K, reserved 516096K
}
Event: 19.993 GC heap before
{Heap before GC invocations=10 (full 0):
 garbage-first heap   total 63488K, used 34206K [0x0000000080000000, 0x0000000100000000)
  region size 1024K, 18 young (18432K), 3 survivors (3072K)
 Metaspace       used 35044K, capacity 35811K, committed 35920K, reserved 548864K
  class space    used 4492K, capacity 4825K, committed 4864K, reserved 516096K
}
Event: 20.010 GC heap after
{Heap after GC invocations=11 (full 0):
 garbage-first heap   total 63488K, used 22818K [0x0000000080000000, 0x0000000100000000)
  region size 1024K, 4 young (4096K), 4 survivors (4096K)
 Metaspace       used 35044K, capacity 35811K, committed 35920K, reserved 548864K
  class space    used 4492K, capacity 4825K, committed 4864K, reserved 516096K
}
Event: 21.263 GC heap before
{Heap before GC invocations=12 (full 0):
 garbage-first heap   total 63488K, used 45346K [0x0000000080000000, 0x0000000100000000)
  region size 1024K, 27 young (27648K), 4 survivors (4096K)
 Metaspace       used 37259K, capacity 38174K, committed 38224K, reserved 550912K
  class space    used 4740K, capacity 5101K, committed 5120K, reserved 516096K
}
Event: 21.282 GC heap after
{Heap after GC invocations=13 (full 0):
 garbage-first heap   total 63488K, used 25490K [0x0000000080000000, 0x0000000100000000)
  region size 1024K, 4 young (4096K), 4 survivors (4096K)
 Metaspace       used 37259K, capacity 38174K, committed 38224K, reserved 550912K
  class space    used 4740K, capacity 5101K, committed 5120K, reserved 516096K
}

Deoptimization events (20 events):
Event: 20.444 Thread 0x0000011f2906d800 DEOPT PACKING pc=0x0000011f18412738 sp=0x0000001c54df74b0
Event: 20.444 Thread 0x0000011f2906d800 DEOPT UNPACKING pc=0x0000011f1086a1af sp=0x0000001c54df7450 mode 2
Event: 20.993 Thread 0x0000011f2906d800 Uncommon trap: trap_request=0xffffffbe fr.pc=0x0000011f18468270 relative=0x0000000000000910
Event: 20.993 Thread 0x0000011f2906d800 Uncommon trap: reason=profile_predicate action=maybe_recompile pc=0x0000011f18468270 method=jdk.internal.jimage.ImageStringsReader.charsFromByteBuffer([CLjava/nio/ByteBuffer;)V @ 6 c2
Event: 20.993 Thread 0x0000011f2906d800 DEOPT PACKING pc=0x0000011f18468270 sp=0x0000001c54df8df0
Event: 20.993 Thread 0x0000011f2906d800 DEOPT UNPACKING pc=0x0000011f1086a1af sp=0x0000001c54df8cc8 mode 2
Event: 20.993 Thread 0x0000011f2906d800 Uncommon trap: trap_request=0xffffffbe fr.pc=0x0000011f18468270 relative=0x0000000000000910
Event: 20.993 Thread 0x0000011f2906d800 Uncommon trap: reason=profile_predicate action=maybe_recompile pc=0x0000011f18468270 method=jdk.internal.jimage.ImageStringsReader.charsFromByteBuffer([CLjava/nio/ByteBuffer;)V @ 6 c2
Event: 20.993 Thread 0x0000011f2906d800 DEOPT PACKING pc=0x0000011f18468270 sp=0x0000001c54df8d40
Event: 20.993 Thread 0x0000011f2906d800 DEOPT UNPACKING pc=0x0000011f1086a1af sp=0x0000001c54df8c18 mode 2
Event: 20.993 Thread 0x0000011f2906d800 Uncommon trap: trap_request=0xffffffbe fr.pc=0x0000011f18468270 relative=0x0000000000000910
Event: 20.994 Thread 0x0000011f2906d800 Uncommon trap: reason=profile_predicate action=maybe_recompile pc=0x0000011f18468270 method=jdk.internal.jimage.ImageStringsReader.charsFromByteBuffer([CLjava/nio/ByteBuffer;)V @ 6 c2
Event: 20.994 Thread 0x0000011f2906d800 DEOPT PACKING pc=0x0000011f18468270 sp=0x0000001c54df8b60
Event: 20.994 Thread 0x0000011f2906d800 DEOPT UNPACKING pc=0x0000011f1086a1af sp=0x0000001c54df8a38 mode 2
Event: 20.994 Thread 0x0000011f2906d800 Uncommon trap: trap_request=0xffffffbe fr.pc=0x0000011f18468270 relative=0x0000000000000910
Event: 20.994 Thread 0x0000011f2906d800 Uncommon trap: reason=profile_predicate action=maybe_recompile pc=0x0000011f18468270 method=jdk.internal.jimage.ImageStringsReader.charsFromByteBuffer([CLjava/nio/ByteBuffer;)V @ 6 c2
Event: 20.994 Thread 0x0000011f2906d800 DEOPT PACKING pc=0x0000011f18468270 sp=0x0000001c54df8b60
Event: 20.994 Thread 0x0000011f2906d800 DEOPT UNPACKING pc=0x0000011f1086a1af sp=0x0000001c54df8a38 mode 2
Event: 21.679 Thread 0x0000011f2906d800 DEOPT PACKING pc=0x0000011f1116fa68 sp=0x0000001c54dfac00
Event: 21.679 Thread 0x0000011f2906d800 DEOPT UNPACKING pc=0x0000011f1086a95e sp=0x0000001c54dfa108 mode 0

Classes redefined (0 events):
No events

Internal exceptions (20 events):
Event: 19.062 Thread 0x0000011f2906d800 Exception <a 'java/lang/NoSuchMethodError'{0x0000000083593f38}: 'void java.lang.invoke.DirectMethodHandle$Holder.invokeStaticInit(java.lang.Object, java.lang.Object, java.lang.Object)'> (0x0000000083593f38) thrown at [./src/hotspot/share/interpreter/linkResolver.cpp, line 773]
Event: 19.063 Thread 0x0000011f2906d800 Exception <a 'java/lang/NoSuchMethodError'{0x000000008359b190}: 'void java.lang.invoke.DirectMethodHandle$Holder.invokeStaticInit(java.lang.Object, java.lang.Object, java.lang.Object, java.lang.Object)'> (0x000000008359b190) thrown at [./src/hotspot/share/interpreter/linkResolver.cpp, line 773]
Event: 19.073 Thread 0x0000011f2906d800 Exception <a 'java/lang/NoSuchMethodError'{0x00000000835bd8c8}: 'void java.lang.invoke.DirectMethodHandle$Holder.invokeStaticInit(java.lang.Object, java.lang.Object, java.lang.Object, java.lang.Object, java.lang.Object)'> (0x00000000835bd8c8) thrown at [./src/hotspot/share/interpreter/linkResolver.cpp, line 773]
Event: 19.318 Thread 0x0000011f2906d800 Exception <a 'java/lang/NoSuchMethodError'{0x0000000083420ac0}: 'int java.lang.invoke.DirectMethodHandle$Holder.invokeStaticInit(java.lang.Object, java.lang.Object, java.lang.Object, java.lang.Object)'> (0x0000000083420ac0) thrown at [./src/hotspot/share/interpreter/linkResolver.cpp, line 773]
Event: 20.196 Thread 0x0000011f2906d800 Exception <a 'java/lang/NoSuchMethodError'{0x0000000083b2c9c0}: 'java.lang.Object java.lang.invoke.DirectMethodHandle$Holder.invokeStatic(java.lang.Object, java.lang.Object, java.lang.Object, java.lang.Object, java.lang.Object, java.lang.Object, java.lang.Object, java.lang.Object, java.lang.Object, java.lang.Object, java.lang.Object, int)'> (0x0000000083b2c9c0) thrown at [./src/hotspot/share/interpreter/linkResolver.cpp, line 773]
Event: 20.201 Thread 0x0000011f2906d800 Exception <a 'java/lang/NoSuchMethodError'{0x0000000083b4b360}: 'java.lang.Object java.lang.invoke.DirectMethodHandle$Holder.invokeStatic(java.lang.Object, java.lang.Object, java.lang.Object, java.lang.Object, java.lang.Object, java.lang.Object, java.lang.Object, java.lang.Object, java.lang.Object, java.lang.Object, java.lang.Object, int, int)'> (0x0000000083b4b360) thrown at [./src/hotspot/share/interpreter/linkResolver.cpp, line 773]
Event: 20.205 Thread 0x0000011f2906d800 Exception <a 'java/lang/NoSuchMethodError'{0x0000000083b6ab90}: 'java.lang.Object java.lang.invoke.DirectMethodHandle$Holder.invokeStatic(java.lang.Object, java.lang.Object, java.lang.Object, java.lang.Object, java.lang.Object, java.lang.Object, java.lang.Object, java.lang.Object, java.lang.Object, java.lang.Object, java.lang.Object, int, int, java.lang.Object)'> (0x0000000083b6ab90) thrown at [./src/hotspot/share/interpreter/linkResolver.cpp, line 773]
Event: 20.212 Thread 0x0000011f2906d800 Exception <a 'java/lang/NoSuchMethodError'{0x0000000083b8bed8}: 'java.lang.Object java.lang.invoke.DirectMethodHandle$Holder.invokeStatic(java.lang.Object, java.lang.Object, java.lang.Object, java.lang.Object, java.lang.Object, java.lang.Object, java.lang.Object, java.lang.Object, java.lang.Object, java.lang.Object, java.lang.Object, int, int, java.lang.Object, java.lang.Object)'> (0x0000000083b8bed8) thrown at [./src/hotspot/share/interpreter/linkResolver.cpp, line 773]
Event: 20.223 Thread 0x0000011f2906d800 Exception <a 'java/lang/ClassNotFoundException'{0x0000000083bbc438}: groovy/lang/ExpandoMetaClassBeanInfo> (0x0000000083bbc438) thrown at [./src/hotspot/share/classfile/systemDictionary.cpp, line 231]
Event: 20.225 Thread 0x0000011f2906d800 Exception <a 'java/lang/ClassNotFoundException'{0x0000000083bdcd50}: groovy/lang/MetaClassImplBeanInfo> (0x0000000083bdcd50) thrown at [./src/hotspot/share/classfile/systemDictionary.cpp, line 231]
Event: 20.226 Thread 0x0000011f2906d800 Exception <a 'java/lang/ClassNotFoundException'{0x0000000083be65e8}: java/lang/ObjectBeanInfo> (0x0000000083be65e8) thrown at [./src/hotspot/share/classfile/systemDictionary.cpp, line 231]
Event: 20.228 Thread 0x0000011f2906d800 Exception <a 'java/lang/ClassNotFoundException'{0x0000000083bf1fb0}: java/lang/ObjectCustomizer> (0x0000000083bf1fb0) thrown at [./src/hotspot/share/classfile/systemDictionary.cpp, line 231]
Event: 20.240 Thread 0x0000011f2906d800 Exception <a 'java/lang/ClassNotFoundException'{0x0000000083a19c88}: groovy/lang/MetaClassImplCustomizer> (0x0000000083a19c88) thrown at [./src/hotspot/share/classfile/systemDictionary.cpp, line 231]
Event: 20.248 Thread 0x0000011f2906d800 Exception <a 'java/lang/ClassNotFoundException'{0x0000000083a5a038}: groovy/lang/ExpandoMetaClassCustomizer> (0x0000000083a5a038) thrown at [./src/hotspot/share/classfile/systemDictionary.cpp, line 231]
Event: 21.531 Thread 0x0000011f2906d800 Exception <a 'java/lang/ClassNotFoundException'{0x0000000083959410}: org/gradle/internal/extensibility/DefaultExtraPropertiesExtensionBeanInfo> (0x0000000083959410) thrown at [./src/hotspot/share/classfile/systemDictionary.cpp, line 231]
Event: 21.534 Thread 0x0000011f2906d800 Exception <a 'java/lang/ClassNotFoundException'{0x000000008397b300}: groovy/lang/GroovyObjectSupportBeanInfo> (0x000000008397b300) thrown at [./src/hotspot/share/classfile/systemDictionary.cpp, line 231]
Event: 21.536 Thread 0x0000011f2906d800 Exception <a 'java/lang/ClassNotFoundException'{0x000000008399cf70}: groovy/lang/GroovyObjectSupportCustomizer> (0x000000008399cf70) thrown at [./src/hotspot/share/classfile/systemDictionary.cpp, line 231]
Event: 21.541 Thread 0x0000011f2906d800 Exception <a 'java/lang/ClassNotFoundException'{0x00000000839c5460}: org/gradle/internal/extensibility/DefaultExtraPropertiesExtensionCustomizer> (0x00000000839c5460) thrown at [./src/hotspot/share/classfile/systemDictionary.cpp, line 231]
Event: 21.887 Thread 0x0000011f2906d800 Exception <a 'java/lang/NoSuchMethodError'{0x00000000836416f8}: 'java.lang.Object java.lang.invoke.Invokers$Holder.linkToTargetMethod(java.lang.Object, long, java.lang.Object)'> (0x00000000836416f8) thrown at [./src/hotspot/share/interpreter/linkResolver.cpp, line 773]
Event: 21.906 Thread 0x0000011f2906d800 Exception <a 'java/lang/NoSuchMethodError'{0x0000000083691c18}: 'int java.lang.invoke.DirectMethodHandle$Holder.invokeStatic(java.lang.Object, java.lang.Object, java.lang.Object, java.lang.Object, java.lang.Object)'> (0x0000000083691c18) thrown at [./src/hotspot/share/interpreter/linkResolver.cpp, line 773]

Events (20 events):
Event: 21.948 loading class org/gradle/internal/snapshot/SnapshotHierarchy
Event: 21.948 loading class org/gradle/internal/snapshot/SnapshotHierarchy done
Event: 21.948 loading class org/gradle/internal/snapshot/SnapshotHierarchy
Event: 21.948 loading class org/gradle/internal/snapshot/SnapshotHierarchy done
Event: 21.949 loading class org/gradle/internal/snapshot/SnapshotHierarchy
Event: 21.949 loading class org/gradle/internal/snapshot/SnapshotHierarchy done
Event: 21.949 loading class org/gradle/internal/watch/vfs/impl/WatchingVirtualFileSystem
Event: 21.949 loading class org/gradle/internal/watch/vfs/impl/WatchingVirtualFileSystem done
Event: 21.949 loading class org/gradle/internal/snapshot/SnapshotHierarchy$SnapshotDiffListener
Event: 21.949 loading class org/gradle/internal/snapshot/SnapshotHierarchy$SnapshotDiffListener done
Event: 21.951 loading class org/gradle/internal/snapshot/SnapshotHierarchy
Event: 21.951 loading class org/gradle/internal/snapshot/SnapshotHierarchy done
Event: 21.951 loading class org/gradle/internal/watch/registry/impl/HierarchicalFileWatcherUpdater
Event: 21.951 loading class org/gradle/internal/watch/registry/impl/HierarchicalFileWatcherUpdater done
Event: 21.952 loading class org/gradle/internal/snapshot/SnapshotUtil
Event: 21.952 loading class org/gradle/internal/snapshot/SnapshotUtil done
Event: 21.953 loading class org/gradle/internal/snapshot/SnapshotUtil$2
Event: 21.953 loading class org/gradle/internal/snapshot/SnapshotUtil$2 done
Event: 21.954 loading class org/gradle/internal/snapshot/ChildMap$NodeHandler
Event: 21.954 loading class org/gradle/internal/snapshot/ChildMap$NodeHandler done


Dynamic libraries:
0x00007ff75d2a0000 - 0x00007ff75d2aa000 	C:\Program Files\Android\Android Studio\jre\bin\java.exe
0x00007ff96a710000 - 0x00007ff96a908000 	C:\WINDOWS\SYSTEM32\ntdll.dll
0x00007ff968cf0000 - 0x00007ff968daf000 	C:\WINDOWS\System32\KERNEL32.DLL
0x00007ff968420000 - 0x00007ff968716000 	C:\WINDOWS\System32\KERNELBASE.dll
0x00007ff968320000 - 0x00007ff968420000 	C:\WINDOWS\System32\ucrtbase.dll
0x00007ff953000000 - 0x00007ff953019000 	C:\Program Files\Android\Android Studio\jre\bin\jli.dll
0x00007ff9696d0000 - 0x00007ff96986d000 	C:\WINDOWS\System32\USER32.dll
0x00007ff967e90000 - 0x00007ff967eb2000 	C:\WINDOWS\System32\win32u.dll
0x00007ff969960000 - 0x00007ff96998c000 	C:\WINDOWS\System32\GDI32.dll
0x00007ff968200000 - 0x00007ff968315000 	C:\WINDOWS\System32\gdi32full.dll
0x00007ff967df0000 - 0x00007ff967e8d000 	C:\WINDOWS\System32\msvcp_win.dll
0x00007ff952fe0000 - 0x00007ff952ff7000 	C:\Program Files\Android\Android Studio\jre\bin\VCRUNTIME140.dll
0x00007ff9578b0000 - 0x00007ff957b4a000 	C:\WINDOWS\WinSxS\amd64_microsoft.windows.common-controls_6595b64144ccf1df_6.0.19041.1110_none_60b5254171f9507e\COMCTL32.dll
0x00007ff96a100000 - 0x00007ff96a19e000 	C:\WINDOWS\System32\msvcrt.dll
0x00007ff969df0000 - 0x00007ff969e20000 	C:\WINDOWS\System32\IMM32.DLL
0x00007ff952f40000 - 0x00007ff952fdd000 	C:\Program Files\Android\Android Studio\jre\bin\msvcp140.dll
0x00007ff910fb0000 - 0x00007ff911ab2000 	C:\Program Files\Android\Android Studio\jre\bin\server\jvm.dll
0x00007ff969d40000 - 0x00007ff969def000 	C:\WINDOWS\System32\ADVAPI32.dll
0x00007ff968db0000 - 0x00007ff968e4c000 	C:\WINDOWS\System32\sechost.dll
0x00007ff969c10000 - 0x00007ff969d36000 	C:\WINDOWS\System32\RPCRT4.dll
0x00007ff969990000 - 0x00007ff969998000 	C:\WINDOWS\System32\PSAPI.DLL
0x00007ff95c170000 - 0x00007ff95c179000 	C:\WINDOWS\SYSTEM32\WSOCK32.dll
0x00007ff96a270000 - 0x00007ff96a2db000 	C:\WINDOWS\System32\WS2_32.dll
0x00007ff957c00000 - 0x00007ff957c27000 	C:\WINDOWS\SYSTEM32\WINMM.dll
0x00007ff9602e0000 - 0x00007ff9602ea000 	C:\WINDOWS\SYSTEM32\VERSION.dll
0x00007ff965c60000 - 0x00007ff965c72000 	C:\WINDOWS\SYSTEM32\kernel.appcore.dll
0x00007ff952f20000 - 0x00007ff952f31000 	C:\Program Files\Android\Android Studio\jre\bin\verify.dll
0x00007ff9615a0000 - 0x00007ff961784000 	C:\WINDOWS\SYSTEM32\DBGHELP.DLL
0x00007ff961530000 - 0x00007ff961564000 	C:\WINDOWS\SYSTEM32\dbgcore.DLL
0x00007ff968090000 - 0x00007ff968112000 	C:\WINDOWS\System32\bcryptPrimitives.dll
0x00007ff952ef0000 - 0x00007ff952f19000 	C:\Program Files\Android\Android Studio\jre\bin\java.dll
0x00007ff954af0000 - 0x00007ff954afb000 	C:\Program Files\Android\Android Studio\jre\bin\jimage.dll
0x00007ff952ed0000 - 0x00007ff952ee8000 	C:\Program Files\Android\Android Studio\jre\bin\zip.dll
0x00007ff968e50000 - 0x00007ff969594000 	C:\WINDOWS\System32\SHELL32.dll
0x00007ff965e60000 - 0x00007ff9665f4000 	C:\WINDOWS\SYSTEM32\windows.storage.dll
0x00007ff96a370000 - 0x00007ff96a6c4000 	C:\WINDOWS\System32\combase.dll
0x00007ff967750000 - 0x00007ff96777e000 	C:\WINDOWS\SYSTEM32\Wldp.dll
0x00007ff968770000 - 0x00007ff96881d000 	C:\WINDOWS\System32\SHCORE.dll
0x00007ff969a90000 - 0x00007ff969ae5000 	C:\WINDOWS\System32\shlwapi.dll
0x00007ff967d20000 - 0x00007ff967d45000 	C:\WINDOWS\SYSTEM32\profapi.dll
0x00007ff951890000 - 0x00007ff9518aa000 	C:\Program Files\Android\Android Studio\jre\bin\net.dll
0x00007ff962710000 - 0x00007ff96281a000 	C:\WINDOWS\SYSTEM32\WINHTTP.dll
0x00007ff967530000 - 0x00007ff96759a000 	C:\WINDOWS\system32\mswsock.dll
0x00007ff951870000 - 0x00007ff951884000 	C:\Program Files\Android\Android Studio\jre\bin\nio.dll
0x00007ff954b40000 - 0x00007ff954b67000 	C:\Users\fezia\.gradle\native\e1d6ef7f7dcc3fd88c89a11ec53ec762bb8ba0a96d01ffa2cd45eb1d1d8dd5c5\windows-amd64\native-platform.dll
0x00007ff9316d0000 - 0x00007ff931814000 	C:\Users\fezia\.gradle\native\0d407fdbe67a94daf76414ababcb853783967236a71b16ec16e742cd7a986fd3\windows-amd64\native-platform-file-events.dll
0x00007ff952db0000 - 0x00007ff952dba000 	C:\Program Files\Android\Android Studio\jre\bin\management.dll
0x00007ff951820000 - 0x00007ff95182d000 	C:\Program Files\Android\Android Studio\jre\bin\management_ext.dll
0x00007ff967ad0000 - 0x00007ff967ae8000 	C:\WINDOWS\SYSTEM32\CRYPTSP.dll
0x00007ff966e00000 - 0x00007ff966e34000 	C:\WINDOWS\system32\rsaenh.dll
0x00007ff968120000 - 0x00007ff968147000 	C:\WINDOWS\System32\bcrypt.dll
0x00007ff967ca0000 - 0x00007ff967cce000 	C:\WINDOWS\SYSTEM32\USERENV.dll
0x00007ff9676c0000 - 0x00007ff9676cc000 	C:\WINDOWS\SYSTEM32\CRYPTBASE.dll
0x00007ff9671f0000 - 0x00007ff96722c000 	C:\WINDOWS\SYSTEM32\IPHLPAPI.DLL
0x00007ff969950000 - 0x00007ff969958000 	C:\WINDOWS\System32\NSI.dll
0x00007ff962380000 - 0x00007ff962397000 	C:\WINDOWS\SYSTEM32\dhcpcsvc6.DLL
0x00007ff962200000 - 0x00007ff96221d000 	C:\WINDOWS\SYSTEM32\dhcpcsvc.DLL
0x00007ff967240000 - 0x00007ff96730a000 	C:\WINDOWS\SYSTEM32\DNSAPI.dll

dbghelp: loaded successfully - version: 4.0.5 - missing functions: none
symbol engine: initialized successfully - sym options: 0x614 - pdb path: .;C:\Program Files\Android\Android Studio\jre\bin;C:\WINDOWS\SYSTEM32;C:\WINDOWS\WinSxS\amd64_microsoft.windows.common-controls_6595b64144ccf1df_6.0.19041.1110_none_60b5254171f9507e;C:\Program Files\Android\Android Studio\jre\bin\server;C:\Users\fezia\.gradle\native\e1d6ef7f7dcc3fd88c89a11ec53ec762bb8ba0a96d01ffa2cd45eb1d1d8dd5c5\windows-amd64;C:\Users\fezia\.gradle\native\0d407fdbe67a94daf76414ababcb853783967236a71b16ec16e742cd7a986fd3\windows-amd64

VM Arguments:
jvm_args: -XX:MaxMetaspaceSize=512m --add-opens=java.base/java.util=ALL-UNNAMED --add-opens=java.base/java.lang=ALL-UNNAMED --add-opens=java.base/java.lang.invoke=ALL-UNNAMED --add-opens=java.base/java.util=ALL-UNNAMED --add-opens=java.prefs/java.util.prefs=ALL-UNNAMED --add-opens=java.prefs/java.util.prefs=ALL-UNNAMED --add-opens=java.base/java.nio.charset=ALL-UNNAMED --add-opens=java.base/java.net=ALL-UNNAMED --add-opens=java.base/java.util.concurrent.atomic=ALL-UNNAMED -Xmx2048m -Dfile.encoding=windows-1252 -Duser.country=US -Duser.language=en -Duser.variant 
java_command: org.gradle.launcher.daemon.bootstrap.GradleDaemon 7.5.1
java_class_path (initial): C:\Users\fezia\.gradle\wrapper\dists\gradle-7.5.1-all\1ehga6e77gqps5uk2kc5kf1vc\gradle-7.5.1\lib\gradle-launcher-7.5.1.jar
Launcher Type: SUN_STANDARD

[Global flags]
     intx CICompilerCount                          = 3                                         {product} {ergonomic}
   size_t CompressedClassSpaceSize                 = 528482304                                 {product} {ergonomic}
     uint ConcGCThreads                            = 1                                         {product} {ergonomic}
     uint G1ConcRefinementThreads                  = 4                                         {product} {ergonomic}
   size_t G1HeapRegionSize                         = 1048576                                   {product} {ergonomic}
    uintx GCDrainStackTargetSize                   = 64                                        {product} {ergonomic}
   size_t InitialHeapSize                          = 65011712                                  {product} {ergonomic}
   size_t MarkStackSize                            = 4194304                                   {product} {ergonomic}
   size_t MaxHeapSize                              = 2147483648                                {product} {command line}
   size_t MaxMetaspaceSize                         = 536870912                                 {product} {command line}
   size_t MaxNewSize                               = 1287651328                                {product} {ergonomic}
   size_t MinHeapDeltaBytes                        = 1048576                                   {product} {ergonomic}
    uintx NonNMethodCodeHeapSize                   = 5830732                                {pd product} {ergonomic}
    uintx NonProfiledCodeHeapSize                  = 122913754                              {pd product} {ergonomic}
    uintx ProfiledCodeHeapSize                     = 122913754                              {pd product} {ergonomic}
    uintx ReservedCodeCacheSize                    = 251658240                              {pd product} {ergonomic}
     bool SegmentedCodeCache                       = true                                      {product} {ergonomic}
     bool UseCompressedClassPointers               = true                                 {lp64_product} {ergonomic}
     bool UseCompressedOops                        = true                                 {lp64_product} {ergonomic}
     bool UseG1GC                                  = true                                      {product} {ergonomic}
     bool UseLargePagesIndividualAllocation        = false                                  {pd product} {ergonomic}

Logging:
Log output configuration:
 #0: stdout all=warning uptime,level,tags
 #1: stderr all=off uptime,level,tags

Environment Variables:
JAVA_HOME=C:\Program Files\Android\Android Studio\jre
CLASSPATH=C:\Users\fezia\Tradly\android\\gradle\wrapper\gradle-wrapper.jar
PATH=C:\Users\fezia\Tradly\android\node_modules\.bin;C:\Users\fezia\Tradly\node_modules\.bin;C:\Users\fezia\node_modules\.bin;C:\Users\node_modules\.bin;C:\node_modules\.bin;C:\Program Files\nodejs;C:\Users\fezia\Tradly\node_modules\.bin;C:\Users\fezia\Tradly\node_modules\.bin;C:\Users\fezia\node_modules\.bin;C:\Users\node_modules\.bin;C:\node_modules\.bin;C:\Program Files\nodejs\node_modules\npm\node_modules\@npmcli\run-script\lib\node-gyp-bin;C:\Program Files\Microsoft\jdk-11.0.18.10-hotspot\bin;C:\WINDOWS\system32;C:\WINDOWS;C:\WINDOWS\System32\Wbem;C:\WINDOWS\System32\WindowsPowerShell\v1.0\;C:\WINDOWS\System32\OpenSSH\;C:\Program Files\Git\cmd;C:\ProgramData\chocolatey\bin;C:\Program Files\nodejs\;C:\Users\fezia\AppData\Local\Android\Sdk\platform-tools;C:\Users\fezia\AppData\Local\Microsoft\WindowsApps;C:\Users\fezia\AppData\Local\Programs\Microsoft VS Code\bin;C:\Users\fezia\AppData\Local\Android\Sdk\platform-tools;C:\Users\fezia\AppData\Roaming\npm
USERNAME=fezia
OS=Windows_NT
PROCESSOR_IDENTIFIER=Intel64 Family 6 Model 58 Stepping 9, GenuineIntel



---------------  S Y S T E M  ---------------

OS: Windows 10 , 64 bit Build 19041 (10.0.19041.3155)
OS uptime: 0 days 23:16 hours
Hyper-V role detected

CPU:total 4 (initial active 4) (2 cores per cpu, 2 threads per core) family 6 model 58 stepping 9 microcode 0x21, cmov, cx8, fxsr, mmx, sse, sse2, sse3, ssse3, sse4.1, sse4.2, popcnt, avx, aes, clmul, erms, ht, tsc, tscinvbit, tscinv

Memory: 4k page, system-wide physical 3959M (259M free)
TotalPageFile size 16247M (AvailPageFile size 0M)
current process WorkingSet (physical memory assigned to process): 194M, peak: 194M
current process commit charge ("private bytes"): 224M, peak: 224M

vm_info: OpenJDK 64-Bit Server VM (11.0.13+0-b1751.21-8125866) for windows-amd64 JRE (11.0.13+0-b1751.21-8125866), built on Feb  2 2022 03:00:22 by "builder" with MS VC++ 14.0 (VS2015)

END.
