#
# There is insufficient memory for the Java Runtime Environment to continue.
# Native memory allocation (malloc) failed to allocate 1133376 bytes for Chunk::new
# Possible reasons:
#   The system is out of physical RAM or swap space
#   The process is running with CompressedOops enabled, and the Java Heap may be blocking the growth of the native heap
# Possible solutions:
#   Reduce memory load on the system
#   Increase physical memory or swap space
#   Check if swap backing store is full
#   Decrease Java heap size (-Xmx/-Xms)
#   Decrease number of Java threads
#   Decrease Java thread stack sizes (-Xss)
#   Set larger code cache with -XX:ReservedCodeCacheSize=
#   JVM is running with Unscaled Compressed Oops mode in which the Java heap is
#     placed in the first 4GB address space. The Java Heap base address is the
#     maximum limit for the native heap growth. Please use -XX:HeapBaseMinAddress
#     to set the Java Heap base and to place the Java Heap above 4GB virtual address.
# This output file may be truncated or incomplete.
#
#  Out of Memory Error (./src/hotspot/share/memory/arena.cpp:197), pid=15412, tid=2740
#
# JRE version: OpenJDK Runtime Environment (11.0.13) (build 11.0.13+0-b1751.21-8125866)
# Java VM: OpenJDK 64-Bit Server VM (11.0.13+0-b1751.21-8125866, mixed mode, tiered, compressed oops, g1 gc, windows-amd64)
# No core dump will be written. Minidumps are not enabled by default on client versions of Windows
#

---------------  S U M M A R Y ------------

Command Line: -XX:MaxMetaspaceSize=512m --add-opens=java.base/java.util=ALL-UNNAMED --add-opens=java.base/java.lang=ALL-UNNAMED --add-opens=java.base/java.lang.invoke=ALL-UNNAMED --add-opens=java.base/java.util=ALL-UNNAMED --add-opens=java.prefs/java.util.prefs=ALL-UNNAMED --add-opens=java.prefs/java.util.prefs=ALL-UNNAMED --add-opens=java.base/java.nio.charset=ALL-UNNAMED --add-opens=java.base/java.net=ALL-UNNAMED --add-opens=java.base/java.util.concurrent.atomic=ALL-UNNAMED -Xmx2048m -Dfile.encoding=windows-1252 -Duser.country=US -Duser.language=en -Duser.variant org.gradle.launcher.daemon.bootstrap.GradleDaemon 7.5.1

Host: Intel(R) Core(TM) i5-3320M CPU @ 2.60GHz, 4 cores, 3G,  Windows 10 , 64 bit Build 19041 (10.0.19041.3155)
Time: Thu Jul 20 13:18:37 2023 Pakistan Standard Time elapsed time: 74.142076 seconds (0d 0h 1m 14s)

---------------  T H R E A D  ---------------

Current thread (0x000001fcfe6ff000):  JavaThread "C2 CompilerThread0" daemon [_thread_in_native, id=2740, stack(0x0000002f07100000,0x0000002f07200000)]


Current CompileTask:
C2:  74142 17317 %     4       org.gradle.internal.instantiation.generator.AbstractClassGenerator::inspectType @ 107 (560 bytes)

Stack: [0x0000002f07100000,0x0000002f07200000]
Native frames: (J=compiled Java code, j=interpreted, Vv=VM code, C=native code)
V  [jvm.dll+0x6100fa]
V  [jvm.dll+0x747090]
V  [jvm.dll+0x7486ad]
V  [jvm.dll+0x748d83]
V  [jvm.dll+0x24ab48]
V  [jvm.dll+0xc04dc]
V  [jvm.dll+0xc0a0c]
V  [jvm.dll+0x2bfab4]
V  [jvm.dll+0x524238]
V  [jvm.dll+0x204a21]
V  [jvm.dll+0x2023c2]
V  [jvm.dll+0x188e01]
V  [jvm.dll+0x21106b]
V  [jvm.dll+0x20f8c1]
V  [jvm.dll+0x70de0f]
V  [jvm.dll+0x706a75]
V  [jvm.dll+0x60ed66]
C  [ucrtbase.dll+0x21bb2]
C  [KERNEL32.DLL+0x17614]
C  [ntdll.dll+0x526b1]


---------------  P R O C E S S  ---------------

Threads class SMR info:
_java_thread_list=0x000001fc9ad94290, length=95, elements={
0x000001fcf32ee000, 0x000001fcfe69d000, 0x000001fcfe69e000, 0x000001fcfe6fc000,
0x000001fcfe6fd000, 0x000001fcfe6fe000, 0x000001fcfe6ff000, 0x000001fcfe870800,
0x000001fcfe87c000, 0x000001fcfe978800, 0x000001fc8f9f7800, 0x000001fc8f488800,
0x000001fcff410000, 0x000001fc8f048800, 0x000001fc8f7fc000, 0x000001fc8f430000,
0x000001fc8fed7800, 0x000001fc8f07a800, 0x000001fc8f459000, 0x000001fc8f352800,
0x000001fc8f2fb800, 0x000001fc8f2fe000, 0x000001fc8f2fe800, 0x000001fc8f2fd000,
0x000001fc8f2ff800, 0x000001fc8f2fa800, 0x000001fc8f300800, 0x000001fc8f2fc000,
0x000001fc8f301000, 0x000001fc90bd5800, 0x000001fc90bd7800, 0x000001fc90bd9000,
0x000001fc90bd4000, 0x000001fc90bd8000, 0x000001fc90bd9800, 0x000001fc90bda800,
0x000001fc90bd5000, 0x000001fc90bde000, 0x000001fc90be1000, 0x000001fc90bdd000,
0x000001fc90be0800, 0x000001fc90bdc000, 0x000001fc90bdb800, 0x000001fc90be2000,
0x000001fc90bde800, 0x000001fc90bdf800, 0x000001fc90be2800, 0x000001fc957f5800,
0x000001fc957f4000, 0x000001fc957f5000, 0x000001fc957f6800, 0x000001fc957f8000,
0x000001fc957f9000, 0x000001fc957f3000, 0x000001fc957f7000, 0x000001fc957f9800,
0x000001fc93bdf000, 0x000001fc93bdb000, 0x000001fc93bdc800, 0x000001fc93bde000,
0x000001fc93bd9000, 0x000001fc93bdb800, 0x000001fc93bdf800, 0x000001fc93bda000,
0x000001fc93be0800, 0x000001fc93be2000, 0x000001fc93bdd000, 0x000001fc93be7000,
0x000001fc93be5800, 0x000001fc93be6000, 0x000001fc93be4800, 0x000001fc93be1800,
0x000001fc93be3000, 0x000001fc93be8000, 0x000001fc93be3800, 0x000001fc9595a000,
0x000001fc95959000, 0x000001fc9595c800, 0x000001fc95957800, 0x000001fc9595d000,
0x000001fc9595e000, 0x000001fc9595b000, 0x000001fc95958800, 0x000001fc9595f800,
0x000001fc9595f000, 0x000001fc95960800, 0x000001fc95961800, 0x000001fc9595b800,
0x000001fc95962000, 0x000001fc95964800, 0x000001fc95964000, 0x000001fc95965800,
0x000001fc95966000, 0x000001fc9ac9f800, 0x000001fc9ac9e800
}

Java Threads: ( => current thread )
  0x000001fcf32ee000 JavaThread "main" [_thread_blocked, id=14420, stack(0x0000002f06500000,0x0000002f06600000)]
  0x000001fcfe69d000 JavaThread "Reference Handler" daemon [_thread_blocked, id=17468, stack(0x0000002f06c00000,0x0000002f06d00000)]
  0x000001fcfe69e000 JavaThread "Finalizer" daemon [_thread_blocked, id=2832, stack(0x0000002f06d00000,0x0000002f06e00000)]
  0x000001fcfe6fc000 JavaThread "Signal Dispatcher" daemon [_thread_blocked, id=4576, stack(0x0000002f06e00000,0x0000002f06f00000)]
  0x000001fcfe6fd000 JavaThread "Attach Listener" daemon [_thread_blocked, id=3768, stack(0x0000002f06f00000,0x0000002f07000000)]
  0x000001fcfe6fe000 JavaThread "Service Thread" daemon [_thread_blocked, id=15320, stack(0x0000002f07000000,0x0000002f07100000)]
=>0x000001fcfe6ff000 JavaThread "C2 CompilerThread0" daemon [_thread_in_native, id=2740, stack(0x0000002f07100000,0x0000002f07200000)]
  0x000001fcfe870800 JavaThread "C1 CompilerThread0" daemon [_thread_blocked, id=9340, stack(0x0000002f07200000,0x0000002f07300000)]
  0x000001fcfe87c000 JavaThread "Sweeper thread" daemon [_thread_blocked, id=12880, stack(0x0000002f07300000,0x0000002f07400000)]
  0x000001fcfe978800 JavaThread "Common-Cleaner" daemon [_thread_blocked, id=7616, stack(0x0000002f07400000,0x0000002f07500000)]
  0x000001fc8f9f7800 JavaThread "Daemon health stats" [_thread_blocked, id=2684, stack(0x0000002f07700000,0x0000002f07800000)]
  0x000001fc8f488800 JavaThread "Incoming local TCP Connector on port 52739" [_thread_in_native, id=18372, stack(0x0000002f07a00000,0x0000002f07b00000)]
  0x000001fcff410000 JavaThread "Daemon periodic checks" [_thread_blocked, id=18032, stack(0x0000002f07b00000,0x0000002f07c00000)]
  0x000001fc8f048800 JavaThread "Daemon" [_thread_blocked, id=16668, stack(0x0000002f07c00000,0x0000002f07d00000)]
  0x000001fc8f7fc000 JavaThread "Handler for socket connection from /127.0.0.1:52739 to /127.0.0.1:52740" [_thread_in_native, id=15440, stack(0x0000002f07d00000,0x0000002f07e00000)]
  0x000001fc8f430000 JavaThread "Cancel handler" [_thread_blocked, id=12284, stack(0x0000002f07e00000,0x0000002f07f00000)]
  0x000001fc8fed7800 JavaThread "Daemon worker" [_thread_blocked, id=17360, stack(0x0000002f07f00000,0x0000002f08000000)]
  0x000001fc8f07a800 JavaThread "Asynchronous log dispatcher for DefaultDaemonConnection: socket connection from /127.0.0.1:52739 to /127.0.0.1:52740" [_thread_blocked, id=3788, stack(0x0000002f08000000,0x0000002f08100000)]
  0x000001fc8f459000 JavaThread "Stdin handler" [_thread_blocked, id=18376, stack(0x0000002f08100000,0x0000002f08200000)]
  0x000001fc8f352800 JavaThread "Daemon client event forwarder" [_thread_blocked, id=16760, stack(0x0000002f08200000,0x0000002f08300000)]
  0x000001fc8f2fb800 JavaThread "Cache worker for journal cache (C:\Users\fezia\.gradle\caches\journal-1)" [_thread_blocked, id=10888, stack(0x0000002f08300000,0x0000002f08400000)]
  0x000001fc8f2fe000 JavaThread "File lock request listener" [_thread_in_native, id=14976, stack(0x0000002f08400000,0x0000002f08500000)]
  0x000001fc8f2fe800 JavaThread "Cache worker for file hash cache (C:\Users\fezia\.gradle\caches\7.5.1\fileHashes)" [_thread_blocked, id=17752, stack(0x0000002f08500000,0x0000002f08600000)]
  0x000001fc8f2fd000 JavaThread "File watcher server" daemon [_thread_blocked, id=15296, stack(0x0000002f08600000,0x0000002f08700000)]
  0x000001fc8f2ff800 JavaThread "File watcher consumer" daemon [_thread_blocked, id=17508, stack(0x0000002f08700000,0x0000002f08800000)]
  0x000001fc8f2fa800 JavaThread "Cache worker for checksums cache (C:\Users\fezia\Tradly\android\.gradle\7.5.1\checksums)" [_thread_blocked, id=8596, stack(0x0000002f08800000,0x0000002f08900000)]
  0x000001fc8f300800 JavaThread "Cache worker for cache directory md-rule (C:\Users\fezia\.gradle\caches\7.5.1\md-rule)" [_thread_blocked, id=8648, stack(0x0000002f08900000,0x0000002f08a00000)]
  0x000001fc8f2fc000 JavaThread "Cache worker for file content cache (C:\Users\fezia\.gradle\caches\7.5.1\fileContent)" [_thread_blocked, id=13112, stack(0x0000002f08a00000,0x0000002f08b00000)]
  0x000001fc8f301000 JavaThread "Cache worker for file hash cache (C:\Users\fezia\Tradly\android\.gradle\7.5.1\fileHashes)" [_thread_blocked, id=13820, stack(0x0000002f08b00000,0x0000002f08c00000)]
  0x000001fc90bd5800 JavaThread "Cache worker for cache directory md-supplier (C:\Users\fezia\.gradle\caches\7.5.1\md-supplier)" [_thread_blocked, id=408, stack(0x0000002f08c00000,0x0000002f08d00000)]
  0x000001fc90bd7800 JavaThread "Cache worker for execution history cache (C:\Users\fezia\.gradle\caches\7.5.1\executionHistory)" [_thread_blocked, id=14936, stack(0x0000002f08d00000,0x0000002f08e00000)]
  0x000001fc90bd9000 JavaThread "jar transforms" [_thread_blocked, id=4920, stack(0x0000002f08e00000,0x0000002f08f00000)]
  0x000001fc90bd4000 JavaThread "jar transforms Thread 2" [_thread_blocked, id=16392, stack(0x0000002f08f00000,0x0000002f09000000)]
  0x000001fc90bd8000 JavaThread "jar transforms Thread 3" [_thread_blocked, id=10128, stack(0x0000002f09000000,0x0000002f09100000)]
  0x000001fc90bd9800 JavaThread "jar transforms Thread 4" [_thread_blocked, id=8004, stack(0x0000002f09100000,0x0000002f09200000)]
  0x000001fc90bda800 JavaThread "Cache worker for kotlin-dsl (C:\Users\fezia\.gradle\caches\7.5.1\kotlin-dsl)" [_thread_blocked, id=17812, stack(0x0000002f09300000,0x0000002f09400000)]
  0x000001fc90bd5000 JavaThread "Cache worker for dependencies-accessors (C:\Users\fezia\Tradly\android\.gradle\7.5.1\dependencies-accessors)" [_thread_blocked, id=6976, stack(0x0000002f09400000,0x0000002f09500000)]
  0x000001fc90bde000 JavaThread "Cache worker for Build Output Cleanup Cache (C:\Users\fezia\Tradly\node_modules\react-native-gradle-plugin\.gradle\buildOutputCleanup)" [_thread_blocked, id=5984, stack(0x0000002f09500000,0x0000002f09600000)]
  0x000001fc90be1000 JavaThread "Unconstrained build operations" [_thread_blocked, id=3900, stack(0x0000002f09600000,0x0000002f09700000)]
  0x000001fc90bdd000 JavaThread "Unconstrained build operations Thread 2" [_thread_blocked, id=17000, stack(0x0000002f09700000,0x0000002f09800000)]
  0x000001fc90be0800 JavaThread "Unconstrained build operations Thread 3" [_thread_blocked, id=18152, stack(0x0000002f09800000,0x0000002f09900000)]
  0x000001fc90bdc000 JavaThread "Unconstrained build operations Thread 4" [_thread_blocked, id=6628, stack(0x0000002f09900000,0x0000002f09a00000)]
  0x000001fc90bdb800 JavaThread "Unconstrained build operations Thread 5" [_thread_blocked, id=6468, stack(0x0000002f09a00000,0x0000002f09b00000)]
  0x000001fc90be2000 JavaThread "Unconstrained build operations Thread 6" [_thread_blocked, id=18072, stack(0x0000002f09b00000,0x0000002f09c00000)]
  0x000001fc90bde800 JavaThread "Unconstrained build operations Thread 7" [_thread_blocked, id=8888, stack(0x0000002f09c00000,0x0000002f09d00000)]
  0x000001fc90bdf800 JavaThread "Unconstrained build operations Thread 8" [_thread_blocked, id=3952, stack(0x0000002f09d00000,0x0000002f09e00000)]
  0x000001fc90be2800 JavaThread "Unconstrained build operations Thread 9" [_thread_blocked, id=12944, stack(0x0000002f09e00000,0x0000002f09f00000)]
  0x000001fc957f5800 JavaThread "Unconstrained build operations Thread 10" [_thread_blocked, id=3756, stack(0x0000002f09f00000,0x0000002f0a000000)]
  0x000001fc957f4000 JavaThread "Unconstrained build operations Thread 11" [_thread_blocked, id=13892, stack(0x0000002f0a000000,0x0000002f0a100000)]
  0x000001fc957f5000 JavaThread "Unconstrained build operations Thread 12" [_thread_blocked, id=1708, stack(0x0000002f0a100000,0x0000002f0a200000)]
  0x000001fc957f6800 JavaThread "Unconstrained build operations Thread 13" [_thread_blocked, id=2236, stack(0x0000002f0a200000,0x0000002f0a300000)]
  0x000001fc957f8000 JavaThread "Unconstrained build operations Thread 14" [_thread_blocked, id=6028, stack(0x0000002f0a300000,0x0000002f0a400000)]
  0x000001fc957f9000 JavaThread "Unconstrained build operations Thread 15" [_thread_blocked, id=7544, stack(0x0000002f0a400000,0x0000002f0a500000)]
  0x000001fc957f3000 JavaThread "Unconstrained build operations Thread 16" [_thread_blocked, id=15300, stack(0x0000002f0a500000,0x0000002f0a600000)]
  0x000001fc957f7000 JavaThread "Unconstrained build operations Thread 17" [_thread_blocked, id=10956, stack(0x0000002f0a600000,0x0000002f0a700000)]
  0x000001fc957f9800 JavaThread "Unconstrained build operations Thread 18" [_thread_blocked, id=12160, stack(0x0000002f0a700000,0x0000002f0a800000)]
  0x000001fc93bdf000 JavaThread "Unconstrained build operations Thread 19" [_thread_blocked, id=13172, stack(0x0000002f0a800000,0x0000002f0a900000)]
  0x000001fc93bdb000 JavaThread "Unconstrained build operations Thread 20" [_thread_blocked, id=16692, stack(0x0000002f0a900000,0x0000002f0aa00000)]
  0x000001fc93bdc800 JavaThread "Unconstrained build operations Thread 21" [_thread_blocked, id=15584, stack(0x0000002f0aa00000,0x0000002f0ab00000)]
  0x000001fc93bde000 JavaThread "Unconstrained build operations Thread 22" [_thread_blocked, id=5760, stack(0x0000002f0ab00000,0x0000002f0ac00000)]
  0x000001fc93bd9000 JavaThread "Unconstrained build operations Thread 23" [_thread_blocked, id=12096, stack(0x0000002f0ac00000,0x0000002f0ad00000)]
  0x000001fc93bdb800 JavaThread "Unconstrained build operations Thread 24" [_thread_blocked, id=17180, stack(0x0000002f0ad00000,0x0000002f0ae00000)]
  0x000001fc93bdf800 JavaThread "Unconstrained build operations Thread 25" [_thread_blocked, id=8860, stack(0x0000002f0ae00000,0x0000002f0af00000)]
  0x000001fc93bda000 JavaThread "Unconstrained build operations Thread 26" [_thread_blocked, id=3760, stack(0x0000002f0af00000,0x0000002f0b000000)]
  0x000001fc93be0800 JavaThread "Unconstrained build operations Thread 27" [_thread_blocked, id=1788, stack(0x0000002f0b000000,0x0000002f0b100000)]
  0x000001fc93be2000 JavaThread "Unconstrained build operations Thread 28" [_thread_blocked, id=15044, stack(0x0000002f0b100000,0x0000002f0b200000)]
  0x000001fc93bdd000 JavaThread "Unconstrained build operations Thread 29" [_thread_blocked, id=13124, stack(0x0000002f0b200000,0x0000002f0b300000)]
  0x000001fc93be7000 JavaThread "Unconstrained build operations Thread 30" [_thread_blocked, id=9884, stack(0x0000002f0b300000,0x0000002f0b400000)]
  0x000001fc93be5800 JavaThread "Unconstrained build operations Thread 31" [_thread_blocked, id=10000, stack(0x0000002f0b400000,0x0000002f0b500000)]
  0x000001fc93be6000 JavaThread "Unconstrained build operations Thread 32" [_thread_blocked, id=11828, stack(0x0000002f0b500000,0x0000002f0b600000)]
  0x000001fc93be4800 JavaThread "Unconstrained build operations Thread 33" [_thread_blocked, id=10256, stack(0x0000002f0b600000,0x0000002f0b700000)]
  0x000001fc93be1800 JavaThread "build event listener" [_thread_blocked, id=15316, stack(0x0000002f0b700000,0x0000002f0b800000)]
  0x000001fc93be3000 JavaThread "Memory manager" [_thread_blocked, id=11184, stack(0x0000002f0b800000,0x0000002f0b900000)]
  0x000001fc93be8000 JavaThread "Cache worker for Build Output Cleanup Cache (C:\Users\fezia\Tradly\android\.gradle\buildOutputCleanup)" [_thread_blocked, id=10252, stack(0x0000002f09200000,0x0000002f09300000)]
  0x000001fc93be3800 JavaThread "included builds" [_thread_blocked, id=16416, stack(0x0000002f0b900000,0x0000002f0ba00000)]
  0x000001fc9595a000 JavaThread "Execution worker" [_thread_in_Java, id=2828, stack(0x0000002f0ba00000,0x0000002f0bb00000)]
  0x000001fc95959000 JavaThread "Execution worker Thread 2" [_thread_blocked, id=9624, stack(0x0000002f0bb00000,0x0000002f0bc00000)]
  0x000001fc9595c800 JavaThread "Execution worker Thread 3" [_thread_blocked, id=4308, stack(0x0000002f0bc00000,0x0000002f0bd00000)]
  0x000001fc95957800 JavaThread "Cache worker for execution history cache (C:\Users\fezia\Tradly\node_modules\react-native-gradle-plugin\.gradle\7.5.1\executionHistory)" [_thread_blocked, id=17600, stack(0x0000002f0bd00000,0x0000002f0be00000)]
  0x000001fc9595d000 JavaThread "Unconstrained build operations Thread 34" [_thread_blocked, id=13420, stack(0x0000002f0be00000,0x0000002f0bf00000)]
  0x000001fc9595e000 JavaThread "Unconstrained build operations Thread 35" [_thread_blocked, id=2084, stack(0x0000002f0bf00000,0x0000002f0c000000)]
  0x000001fc9595b000 JavaThread "Unconstrained build operations Thread 36" [_thread_blocked, id=7664, stack(0x0000002f0c000000,0x0000002f0c100000)]
  0x000001fc95958800 JavaThread "Unconstrained build operations Thread 37" [_thread_blocked, id=12412, stack(0x0000002f0c100000,0x0000002f0c200000)]
  0x000001fc9595f800 JavaThread "Unconstrained build operations Thread 38" [_thread_blocked, id=13072, stack(0x0000002f0c200000,0x0000002f0c300000)]
  0x000001fc9595f000 JavaThread "Unconstrained build operations Thread 39" [_thread_blocked, id=13220, stack(0x0000002f0c300000,0x0000002f0c400000)]
  0x000001fc95960800 JavaThread "Unconstrained build operations Thread 40" [_thread_blocked, id=4840, stack(0x0000002f0c400000,0x0000002f0c500000)]
  0x000001fc95961800 JavaThread "pool-3-thread-1" [_thread_blocked, id=2564, stack(0x0000002f0c700000,0x0000002f0c800000)]
  0x000001fc9595b800 JavaThread "build event listener" [_thread_blocked, id=16012, stack(0x0000002f0c800000,0x0000002f0c900000)]
  0x000001fc95962000 JavaThread "Cache worker for execution history cache (C:\Users\fezia\Tradly\android\.gradle\7.5.1\executionHistory)" [_thread_blocked, id=3040, stack(0x0000002f0c900000,0x0000002f0ca00000)]
  0x000001fc95964800 JavaThread "WorkerExecutor Queue" [_thread_in_native, id=10412, stack(0x0000002f06300000,0x0000002f06400000)]
  0x000001fc95964000 JavaThread "WorkerExecutor Queue Thread 2" [_thread_blocked, id=2712, stack(0x0000002f0ca00000,0x0000002f0cb00000)]
  0x000001fc95965800 JavaThread "Thread-78" [_thread_in_native, id=14224, stack(0x0000002f0cb00000,0x0000002f0cc00000)]
  0x000001fc95966000 JavaThread "WorkerExecutor Queue Thread 3" [_thread_blocked, id=10736, stack(0x0000002f0cc00000,0x0000002f0cd00000)]
  0x000001fc9ac9f800 JavaThread "WorkerExecutor Queue Thread 4" [_thread_blocked, id=8844, stack(0x0000002f0cd00000,0x0000002f0ce00000)]
  0x000001fc9ac9e800 JavaThread "WorkerExecutor Queue Thread 5" [_thread_in_native, id=5732, stack(0x0000002f06400000,0x0000002f06500000)]

Other Threads:
  0x000001fcfe694800 VMThread "VM Thread" [stack: 0x0000002f06b00000,0x0000002f06c00000] [id=7076]
  0x000001fcfe9a6800 WatcherThread [stack: 0x0000002f07500000,0x0000002f07600000] [id=11564]
  0x000001fcf3306800 GCTaskThread "GC Thread#0" [stack: 0x0000002f06600000,0x0000002f06700000] [id=2080]
  0x000001fcfef3c000 GCTaskThread "GC Thread#1" [stack: 0x0000002f07600000,0x0000002f07700000] [id=13628]
  0x000001fc8fc8f000 GCTaskThread "GC Thread#2" [stack: 0x0000002f07800000,0x0000002f07900000] [id=1716]
  0x000001fc8f267000 GCTaskThread "GC Thread#3" [stack: 0x0000002f07900000,0x0000002f07a00000] [id=8112]
  0x000001fcf3336000 ConcurrentGCThread "G1 Main Marker" [stack: 0x0000002f06700000,0x0000002f06800000] [id=2976]
  0x000001fcf3337800 ConcurrentGCThread "G1 Conc#0" [stack: 0x0000002f06800000,0x0000002f06900000] [id=10468]
  0x000001fcf3392800 ConcurrentGCThread "G1 Refine#0" [stack: 0x0000002f06900000,0x0000002f06a00000] [id=14432]
  0x000001fcf3393800 ConcurrentGCThread "G1 Young RemSet Sampling" [stack: 0x0000002f06a00000,0x0000002f06b00000] [id=14564]

Threads with active compile tasks:
C2 CompilerThread0  74209 17317 %     4       org.gradle.internal.instantiation.generator.AbstractClassGenerator::inspectType @ 107 (560 bytes)

VM state:not at safepoint (normal execution)

VM Mutex/Monitor currently owned by a thread: None

Heap address: 0x0000000080000000, size: 2048 MB, Compressed Oops mode: 32-bit
Narrow klass base: 0x0000000000000000, Narrow klass shift: 3
Compressed class space size: 528482304 Address: 0x0000000100000000

Heap:
 garbage-first heap   total 339968K, used 228045K [0x0000000080000000, 0x0000000100000000)
  region size 1024K, 49 young (50176K), 7 survivors (7168K)
 Metaspace       used 128034K, capacity 132102K, committed 132176K, reserved 630784K
  class space    used 16569K, capacity 18129K, committed 18176K, reserved 516096K
Heap Regions: E=young(eden), S=young(survivor), O=old, HS=humongous(starts), HC=humongous(continues), CS=collection set, F=free, A=archive, TAMS=top-at-mark-start (previous, next)
|   0|0x0000000080000000, 0x0000000080100000, 0x0000000080100000|100%|HS|  |TAMS 0x0000000080100000, 0x0000000080000000| Complete 
|   1|0x0000000080100000, 0x0000000080200000, 0x0000000080200000|100%|HC|  |TAMS 0x0000000080200000, 0x0000000080100000| Complete 
|   2|0x0000000080200000, 0x0000000080300000, 0x0000000080300000|100%|HC|  |TAMS 0x0000000080300000, 0x0000000080200000| Complete 
|   3|0x0000000080300000, 0x0000000080400000, 0x0000000080400000|100%| O|  |TAMS 0x0000000080400000, 0x0000000080300000| Untracked 
|   4|0x0000000080400000, 0x0000000080500000, 0x0000000080500000|100%| O|  |TAMS 0x0000000080500000, 0x0000000080400000| Untracked 
|   5|0x0000000080500000, 0x0000000080600000, 0x0000000080600000|100%| O|  |TAMS 0x0000000080600000, 0x0000000080500000| Untracked 
|   6|0x0000000080600000, 0x0000000080700000, 0x0000000080700000|100%| O|  |TAMS 0x0000000080700000, 0x0000000080600000| Untracked 
|   7|0x0000000080700000, 0x0000000080800000, 0x0000000080800000|100%| O|  |TAMS 0x0000000080800000, 0x0000000080700000| Untracked 
|   8|0x0000000080800000, 0x0000000080900000, 0x0000000080900000|100%| O|  |TAMS 0x0000000080900000, 0x0000000080800000| Untracked 
|   9|0x0000000080900000, 0x0000000080a00000, 0x0000000080a00000|100%| O|  |TAMS 0x0000000080a00000, 0x0000000080900000| Untracked 
|  10|0x0000000080a00000, 0x0000000080b00000, 0x0000000080b00000|100%| O|  |TAMS 0x0000000080b00000, 0x0000000080a00000| Untracked 
|  11|0x0000000080b00000, 0x0000000080c00000, 0x0000000080c00000|100%| O|  |TAMS 0x0000000080c00000, 0x0000000080b00000| Untracked 
|  12|0x0000000080c00000, 0x0000000080d00000, 0x0000000080d00000|100%| O|  |TAMS 0x0000000080d00000, 0x0000000080c00000| Untracked 
|  13|0x0000000080d00000, 0x0000000080e00000, 0x0000000080e00000|100%| O|  |TAMS 0x0000000080e00000, 0x0000000080d00000| Untracked 
|  14|0x0000000080e00000, 0x0000000080f00000, 0x0000000080f00000|100%| O|  |TAMS 0x0000000080f00000, 0x0000000080e00000| Untracked 
|  15|0x0000000080f00000, 0x0000000081000000, 0x0000000081000000|100%| O|  |TAMS 0x0000000081000000, 0x0000000080f00000| Untracked 
|  16|0x0000000081000000, 0x0000000081100000, 0x0000000081100000|100%| O|  |TAMS 0x0000000081100000, 0x0000000081000000| Untracked 
|  17|0x0000000081100000, 0x0000000081200000, 0x0000000081200000|100%| O|  |TAMS 0x0000000081200000, 0x0000000081100000| Untracked 
|  18|0x0000000081200000, 0x0000000081300000, 0x0000000081300000|100%| O|  |TAMS 0x0000000081300000, 0x0000000081200000| Untracked 
|  19|0x0000000081300000, 0x0000000081400000, 0x0000000081400000|100%| O|  |TAMS 0x0000000081400000, 0x0000000081300000| Untracked 
|  20|0x0000000081400000, 0x0000000081500000, 0x0000000081500000|100%| O|  |TAMS 0x0000000081500000, 0x0000000081400000| Untracked 
|  21|0x0000000081500000, 0x0000000081600000, 0x0000000081600000|100%| O|  |TAMS 0x0000000081600000, 0x0000000081500000| Untracked 
|  22|0x0000000081600000, 0x0000000081700000, 0x0000000081700000|100%| O|  |TAMS 0x0000000081700000, 0x0000000081600000| Untracked 
|  23|0x0000000081700000, 0x0000000081800000, 0x0000000081800000|100%| O|  |TAMS 0x0000000081800000, 0x0000000081700000| Untracked 
|  24|0x0000000081800000, 0x0000000081900000, 0x0000000081900000|100%| O|  |TAMS 0x0000000081900000, 0x0000000081800000| Untracked 
|  25|0x0000000081900000, 0x0000000081a00000, 0x0000000081a00000|100%| O|  |TAMS 0x0000000081a00000, 0x0000000081900000| Untracked 
|  26|0x0000000081a00000, 0x0000000081b00000, 0x0000000081b00000|100%| O|  |TAMS 0x0000000081b00000, 0x0000000081a00000| Untracked 
|  27|0x0000000081b00000, 0x0000000081c00000, 0x0000000081c00000|100%| O|  |TAMS 0x0000000081c00000, 0x0000000081b00000| Untracked 
|  28|0x0000000081c00000, 0x0000000081d00000, 0x0000000081d00000|100%| O|  |TAMS 0x0000000081d00000, 0x0000000081c00000| Untracked 
|  29|0x0000000081d00000, 0x0000000081e00000, 0x0000000081e00000|100%| O|  |TAMS 0x0000000081e00000, 0x0000000081d00000| Untracked 
|  30|0x0000000081e00000, 0x0000000081f00000, 0x0000000081f00000|100%| O|  |TAMS 0x0000000081f00000, 0x0000000081e00000| Untracked 
|  31|0x0000000081f00000, 0x0000000082000000, 0x0000000082000000|100%| O|  |TAMS 0x0000000082000000, 0x0000000081f00000| Untracked 
|  32|0x0000000082000000, 0x0000000082100000, 0x0000000082100000|100%|HS|  |TAMS 0x0000000082100000, 0x0000000082000000| Complete 
|  33|0x0000000082100000, 0x0000000082200000, 0x0000000082200000|100%| O|  |TAMS 0x0000000082200000, 0x0000000082100000| Untracked 
|  34|0x0000000082200000, 0x0000000082300000, 0x0000000082300000|100%|HS|  |TAMS 0x0000000082300000, 0x0000000082200000| Complete 
|  35|0x0000000082300000, 0x0000000082400000, 0x0000000082400000|100%|HC|  |TAMS 0x0000000082400000, 0x0000000082300000| Complete 
|  36|0x0000000082400000, 0x0000000082500000, 0x0000000082500000|100%|HC|  |TAMS 0x0000000082500000, 0x0000000082400000| Complete 
|  37|0x0000000082500000, 0x0000000082600000, 0x0000000082600000|100%| O|  |TAMS 0x0000000082600000, 0x0000000082500000| Untracked 
|  38|0x0000000082600000, 0x0000000082700000, 0x0000000082700000|100%| O|  |TAMS 0x0000000082700000, 0x0000000082600000| Untracked 
|  39|0x0000000082700000, 0x0000000082800000, 0x0000000082800000|100%| O|  |TAMS 0x0000000082800000, 0x0000000082700000| Untracked 
|  40|0x0000000082800000, 0x0000000082900000, 0x0000000082900000|100%| O|  |TAMS 0x0000000082900000, 0x0000000082800000| Untracked 
|  41|0x0000000082900000, 0x0000000082a00000, 0x0000000082a00000|100%| O|  |TAMS 0x0000000082a00000, 0x0000000082900000| Untracked 
|  42|0x0000000082a00000, 0x0000000082b00000, 0x0000000082b00000|100%| O|  |TAMS 0x0000000082b00000, 0x0000000082a00000| Untracked 
|  43|0x0000000082b00000, 0x0000000082c00000, 0x0000000082c00000|100%| O|  |TAMS 0x0000000082c00000, 0x0000000082b00000| Untracked 
|  44|0x0000000082c00000, 0x0000000082d00000, 0x0000000082d00000|100%| O|  |TAMS 0x0000000082d00000, 0x0000000082c00000| Untracked 
|  45|0x0000000082d00000, 0x0000000082e00000, 0x0000000082e00000|100%| O|  |TAMS 0x0000000082e00000, 0x0000000082d00000| Untracked 
|  46|0x0000000082e00000, 0x0000000082f00000, 0x0000000082f00000|100%| O|  |TAMS 0x0000000082f00000, 0x0000000082e00000| Untracked 
|  47|0x0000000082f00000, 0x0000000083000000, 0x0000000083000000|100%| O|  |TAMS 0x0000000083000000, 0x0000000082f00000| Untracked 
|  48|0x0000000083000000, 0x0000000083100000, 0x0000000083100000|100%|HS|  |TAMS 0x0000000083100000, 0x0000000083000000| Complete 
|  49|0x0000000083100000, 0x0000000083200000, 0x0000000083200000|100%|HS|  |TAMS 0x0000000083200000, 0x0000000083100000| Complete 
|  50|0x0000000083200000, 0x0000000083300000, 0x0000000083300000|100%| O|  |TAMS 0x0000000083300000, 0x0000000083200000| Untracked 
|  51|0x0000000083300000, 0x0000000083400000, 0x0000000083400000|100%| O|  |TAMS 0x0000000083400000, 0x0000000083300000| Untracked 
|  52|0x0000000083400000, 0x0000000083500000, 0x0000000083500000|100%| O|  |TAMS 0x0000000083500000, 0x0000000083400000| Untracked 
|  53|0x0000000083500000, 0x0000000083600000, 0x0000000083600000|100%|HS|  |TAMS 0x0000000083600000, 0x0000000083500000| Complete 
|  54|0x0000000083600000, 0x0000000083700000, 0x0000000083700000|100%|HC|  |TAMS 0x0000000083700000, 0x0000000083600000| Complete 
|  55|0x0000000083700000, 0x0000000083800000, 0x0000000083800000|100%| O|  |TAMS 0x0000000083800000, 0x0000000083700000| Untracked 
|  56|0x0000000083800000, 0x0000000083900000, 0x0000000083900000|100%| O|  |TAMS 0x0000000083900000, 0x0000000083800000| Untracked 
|  57|0x0000000083900000, 0x0000000083a00000, 0x0000000083a00000|100%| O|  |TAMS 0x0000000083a00000, 0x0000000083900000| Untracked 
|  58|0x0000000083a00000, 0x0000000083b00000, 0x0000000083b00000|100%| O|  |TAMS 0x0000000083b00000, 0x0000000083a00000| Untracked 
|  59|0x0000000083b00000, 0x0000000083c00000, 0x0000000083c00000|100%| O|  |TAMS 0x0000000083c00000, 0x0000000083b00000| Untracked 
|  60|0x0000000083c00000, 0x0000000083d00000, 0x0000000083d00000|100%| O|  |TAMS 0x0000000083d00000, 0x0000000083c00000| Untracked 
|  61|0x0000000083d00000, 0x0000000083e00000, 0x0000000083e00000|100%| O|  |TAMS 0x0000000083e00000, 0x0000000083d00000| Untracked 
|  62|0x0000000083e00000, 0x0000000083f00000, 0x0000000083f00000|100%| O|  |TAMS 0x0000000083f00000, 0x0000000083e00000| Untracked 
|  63|0x0000000083f00000, 0x0000000084000000, 0x0000000084000000|100%| O|  |TAMS 0x0000000084000000, 0x0000000083f00000| Untracked 
|  64|0x0000000084000000, 0x0000000084100000, 0x0000000084100000|100%| O|  |TAMS 0x0000000084100000, 0x0000000084000000| Untracked 
|  65|0x0000000084100000, 0x0000000084200000, 0x0000000084200000|100%| O|  |TAMS 0x0000000084200000, 0x0000000084100000| Untracked 
|  66|0x0000000084200000, 0x0000000084300000, 0x0000000084300000|100%| O|  |TAMS 0x0000000084300000, 0x0000000084200000| Untracked 
|  67|0x0000000084300000, 0x0000000084400000, 0x0000000084400000|100%| O|  |TAMS 0x0000000084400000, 0x0000000084300000| Untracked 
|  68|0x0000000084400000, 0x0000000084500000, 0x0000000084500000|100%| O|  |TAMS 0x0000000084500000, 0x0000000084400000| Untracked 
|  69|0x0000000084500000, 0x0000000084600000, 0x0000000084600000|100%| O|  |TAMS 0x0000000084600000, 0x0000000084500000| Untracked 
|  70|0x0000000084600000, 0x0000000084700000, 0x0000000084700000|100%| O|  |TAMS 0x0000000084700000, 0x0000000084600000| Untracked 
|  71|0x0000000084700000, 0x0000000084800000, 0x0000000084800000|100%| O|  |TAMS 0x0000000084800000, 0x0000000084700000| Untracked 
|  72|0x0000000084800000, 0x0000000084900000, 0x0000000084900000|100%| O|  |TAMS 0x0000000084900000, 0x0000000084800000| Untracked 
|  73|0x0000000084900000, 0x0000000084a00000, 0x0000000084a00000|100%| O|  |TAMS 0x0000000084a00000, 0x0000000084900000| Untracked 
|  74|0x0000000084a00000, 0x0000000084b00000, 0x0000000084b00000|100%|HS|  |TAMS 0x0000000084b00000, 0x0000000084a00000| Complete 
|  75|0x0000000084b00000, 0x0000000084c00000, 0x0000000084c00000|100%|HC|  |TAMS 0x0000000084c00000, 0x0000000084b00000| Complete 
|  76|0x0000000084c00000, 0x0000000084d00000, 0x0000000084d00000|100%|HS|  |TAMS 0x0000000084d00000, 0x0000000084c00000| Complete 
|  77|0x0000000084d00000, 0x0000000084e00000, 0x0000000084e00000|100%|HC|  |TAMS 0x0000000084e00000, 0x0000000084d00000| Complete 
|  78|0x0000000084e00000, 0x0000000084f00000, 0x0000000084f00000|100%|HS|  |TAMS 0x0000000084f00000, 0x0000000084e00000| Complete 
|  79|0x0000000084f00000, 0x0000000085000000, 0x0000000085000000|100%|HS|  |TAMS 0x0000000085000000, 0x0000000084f00000| Complete 
|  80|0x0000000085000000, 0x0000000085100000, 0x0000000085100000|100%|HC|  |TAMS 0x0000000085100000, 0x0000000085000000| Complete 
|  81|0x0000000085100000, 0x0000000085200000, 0x0000000085200000|100%|HC|  |TAMS 0x0000000085200000, 0x0000000085100000| Complete 
|  82|0x0000000085200000, 0x0000000085300000, 0x0000000085300000|100%| O|  |TAMS 0x0000000085300000, 0x0000000085200000| Untracked 
|  83|0x0000000085300000, 0x0000000085400000, 0x0000000085400000|100%| O|  |TAMS 0x0000000085400000, 0x0000000085300000| Untracked 
|  84|0x0000000085400000, 0x0000000085500000, 0x0000000085500000|100%| O|  |TAMS 0x0000000085500000, 0x0000000085400000| Untracked 
|  85|0x0000000085500000, 0x0000000085600000, 0x0000000085600000|100%| O|  |TAMS 0x0000000085600000, 0x0000000085500000| Untracked 
|  86|0x0000000085600000, 0x0000000085700000, 0x0000000085700000|100%| O|  |TAMS 0x0000000085700000, 0x0000000085600000| Untracked 
|  87|0x0000000085700000, 0x0000000085800000, 0x0000000085800000|100%| O|  |TAMS 0x0000000085800000, 0x0000000085700000| Untracked 
|  88|0x0000000085800000, 0x0000000085900000, 0x0000000085900000|100%| O|  |TAMS 0x0000000085900000, 0x0000000085800000| Untracked 
|  89|0x0000000085900000, 0x0000000085a00000, 0x0000000085a00000|100%| O|  |TAMS 0x0000000085a00000, 0x0000000085900000| Untracked 
|  90|0x0000000085a00000, 0x0000000085b00000, 0x0000000085b00000|100%| O|  |TAMS 0x0000000085b00000, 0x0000000085a00000| Untracked 
|  91|0x0000000085b00000, 0x0000000085c00000, 0x0000000085c00000|100%| O|  |TAMS 0x0000000085c00000, 0x0000000085b00000| Untracked 
|  92|0x0000000085c00000, 0x0000000085d00000, 0x0000000085d00000|100%| O|  |TAMS 0x0000000085d00000, 0x0000000085c00000| Untracked 
|  93|0x0000000085d00000, 0x0000000085e00000, 0x0000000085e00000|100%| O|  |TAMS 0x0000000085e00000, 0x0000000085d00000| Untracked 
|  94|0x0000000085e00000, 0x0000000085f00000, 0x0000000085f00000|100%| O|  |TAMS 0x0000000085f00000, 0x0000000085e00000| Untracked 
|  95|0x0000000085f00000, 0x0000000086000000, 0x0000000086000000|100%| O|  |TAMS 0x0000000086000000, 0x0000000085f00000| Untracked 
|  96|0x0000000086000000, 0x0000000086100000, 0x0000000086100000|100%| O|  |TAMS 0x0000000086100000, 0x0000000086000000| Untracked 
|  97|0x0000000086100000, 0x0000000086200000, 0x0000000086200000|100%| O|  |TAMS 0x0000000086200000, 0x0000000086100000| Untracked 
|  98|0x0000000086200000, 0x0000000086300000, 0x0000000086300000|100%| O|  |TAMS 0x0000000086300000, 0x0000000086200000| Untracked 
|  99|0x0000000086300000, 0x0000000086400000, 0x0000000086400000|100%|HS|  |TAMS 0x0000000086400000, 0x0000000086300000| Complete 
| 100|0x0000000086400000, 0x0000000086500000, 0x0000000086500000|100%|HS|  |TAMS 0x0000000086500000, 0x0000000086400000| Complete 
| 101|0x0000000086500000, 0x0000000086600000, 0x0000000086600000|100%|HS|  |TAMS 0x0000000086600000, 0x0000000086500000| Complete 
| 102|0x0000000086600000, 0x0000000086700000, 0x0000000086700000|100%|HC|  |TAMS 0x0000000086700000, 0x0000000086600000| Complete 
| 103|0x0000000086700000, 0x0000000086800000, 0x0000000086800000|100%|HC|  |TAMS 0x0000000086800000, 0x0000000086700000| Complete 
| 104|0x0000000086800000, 0x0000000086900000, 0x0000000086900000|100%| O|  |TAMS 0x0000000086900000, 0x0000000086800000| Untracked 
| 105|0x0000000086900000, 0x0000000086a00000, 0x0000000086a00000|100%| O|  |TAMS 0x0000000086a00000, 0x0000000086900000| Untracked 
| 106|0x0000000086a00000, 0x0000000086b00000, 0x0000000086b00000|100%| O|  |TAMS 0x0000000086b00000, 0x0000000086a00000| Untracked 
| 107|0x0000000086b00000, 0x0000000086c00000, 0x0000000086c00000|100%| O|  |TAMS 0x0000000086c00000, 0x0000000086b00000| Untracked 
| 108|0x0000000086c00000, 0x0000000086d00000, 0x0000000086d00000|100%| O|  |TAMS 0x0000000086d00000, 0x0000000086c00000| Untracked 
| 109|0x0000000086d00000, 0x0000000086e00000, 0x0000000086e00000|100%| O|  |TAMS 0x0000000086e00000, 0x0000000086d00000| Untracked 
| 110|0x0000000086e00000, 0x0000000086f00000, 0x0000000086f00000|100%| O|  |TAMS 0x0000000086f00000, 0x0000000086e00000| Untracked 
| 111|0x0000000086f00000, 0x0000000087000000, 0x0000000087000000|100%| O|  |TAMS 0x0000000087000000, 0x0000000086f00000| Untracked 
| 112|0x0000000087000000, 0x0000000087100000, 0x0000000087100000|100%| O|  |TAMS 0x0000000087100000, 0x0000000087000000| Untracked 
| 113|0x0000000087100000, 0x0000000087200000, 0x0000000087200000|100%| O|  |TAMS 0x0000000087200000, 0x0000000087100000| Untracked 
| 114|0x0000000087200000, 0x0000000087300000, 0x0000000087300000|100%| O|  |TAMS 0x0000000087300000, 0x0000000087200000| Untracked 
| 115|0x0000000087300000, 0x0000000087400000, 0x0000000087400000|100%| O|  |TAMS 0x0000000087400000, 0x0000000087300000| Untracked 
| 116|0x0000000087400000, 0x0000000087500000, 0x0000000087500000|100%| O|  |TAMS 0x0000000087500000, 0x0000000087400000| Untracked 
| 117|0x0000000087500000, 0x0000000087600000, 0x0000000087600000|100%| O|  |TAMS 0x0000000087600000, 0x0000000087500000| Untracked 
| 118|0x0000000087600000, 0x0000000087700000, 0x0000000087700000|100%| O|  |TAMS 0x0000000087700000, 0x0000000087600000| Untracked 
| 119|0x0000000087700000, 0x0000000087800000, 0x0000000087800000|100%| O|  |TAMS 0x0000000087800000, 0x0000000087700000| Untracked 
| 120|0x0000000087800000, 0x0000000087900000, 0x0000000087900000|100%| O|  |TAMS 0x0000000087900000, 0x0000000087800000| Untracked 
| 121|0x0000000087900000, 0x0000000087a00000, 0x0000000087a00000|100%| O|  |TAMS 0x0000000087a00000, 0x0000000087900000| Untracked 
| 122|0x0000000087a00000, 0x0000000087b00000, 0x0000000087b00000|100%| O|  |TAMS 0x0000000087b00000, 0x0000000087a00000| Untracked 
| 123|0x0000000087b00000, 0x0000000087c00000, 0x0000000087c00000|100%| O|  |TAMS 0x0000000087c00000, 0x0000000087b00000| Untracked 
| 124|0x0000000087c00000, 0x0000000087d00000, 0x0000000087d00000|100%| O|  |TAMS 0x0000000087d00000, 0x0000000087c00000| Untracked 
| 125|0x0000000087d00000, 0x0000000087e00000, 0x0000000087e00000|100%| O|  |TAMS 0x0000000087e00000, 0x0000000087d00000| Untracked 
| 126|0x0000000087e00000, 0x0000000087f00000, 0x0000000087f00000|100%| O|  |TAMS 0x0000000087f00000, 0x0000000087e00000| Untracked 
| 127|0x0000000087f00000, 0x0000000088000000, 0x0000000088000000|100%| O|  |TAMS 0x0000000088000000, 0x0000000087f00000| Untracked 
| 128|0x0000000088000000, 0x0000000088100000, 0x0000000088100000|100%| O|  |TAMS 0x0000000088100000, 0x0000000088000000| Untracked 
| 129|0x0000000088100000, 0x0000000088200000, 0x0000000088200000|100%| O|  |TAMS 0x0000000088200000, 0x0000000088100000| Untracked 
| 130|0x0000000088200000, 0x0000000088300000, 0x0000000088300000|100%| O|  |TAMS 0x0000000088300000, 0x0000000088200000| Untracked 
| 131|0x0000000088300000, 0x0000000088400000, 0x0000000088400000|100%| O|  |TAMS 0x0000000088400000, 0x0000000088300000| Untracked 
| 132|0x0000000088400000, 0x0000000088500000, 0x0000000088500000|100%| O|  |TAMS 0x0000000088500000, 0x0000000088400000| Untracked 
| 133|0x0000000088500000, 0x0000000088600000, 0x0000000088600000|100%| O|  |TAMS 0x0000000088600000, 0x0000000088500000| Untracked 
| 134|0x0000000088600000, 0x0000000088700000, 0x0000000088700000|100%| O|  |TAMS 0x0000000088700000, 0x0000000088600000| Untracked 
| 135|0x0000000088700000, 0x0000000088800000, 0x0000000088800000|100%| O|  |TAMS 0x0000000088800000, 0x0000000088700000| Untracked 
| 136|0x0000000088800000, 0x0000000088900000, 0x0000000088900000|100%| O|  |TAMS 0x0000000088900000, 0x0000000088800000| Untracked 
| 137|0x0000000088900000, 0x0000000088a00000, 0x0000000088a00000|100%| O|  |TAMS 0x0000000088a00000, 0x0000000088900000| Untracked 
| 138|0x0000000088a00000, 0x0000000088b00000, 0x0000000088b00000|100%| O|  |TAMS 0x0000000088b00000, 0x0000000088a00000| Untracked 
| 139|0x0000000088b00000, 0x0000000088c00000, 0x0000000088c00000|100%| O|  |TAMS 0x0000000088c00000, 0x0000000088b00000| Untracked 
| 140|0x0000000088c00000, 0x0000000088d00000, 0x0000000088d00000|100%| O|  |TAMS 0x0000000088d00000, 0x0000000088c00000| Untracked 
| 141|0x0000000088d00000, 0x0000000088e00000, 0x0000000088e00000|100%| O|  |TAMS 0x0000000088e00000, 0x0000000088d00000| Untracked 
| 142|0x0000000088e00000, 0x0000000088f00000, 0x0000000088f00000|100%| O|  |TAMS 0x0000000088f00000, 0x0000000088e00000| Untracked 
| 143|0x0000000088f00000, 0x0000000089000000, 0x0000000089000000|100%| O|  |TAMS 0x0000000089000000, 0x0000000088f00000| Untracked 
| 144|0x0000000089000000, 0x0000000089100000, 0x0000000089100000|100%| O|  |TAMS 0x0000000089100000, 0x0000000089000000| Untracked 
| 145|0x0000000089100000, 0x0000000089200000, 0x0000000089200000|100%| O|  |TAMS 0x0000000089200000, 0x0000000089100000| Untracked 
| 146|0x0000000089200000, 0x0000000089300000, 0x0000000089300000|100%| O|  |TAMS 0x0000000089300000, 0x0000000089200000| Untracked 
| 147|0x0000000089300000, 0x0000000089400000, 0x0000000089400000|100%| O|  |TAMS 0x0000000089400000, 0x0000000089300000| Untracked 
| 148|0x0000000089400000, 0x0000000089500000, 0x0000000089500000|100%| O|  |TAMS 0x0000000089500000, 0x0000000089400000| Untracked 
| 149|0x0000000089500000, 0x0000000089600000, 0x0000000089600000|100%| O|  |TAMS 0x0000000089600000, 0x0000000089500000| Untracked 
| 150|0x0000000089600000, 0x0000000089700000, 0x0000000089700000|100%| O|  |TAMS 0x0000000089700000, 0x0000000089600000| Untracked 
| 151|0x0000000089700000, 0x0000000089800000, 0x0000000089800000|100%| O|  |TAMS 0x0000000089800000, 0x0000000089700000| Untracked 
| 152|0x0000000089800000, 0x0000000089900000, 0x0000000089900000|100%| O|  |TAMS 0x0000000089900000, 0x0000000089800000| Untracked 
| 153|0x0000000089900000, 0x0000000089a00000, 0x0000000089a00000|100%| O|  |TAMS 0x0000000089a00000, 0x0000000089900000| Untracked 
| 154|0x0000000089a00000, 0x0000000089b00000, 0x0000000089b00000|100%| O|  |TAMS 0x0000000089b00000, 0x0000000089a00000| Untracked 
| 155|0x0000000089b00000, 0x0000000089c00000, 0x0000000089c00000|100%| O|  |TAMS 0x0000000089c00000, 0x0000000089b00000| Untracked 
| 156|0x0000000089c00000, 0x0000000089d00000, 0x0000000089d00000|100%| O|  |TAMS 0x0000000089d00000, 0x0000000089c00000| Untracked 
| 157|0x0000000089d00000, 0x0000000089e00000, 0x0000000089e00000|100%| O|  |TAMS 0x0000000089e00000, 0x0000000089d00000| Untracked 
| 158|0x0000000089e00000, 0x0000000089f00000, 0x0000000089f00000|100%| O|  |TAMS 0x0000000089f00000, 0x0000000089e00000| Untracked 
| 159|0x0000000089f00000, 0x000000008a000000, 0x000000008a000000|100%| O|  |TAMS 0x000000008a000000, 0x0000000089f00000| Untracked 
| 160|0x000000008a000000, 0x000000008a100000, 0x000000008a100000|100%| O|  |TAMS 0x000000008a100000, 0x000000008a000000| Untracked 
| 161|0x000000008a100000, 0x000000008a200000, 0x000000008a200000|100%|HS|  |TAMS 0x000000008a200000, 0x000000008a100000| Complete 
| 162|0x000000008a200000, 0x000000008a300000, 0x000000008a300000|100%|HC|  |TAMS 0x000000008a300000, 0x000000008a200000| Complete 
| 163|0x000000008a300000, 0x000000008a400000, 0x000000008a400000|100%| O|  |TAMS 0x000000008a400000, 0x000000008a300000| Untracked 
| 164|0x000000008a400000, 0x000000008a500000, 0x000000008a500000|100%| O|  |TAMS 0x000000008a500000, 0x000000008a400000| Untracked 
| 165|0x000000008a500000, 0x000000008a600000, 0x000000008a600000|100%| O|  |TAMS 0x000000008a600000, 0x000000008a500000| Untracked 
| 166|0x000000008a600000, 0x000000008a700000, 0x000000008a700000|100%| O|  |TAMS 0x000000008a700000, 0x000000008a600000| Untracked 
| 167|0x000000008a700000, 0x000000008a800000, 0x000000008a800000|100%| O|  |TAMS 0x000000008a800000, 0x000000008a700000| Untracked 
| 168|0x000000008a800000, 0x000000008a900000, 0x000000008a900000|100%| O|  |TAMS 0x000000008a900000, 0x000000008a800000| Untracked 
| 169|0x000000008a900000, 0x000000008aa00000, 0x000000008aa00000|100%| O|  |TAMS 0x000000008aa00000, 0x000000008a900000| Untracked 
| 170|0x000000008aa00000, 0x000000008ab00000, 0x000000008ab00000|100%| O|  |TAMS 0x000000008ab00000, 0x000000008aa00000| Untracked 
| 171|0x000000008ab00000, 0x000000008ac00000, 0x000000008ac00000|100%| O|  |TAMS 0x000000008ac00000, 0x000000008ab00000| Untracked 
| 172|0x000000008ac00000, 0x000000008ad00000, 0x000000008ad00000|100%| O|  |TAMS 0x000000008ad00000, 0x000000008ac00000| Untracked 
| 173|0x000000008ad00000, 0x000000008ae00000, 0x000000008ae00000|100%| O|  |TAMS 0x000000008ae00000, 0x000000008ad00000| Untracked 
| 174|0x000000008ae00000, 0x000000008af00000, 0x000000008af00000|100%| O|  |TAMS 0x000000008af00000, 0x000000008ae00000| Untracked 
| 175|0x000000008af00000, 0x000000008afb3600, 0x000000008b000000| 70%| O|  |TAMS 0x000000008afb3600, 0x000000008af00000| Untracked 
| 176|0x000000008b000000, 0x000000008b000000, 0x000000008b100000|  0%| F|  |TAMS 0x000000008b000000, 0x000000008b000000| Untracked 
| 177|0x000000008b100000, 0x000000008b100000, 0x000000008b200000|  0%| F|  |TAMS 0x000000008b100000, 0x000000008b100000| Untracked 
| 178|0x000000008b200000, 0x000000008b200000, 0x000000008b300000|  0%| F|  |TAMS 0x000000008b200000, 0x000000008b200000| Untracked 
| 179|0x000000008b300000, 0x000000008b300000, 0x000000008b400000|  0%| F|  |TAMS 0x000000008b300000, 0x000000008b300000| Untracked 
| 180|0x000000008b400000, 0x000000008b400000, 0x000000008b500000|  0%| F|  |TAMS 0x000000008b400000, 0x000000008b400000| Untracked 
| 181|0x000000008b500000, 0x000000008b500000, 0x000000008b600000|  0%| F|  |TAMS 0x000000008b500000, 0x000000008b500000| Untracked 
| 182|0x000000008b600000, 0x000000008b600000, 0x000000008b700000|  0%| F|  |TAMS 0x000000008b600000, 0x000000008b600000| Untracked 
| 183|0x000000008b700000, 0x000000008b700000, 0x000000008b800000|  0%| F|  |TAMS 0x000000008b700000, 0x000000008b700000| Untracked 
| 184|0x000000008b800000, 0x000000008b800000, 0x000000008b900000|  0%| F|  |TAMS 0x000000008b800000, 0x000000008b800000| Untracked 
| 185|0x000000008b900000, 0x000000008b900000, 0x000000008ba00000|  0%| F|  |TAMS 0x000000008b900000, 0x000000008b900000| Untracked 
| 186|0x000000008ba00000, 0x000000008ba00000, 0x000000008bb00000|  0%| F|  |TAMS 0x000000008ba00000, 0x000000008ba00000| Untracked 
| 187|0x000000008bb00000, 0x000000008bb00000, 0x000000008bc00000|  0%| F|  |TAMS 0x000000008bb00000, 0x000000008bb00000| Untracked 
| 188|0x000000008bc00000, 0x000000008bc00000, 0x000000008bd00000|  0%| F|  |TAMS 0x000000008bc00000, 0x000000008bc00000| Untracked 
| 189|0x000000008bd00000, 0x000000008bd00000, 0x000000008be00000|  0%| F|  |TAMS 0x000000008bd00000, 0x000000008bd00000| Untracked 
| 190|0x000000008be00000, 0x000000008be00000, 0x000000008bf00000|  0%| F|  |TAMS 0x000000008be00000, 0x000000008be00000| Untracked 
| 191|0x000000008bf00000, 0x000000008bf00000, 0x000000008c000000|  0%| F|  |TAMS 0x000000008bf00000, 0x000000008bf00000| Untracked 
| 192|0x000000008c000000, 0x000000008c000000, 0x000000008c100000|  0%| F|  |TAMS 0x000000008c000000, 0x000000008c000000| Untracked 
| 193|0x000000008c100000, 0x000000008c100000, 0x000000008c200000|  0%| F|  |TAMS 0x000000008c100000, 0x000000008c100000| Untracked 
| 194|0x000000008c200000, 0x000000008c200000, 0x000000008c300000|  0%| F|  |TAMS 0x000000008c200000, 0x000000008c200000| Untracked 
| 195|0x000000008c300000, 0x000000008c300000, 0x000000008c400000|  0%| F|  |TAMS 0x000000008c300000, 0x000000008c300000| Untracked 
| 196|0x000000008c400000, 0x000000008c400000, 0x000000008c500000|  0%| F|  |TAMS 0x000000008c400000, 0x000000008c400000| Untracked 
| 197|0x000000008c500000, 0x000000008c500000, 0x000000008c600000|  0%| F|  |TAMS 0x000000008c500000, 0x000000008c500000| Untracked 
| 198|0x000000008c600000, 0x000000008c600000, 0x000000008c700000|  0%| F|  |TAMS 0x000000008c600000, 0x000000008c600000| Untracked 
| 199|0x000000008c700000, 0x000000008c700000, 0x000000008c800000|  0%| F|  |TAMS 0x000000008c700000, 0x000000008c700000| Untracked 
| 200|0x000000008c800000, 0x000000008c800000, 0x000000008c900000|  0%| F|  |TAMS 0x000000008c800000, 0x000000008c800000| Untracked 
| 201|0x000000008c900000, 0x000000008c900000, 0x000000008ca00000|  0%| F|  |TAMS 0x000000008c900000, 0x000000008c900000| Untracked 
| 202|0x000000008ca00000, 0x000000008ca00000, 0x000000008cb00000|  0%| F|  |TAMS 0x000000008ca00000, 0x000000008ca00000| Untracked 
| 203|0x000000008cb00000, 0x000000008cb00000, 0x000000008cc00000|  0%| F|  |TAMS 0x000000008cb00000, 0x000000008cb00000| Untracked 
| 204|0x000000008cc00000, 0x000000008cc00000, 0x000000008cd00000|  0%| F|  |TAMS 0x000000008cc00000, 0x000000008cc00000| Untracked 
| 205|0x000000008cd00000, 0x000000008cd00000, 0x000000008ce00000|  0%| F|  |TAMS 0x000000008cd00000, 0x000000008cd00000| Untracked 
| 206|0x000000008ce00000, 0x000000008ce00000, 0x000000008cf00000|  0%| F|  |TAMS 0x000000008ce00000, 0x000000008ce00000| Untracked 
| 207|0x000000008cf00000, 0x000000008cf00000, 0x000000008d000000|  0%| F|  |TAMS 0x000000008cf00000, 0x000000008cf00000| Untracked 
| 208|0x000000008d000000, 0x000000008d000000, 0x000000008d100000|  0%| F|  |TAMS 0x000000008d000000, 0x000000008d000000| Untracked 
| 209|0x000000008d100000, 0x000000008d100000, 0x000000008d200000|  0%| F|  |TAMS 0x000000008d100000, 0x000000008d100000| Untracked 
| 210|0x000000008d200000, 0x000000008d200000, 0x000000008d300000|  0%| F|  |TAMS 0x000000008d200000, 0x000000008d200000| Untracked 
| 211|0x000000008d300000, 0x000000008d300000, 0x000000008d400000|  0%| F|  |TAMS 0x000000008d300000, 0x000000008d300000| Untracked 
| 212|0x000000008d400000, 0x000000008d400000, 0x000000008d500000|  0%| F|  |TAMS 0x000000008d400000, 0x000000008d400000| Untracked 
| 213|0x000000008d500000, 0x000000008d500000, 0x000000008d600000|  0%| F|  |TAMS 0x000000008d500000, 0x000000008d500000| Untracked 
| 214|0x000000008d600000, 0x000000008d600000, 0x000000008d700000|  0%| F|  |TAMS 0x000000008d600000, 0x000000008d600000| Untracked 
| 215|0x000000008d700000, 0x000000008d700000, 0x000000008d800000|  0%| F|  |TAMS 0x000000008d700000, 0x000000008d700000| Untracked 
| 216|0x000000008d800000, 0x000000008d800000, 0x000000008d900000|  0%| F|  |TAMS 0x000000008d800000, 0x000000008d800000| Untracked 
| 217|0x000000008d900000, 0x000000008d900000, 0x000000008da00000|  0%| F|  |TAMS 0x000000008d900000, 0x000000008d900000| Untracked 
| 218|0x000000008da00000, 0x000000008da00000, 0x000000008db00000|  0%| F|  |TAMS 0x000000008da00000, 0x000000008da00000| Untracked 
| 219|0x000000008db00000, 0x000000008db00000, 0x000000008dc00000|  0%| F|  |TAMS 0x000000008db00000, 0x000000008db00000| Untracked 
| 220|0x000000008dc00000, 0x000000008dc00000, 0x000000008dd00000|  0%| F|  |TAMS 0x000000008dc00000, 0x000000008dc00000| Untracked 
| 221|0x000000008dd00000, 0x000000008de00000, 0x000000008de00000|100%| S|CS|TAMS 0x000000008dd00000, 0x000000008dd00000| Complete 
| 222|0x000000008de00000, 0x000000008df00000, 0x000000008df00000|100%| S|CS|TAMS 0x000000008de00000, 0x000000008de00000| Complete 
| 223|0x000000008df00000, 0x000000008e000000, 0x000000008e000000|100%| S|CS|TAMS 0x000000008df00000, 0x000000008df00000| Complete 
| 224|0x000000008e000000, 0x000000008e100000, 0x000000008e100000|100%| S|CS|TAMS 0x000000008e000000, 0x000000008e000000| Complete 
| 225|0x000000008e100000, 0x000000008e200000, 0x000000008e200000|100%| S|CS|TAMS 0x000000008e100000, 0x000000008e100000| Complete 
| 226|0x000000008e200000, 0x000000008e300000, 0x000000008e300000|100%| S|CS|TAMS 0x000000008e200000, 0x000000008e200000| Complete 
| 227|0x000000008e300000, 0x000000008e400000, 0x000000008e400000|100%| S|CS|TAMS 0x000000008e300000, 0x000000008e300000| Complete 
| 228|0x000000008e400000, 0x000000008e400000, 0x000000008e500000|  0%| F|  |TAMS 0x000000008e400000, 0x000000008e400000| Untracked 
| 229|0x000000008e500000, 0x000000008e500000, 0x000000008e600000|  0%| F|  |TAMS 0x000000008e500000, 0x000000008e500000| Untracked 
| 230|0x000000008e600000, 0x000000008e600000, 0x000000008e700000|  0%| F|  |TAMS 0x000000008e600000, 0x000000008e600000| Untracked 
| 231|0x000000008e700000, 0x000000008e700000, 0x000000008e800000|  0%| F|  |TAMS 0x000000008e700000, 0x000000008e700000| Untracked 
| 232|0x000000008e800000, 0x000000008e800000, 0x000000008e900000|  0%| F|  |TAMS 0x000000008e800000, 0x000000008e800000| Untracked 
| 233|0x000000008e900000, 0x000000008e900000, 0x000000008ea00000|  0%| F|  |TAMS 0x000000008e900000, 0x000000008e900000| Untracked 
| 234|0x000000008ea00000, 0x000000008ea00000, 0x000000008eb00000|  0%| F|  |TAMS 0x000000008ea00000, 0x000000008ea00000| Untracked 
| 235|0x000000008eb00000, 0x000000008eb00000, 0x000000008ec00000|  0%| F|  |TAMS 0x000000008eb00000, 0x000000008eb00000| Untracked 
| 236|0x000000008ec00000, 0x000000008ec00000, 0x000000008ed00000|  0%| F|  |TAMS 0x000000008ec00000, 0x000000008ec00000| Untracked 
| 237|0x000000008ed00000, 0x000000008ed00000, 0x000000008ee00000|  0%| F|  |TAMS 0x000000008ed00000, 0x000000008ed00000| Untracked 
| 238|0x000000008ee00000, 0x000000008ee00000, 0x000000008ef00000|  0%| F|  |TAMS 0x000000008ee00000, 0x000000008ee00000| Untracked 
| 239|0x000000008ef00000, 0x000000008ef00000, 0x000000008f000000|  0%| F|  |TAMS 0x000000008ef00000, 0x000000008ef00000| Untracked 
| 240|0x000000008f000000, 0x000000008f000000, 0x000000008f100000|  0%| F|  |TAMS 0x000000008f000000, 0x000000008f000000| Untracked 
| 241|0x000000008f100000, 0x000000008f100000, 0x000000008f200000|  0%| F|  |TAMS 0x000000008f100000, 0x000000008f100000| Untracked 
| 242|0x000000008f200000, 0x000000008f200000, 0x000000008f300000|  0%| F|  |TAMS 0x000000008f200000, 0x000000008f200000| Untracked 
| 243|0x000000008f300000, 0x000000008f300000, 0x000000008f400000|  0%| F|  |TAMS 0x000000008f300000, 0x000000008f300000| Untracked 
| 244|0x000000008f400000, 0x000000008f400000, 0x000000008f500000|  0%| F|  |TAMS 0x000000008f400000, 0x000000008f400000| Untracked 
| 245|0x000000008f500000, 0x000000008f500000, 0x000000008f600000|  0%| F|  |TAMS 0x000000008f500000, 0x000000008f500000| Untracked 
| 246|0x000000008f600000, 0x000000008f600000, 0x000000008f700000|  0%| F|  |TAMS 0x000000008f600000, 0x000000008f600000| Untracked 
| 247|0x000000008f700000, 0x000000008f700000, 0x000000008f800000|  0%| F|  |TAMS 0x000000008f700000, 0x000000008f700000| Untracked 
| 248|0x000000008f800000, 0x000000008f800000, 0x000000008f900000|  0%| F|  |TAMS 0x000000008f800000, 0x000000008f800000| Untracked 
| 249|0x000000008f900000, 0x000000008f900000, 0x000000008fa00000|  0%| F|  |TAMS 0x000000008f900000, 0x000000008f900000| Untracked 
| 250|0x000000008fa00000, 0x000000008fa00000, 0x000000008fb00000|  0%| F|  |TAMS 0x000000008fa00000, 0x000000008fa00000| Untracked 
| 251|0x000000008fb00000, 0x000000008fb00000, 0x000000008fc00000|  0%| F|  |TAMS 0x000000008fb00000, 0x000000008fb00000| Untracked 
| 252|0x000000008fc00000, 0x000000008fc00000, 0x000000008fd00000|  0%| F|  |TAMS 0x000000008fc00000, 0x000000008fc00000| Untracked 
| 253|0x000000008fd00000, 0x000000008fd00000, 0x000000008fe00000|  0%| F|  |TAMS 0x000000008fd00000, 0x000000008fd00000| Untracked 
| 254|0x000000008fe00000, 0x000000008fe00000, 0x000000008ff00000|  0%| F|  |TAMS 0x000000008fe00000, 0x000000008fe00000| Untracked 
| 255|0x000000008ff00000, 0x000000008ff00000, 0x0000000090000000|  0%| F|  |TAMS 0x000000008ff00000, 0x000000008ff00000| Untracked 
| 256|0x0000000090000000, 0x0000000090000000, 0x0000000090100000|  0%| F|  |TAMS 0x0000000090000000, 0x0000000090000000| Untracked 
| 257|0x0000000090100000, 0x0000000090100000, 0x0000000090200000|  0%| F|  |TAMS 0x0000000090100000, 0x0000000090100000| Untracked 
| 258|0x0000000090200000, 0x0000000090200000, 0x0000000090300000|  0%| F|  |TAMS 0x0000000090200000, 0x0000000090200000| Untracked 
| 259|0x0000000090300000, 0x0000000090300000, 0x0000000090400000|  0%| F|  |TAMS 0x0000000090300000, 0x0000000090300000| Untracked 
| 260|0x0000000090400000, 0x0000000090400000, 0x0000000090500000|  0%| F|  |TAMS 0x0000000090400000, 0x0000000090400000| Untracked 
| 261|0x0000000090500000, 0x0000000090500000, 0x0000000090600000|  0%| F|  |TAMS 0x0000000090500000, 0x0000000090500000| Untracked 
| 262|0x0000000090600000, 0x0000000090600000, 0x0000000090700000|  0%| F|  |TAMS 0x0000000090600000, 0x0000000090600000| Untracked 
| 263|0x0000000090700000, 0x0000000090700000, 0x0000000090800000|  0%| F|  |TAMS 0x0000000090700000, 0x0000000090700000| Untracked 
| 264|0x0000000090800000, 0x0000000090800000, 0x0000000090900000|  0%| F|  |TAMS 0x0000000090800000, 0x0000000090800000| Untracked 
| 265|0x0000000090900000, 0x0000000090900000, 0x0000000090a00000|  0%| F|  |TAMS 0x0000000090900000, 0x0000000090900000| Untracked 
| 266|0x0000000090a00000, 0x0000000090a00000, 0x0000000090b00000|  0%| F|  |TAMS 0x0000000090a00000, 0x0000000090a00000| Untracked 
| 267|0x0000000090b00000, 0x0000000090b00000, 0x0000000090c00000|  0%| F|  |TAMS 0x0000000090b00000, 0x0000000090b00000| Untracked 
| 268|0x0000000090c00000, 0x0000000090c00000, 0x0000000090d00000|  0%| F|  |TAMS 0x0000000090c00000, 0x0000000090c00000| Untracked 
| 269|0x0000000090d00000, 0x0000000090d00000, 0x0000000090e00000|  0%| F|  |TAMS 0x0000000090d00000, 0x0000000090d00000| Untracked 
| 270|0x0000000090e00000, 0x0000000090e00000, 0x0000000090f00000|  0%| F|  |TAMS 0x0000000090e00000, 0x0000000090e00000| Untracked 
| 271|0x0000000090f00000, 0x0000000090f00000, 0x0000000091000000|  0%| F|  |TAMS 0x0000000090f00000, 0x0000000090f00000| Untracked 
| 272|0x0000000091000000, 0x0000000091000000, 0x0000000091100000|  0%| F|  |TAMS 0x0000000091000000, 0x0000000091000000| Untracked 
| 273|0x0000000091100000, 0x0000000091100000, 0x0000000091200000|  0%| F|  |TAMS 0x0000000091100000, 0x0000000091100000| Untracked 
| 274|0x0000000091200000, 0x0000000091200000, 0x0000000091300000|  0%| F|  |TAMS 0x0000000091200000, 0x0000000091200000| Untracked 
| 275|0x0000000091300000, 0x0000000091300000, 0x0000000091400000|  0%| F|  |TAMS 0x0000000091300000, 0x0000000091300000| Untracked 
| 276|0x0000000091400000, 0x0000000091400000, 0x0000000091500000|  0%| F|  |TAMS 0x0000000091400000, 0x0000000091400000| Untracked 
| 277|0x0000000091500000, 0x0000000091500000, 0x0000000091600000|  0%| F|  |TAMS 0x0000000091500000, 0x0000000091500000| Untracked 
| 278|0x0000000091600000, 0x0000000091600000, 0x0000000091700000|  0%| F|  |TAMS 0x0000000091600000, 0x0000000091600000| Untracked 
| 279|0x0000000091700000, 0x0000000091700000, 0x0000000091800000|  0%| F|  |TAMS 0x0000000091700000, 0x0000000091700000| Untracked 
| 280|0x0000000091800000, 0x0000000091800000, 0x0000000091900000|  0%| F|  |TAMS 0x0000000091800000, 0x0000000091800000| Untracked 
| 281|0x0000000091900000, 0x0000000091900000, 0x0000000091a00000|  0%| F|  |TAMS 0x0000000091900000, 0x0000000091900000| Untracked 
| 282|0x0000000091a00000, 0x0000000091a00000, 0x0000000091b00000|  0%| F|  |TAMS 0x0000000091a00000, 0x0000000091a00000| Untracked 
| 283|0x0000000091b00000, 0x0000000091b00000, 0x0000000091c00000|  0%| F|  |TAMS 0x0000000091b00000, 0x0000000091b00000| Untracked 
| 284|0x0000000091c00000, 0x0000000091c00000, 0x0000000091d00000|  0%| F|  |TAMS 0x0000000091c00000, 0x0000000091c00000| Untracked 
| 285|0x0000000091d00000, 0x0000000091d00000, 0x0000000091e00000|  0%| F|  |TAMS 0x0000000091d00000, 0x0000000091d00000| Untracked 
| 286|0x0000000091e00000, 0x0000000091e00000, 0x0000000091f00000|  0%| F|  |TAMS 0x0000000091e00000, 0x0000000091e00000| Untracked 
| 287|0x0000000091f00000, 0x0000000091f00000, 0x0000000092000000|  0%| F|  |TAMS 0x0000000091f00000, 0x0000000091f00000| Untracked 
| 288|0x0000000092000000, 0x0000000092000000, 0x0000000092100000|  0%| F|  |TAMS 0x0000000092000000, 0x0000000092000000| Untracked 
| 289|0x0000000092100000, 0x0000000092100000, 0x0000000092200000|  0%| F|  |TAMS 0x0000000092100000, 0x0000000092100000| Untracked 
| 290|0x0000000092200000, 0x000000009225fa20, 0x0000000092300000| 37%| E|  |TAMS 0x0000000092200000, 0x0000000092200000| Complete 
| 291|0x0000000092300000, 0x0000000092400000, 0x0000000092400000|100%| E|CS|TAMS 0x0000000092300000, 0x0000000092300000| Complete 
| 292|0x0000000092400000, 0x0000000092500000, 0x0000000092500000|100%| E|CS|TAMS 0x0000000092400000, 0x0000000092400000| Complete 
| 293|0x0000000092500000, 0x0000000092600000, 0x0000000092600000|100%| E|CS|TAMS 0x0000000092500000, 0x0000000092500000| Complete 
| 294|0x0000000092600000, 0x0000000092700000, 0x0000000092700000|100%| E|CS|TAMS 0x0000000092600000, 0x0000000092600000| Complete 
| 295|0x0000000092700000, 0x0000000092800000, 0x0000000092800000|100%| E|CS|TAMS 0x0000000092700000, 0x0000000092700000| Complete 
| 296|0x0000000092800000, 0x0000000092900000, 0x0000000092900000|100%| E|CS|TAMS 0x0000000092800000, 0x0000000092800000| Complete 
| 297|0x0000000092900000, 0x0000000092a00000, 0x0000000092a00000|100%| E|CS|TAMS 0x0000000092900000, 0x0000000092900000| Complete 
| 298|0x0000000092a00000, 0x0000000092b00000, 0x0000000092b00000|100%| E|CS|TAMS 0x0000000092a00000, 0x0000000092a00000| Complete 
| 299|0x0000000092b00000, 0x0000000092c00000, 0x0000000092c00000|100%| E|CS|TAMS 0x0000000092b00000, 0x0000000092b00000| Complete 
| 300|0x0000000092c00000, 0x0000000092d00000, 0x0000000092d00000|100%| E|CS|TAMS 0x0000000092c00000, 0x0000000092c00000| Complete 
| 301|0x0000000092d00000, 0x0000000092e00000, 0x0000000092e00000|100%| E|CS|TAMS 0x0000000092d00000, 0x0000000092d00000| Complete 
| 302|0x0000000092e00000, 0x0000000092f00000, 0x0000000092f00000|100%| E|CS|TAMS 0x0000000092e00000, 0x0000000092e00000| Complete 
| 303|0x0000000092f00000, 0x0000000093000000, 0x0000000093000000|100%| E|  |TAMS 0x0000000092f00000, 0x0000000092f00000| Complete 
| 304|0x0000000093000000, 0x0000000093100000, 0x0000000093100000|100%| E|CS|TAMS 0x0000000093000000, 0x0000000093000000| Complete 
| 305|0x0000000093100000, 0x0000000093200000, 0x0000000093200000|100%| E|CS|TAMS 0x0000000093100000, 0x0000000093100000| Complete 
| 306|0x0000000093200000, 0x0000000093300000, 0x0000000093300000|100%| E|CS|TAMS 0x0000000093200000, 0x0000000093200000| Complete 
| 307|0x0000000093300000, 0x0000000093400000, 0x0000000093400000|100%| E|CS|TAMS 0x0000000093300000, 0x0000000093300000| Complete 
| 308|0x0000000093400000, 0x0000000093500000, 0x0000000093500000|100%| E|CS|TAMS 0x0000000093400000, 0x0000000093400000| Complete 
| 309|0x0000000093500000, 0x0000000093600000, 0x0000000093600000|100%| E|CS|TAMS 0x0000000093500000, 0x0000000093500000| Complete 
| 310|0x0000000093600000, 0x0000000093700000, 0x0000000093700000|100%| E|CS|TAMS 0x0000000093600000, 0x0000000093600000| Complete 
| 311|0x0000000093700000, 0x0000000093800000, 0x0000000093800000|100%| E|CS|TAMS 0x0000000093700000, 0x0000000093700000| Complete 
| 312|0x0000000093800000, 0x0000000093900000, 0x0000000093900000|100%| E|CS|TAMS 0x0000000093800000, 0x0000000093800000| Complete 
| 313|0x0000000093900000, 0x0000000093a00000, 0x0000000093a00000|100%| E|CS|TAMS 0x0000000093900000, 0x0000000093900000| Complete 
| 314|0x0000000093a00000, 0x0000000093b00000, 0x0000000093b00000|100%| E|CS|TAMS 0x0000000093a00000, 0x0000000093a00000| Complete 
| 315|0x0000000093b00000, 0x0000000093c00000, 0x0000000093c00000|100%| E|CS|TAMS 0x0000000093b00000, 0x0000000093b00000| Complete 
| 316|0x0000000093c00000, 0x0000000093d00000, 0x0000000093d00000|100%| E|CS|TAMS 0x0000000093c00000, 0x0000000093c00000| Complete 
| 317|0x0000000093d00000, 0x0000000093e00000, 0x0000000093e00000|100%| E|CS|TAMS 0x0000000093d00000, 0x0000000093d00000| Complete 
| 318|0x0000000093e00000, 0x0000000093f00000, 0x0000000093f00000|100%| E|CS|TAMS 0x0000000093e00000, 0x0000000093e00000| Complete 
| 319|0x0000000093f00000, 0x0000000094000000, 0x0000000094000000|100%| E|CS|TAMS 0x0000000093f00000, 0x0000000093f00000| Complete 
| 320|0x0000000094000000, 0x0000000094100000, 0x0000000094100000|100%| E|CS|TAMS 0x0000000094000000, 0x0000000094000000| Complete 
| 321|0x0000000094100000, 0x0000000094200000, 0x0000000094200000|100%| E|CS|TAMS 0x0000000094100000, 0x0000000094100000| Complete 
| 322|0x0000000094200000, 0x0000000094300000, 0x0000000094300000|100%| E|CS|TAMS 0x0000000094200000, 0x0000000094200000| Complete 
| 323|0x0000000094300000, 0x0000000094400000, 0x0000000094400000|100%| E|CS|TAMS 0x0000000094300000, 0x0000000094300000| Complete 
| 324|0x0000000094400000, 0x0000000094500000, 0x0000000094500000|100%| E|CS|TAMS 0x0000000094400000, 0x0000000094400000| Complete 
| 325|0x0000000094500000, 0x0000000094600000, 0x0000000094600000|100%| E|CS|TAMS 0x0000000094500000, 0x0000000094500000| Complete 
| 326|0x0000000094600000, 0x0000000094700000, 0x0000000094700000|100%| E|CS|TAMS 0x0000000094600000, 0x0000000094600000| Complete 
| 327|0x0000000094700000, 0x0000000094800000, 0x0000000094800000|100%| E|CS|TAMS 0x0000000094700000, 0x0000000094700000| Complete 
| 328|0x0000000094800000, 0x0000000094900000, 0x0000000094900000|100%| E|CS|TAMS 0x0000000094800000, 0x0000000094800000| Complete 
| 329|0x0000000094900000, 0x0000000094a00000, 0x0000000094a00000|100%| E|CS|TAMS 0x0000000094900000, 0x0000000094900000| Complete 
| 330|0x0000000094a00000, 0x0000000094b00000, 0x0000000094b00000|100%| E|CS|TAMS 0x0000000094a00000, 0x0000000094a00000| Complete 
| 331|0x0000000094b00000, 0x0000000094c00000, 0x0000000094c00000|100%| E|CS|TAMS 0x0000000094b00000, 0x0000000094b00000| Complete 

Card table byte_map: [0x000001fcf7210000,0x000001fcf7610000] _byte_map_base: 0x000001fcf6e10000

Marking Bits (Prev, Next): (CMBitMap*) 0x000001fcf332d2c0, (CMBitMap*) 0x000001fcf332d288
 Prev Bits: [0x000001fcf9a10000, 0x000001fcfba10000)
 Next Bits: [0x000001fcf7a10000, 0x000001fcf9a10000)

Polling page: 0x000001fcf2ad0000

Metaspace:

Usage:
  Non-class:    111.37 MB capacity,   108.87 MB ( 98%) used,     2.08 MB (  2%) free+waste,   420.63 KB ( <1%) overhead. 
      Class:     17.70 MB capacity,    16.18 MB ( 91%) used,     1.34 MB (  8%) free+waste,   190.88 KB (  1%) overhead. 
       Both:    129.07 MB capacity,   125.05 MB ( 97%) used,     3.42 MB (  3%) free+waste,   611.50 KB ( <1%) overhead. 

Virtual space:
  Non-class space:      112.00 MB reserved,     111.58 MB (>99%) committed 
      Class space:      504.00 MB reserved,      17.75 MB (  4%) committed 
             Both:      616.00 MB reserved,     129.33 MB ( 21%) committed 

Chunk freelists:
   Non-Class:  24.00 KB
       Class:  0 bytes
        Both:  24.00 KB

MaxMetaspaceSize: 512.00 MB
CompressedClassSpaceSize: 504.00 MB
Initial GC threshold: 20.80 MB
Current GC threshold: 210.55 MB
CDS: off

CodeHeap 'non-profiled nmethods': size=120064Kb used=8420Kb max_used=8420Kb free=111643Kb
 bounds [0x000001fc87ac0000, 0x000001fc88300000, 0x000001fc8f000000]
CodeHeap 'profiled nmethods': size=120000Kb used=36354Kb max_used=36354Kb free=83645Kb
 bounds [0x000001fc80590000, 0x000001fc82920000, 0x000001fc87ac0000]
CodeHeap 'non-nmethods': size=5696Kb used=2435Kb max_used=2477Kb free=3260Kb
 bounds [0x000001fc80000000, 0x000001fc80270000, 0x000001fc80590000]
 total_blobs=18077 nmethods=17109 adapters=879
 compilation: enabled
              stopped_count=0, restarted_count=0
 full_count=0

Compilation events (20 events):
Event: 74.129 Thread 0x000001fcfe870800 17442       2       com.android.tools.r8.internal.j7::h (5 bytes)
Event: 74.129 Thread 0x000001fcfe870800 nmethod 17442 0x000001fc828ffc90 code [0x000001fc828ffe40, 0x000001fc828fff78]
Event: 74.129 Thread 0x000001fcfe870800 17446       2       com.android.tools.r8.internal.r7::b (42 bytes)
Event: 74.130 Thread 0x000001fcfe870800 nmethod 17446 0x000001fc82900010 code [0x000001fc829001c0, 0x000001fc82900358]
Event: 74.130 Thread 0x000001fcfe870800 17447       2       com.android.tools.r8.internal.O8::a (68 bytes)
Event: 74.131 Thread 0x000001fcfe870800 nmethod 17447 0x000001fc82900410 code [0x000001fc82900620, 0x000001fc82900c28]
Event: 74.131 Thread 0x000001fcfe870800 17448       1       com.android.tools.r8.internal.X7::q (2 bytes)
Event: 74.131 Thread 0x000001fcfe870800 nmethod 17448 0x000001fc882f6990 code [0x000001fc882f6b40, 0x000001fc882f6bf8]
Event: 74.132 Thread 0x000001fcfe870800 17449       2       com.android.tools.r8.internal.F8::c (37 bytes)
Event: 74.132 Thread 0x000001fcfe870800 nmethod 17449 0x000001fc82900e90 code [0x000001fc82901040, 0x000001fc82901208]
Event: 74.133 Thread 0x000001fcfe870800 17450       2       com.android.tools.r8.internal.M8::a (9 bytes)
Event: 74.133 Thread 0x000001fcfe870800 nmethod 17450 0x000001fc82901310 code [0x000001fc829014c0, 0x000001fc829015e8]
Event: 74.136 Thread 0x000001fcfe870800 17452       2       com.android.tools.r8.graph.h0::a (11 bytes)
Event: 74.136 Thread 0x000001fcfe870800 nmethod 17452 0x000001fc82901690 code [0x000001fc82901840, 0x000001fc82901968]
Event: 74.137 Thread 0x000001fcfe870800 17453       2       com.android.tools.r8.internal.I5::a (2 bytes)
Event: 74.137 Thread 0x000001fcfe870800 nmethod 17453 0x000001fc82901a10 code [0x000001fc82901bc0, 0x000001fc82901cb8]
Event: 74.137 Thread 0x000001fcfe870800 17454       2       com.android.tools.r8.internal.sp::<init> (38 bytes)
Event: 74.137 Thread 0x000001fcfe870800 nmethod 17454 0x000001fc82901d90 code [0x000001fc82901fa0, 0x000001fc82902338]
Event: 74.137 Thread 0x000001fcfe870800 17455       2       com.android.tools.r8.internal.fi::n (4 bytes)
Event: 74.137 Thread 0x000001fcfe870800 nmethod 17455 0x000001fc82902490 code [0x000001fc82902640, 0x000001fc82902718]

GC Heap History (20 events):
Event: 63.236 GC heap before
{Heap before GC invocations=87 (full 0):
 garbage-first heap   total 235520K, used 189570K [0x0000000080000000, 0x0000000100000000)
  region size 1024K, 33 young (33792K), 4 survivors (4096K)
 Metaspace       used 110794K, capacity 114192K, committed 114512K, reserved 616448K
  class space    used 14214K, capacity 15493K, committed 15616K, reserved 516096K
}
Event: 63.251 GC heap after
{Heap after GC invocations=88 (full 0):
 garbage-first heap   total 235520K, used 155165K [0x0000000080000000, 0x0000000100000000)
  region size 1024K, 4 young (4096K), 4 survivors (4096K)
 Metaspace       used 110794K, capacity 114192K, committed 114512K, reserved 616448K
  class space    used 14214K, capacity 15493K, committed 15616K, reserved 516096K
}
Event: 63.683 GC heap before
{Heap before GC invocations=89 (full 0):
 garbage-first heap   total 235520K, used 193053K [0x0000000080000000, 0x0000000100000000)
  region size 1024K, 34 young (34816K), 4 survivors (4096K)
 Metaspace       used 110867K, capacity 114274K, committed 114512K, reserved 616448K
  class space    used 14215K, capacity 15494K, committed 15616K, reserved 516096K
}
Event: 63.698 GC heap after
{Heap after GC invocations=90 (full 0):
 garbage-first heap   total 235520K, used 157788K [0x0000000080000000, 0x0000000100000000)
  region size 1024K, 5 young (5120K), 5 survivors (5120K)
 Metaspace       used 110867K, capacity 114274K, committed 114512K, reserved 616448K
  class space    used 14215K, capacity 15494K, committed 15616K, reserved 516096K
}
Event: 63.873 GC heap before
{Heap before GC invocations=90 (full 0):
 garbage-first heap   total 235520K, used 172124K [0x0000000080000000, 0x0000000100000000)
  region size 1024K, 21 young (21504K), 5 survivors (5120K)
 Metaspace       used 110948K, capacity 114342K, committed 114512K, reserved 616448K
  class space    used 14227K, capacity 15507K, committed 15616K, reserved 516096K
}
Event: 63.885 GC heap after
{Heap after GC invocations=91 (full 0):
 garbage-first heap   total 235520K, used 159166K [0x0000000080000000, 0x0000000100000000)
  region size 1024K, 2 young (2048K), 2 survivors (2048K)
 Metaspace       used 110948K, capacity 114342K, committed 114512K, reserved 616448K
  class space    used 14227K, capacity 15507K, committed 15616K, reserved 516096K
}
Event: 64.600 GC heap before
{Heap before GC invocations=91 (full 0):
 garbage-first heap   total 235520K, used 190910K [0x0000000080000000, 0x0000000100000000)
  region size 1024K, 30 young (30720K), 2 survivors (2048K)
 Metaspace       used 111504K, capacity 114836K, committed 115024K, reserved 616448K
  class space    used 14290K, capacity 15542K, committed 15616K, reserved 516096K
}
Event: 64.611 GC heap after
{Heap after GC invocations=92 (full 0):
 garbage-first heap   total 235520K, used 161454K [0x0000000080000000, 0x0000000100000000)
  region size 1024K, 4 young (4096K), 4 survivors (4096K)
 Metaspace       used 111504K, capacity 114836K, committed 115024K, reserved 616448K
  class space    used 14290K, capacity 15542K, committed 15616K, reserved 516096K
}
Event: 65.292 GC heap before
{Heap before GC invocations=93 (full 0):
 garbage-first heap   total 235520K, used 189102K [0x0000000080000000, 0x0000000100000000)
  region size 1024K, 32 young (32768K), 4 survivors (4096K)
 Metaspace       used 113091K, capacity 116508K, committed 116816K, reserved 618496K
  class space    used 14505K, capacity 15776K, committed 15872K, reserved 516096K
}
Event: 65.306 GC heap after
{Heap after GC invocations=94 (full 0):
 garbage-first heap   total 282624K, used 163726K [0x0000000080000000, 0x0000000100000000)
  region size 1024K, 3 young (3072K), 3 survivors (3072K)
 Metaspace       used 113091K, capacity 116508K, committed 116816K, reserved 618496K
  class space    used 14505K, capacity 15776K, committed 15872K, reserved 516096K
}
Event: 66.709 GC heap before
{Heap before GC invocations=94 (full 0):
 garbage-first heap   total 282624K, used 208782K [0x0000000080000000, 0x0000000100000000)
  region size 1024K, 48 young (49152K), 3 survivors (3072K)
 Metaspace       used 114674K, capacity 118164K, committed 118352K, reserved 618496K
  class space    used 14721K, capacity 16033K, committed 16128K, reserved 516096K
}
Event: 66.727 GC heap after
{Heap after GC invocations=95 (full 0):
 garbage-first heap   total 282624K, used 166691K [0x0000000080000000, 0x0000000100000000)
  region size 1024K, 6 young (6144K), 6 survivors (6144K)
 Metaspace       used 114674K, capacity 118164K, committed 118352K, reserved 618496K
  class space    used 14721K, capacity 16033K, committed 16128K, reserved 516096K
}
Event: 67.902 GC heap before
{Heap before GC invocations=96 (full 0):
 garbage-first heap   total 282624K, used 221987K [0x0000000080000000, 0x0000000100000000)
  region size 1024K, 53 young (54272K), 6 survivors (6144K)
 Metaspace       used 114767K, capacity 118243K, committed 118352K, reserved 618496K
  class space    used 14738K, capacity 16035K, committed 16128K, reserved 516096K
}
Event: 67.923 GC heap after
{Heap after GC invocations=97 (full 0):
 garbage-first heap   total 282624K, used 169505K [0x0000000080000000, 0x0000000100000000)
  region size 1024K, 7 young (7168K), 7 survivors (7168K)
 Metaspace       used 114767K, capacity 118243K, committed 118352K, reserved 618496K
  class space    used 14738K, capacity 16035K, committed 16128K, reserved 516096K
}
Event: 68.467 GC heap before
{Heap before GC invocations=97 (full 0):
 garbage-first heap   total 282624K, used 185889K [0x0000000080000000, 0x0000000100000000)
  region size 1024K, 25 young (25600K), 7 survivors (7168K)
 Metaspace       used 115007K, capacity 118601K, committed 118864K, reserved 620544K
  class space    used 14771K, capacity 16109K, committed 16128K, reserved 516096K
}
Event: 68.481 GC heap after
{Heap after GC invocations=98 (full 0):
 garbage-first heap   total 282624K, used 170703K [0x0000000080000000, 0x0000000100000000)
  region size 1024K, 4 young (4096K), 4 survivors (4096K)
 Metaspace       used 115007K, capacity 118601K, committed 118864K, reserved 620544K
  class space    used 14771K, capacity 16109K, committed 16128K, reserved 516096K
}
Event: 70.489 GC heap before
{Heap before GC invocations=99 (full 0):
 garbage-first heap   total 282624K, used 225999K [0x0000000080000000, 0x0000000100000000)
  region size 1024K, 55 young (56320K), 4 survivors (4096K)
 Metaspace       used 119716K, capacity 123388K, committed 123728K, reserved 624640K
  class space    used 15413K, capacity 16794K, committed 16896K, reserved 516096K
}
Event: 70.511 GC heap after
{Heap after GC invocations=100 (full 0):
 garbage-first heap   total 282624K, used 179200K [0x0000000080000000, 0x0000000100000000)
  region size 1024K, 7 young (7168K), 7 survivors (7168K)
 Metaspace       used 119716K, capacity 123388K, committed 123728K, reserved 624640K
  class space    used 15413K, capacity 16794K, committed 16896K, reserved 516096K
}
Event: 72.121 GC heap before
{Heap before GC invocations=100 (full 0):
 garbage-first heap   total 282624K, used 228352K [0x0000000080000000, 0x0000000100000000)
  region size 1024K, 55 young (56320K), 7 survivors (7168K)
 Metaspace       used 124141K, capacity 127985K, committed 128208K, reserved 628736K
  class space    used 16037K, capacity 17500K, committed 17536K, reserved 516096K
}
Event: 72.171 GC heap after
{Heap after GC invocations=101 (full 0):
 garbage-first heap   total 339968K, used 187085K [0x0000000080000000, 0x0000000100000000)
  region size 1024K, 7 young (7168K), 7 survivors (7168K)
 Metaspace       used 124141K, capacity 127985K, committed 128208K, reserved 628736K
  class space    used 16037K, capacity 17500K, committed 17536K, reserved 516096K
}

Deoptimization events (20 events):
Event: 74.074 Thread 0x000001fc9595a000 Uncommon trap: trap_request=0xffffffde fr.pc=0x000001fc882f14ec relative=0x000000000000018c
Event: 74.075 Thread 0x000001fc9595a000 Uncommon trap: reason=class_check action=maybe_recompile pc=0x000001fc882f14ec method=com.android.tools.r8.internal.E20.a(Lcom/android/tools/r8/internal/o10;)Lcom/android/tools/r8/internal/E20; @ 23 c2
Event: 74.075 Thread 0x000001fc9595a000 DEOPT PACKING pc=0x000001fc882f14ec sp=0x0000002f0baf9700
Event: 74.075 Thread 0x000001fc9595a000 DEOPT UNPACKING pc=0x000001fc8004a1af sp=0x0000002f0baf95e0 mode 2
Event: 74.075 Thread 0x000001fc9595a000 Uncommon trap: trap_request=0xffffffde fr.pc=0x000001fc882f14ec relative=0x000000000000018c
Event: 74.075 Thread 0x000001fc9595a000 Uncommon trap: reason=class_check action=maybe_recompile pc=0x000001fc882f14ec method=com.android.tools.r8.internal.E20.a(Lcom/android/tools/r8/internal/o10;)Lcom/android/tools/r8/internal/E20; @ 23 c2
Event: 74.075 Thread 0x000001fc9595a000 DEOPT PACKING pc=0x000001fc882f14ec sp=0x0000002f0baf99b0
Event: 74.075 Thread 0x000001fc9595a000 DEOPT UNPACKING pc=0x000001fc8004a1af sp=0x0000002f0baf9890 mode 2
Event: 74.075 Thread 0x000001fc9595a000 Uncommon trap: trap_request=0xffffffde fr.pc=0x000001fc882cf1dc relative=0x000000000000009c
Event: 74.075 Thread 0x000001fc9595a000 Uncommon trap: reason=class_check action=maybe_recompile pc=0x000001fc882cf1dc method=com.android.tools.r8.internal.E20.a(Lcom/android/tools/r8/internal/o10;)Lcom/android/tools/r8/internal/E20; @ 23 c2
Event: 74.075 Thread 0x000001fc9595a000 DEOPT PACKING pc=0x000001fc882cf1dc sp=0x0000002f0baf9900
Event: 74.075 Thread 0x000001fc9595a000 DEOPT UNPACKING pc=0x000001fc8004a1af sp=0x0000002f0baf9838 mode 2
Event: 74.075 Thread 0x000001fc9595a000 Uncommon trap: trap_request=0xffffffde fr.pc=0x000001fc882cf538 relative=0x0000000000000078
Event: 74.075 Thread 0x000001fc9595a000 Uncommon trap: reason=class_check action=maybe_recompile pc=0x000001fc882cf538 method=com.android.tools.r8.internal.E20.a(Lcom/android/tools/r8/internal/o10;)Lcom/android/tools/r8/internal/E20; @ 23 c2
Event: 74.075 Thread 0x000001fc9595a000 DEOPT PACKING pc=0x000001fc882cf538 sp=0x0000002f0baf98e0
Event: 74.075 Thread 0x000001fc9595a000 DEOPT UNPACKING pc=0x000001fc8004a1af sp=0x0000002f0baf9880 mode 2
Event: 74.099 Thread 0x000001fc9595a000 Uncommon trap: trap_request=0xffffff4d fr.pc=0x000001fc882f0d9c relative=0x000000000000007c
Event: 74.099 Thread 0x000001fc9595a000 Uncommon trap: reason=unstable_if action=reinterpret pc=0x000001fc882f0d9c method=com.android.tools.r8.internal.E20.b()Z @ 11 c2
Event: 74.099 Thread 0x000001fc9595a000 DEOPT PACKING pc=0x000001fc882f0d9c sp=0x0000002f0baf9860
Event: 74.099 Thread 0x000001fc9595a000 DEOPT UNPACKING pc=0x000001fc8004a1af sp=0x0000002f0baf97f8 mode 2

Classes redefined (0 events):
No events

Internal exceptions (20 events):
Event: 69.463 Thread 0x000001fc9595c800 Exception <a 'java/lang/NoSuchMethodError'{0x000000008f2a6358}: 'java.lang.Object java.lang.invoke.DirectMethodHandle$Holder.newInvokeSpecial(java.lang.Object, int)'> (0x000000008f2a6358) thrown at [./src/hotspot/share/interpreter/linkResolver.cpp, line 773]
Event: 69.463 Thread 0x000001fc9595a000 Exception <a 'java/lang/NoSuchMethodError'{0x000000008f2b58f0}: 'java.lang.Object java.lang.invoke.DirectMethodHandle$Holder.newInvokeSpecial(java.lang.Object, int)'> (0x000000008f2b58f0) thrown at [./src/hotspot/share/interpreter/linkResolver.cpp, line 773]
Event: 69.848 Thread 0x000001fc9595a000 Exception <a 'java/lang/NoSuchMethodError'{0x000000008ec699e8}: 'java.lang.Object java.lang.invoke.DirectMethodHandle$Holder.invokeStaticInit(java.lang.Object, java.lang.Object, java.lang.Object, java.lang.Object, java.lang.Object, java.lang.Object, java.lang.Object, java.lang.Object, java.lang.Object, java.lang.Object, java.lang.Object, java.lang.Object, java.lang.Object, java.lang.Object, java.lang.Object, java.lang.Object, java.lang.Object, java.lang.Object, int, java.lang.Object, java.lang.Object)'> (0
Event: 69.925 Thread 0x000001fc9595c800 Exception <a 'java/lang/IncompatibleClassChangeError'{0x000000008eb94408}: Found class java.lang.Object, but interface was expected> (0x000000008eb94408) thrown at [./src/hotspot/share/interpreter/linkResolver.cpp, line 839]
Event: 69.925 Thread 0x000001fc9595a000 Exception <a 'java/lang/IncompatibleClassChangeError'{0x000000008eb2f198}: Found class java.lang.Object, but interface was expected> (0x000000008eb2f198) thrown at [./src/hotspot/share/interpreter/linkResolver.cpp, line 839]
Event: 70.366 Thread 0x000001fc9595c800 Exception <a 'java/lang/NoSuchMethodError'{0x000000008e0bf2d0}: 'void java.lang.invoke.DirectMethodHandle$Holder.invokeStatic(java.lang.Object, java.lang.Object, java.lang.Object, int)'> (0x000000008e0bf2d0) thrown at [./src/hotspot/share/interpreter/linkResolver.cpp, line 773]
Event: 70.379 Thread 0x000001fc9595c800 Exception <a 'java/lang/IncompatibleClassChangeError'{0x000000008e0e09c0}: Found class java.lang.Object, but interface was expected> (0x000000008e0e09c0) thrown at [./src/hotspot/share/interpreter/linkResolver.cpp, line 839]
Event: 71.072 Thread 0x000001fc9595c800 Exception <a 'java/lang/NoSuchMethodError'{0x000000009099e6b8}: 'java.lang.Object java.lang.invoke.DirectMethodHandle$Holder.invokeStatic(java.lang.Object, int, java.lang.Object, java.lang.Object)'> (0x000000009099e6b8) thrown at [./src/hotspot/share/interpreter/linkResolver.cpp, line 773]
Event: 71.635 Thread 0x000001fc9595c800 Exception <a 'java/lang/IncompatibleClassChangeError'{0x0000000090033950}: Found class java.lang.Object, but interface was expected> (0x0000000090033950) thrown at [./src/hotspot/share/interpreter/linkResolver.cpp, line 839]
Event: 71.636 Thread 0x000001fc9595c800 Exception <a 'java/lang/IncompatibleClassChangeError'{0x0000000090070a90}: Found class java.lang.Object, but interface was expected> (0x0000000090070a90) thrown at [./src/hotspot/share/interpreter/linkResolver.cpp, line 839]
Event: 71.842 Thread 0x000001fc9595c800 Exception <a 'java/lang/NoSuchMethodError'{0x000000008f4052f8}: 'void java.lang.invoke.DirectMethodHandle$Holder.invokeSpecial(java.lang.Object, java.lang.Object, int, java.lang.Object)'> (0x000000008f4052f8) thrown at [./src/hotspot/share/interpreter/linkResolver.cpp, line 773]
Event: 71.915 Thread 0x000001fc9595c800 Exception <a 'java/lang/NoSuchMethodError'{0x000000008f1a10b8}: 'long java.lang.invoke.DirectMethodHandle$Holder.invokeStatic(java.lang.Object, java.lang.Object)'> (0x000000008f1a10b8) thrown at [./src/hotspot/share/interpreter/linkResolver.cpp, line 773]
Event: 72.397 Thread 0x000001fc9595c800 Exception <a 'java/lang/NoSuchMethodError'{0x000000009467d8b8}: 'java.lang.Object java.lang.invoke.DirectMethodHandle$Holder.invokeInterface(java.lang.Object, java.lang.Object, int)'> (0x000000009467d8b8) thrown at [./src/hotspot/share/interpreter/linkResolver.cpp, line 773]
Event: 72.969 Thread 0x000001fc9595c800 Exception <a 'java/lang/NoSuchMethodError'{0x0000000093d4fb30}: 'java.lang.Object java.lang.invoke.Invokers$Holder.linkToTargetMethod(java.lang.Object, int, java.lang.Object, java.lang.Object, java.lang.Object, java.lang.Object)'> (0x0000000093d4fb30) thrown at [./src/hotspot/share/interpreter/linkResolver.cpp, line 773]
Event: 72.976 Thread 0x000001fc9595c800 Exception <a 'java/lang/NoSuchMethodError'{0x0000000093de31d0}: 'void java.lang.invoke.DirectMethodHandle$Holder.invokeStatic(java.lang.Object, java.lang.Object, java.lang.Object, java.lang.Object, java.lang.Object, java.lang.Object, java.lang.Object, java.lang.Object)'> (0x0000000093de31d0) thrown at [./src/hotspot/share/interpreter/linkResolver.cpp, line 773]
Event: 73.263 Thread 0x000001fc9595c800 Exception <a 'java/lang/IncompatibleClassChangeError'{0x000000009313b480}: Found class java.lang.Object, but interface was expected> (0x000000009313b480) thrown at [./src/hotspot/share/interpreter/linkResolver.cpp, line 839]
Event: 73.439 Thread 0x000001fc9595c800 Exception <a 'java/lang/NoSuchMethodError'{0x0000000092d30e08}: 'void java.lang.invoke.DirectMethodHandle$Holder.invokeSpecial(java.lang.Object, java.lang.Object, int)'> (0x0000000092d30e08) thrown at [./src/hotspot/share/interpreter/linkResolver.cpp, line 773]
Event: 73.516 Thread 0x000001fc9595c800 Exception <a 'sun/nio/fs/WindowsException'{0x0000000092c36c90}> (0x0000000092c36c90) thrown at [./src/hotspot/share/prims/jni.cpp, line 616]
Event: 73.569 Thread 0x000001fc9595c800 Exception <a 'java/lang/NoSuchMethodError'{0x0000000092b49050}: 'java.lang.Object java.lang.invoke.DirectMethodHandle$Holder.newInvokeSpecial(java.lang.Object, java.lang.Object, java.lang.Object, java.lang.Object)'> (0x0000000092b49050) thrown at [./src/hotspot/share/interpreter/linkResolver.cpp, line 773]
Event: 73.814 Thread 0x000001fc9595c800 Exception <a 'java/lang/NoSuchMethodError'{0x0000000092813728}: <clinit>> (0x0000000092813728) thrown at [./src/hotspot/share/prims/jni.cpp, line 1366]

Events (20 events):
Event: 74.056 loading class com/android/tools/r8/code/A0 done
Event: 74.057 loading class com/android/tools/r8/code/C0
Event: 74.057 loading class com/android/tools/r8/code/C0 done
Event: 74.058 loading class com/android/tools/r8/code/e2
Event: 74.058 loading class com/android/tools/r8/code/e2 done
Event: 74.059 loading class com/android/tools/r8/code/c2
Event: 74.059 loading class com/android/tools/r8/code/c2 done
Event: 74.059 loading class com/android/tools/r8/code/d2
Event: 74.059 loading class com/android/tools/r8/code/d2 done
Event: 74.064 loading class com/android/tools/r8/graph/l0
Event: 74.064 loading class com/android/tools/r8/graph/l0 done
Event: 74.072 Thread 0x000001fc9ac9e800 Thread added: 0x000001fc9ac9e800
Event: 74.077 Executing VM operation: RevokeBias
Event: 74.095 Executing VM operation: RevokeBias done
Event: 74.112 loading class com/android/tools/r8/internal/JI
Event: 74.112 loading class com/android/tools/r8/internal/JI done
Event: 74.135 loading class com/android/tools/r8/internal/vH
Event: 74.135 loading class com/android/tools/r8/internal/vH done
Event: 74.135 loading class com/android/tools/r8/internal/vH
Event: 74.135 loading class com/android/tools/r8/internal/vH done


Dynamic libraries:
0x00007ff7a0cd0000 - 0x00007ff7a0cda000 	C:\Program Files\Android\Android Studio\jre\bin\java.exe
0x00007ffd79a90000 - 0x00007ffd79c88000 	C:\WINDOWS\SYSTEM32\ntdll.dll
0x00007ffd79990000 - 0x00007ffd79a4f000 	C:\WINDOWS\System32\KERNEL32.DLL
0x00007ffd777f0000 - 0x00007ffd77ae6000 	C:\WINDOWS\System32\KERNELBASE.dll
0x00007ffd77660000 - 0x00007ffd77760000 	C:\WINDOWS\System32\ucrtbase.dll
0x00007ffd65ad0000 - 0x00007ffd65ae9000 	C:\Program Files\Android\Android Studio\jre\bin\jli.dll
0x00007ffd79430000 - 0x00007ffd795cd000 	C:\WINDOWS\System32\USER32.dll
0x00007ffd77210000 - 0x00007ffd77232000 	C:\WINDOWS\System32\win32u.dll
0x00007ffd77ef0000 - 0x00007ffd77f1c000 	C:\WINDOWS\System32\GDI32.dll
0x00007ffd77490000 - 0x00007ffd775a5000 	C:\WINDOWS\System32\gdi32full.dll
0x00007ffd77170000 - 0x00007ffd7720d000 	C:\WINDOWS\System32\msvcp_win.dll
0x00007ffd61290000 - 0x00007ffd612a7000 	C:\Program Files\Android\Android Studio\jre\bin\VCRUNTIME140.dll
0x00007ffd76490000 - 0x00007ffd7672a000 	C:\WINDOWS\WinSxS\amd64_microsoft.windows.common-controls_6595b64144ccf1df_6.0.19041.1110_none_60b5254171f9507e\COMCTL32.dll
0x00007ffd77c40000 - 0x00007ffd77cde000 	C:\WINDOWS\System32\msvcrt.dll
0x00007ffd784c0000 - 0x00007ffd784f0000 	C:\WINDOWS\System32\IMM32.DLL
0x00007ffd2afe0000 - 0x00007ffd2b07d000 	C:\Program Files\Android\Android Studio\jre\bin\msvcp140.dll
0x00007ffd0e200000 - 0x00007ffd0ed02000 	C:\Program Files\Android\Android Studio\jre\bin\server\jvm.dll
0x00007ffd77af0000 - 0x00007ffd77b9f000 	C:\WINDOWS\System32\ADVAPI32.dll
0x00007ffd77ba0000 - 0x00007ffd77c3c000 	C:\WINDOWS\System32\sechost.dll
0x00007ffd78560000 - 0x00007ffd78686000 	C:\WINDOWS\System32\RPCRT4.dll
0x00007ffd77f20000 - 0x00007ffd77f28000 	C:\WINDOWS\System32\PSAPI.DLL
0x00007ffd6d1b0000 - 0x00007ffd6d1b9000 	C:\WINDOWS\SYSTEM32\WSOCK32.dll
0x00007ffd784f0000 - 0x00007ffd7855b000 	C:\WINDOWS\System32\WS2_32.dll
0x00007ffd66d80000 - 0x00007ffd66da7000 	C:\WINDOWS\SYSTEM32\WINMM.dll
0x00007ffd67ec0000 - 0x00007ffd67eca000 	C:\WINDOWS\SYSTEM32\VERSION.dll
0x00007ffd74a00000 - 0x00007ffd74a12000 	C:\WINDOWS\SYSTEM32\kernel.appcore.dll
0x00007ffd5fe00000 - 0x00007ffd5fe11000 	C:\Program Files\Android\Android Studio\jre\bin\verify.dll
0x00007ffd76b80000 - 0x00007ffd76d64000 	C:\WINDOWS\SYSTEM32\DBGHELP.DLL
0x00007ffd76a40000 - 0x00007ffd76a74000 	C:\WINDOWS\SYSTEM32\dbgcore.DLL
0x00007ffd77760000 - 0x00007ffd777e2000 	C:\WINDOWS\System32\bcryptPrimitives.dll
0x00007ffd2b580000 - 0x00007ffd2b5a9000 	C:\Program Files\Android\Android Studio\jre\bin\java.dll
0x00007ffd68a50000 - 0x00007ffd68a5b000 	C:\Program Files\Android\Android Studio\jre\bin\jimage.dll
0x00007ffd3e3f0000 - 0x00007ffd3e408000 	C:\Program Files\Android\Android Studio\jre\bin\zip.dll
0x00007ffd78b40000 - 0x00007ffd79284000 	C:\WINDOWS\System32\SHELL32.dll
0x00007ffd74b70000 - 0x00007ffd75304000 	C:\WINDOWS\SYSTEM32\windows.storage.dll
0x00007ffd78740000 - 0x00007ffd78a94000 	C:\WINDOWS\System32\combase.dll
0x00007ffd763f0000 - 0x00007ffd7641e000 	C:\WINDOWS\SYSTEM32\Wldp.dll
0x00007ffd796b0000 - 0x00007ffd7975d000 	C:\WINDOWS\System32\SHCORE.dll
0x00007ffd79290000 - 0x00007ffd792e5000 	C:\WINDOWS\System32\shlwapi.dll
0x00007ffd770a0000 - 0x00007ffd770c5000 	C:\WINDOWS\SYSTEM32\profapi.dll
0x00007ffd3dd40000 - 0x00007ffd3dd5a000 	C:\Program Files\Android\Android Studio\jre\bin\net.dll
0x00007ffd6f200000 - 0x00007ffd6f30a000 	C:\WINDOWS\SYSTEM32\WINHTTP.dll
0x00007ffd76320000 - 0x00007ffd7638a000 	C:\WINDOWS\system32\mswsock.dll
0x00007ffd3d5b0000 - 0x00007ffd3d5c4000 	C:\Program Files\Android\Android Studio\jre\bin\nio.dll
0x00007ffd3e440000 - 0x00007ffd3e467000 	C:\Users\fezia\.gradle\native\e1d6ef7f7dcc3fd88c89a11ec53ec762bb8ba0a96d01ffa2cd45eb1d1d8dd5c5\windows-amd64\native-platform.dll
0x00007ffd1aa60000 - 0x00007ffd1aba4000 	C:\Users\fezia\.gradle\native\0d407fdbe67a94daf76414ababcb853783967236a71b16ec16e742cd7a986fd3\windows-amd64\native-platform-file-events.dll
0x00007ffd61490000 - 0x00007ffd6149a000 	C:\Program Files\Android\Android Studio\jre\bin\management.dll
0x00007ffd61260000 - 0x00007ffd6126d000 	C:\Program Files\Android\Android Studio\jre\bin\management_ext.dll
0x00007ffd76ee0000 - 0x00007ffd76ef8000 	C:\WINDOWS\SYSTEM32\CRYPTSP.dll
0x00007ffd75b50000 - 0x00007ffd75b84000 	C:\WINDOWS\system32\rsaenh.dll
0x00007ffd77300000 - 0x00007ffd77327000 	C:\WINDOWS\System32\bcrypt.dll
0x00007ffd77060000 - 0x00007ffd7708e000 	C:\WINDOWS\SYSTEM32\USERENV.dll
0x00007ffd763b0000 - 0x00007ffd763bc000 	C:\WINDOWS\SYSTEM32\CRYPTBASE.dll
0x00007ffd75ec0000 - 0x00007ffd75efc000 	C:\WINDOWS\SYSTEM32\IPHLPAPI.DLL
0x00007ffd77ce0000 - 0x00007ffd77ce8000 	C:\WINDOWS\System32\NSI.dll
0x00007ffd6e2d0000 - 0x00007ffd6e2e7000 	C:\WINDOWS\SYSTEM32\dhcpcsvc6.DLL
0x00007ffd6ee80000 - 0x00007ffd6ee9d000 	C:\WINDOWS\SYSTEM32\dhcpcsvc.DLL
0x00007ffd75f00000 - 0x00007ffd75fca000 	C:\WINDOWS\SYSTEM32\DNSAPI.dll
0x00007ffd3e420000 - 0x00007ffd3e43e000 	C:\Users\fezia\AppData\Local\Temp\native-platform4826807742701328333dir\native-platform.dll
0x00007ffd2ba50000 - 0x00007ffd2ba6e000 	C:\Users\fezia\AppData\Local\Temp\native-platform3255590682633684329dir\native-platform.dll

dbghelp: loaded successfully - version: 4.0.5 - missing functions: none
symbol engine: initialized successfully - sym options: 0x614 - pdb path: .;C:\Program Files\Android\Android Studio\jre\bin;C:\WINDOWS\SYSTEM32;C:\WINDOWS\WinSxS\amd64_microsoft.windows.common-controls_6595b64144ccf1df_6.0.19041.1110_none_60b5254171f9507e;C:\Program Files\Android\Android Studio\jre\bin\server;C:\Users\fezia\.gradle\native\e1d6ef7f7dcc3fd88c89a11ec53ec762bb8ba0a96d01ffa2cd45eb1d1d8dd5c5\windows-amd64;C:\Users\fezia\.gradle\native\0d407fdbe67a94daf76414ababcb853783967236a71b16ec16e742cd7a986fd3\windows-amd64;C:\Users\fezia\AppData\Local\Temp\native-platform4826807742701328333dir;C:\Users\fezia\AppData\Local\Temp\native-platform3255590682633684329dir

VM Arguments:
jvm_args: -XX:MaxMetaspaceSize=512m --add-opens=java.base/java.util=ALL-UNNAMED --add-opens=java.base/java.lang=ALL-UNNAMED --add-opens=java.base/java.lang.invoke=ALL-UNNAMED --add-opens=java.base/java.util=ALL-UNNAMED --add-opens=java.prefs/java.util.prefs=ALL-UNNAMED --add-opens=java.prefs/java.util.prefs=ALL-UNNAMED --add-opens=java.base/java.nio.charset=ALL-UNNAMED --add-opens=java.base/java.net=ALL-UNNAMED --add-opens=java.base/java.util.concurrent.atomic=ALL-UNNAMED -Xmx2048m -Dfile.encoding=windows-1252 -Duser.country=US -Duser.language=en -Duser.variant 
java_command: org.gradle.launcher.daemon.bootstrap.GradleDaemon 7.5.1
java_class_path (initial): C:\Users\fezia\.gradle\wrapper\dists\gradle-7.5.1-all\1ehga6e77gqps5uk2kc5kf1vc\gradle-7.5.1\lib\gradle-launcher-7.5.1.jar
Launcher Type: SUN_STANDARD

[Global flags]
     intx CICompilerCount                          = 3                                         {product} {ergonomic}
   size_t CompressedClassSpaceSize                 = 528482304                                 {product} {ergonomic}
     uint ConcGCThreads                            = 1                                         {product} {ergonomic}
     uint G1ConcRefinementThreads                  = 4                                         {product} {ergonomic}
   size_t G1HeapRegionSize                         = 1048576                                   {product} {ergonomic}
    uintx GCDrainStackTargetSize                   = 64                                        {product} {ergonomic}
   size_t InitialHeapSize                          = 65011712                                  {product} {ergonomic}
   size_t MarkStackSize                            = 4194304                                   {product} {ergonomic}
   size_t MaxHeapSize                              = 2147483648                                {product} {command line}
   size_t MaxMetaspaceSize                         = 536870912                                 {product} {command line}
   size_t MaxNewSize                               = 1287651328                                {product} {ergonomic}
   size_t MinHeapDeltaBytes                        = 1048576                                   {product} {ergonomic}
    uintx NonNMethodCodeHeapSize                   = 5830732                                {pd product} {ergonomic}
    uintx NonProfiledCodeHeapSize                  = 122913754                              {pd product} {ergonomic}
    uintx ProfiledCodeHeapSize                     = 122913754                              {pd product} {ergonomic}
    uintx ReservedCodeCacheSize                    = 251658240                              {pd product} {ergonomic}
     bool SegmentedCodeCache                       = true                                      {product} {ergonomic}
     bool UseCompressedClassPointers               = true                                 {lp64_product} {ergonomic}
     bool UseCompressedOops                        = true                                 {lp64_product} {ergonomic}
     bool UseG1GC                                  = true                                      {product} {ergonomic}
     bool UseLargePagesIndividualAllocation        = false                                  {pd product} {ergonomic}

Logging:
Log output configuration:
 #0: stdout all=warning uptime,level,tags
 #1: stderr all=off uptime,level,tags

Environment Variables:
JAVA_HOME=C:\Program Files\Android\Android Studio\jre
CLASSPATH=C:\Users\fezia\Tradly\android\\gradle\wrapper\gradle-wrapper.jar
PATH=C:\Users\fezia\Tradly\android\node_modules\.bin;C:\Users\fezia\Tradly\node_modules\.bin;C:\Users\fezia\node_modules\.bin;C:\Users\node_modules\.bin;C:\node_modules\.bin;C:\Program Files\nodejs;C:\Users\fezia\AppData\Local\Temp\yarn--1689841028858-0.09772407684280182;C:\Users\fezia\Tradly\node_modules\.bin;C:\Users\fezia\AppData\Local\Yarn\Data\link\node_modules\.bin;C:\Users\fezia\AppData\Local\Yarn\bin;C:\Program Files\libexec\lib\node_modules\npm\bin\node-gyp-bin;C:\Program Files\lib\node_modules\npm\bin\node-gyp-bin;C:\Program Files\nodejs\node_modules\npm\bin\node-gyp-bin;C:\Program Files\Microsoft\jdk-11.0.18.10-hotspot\bin;C:\WINDOWS\system32;C:\WINDOWS;C:\WINDOWS\System32\Wbem;C:\WINDOWS\System32\WindowsPowerShell\v1.0\;C:\WINDOWS\System32\OpenSSH\;C:\Program Files\Git\cmd;C:\ProgramData\chocolatey\bin;C:\Program Files\nodejs\;C:\Users\fezia\AppData\Local\Android\Sdk\platform-tools;C:\Users\fezia\AppData\Local\Microsoft\WindowsApps;C:\Users\fezia\AppData\Local\Programs\Microsoft VS Code\bin;C:\Users\fezia\AppData\Local\Android\Sdk\platform-tools;C:\Users\fezia\AppData\Roaming\npm
USERNAME=fezia
OS=Windows_NT
PROCESSOR_IDENTIFIER=Intel64 Family 6 Model 58 Stepping 9, GenuineIntel



---------------  S Y S T E M  ---------------

OS: Windows 10 , 64 bit Build 19041 (10.0.19041.3155)
OS uptime: 4 days 12:56 hours
Hyper-V role detected

CPU:total 4 (initial active 4) (2 cores per cpu, 2 threads per core) family 6 model 58 stepping 9 microcode 0x21, cmov, cx8, fxsr, mmx, sse, sse2, sse3, ssse3, sse4.1, sse4.2, popcnt, avx, aes, clmul, erms, ht, tsc, tscinvbit, tscinv

Memory: 4k page, system-wide physical 3959M (238M free)
TotalPageFile size 16247M (AvailPageFile size 3M)
current process WorkingSet (physical memory assigned to process): 570M, peak: 580M
current process commit charge ("private bytes"): 699M, peak: 700M

vm_info: OpenJDK 64-Bit Server VM (11.0.13+0-b1751.21-8125866) for windows-amd64 JRE (11.0.13+0-b1751.21-8125866), built on Feb  2 2022 03:00:22 by "builder" with MS VC++ 14.0 (VS2015)

END.
