#
# There is insufficient memory for the Java Runtime Environment to continue.
# Native memory allocation (malloc) failed to allocate 1048576 bytes for AllocateHeap
# Possible reasons:
#   The system is out of physical RAM or swap space
#   The process is running with CompressedOops enabled, and the Java Heap may be blocking the growth of the native heap
# Possible solutions:
#   Reduce memory load on the system
#   Increase physical memory or swap space
#   Check if swap backing store is full
#   Decrease Java heap size (-Xmx/-Xms)
#   Decrease number of Java threads
#   Decrease Java thread stack sizes (-Xss)
#   Set larger code cache with -XX:ReservedCodeCacheSize=
#   JVM is running with Unscaled Compressed Oops mode in which the Java heap is
#     placed in the first 4GB address space. The Java Heap base address is the
#     maximum limit for the native heap growth. Please use -XX:HeapBaseMinAddress
#     to set the Java Heap base and to place the Java Heap above 4GB virtual address.
# This output file may be truncated or incomplete.
#
#  Out of Memory Error (./src/hotspot/share/memory/allocation.cpp:46), pid=16572, tid=10136
#
# JRE version: OpenJDK Runtime Environment (11.0.13) (build 11.0.13+0-b1751.21-8125866)
# Java VM: OpenJDK 64-Bit Server VM (11.0.13+0-b1751.21-8125866, mixed mode, tiered, compressed oops, g1 gc, windows-amd64)
# No core dump will be written. Minidumps are not enabled by default on client versions of Windows
#

---------------  S U M M A R Y ------------

Command Line: -XX:MaxMetaspaceSize=512m --add-opens=java.base/java.util=ALL-UNNAMED --add-opens=java.base/java.lang=ALL-UNNAMED --add-opens=java.base/java.lang.invoke=ALL-UNNAMED --add-opens=java.base/java.util=ALL-UNNAMED --add-opens=java.prefs/java.util.prefs=ALL-UNNAMED --add-opens=java.prefs/java.util.prefs=ALL-UNNAMED --add-opens=java.base/java.nio.charset=ALL-UNNAMED --add-opens=java.base/java.net=ALL-UNNAMED --add-opens=java.base/java.util.concurrent.atomic=ALL-UNNAMED -Xmx2048m -Dfile.encoding=windows-1252 -Duser.country=US -Duser.language=en -Duser.variant org.gradle.launcher.daemon.bootstrap.GradleDaemon 7.5.1

Host: Intel(R) Core(TM) i5-3320M CPU @ 2.60GHz, 4 cores, 3G,  Windows 10 , 64 bit Build 19041 (10.0.19041.3155)
Time: Thu Jul 20 13:13:56 2023 Pakistan Standard Time elapsed time: 317.725045 seconds (0d 0h 5m 17s)

---------------  T H R E A D  ---------------

Current thread (0x00000232fbd36000):  VMThread "VM Thread" [stack: 0x000000f1d2d00000,0x000000f1d2e00000] [id=10136]

Stack: [0x000000f1d2d00000,0x000000f1d2e00000]
[error occurred during error reporting (printing stack bounds), id 0xc0000005, EXCEPTION_ACCESS_VIOLATION (0xc0000005) at pc=0x000002328000112d]

Native frames: (J=compiled Java code, j=interpreted, Vv=VM code, C=native code)
V  [jvm.dll+0x6100fa]
V  [jvm.dll+0x747090]
V  [jvm.dll+0x7486ad]
V  [jvm.dll+0x748ce5]
V  [jvm.dll+0x748c9b]
V  [jvm.dll+0x60f224]
V  [jvm.dll+0x60f9b8]
C  [ntdll.dll+0xa23af]
C  [ntdll.dll+0x514b4]
C  [ntdll.dll+0xa0ebe]
C  0x000002328000112d

VM_Operation (0x000000f1d7cf5100): CollectForMetadataAllocation, mode: safepoint, requested by thread 0x000002328f66f800


---------------  P R O C E S S  ---------------

Threads class SMR info:
_java_thread_list=0x0000023297f0c6a0, length=101, elements={
0x00000232eea92000, 0x00000232fbd3d000, 0x00000232fbd3f000, 0x00000232fbd9d000,
0x00000232fbd9f000, 0x00000232fbda0000, 0x00000232fbda7800, 0x00000232fbdb7800,
0x00000232fbef8800, 0x00000232fc004800, 0x00000232fddd6000, 0x00000232fd084000,
0x00000232fd94c800, 0x00000232fd7ee800, 0x00000232fd7ef000, 0x00000232fd7ed800,
0x00000232fd7f2800, 0x00000232fd7f0800, 0x00000232fd7ec800, 0x00000232fe89c800,
0x00000232fe89b000, 0x00000232fe897000, 0x00000232fe89a000, 0x00000232fe897800,
0x00000232fe899800, 0x00000232fe63e800, 0x0000023293114000, 0x0000023293118000,
0x0000023293117000, 0x0000023293113000, 0x000002329311a800, 0x0000023293120000,
0x00000232fe63b800, 0x00000232fe639800, 0x00000232fe63d000, 0x00000232fe63c000,
0x00000232fe63e000, 0x00000232fe638000, 0x00000232fe639000, 0x00000232fe640800,
0x00000232fe63f800, 0x00000232fe63a800, 0x00000232fe642000, 0x00000232fe642800,
0x00000232fe643800, 0x00000232fe644800, 0x00000232fe645000, 0x00000232fe646000,
0x00000232fe647000, 0x00000232fe641000, 0x0000023293116800, 0x0000023293119000,
0x0000023293119800, 0x0000023293114800, 0x000002329311d800, 0x000002329311b000,
0x0000023293122000, 0x000002329311e800, 0x000002329311f800, 0x000002329311c000,
0x000002329311d000, 0x0000023293121000, 0x00000232fe89c000, 0x00000232fe89e000,
0x00000232fe898800, 0x00000232fe8a2800, 0x00000232fe8a4000, 0x00000232fe8a3000,
0x00000232fe8a0000, 0x00000232fe8a0800, 0x00000232fe8a5000, 0x00000232fe89f000,
0x00000232fe8a5800, 0x00000232fe8a1800, 0x00000232fd7f0000, 0x00000232fd7f3000,
0x00000232fd7f1800, 0x000002328f671000, 0x000002328f66e800, 0x000002328f66e000,
0x000002328f672000, 0x000002328f66d000, 0x000002328f66f800, 0x000002328f66c800,
0x000002328f673000, 0x000002328f676000, 0x000002328f673800, 0x000002328f670800,
0x000002328f677800, 0x000002328f677000, 0x000002328f675800, 0x000002328f678800,
0x000002328f67a000, 0x000002328f67b000, 0x0000023299f8f800, 0x0000023299f90800,
0x0000023299f8c800, 0x0000023299f93000, 0x0000023299f8d000, 0x0000023299f91000,
0x0000023299f8e800
}

Java Threads: ( => current thread )
  0x00000232eea92000 JavaThread "main" [_thread_blocked, id=9604, stack(0x000000f1d2700000,0x000000f1d2800000)]
  0x00000232fbd3d000 JavaThread "Reference Handler" daemon [_thread_blocked, id=10860, stack(0x000000f1d2e00000,0x000000f1d2f00000)]
  0x00000232fbd3f000 JavaThread "Finalizer" daemon [_thread_blocked, id=16780, stack(0x000000f1d2f00000,0x000000f1d3000000)]
  0x00000232fbd9d000 JavaThread "Signal Dispatcher" daemon [_thread_blocked, id=17076, stack(0x000000f1d3000000,0x000000f1d3100000)]
  0x00000232fbd9f000 JavaThread "Attach Listener" daemon [_thread_blocked, id=15288, stack(0x000000f1d3100000,0x000000f1d3200000)]
  0x00000232fbda0000 JavaThread "Service Thread" daemon [_thread_blocked, id=12864, stack(0x000000f1d3200000,0x000000f1d3300000)]
  0x00000232fbda7800 JavaThread "C2 CompilerThread0" daemon [_thread_blocked, id=5104, stack(0x000000f1d3300000,0x000000f1d3400000)]
  0x00000232fbdb7800 JavaThread "C1 CompilerThread0" daemon [_thread_blocked, id=1060, stack(0x000000f1d3400000,0x000000f1d3500000)]
  0x00000232fbef8800 JavaThread "Sweeper thread" daemon [_thread_blocked, id=9552, stack(0x000000f1d3500000,0x000000f1d3600000)]
  0x00000232fc004800 JavaThread "Common-Cleaner" daemon [_thread_blocked, id=6744, stack(0x000000f1d3600000,0x000000f1d3700000)]
  0x00000232fddd6000 JavaThread "Daemon health stats" [_thread_blocked, id=8868, stack(0x000000f1d3900000,0x000000f1d3a00000)]
  0x00000232fd084000 JavaThread "Incoming local TCP Connector on port 52529" [_thread_in_native, id=2180, stack(0x000000f1d3a00000,0x000000f1d3b00000)]
  0x00000232fd94c800 JavaThread "Daemon periodic checks" [_thread_blocked, id=17776, stack(0x000000f1d3b00000,0x000000f1d3c00000)]
  0x00000232fd7ee800 JavaThread "Cache worker for journal cache (C:\Users\fezia\.gradle\caches\journal-1)" [_thread_blocked, id=4624, stack(0x000000f1d4300000,0x000000f1d4400000)]
  0x00000232fd7ef000 JavaThread "File lock request listener" [_thread_in_native, id=3924, stack(0x000000f1d4400000,0x000000f1d4500000)]
  0x00000232fd7ed800 JavaThread "Cache worker for file hash cache (C:\Users\fezia\.gradle\caches\7.5.1\fileHashes)" [_thread_blocked, id=12572, stack(0x000000f1d4700000,0x000000f1d4800000)]
  0x00000232fd7f2800 JavaThread "File watcher server" daemon [_thread_blocked, id=2736, stack(0x000000f1d4800000,0x000000f1d4900000)]
  0x00000232fd7f0800 JavaThread "File watcher consumer" daemon [_thread_blocked, id=15464, stack(0x000000f1d4900000,0x000000f1d4a00000)]
  0x00000232fd7ec800 JavaThread "Cache worker for file content cache (C:\Users\fezia\.gradle\caches\7.5.1\fileContent)" [_thread_blocked, id=17444, stack(0x000000f1d4c00000,0x000000f1d4d00000)]
  0x00000232fe89c800 JavaThread "Cache worker for execution history cache (C:\Users\fezia\.gradle\caches\7.5.1\executionHistory)" [_thread_blocked, id=11680, stack(0x000000f1d4f00000,0x000000f1d5000000)]
  0x00000232fe89b000 JavaThread "jar transforms" [_thread_blocked, id=15436, stack(0x000000f1d5000000,0x000000f1d5100000)]
  0x00000232fe897000 JavaThread "jar transforms Thread 2" [_thread_blocked, id=14668, stack(0x000000f1d5100000,0x000000f1d5200000)]
  0x00000232fe89a000 JavaThread "jar transforms Thread 3" [_thread_blocked, id=2096, stack(0x000000f1d5200000,0x000000f1d5300000)]
  0x00000232fe897800 JavaThread "jar transforms Thread 4" [_thread_blocked, id=7172, stack(0x000000f1d5300000,0x000000f1d5400000)]
  0x00000232fe899800 JavaThread "Cache worker for kotlin-dsl (C:\Users\fezia\.gradle\caches\7.5.1\kotlin-dsl)" [_thread_blocked, id=11804, stack(0x000000f1d5400000,0x000000f1d5500000)]
  0x00000232fe63e800 JavaThread "Memory manager" [_thread_blocked, id=3616, stack(0x000000f1d7900000,0x000000f1d7a00000)]
  0x0000023293114000 JavaThread "RMI Scheduler(0)" daemon [_thread_blocked, id=14112, stack(0x000000f1d8900000,0x000000f1d8a00000)]
  0x0000023293118000 JavaThread "RMI GC Daemon" daemon [_thread_blocked, id=1316, stack(0x000000f1d8b00000,0x000000f1d8c00000)]
  0x0000023293117000 JavaThread "RMI TCP Accept-0" daemon [_thread_in_native, id=2564, stack(0x000000f1d8c00000,0x000000f1d8d00000)]
  0x0000023293113000 JavaThread "RMI Reaper" [_thread_blocked, id=8244, stack(0x000000f1d8d00000,0x000000f1d8e00000)]
  0x000002329311a800 JavaThread "pool-3-thread-1" [_thread_blocked, id=6500, stack(0x000000f1d2400000,0x000000f1d2500000)]
  0x0000023293120000 JavaThread "Cache worker for Java compile cache (C:\Users\fezia\.gradle\caches\7.5.1\javaCompile)" [_thread_blocked, id=548, stack(0x000000f1d9500000,0x000000f1d9600000)]
  0x00000232fe63b800 JavaThread "Daemon Thread 2" [_thread_blocked, id=9992, stack(0x000000f1d2600000,0x000000f1d2700000)]
  0x00000232fe639800 JavaThread "Handler for socket connection from /127.0.0.1:52529 to /127.0.0.1:52657" [_thread_in_native, id=5404, stack(0x000000f1d3c00000,0x000000f1d3d00000)]
  0x00000232fe63d000 JavaThread "Cancel handler" [_thread_blocked, id=10712, stack(0x000000f1d3d00000,0x000000f1d3e00000)]
  0x00000232fe63c000 JavaThread "Daemon worker Thread 2" [_thread_blocked, id=4640, stack(0x000000f1d3e00000,0x000000f1d3f00000)]
  0x00000232fe63e000 JavaThread "Asynchronous log dispatcher for DefaultDaemonConnection: socket connection from /127.0.0.1:52529 to /127.0.0.1:52657" [_thread_blocked, id=13488, stack(0x000000f1d3f00000,0x000000f1d4000000)]
  0x00000232fe638000 JavaThread "Stdin handler" [_thread_blocked, id=10084, stack(0x000000f1d4000000,0x000000f1d4100000)]
  0x00000232fe639000 JavaThread "Daemon client event forwarder" [_thread_blocked, id=13864, stack(0x000000f1d4100000,0x000000f1d4200000)]
  0x00000232fe640800 JavaThread "Cache worker for checksums cache (C:\Users\fezia\Tradly\android\.gradle\7.5.1\checksums)" [_thread_blocked, id=17212, stack(0x000000f1d4200000,0x000000f1d4300000)]
  0x00000232fe63f800 JavaThread "Cache worker for cache directory md-rule (C:\Users\fezia\.gradle\caches\7.5.1\md-rule)" [_thread_blocked, id=9444, stack(0x000000f1d4a00000,0x000000f1d4b00000)]
  0x00000232fe63a800 JavaThread "Cache worker for file hash cache (C:\Users\fezia\Tradly\android\.gradle\7.5.1\fileHashes)" [_thread_blocked, id=10120, stack(0x000000f1d4b00000,0x000000f1d4c00000)]
  0x00000232fe642000 JavaThread "Cache worker for cache directory md-supplier (C:\Users\fezia\.gradle\caches\7.5.1\md-supplier)" [_thread_blocked, id=18088, stack(0x000000f1d4d00000,0x000000f1d4e00000)]
  0x00000232fe642800 JavaThread "Cache worker for dependencies-accessors (C:\Users\fezia\Tradly\android\.gradle\7.5.1\dependencies-accessors)" [_thread_blocked, id=11736, stack(0x000000f1d4e00000,0x000000f1d4f00000)]
  0x00000232fe643800 JavaThread "Cache worker for Build Output Cleanup Cache (C:\Users\fezia\Tradly\node_modules\react-native-gradle-plugin\.gradle\buildOutputCleanup)" [_thread_blocked, id=11884, stack(0x000000f1d5500000,0x000000f1d5600000)]
  0x00000232fe644800 JavaThread "Unconstrained build operations" [_thread_blocked, id=11092, stack(0x000000f1d5600000,0x000000f1d5700000)]
  0x00000232fe645000 JavaThread "Unconstrained build operations Thread 2" [_thread_blocked, id=15240, stack(0x000000f1d5700000,0x000000f1d5800000)]
  0x00000232fe646000 JavaThread "Unconstrained build operations Thread 3" [_thread_blocked, id=14624, stack(0x000000f1d5800000,0x000000f1d5900000)]
  0x00000232fe647000 JavaThread "Unconstrained build operations Thread 4" [_thread_blocked, id=13404, stack(0x000000f1d5900000,0x000000f1d5a00000)]
  0x00000232fe641000 JavaThread "Unconstrained build operations Thread 5" [_thread_blocked, id=2112, stack(0x000000f1d5a00000,0x000000f1d5b00000)]
  0x0000023293116800 JavaThread "Unconstrained build operations Thread 6" [_thread_blocked, id=13732, stack(0x000000f1d5b00000,0x000000f1d5c00000)]
  0x0000023293119000 JavaThread "Unconstrained build operations Thread 7" [_thread_blocked, id=14464, stack(0x000000f1d5c00000,0x000000f1d5d00000)]
  0x0000023293119800 JavaThread "Unconstrained build operations Thread 8" [_thread_blocked, id=9932, stack(0x000000f1d5d00000,0x000000f1d5e00000)]
  0x0000023293114800 JavaThread "Unconstrained build operations Thread 9" [_thread_blocked, id=12020, stack(0x000000f1d5e00000,0x000000f1d5f00000)]
  0x000002329311d800 JavaThread "Unconstrained build operations Thread 10" [_thread_blocked, id=17320, stack(0x000000f1d5f00000,0x000000f1d6000000)]
  0x000002329311b000 JavaThread "Unconstrained build operations Thread 11" [_thread_blocked, id=10292, stack(0x000000f1d6000000,0x000000f1d6100000)]
  0x0000023293122000 JavaThread "Unconstrained build operations Thread 12" [_thread_blocked, id=18416, stack(0x000000f1d6100000,0x000000f1d6200000)]
  0x000002329311e800 JavaThread "Unconstrained build operations Thread 13" [_thread_blocked, id=18288, stack(0x000000f1d6200000,0x000000f1d6300000)]
  0x000002329311f800 JavaThread "Unconstrained build operations Thread 14" [_thread_blocked, id=14176, stack(0x000000f1d6300000,0x000000f1d6400000)]
  0x000002329311c000 JavaThread "Unconstrained build operations Thread 15" [_thread_blocked, id=17520, stack(0x000000f1d6400000,0x000000f1d6500000)]
  0x000002329311d000 JavaThread "Unconstrained build operations Thread 16" [_thread_blocked, id=8732, stack(0x000000f1d6500000,0x000000f1d6600000)]
  0x0000023293121000 JavaThread "Unconstrained build operations Thread 17" [_thread_blocked, id=18232, stack(0x000000f1d6600000,0x000000f1d6700000)]
  0x00000232fe89c000 JavaThread "Unconstrained build operations Thread 18" [_thread_blocked, id=2812, stack(0x000000f1d6700000,0x000000f1d6800000)]
  0x00000232fe89e000 JavaThread "Unconstrained build operations Thread 19" [_thread_blocked, id=16016, stack(0x000000f1d6800000,0x000000f1d6900000)]
  0x00000232fe898800 JavaThread "Unconstrained build operations Thread 20" [_thread_blocked, id=9356, stack(0x000000f1d6900000,0x000000f1d6a00000)]
  0x00000232fe8a2800 JavaThread "Unconstrained build operations Thread 21" [_thread_blocked, id=15640, stack(0x000000f1d6a00000,0x000000f1d6b00000)]
  0x00000232fe8a4000 JavaThread "Unconstrained build operations Thread 22" [_thread_blocked, id=4536, stack(0x000000f1d6b00000,0x000000f1d6c00000)]
  0x00000232fe8a3000 JavaThread "Unconstrained build operations Thread 23" [_thread_blocked, id=18136, stack(0x000000f1d6c00000,0x000000f1d6d00000)]
  0x00000232fe8a0000 JavaThread "Unconstrained build operations Thread 24" [_thread_blocked, id=6776, stack(0x000000f1d6d00000,0x000000f1d6e00000)]
  0x00000232fe8a0800 JavaThread "Unconstrained build operations Thread 25" [_thread_blocked, id=6008, stack(0x000000f1d6e00000,0x000000f1d6f00000)]
  0x00000232fe8a5000 JavaThread "Unconstrained build operations Thread 26" [_thread_blocked, id=15880, stack(0x000000f1d6f00000,0x000000f1d7000000)]
  0x00000232fe89f000 JavaThread "Unconstrained build operations Thread 27" [_thread_blocked, id=9312, stack(0x000000f1d7000000,0x000000f1d7100000)]
  0x00000232fe8a5800 JavaThread "Unconstrained build operations Thread 28" [_thread_blocked, id=240, stack(0x000000f1d7100000,0x000000f1d7200000)]
  0x00000232fe8a1800 JavaThread "Unconstrained build operations Thread 29" [_thread_blocked, id=7456, stack(0x000000f1d7200000,0x000000f1d7300000)]
  0x00000232fd7f0000 JavaThread "Unconstrained build operations Thread 30" [_thread_blocked, id=2240, stack(0x000000f1d7300000,0x000000f1d7400000)]
  0x00000232fd7f3000 JavaThread "Unconstrained build operations Thread 31" [_thread_blocked, id=17956, stack(0x000000f1d7400000,0x000000f1d7500000)]
  0x00000232fd7f1800 JavaThread "Unconstrained build operations Thread 32" [_thread_blocked, id=5628, stack(0x000000f1d7500000,0x000000f1d7600000)]
  0x000002328f671000 JavaThread "Unconstrained build operations Thread 33" [_thread_blocked, id=9056, stack(0x000000f1d7600000,0x000000f1d7700000)]
  0x000002328f66e800 JavaThread "build event listener" [_thread_blocked, id=8784, stack(0x000000f1d7700000,0x000000f1d7800000)]
  0x000002328f66e000 JavaThread "Cache worker for Build Output Cleanup Cache (C:\Users\fezia\Tradly\android\.gradle\buildOutputCleanup)" [_thread_blocked, id=2780, stack(0x000000f1d7800000,0x000000f1d7900000)]
  0x000002328f672000 JavaThread "included builds" [_thread_blocked, id=15896, stack(0x000000f1d7a00000,0x000000f1d7b00000)]
  0x000002328f66d000 JavaThread "Execution worker" [_thread_blocked, id=3040, stack(0x000000f1d7b00000,0x000000f1d7c00000)]
  0x000002328f66f800 JavaThread "Execution worker Thread 2" [_thread_blocked, id=11004, stack(0x000000f1d7c00000,0x000000f1d7d00000)]
  0x000002328f66c800 JavaThread "Execution worker Thread 3" [_thread_blocked, id=14192, stack(0x000000f1d7d00000,0x000000f1d7e00000)]
  0x000002328f673000 JavaThread "Cache worker for execution history cache (C:\Users\fezia\Tradly\node_modules\react-native-gradle-plugin\.gradle\7.5.1\executionHistory)" [_thread_blocked, id=2168, stack(0x000000f1d7e00000,0x000000f1d7f00000)]
  0x000002328f676000 JavaThread "Unconstrained build operations Thread 34" [_thread_blocked, id=11104, stack(0x000000f1d7f00000,0x000000f1d8000000)]
  0x000002328f673800 JavaThread "Unconstrained build operations Thread 35" [_thread_blocked, id=5388, stack(0x000000f1d8000000,0x000000f1d8100000)]
  0x000002328f670800 JavaThread "Unconstrained build operations Thread 36" [_thread_blocked, id=14312, stack(0x000000f1d8100000,0x000000f1d8200000)]
  0x000002328f677800 JavaThread "Unconstrained build operations Thread 37" [_thread_blocked, id=12800, stack(0x000000f1d8200000,0x000000f1d8300000)]
  0x000002328f677000 JavaThread "Unconstrained build operations Thread 38" [_thread_blocked, id=18192, stack(0x000000f1d8300000,0x000000f1d8400000)]
  0x000002328f675800 JavaThread "Unconstrained build operations Thread 39" [_thread_blocked, id=17516, stack(0x000000f1d8400000,0x000000f1d8500000)]
  0x000002328f678800 JavaThread "Unconstrained build operations Thread 40" [_thread_blocked, id=1568, stack(0x000000f1d8500000,0x000000f1d8600000)]
  0x000002328f67a000 JavaThread "pool-6-thread-1" [_thread_blocked, id=16012, stack(0x000000f1d8800000,0x000000f1d8900000)]
  0x000002328f67b000 JavaThread "build event listener" [_thread_blocked, id=15096, stack(0x000000f1d8a00000,0x000000f1d8b00000)]
  0x0000023299f8f800 JavaThread "Cache worker for execution history cache (C:\Users\fezia\Tradly\android\.gradle\7.5.1\executionHistory)" [_thread_blocked, id=13036, stack(0x000000f1d8e00000,0x000000f1d8f00000)]
  0x0000023299f90800 JavaThread "WorkerExecutor Queue" [_thread_blocked, id=14224, stack(0x000000f1d8f00000,0x000000f1d9000000)]
  0x0000023299f8c800 JavaThread "Thread-154" [_thread_in_native, id=15456, stack(0x000000f1d9000000,0x000000f1d9100000)]
  0x0000023299f93000 JavaThread "WorkerExecutor Queue Thread 2" [_thread_blocked, id=18176, stack(0x000000f1d9100000,0x000000f1d9200000)]
  0x0000023299f8d000 JavaThread "WorkerExecutor Queue Thread 3" [_thread_blocked, id=17260, stack(0x000000f1d9200000,0x000000f1d9300000)]
  0x0000023299f91000 JavaThread "WorkerExecutor Queue Thread 4" [_thread_blocked, id=11368, stack(0x000000f1d9400000,0x000000f1d9500000)]
  0x0000023299f8e800 JavaThread "Thread-160" [_thread_blocked, id=10124, stack(0x000000f1d8700000,0x000000f1d8800000)]

Other Threads:
=>0x00000232fbd36000 VMThread "VM Thread" [stack: 0x000000f1d2d00000,0x000000f1d2e00000] [id=10136]
  0x00000232fc029000 WatcherThread [stack: 0x000000f1d3700000,0x000000f1d3800000] [id=17964]
  0x00000232eeaaa800 GCTaskThread "GC Thread#0" [stack: 0x000000f1d2800000,0x000000f1d2900000] [id=5328]
  0x00000232fc964000 GCTaskThread "GC Thread#1" [stack: 0x000000f1d3800000,0x000000f1d3900000] [id=11836]
  0x00000232fde53800 GCTaskThread "GC Thread#2" [stack: 0x000000f1d4500000,0x000000f1d4600000] [id=8128]
  0x00000232fdea1800 GCTaskThread "GC Thread#3" [stack: 0x000000f1d4600000,0x000000f1d4700000] [id=9516]
  0x00000232eead9800 ConcurrentGCThread "G1 Main Marker" [stack: 0x000000f1d2900000,0x000000f1d2a00000] [id=4944]
  0x00000232eeadb000 ConcurrentGCThread "G1 Conc#0" [stack: 0x000000f1d2a00000,0x000000f1d2b00000] [id=14824]
  0x00000232eeb34800 ConcurrentGCThread "G1 Refine#0" [stack: 0x000000f1d2b00000,0x000000f1d2c00000] [id=4428]
  0x00000232eeb35800 ConcurrentGCThread "G1 Young RemSet Sampling" [stack: 0x000000f1d2c00000,0x000000f1d2d00000] [id=10552]

Threads with active compile tasks:

VM state:at safepoint (normal execution)

VM Mutex/Monitor currently owned by a thread:  ([mutex/lock_event])
[0x00000232eea8f470] Threads_lock - owner thread: 0x00000232fbd36000
[0x00000232eea8eb70] Heap_lock - owner thread: 0x000002328f66f800

OutOfMemory and StackOverflow Exception counts:
StackOverflowErrors=1
LinkageErrors=175

Heap address: 0x0000000080000000, size: 2048 MB, Compressed Oops mode: 32-bit
Narrow klass base: 0x0000000000000000, Narrow klass shift: 3
Compressed class space size: 528482304 Address: 0x0000000100000000

Heap:
 garbage-first heap   total 324608K, used 196676K [0x0000000080000000, 0x0000000100000000)
  region size 1024K, 5 young (5120K), 5 survivors (5120K)
 Metaspace       used 149186K, capacity 153950K, committed 154064K, reserved 671744K
  class space    used 18524K, capacity 20272K, committed 20352K, reserved 516096K
Heap Regions: E=young(eden), S=young(survivor), O=old, HS=humongous(starts), HC=humongous(continues), CS=collection set, F=free, A=archive, TAMS=top-at-mark-start (previous, next)
|   0|0x0000000080000000, 0x0000000080100000, 0x0000000080100000|100%|HS|  |TAMS 0x0000000080100000, 0x0000000080100000| Complete 
|   1|0x0000000080100000, 0x0000000080200000, 0x0000000080200000|100%|HC|  |TAMS 0x0000000080200000, 0x0000000080200000| Complete 
|   2|0x0000000080200000, 0x0000000080300000, 0x0000000080300000|100%|HC|  |TAMS 0x0000000080300000, 0x0000000080300000| Complete 
|   3|0x0000000080300000, 0x0000000080400000, 0x0000000080400000|100%| O|  |TAMS 0x0000000080400000, 0x0000000080400000| Untracked 
|   4|0x0000000080400000, 0x0000000080500000, 0x0000000080500000|100%| O|  |TAMS 0x0000000080500000, 0x0000000080500000| Untracked 
|   5|0x0000000080500000, 0x0000000080600000, 0x0000000080600000|100%| O|  |TAMS 0x0000000080600000, 0x0000000080600000| Untracked 
|   6|0x0000000080600000, 0x0000000080700000, 0x0000000080700000|100%| O|  |TAMS 0x0000000080700000, 0x0000000080700000| Untracked 
|   7|0x0000000080700000, 0x0000000080800000, 0x0000000080800000|100%| O|  |TAMS 0x0000000080800000, 0x0000000080800000| Untracked 
|   8|0x0000000080800000, 0x0000000080900000, 0x0000000080900000|100%| O|  |TAMS 0x0000000080900000, 0x0000000080900000| Untracked 
|   9|0x0000000080900000, 0x0000000080a00000, 0x0000000080a00000|100%| O|  |TAMS 0x0000000080a00000, 0x0000000080a00000| Untracked 
|  10|0x0000000080a00000, 0x0000000080b00000, 0x0000000080b00000|100%| O|  |TAMS 0x0000000080b00000, 0x0000000080b00000| Untracked 
|  11|0x0000000080b00000, 0x0000000080c00000, 0x0000000080c00000|100%| O|  |TAMS 0x0000000080c00000, 0x0000000080c00000| Untracked 
|  12|0x0000000080c00000, 0x0000000080d00000, 0x0000000080d00000|100%| O|  |TAMS 0x0000000080c00000, 0x0000000080d00000| Untracked 
|  13|0x0000000080d00000, 0x0000000080e00000, 0x0000000080e00000|100%| O|  |TAMS 0x0000000080e00000, 0x0000000080e00000| Untracked 
|  14|0x0000000080e00000, 0x0000000080f00000, 0x0000000080f00000|100%| O|  |TAMS 0x0000000080f00000, 0x0000000080f00000| Untracked 
|  15|0x0000000080f00000, 0x0000000081000000, 0x0000000081000000|100%| O|  |TAMS 0x0000000081000000, 0x0000000081000000| Untracked 
|  16|0x0000000081000000, 0x0000000081100000, 0x0000000081100000|100%| O|  |TAMS 0x0000000081100000, 0x0000000081100000| Untracked 
|  17|0x0000000081100000, 0x0000000081200000, 0x0000000081200000|100%| O|  |TAMS 0x0000000081200000, 0x0000000081200000| Untracked 
|  18|0x0000000081200000, 0x0000000081300000, 0x0000000081300000|100%| O|  |TAMS 0x0000000081300000, 0x0000000081300000| Untracked 
|  19|0x0000000081300000, 0x0000000081400000, 0x0000000081400000|100%| O|  |TAMS 0x0000000081400000, 0x0000000081400000| Untracked 
|  20|0x0000000081400000, 0x0000000081500000, 0x0000000081500000|100%| O|  |TAMS 0x0000000081500000, 0x0000000081500000| Untracked 
|  21|0x0000000081500000, 0x0000000081600000, 0x0000000081600000|100%| O|  |TAMS 0x0000000081600000, 0x0000000081600000| Untracked 
|  22|0x0000000081600000, 0x0000000081700000, 0x0000000081700000|100%| O|  |TAMS 0x0000000081700000, 0x0000000081700000| Untracked 
|  23|0x0000000081700000, 0x0000000081800000, 0x0000000081800000|100%| O|  |TAMS 0x0000000081800000, 0x0000000081800000| Untracked 
|  24|0x0000000081800000, 0x0000000081900000, 0x0000000081900000|100%| O|  |TAMS 0x0000000081900000, 0x0000000081900000| Untracked 
|  25|0x0000000081900000, 0x0000000081a00000, 0x0000000081a00000|100%| O|  |TAMS 0x0000000081a00000, 0x0000000081a00000| Untracked 
|  26|0x0000000081a00000, 0x0000000081b00000, 0x0000000081b00000|100%| O|  |TAMS 0x0000000081b00000, 0x0000000081b00000| Untracked 
|  27|0x0000000081b00000, 0x0000000081c00000, 0x0000000081c00000|100%| O|  |TAMS 0x0000000081c00000, 0x0000000081c00000| Untracked 
|  28|0x0000000081c00000, 0x0000000081d00000, 0x0000000081d00000|100%| O|  |TAMS 0x0000000081d00000, 0x0000000081d00000| Untracked 
|  29|0x0000000081d00000, 0x0000000081e00000, 0x0000000081e00000|100%| O|  |TAMS 0x0000000081e00000, 0x0000000081e00000| Untracked 
|  30|0x0000000081e00000, 0x0000000081f00000, 0x0000000081f00000|100%| O|  |TAMS 0x0000000081f00000, 0x0000000081f00000| Untracked 
|  31|0x0000000081f00000, 0x0000000082000000, 0x0000000082000000|100%| O|  |TAMS 0x0000000082000000, 0x0000000082000000| Untracked 
|  32|0x0000000082000000, 0x0000000082100000, 0x0000000082100000|100%| O|  |TAMS 0x0000000082100000, 0x0000000082100000| Untracked 
|  33|0x0000000082100000, 0x0000000082200000, 0x0000000082200000|100%| O|  |TAMS 0x0000000082200000, 0x0000000082200000| Untracked 
|  34|0x0000000082200000, 0x0000000082300000, 0x0000000082300000|100%| O|  |TAMS 0x0000000082300000, 0x0000000082300000| Untracked 
|  35|0x0000000082300000, 0x0000000082400000, 0x0000000082400000|100%|HS|  |TAMS 0x0000000082400000, 0x0000000082400000| Complete 
|  36|0x0000000082400000, 0x0000000082500000, 0x0000000082500000|100%|HS|  |TAMS 0x0000000082500000, 0x0000000082500000| Complete 
|  37|0x0000000082500000, 0x0000000082600000, 0x0000000082600000|100%|HC|  |TAMS 0x0000000082600000, 0x0000000082600000| Complete 
|  38|0x0000000082600000, 0x0000000082700000, 0x0000000082700000|100%|HC|  |TAMS 0x0000000082700000, 0x0000000082700000| Complete 
|  39|0x0000000082700000, 0x0000000082800000, 0x0000000082800000|100%| O|  |TAMS 0x0000000082800000, 0x0000000082800000| Untracked 
|  40|0x0000000082800000, 0x0000000082900000, 0x0000000082900000|100%| O|  |TAMS 0x0000000082900000, 0x0000000082900000| Untracked 
|  41|0x0000000082900000, 0x0000000082a00000, 0x0000000082a00000|100%| O|  |TAMS 0x0000000082a00000, 0x0000000082a00000| Untracked 
|  42|0x0000000082a00000, 0x0000000082b00000, 0x0000000082b00000|100%| O|  |TAMS 0x0000000082b00000, 0x0000000082b00000| Untracked 
|  43|0x0000000082b00000, 0x0000000082c00000, 0x0000000082c00000|100%| O|  |TAMS 0x0000000082c00000, 0x0000000082c00000| Untracked 
|  44|0x0000000082c00000, 0x0000000082d00000, 0x0000000082d00000|100%| O|  |TAMS 0x0000000082d00000, 0x0000000082d00000| Untracked 
|  45|0x0000000082d00000, 0x0000000082e00000, 0x0000000082e00000|100%| O|  |TAMS 0x0000000082e00000, 0x0000000082e00000| Untracked 
|  46|0x0000000082e00000, 0x0000000082f00000, 0x0000000082f00000|100%| O|  |TAMS 0x0000000082f00000, 0x0000000082f00000| Untracked 
|  47|0x0000000082f00000, 0x0000000083000000, 0x0000000083000000|100%| O|  |TAMS 0x0000000083000000, 0x0000000083000000| Untracked 
|  48|0x0000000083000000, 0x0000000083100000, 0x0000000083100000|100%| O|  |TAMS 0x0000000083100000, 0x0000000083100000| Untracked 
|  49|0x0000000083100000, 0x0000000083200000, 0x0000000083200000|100%| O|  |TAMS 0x0000000083200000, 0x0000000083200000| Untracked 
|  50|0x0000000083200000, 0x0000000083300000, 0x0000000083300000|100%| O|  |TAMS 0x0000000083300000, 0x0000000083300000| Untracked 
|  51|0x0000000083300000, 0x0000000083300000, 0x0000000083400000|  0%| F|  |TAMS 0x0000000083300000, 0x0000000083300000| Untracked 
|  52|0x0000000083400000, 0x0000000083500000, 0x0000000083500000|100%|HS|  |TAMS 0x0000000083500000, 0x0000000083500000| Complete 
|  53|0x0000000083500000, 0x0000000083600000, 0x0000000083600000|100%| O|  |TAMS 0x0000000083600000, 0x0000000083600000| Untracked 
|  54|0x0000000083600000, 0x0000000083700000, 0x0000000083700000|100%| O|  |TAMS 0x0000000083700000, 0x0000000083700000| Untracked 
|  55|0x0000000083700000, 0x0000000083800000, 0x0000000083800000|100%|HS|  |TAMS 0x0000000083800000, 0x0000000083800000| Complete 
|  56|0x0000000083800000, 0x0000000083900000, 0x0000000083900000|100%| O|  |TAMS 0x0000000083900000, 0x0000000083900000| Untracked 
|  57|0x0000000083900000, 0x0000000083a00000, 0x0000000083a00000|100%| O|  |TAMS 0x0000000083a00000, 0x0000000083a00000| Untracked 
|  58|0x0000000083a00000, 0x0000000083b00000, 0x0000000083b00000|100%| O|  |TAMS 0x0000000083b00000, 0x0000000083b00000| Untracked 
|  59|0x0000000083b00000, 0x0000000083c00000, 0x0000000083c00000|100%| O|  |TAMS 0x0000000083c00000, 0x0000000083c00000| Untracked 
|  60|0x0000000083c00000, 0x0000000083d00000, 0x0000000083d00000|100%| O|  |TAMS 0x0000000083d00000, 0x0000000083d00000| Untracked 
|  61|0x0000000083d00000, 0x0000000083e00000, 0x0000000083e00000|100%|HS|  |TAMS 0x0000000083e00000, 0x0000000083e00000| Complete 
|  62|0x0000000083e00000, 0x0000000083f00000, 0x0000000083f00000|100%|HC|  |TAMS 0x0000000083f00000, 0x0000000083f00000| Complete 
|  63|0x0000000083f00000, 0x0000000084000000, 0x0000000084000000|100%| O|  |TAMS 0x0000000084000000, 0x0000000084000000| Untracked 
|  64|0x0000000084000000, 0x0000000084100000, 0x0000000084100000|100%| O|  |TAMS 0x0000000084100000, 0x0000000084100000| Untracked 
|  65|0x0000000084100000, 0x0000000084200000, 0x0000000084200000|100%| O|  |TAMS 0x0000000084100000, 0x0000000084200000| Untracked 
|  66|0x0000000084200000, 0x0000000084200000, 0x0000000084300000|  0%| F|  |TAMS 0x0000000084200000, 0x0000000084200000| Untracked 
|  67|0x0000000084300000, 0x0000000084400000, 0x0000000084400000|100%| O|  |TAMS 0x0000000084400000, 0x0000000084400000| Untracked 
|  68|0x0000000084400000, 0x0000000084500000, 0x0000000084500000|100%| O|  |TAMS 0x0000000084500000, 0x0000000084500000| Untracked 
|  69|0x0000000084500000, 0x0000000084600000, 0x0000000084600000|100%| O|  |TAMS 0x0000000084600000, 0x0000000084600000| Untracked 
|  70|0x0000000084600000, 0x0000000084700000, 0x0000000084700000|100%| O|  |TAMS 0x0000000084700000, 0x0000000084700000| Untracked 
|  71|0x0000000084700000, 0x0000000084800000, 0x0000000084800000|100%| O|  |TAMS 0x0000000084800000, 0x0000000084800000| Untracked 
|  72|0x0000000084800000, 0x0000000084900000, 0x0000000084900000|100%| O|  |TAMS 0x0000000084900000, 0x0000000084900000| Untracked 
|  73|0x0000000084900000, 0x0000000084a00000, 0x0000000084a00000|100%| O|  |TAMS 0x0000000084a00000, 0x0000000084a00000| Untracked 
|  74|0x0000000084a00000, 0x0000000084b00000, 0x0000000084b00000|100%| O|  |TAMS 0x0000000084b00000, 0x0000000084b00000| Untracked 
|  75|0x0000000084b00000, 0x0000000084c00000, 0x0000000084c00000|100%| O|  |TAMS 0x0000000084c00000, 0x0000000084c00000| Untracked 
|  76|0x0000000084c00000, 0x0000000084d00000, 0x0000000084d00000|100%| O|  |TAMS 0x0000000084d00000, 0x0000000084d00000| Untracked 
|  77|0x0000000084d00000, 0x0000000084e00000, 0x0000000084e00000|100%| O|  |TAMS 0x0000000084e00000, 0x0000000084e00000| Untracked 
|  78|0x0000000084e00000, 0x0000000084f00000, 0x0000000084f00000|100%| O|  |TAMS 0x0000000084f00000, 0x0000000084f00000| Untracked 
|  79|0x0000000084f00000, 0x0000000085000000, 0x0000000085000000|100%| O|  |TAMS 0x0000000085000000, 0x0000000085000000| Untracked 
|  80|0x0000000085000000, 0x0000000085100000, 0x0000000085100000|100%| O|  |TAMS 0x0000000085100000, 0x0000000085100000| Untracked 
|  81|0x0000000085100000, 0x0000000085200000, 0x0000000085200000|100%| O|  |TAMS 0x0000000085200000, 0x0000000085200000| Untracked 
|  82|0x0000000085200000, 0x0000000085300000, 0x0000000085300000|100%| O|  |TAMS 0x0000000085300000, 0x0000000085300000| Untracked 
|  83|0x0000000085300000, 0x0000000085400000, 0x0000000085400000|100%| O|  |TAMS 0x0000000085300000, 0x0000000085400000| Untracked 
|  84|0x0000000085400000, 0x0000000085500000, 0x0000000085500000|100%| O|  |TAMS 0x0000000085400000, 0x0000000085500000| Untracked 
|  85|0x0000000085500000, 0x0000000085600000, 0x0000000085600000|100%|HS|  |TAMS 0x0000000085600000, 0x0000000085600000| Complete 
|  86|0x0000000085600000, 0x0000000085700000, 0x0000000085700000|100%|HC|  |TAMS 0x0000000085700000, 0x0000000085700000| Complete 
|  87|0x0000000085700000, 0x0000000085800000, 0x0000000085800000|100%|HS|  |TAMS 0x0000000085800000, 0x0000000085800000| Complete 
|  88|0x0000000085800000, 0x0000000085900000, 0x0000000085900000|100%|HC|  |TAMS 0x0000000085900000, 0x0000000085900000| Complete 
|  89|0x0000000085900000, 0x0000000085a00000, 0x0000000085a00000|100%| O|  |TAMS 0x0000000085a00000, 0x0000000085a00000| Untracked 
|  90|0x0000000085a00000, 0x0000000085b00000, 0x0000000085b00000|100%| O|  |TAMS 0x0000000085a00000, 0x0000000085b00000| Untracked 
|  91|0x0000000085b00000, 0x0000000085c00000, 0x0000000085c00000|100%| O|  |TAMS 0x0000000085b00000, 0x0000000085c00000| Untracked 
|  92|0x0000000085c00000, 0x0000000085d00000, 0x0000000085d00000|100%| O|  |TAMS 0x0000000085d00000, 0x0000000085d00000| Untracked 
|  93|0x0000000085d00000, 0x0000000085e00000, 0x0000000085e00000|100%| O|  |TAMS 0x0000000085e00000, 0x0000000085e00000| Untracked 
|  94|0x0000000085e00000, 0x0000000085f00000, 0x0000000085f00000|100%| O|  |TAMS 0x0000000085f00000, 0x0000000085f00000| Untracked 
|  95|0x0000000085f00000, 0x0000000086000000, 0x0000000086000000|100%|HS|  |TAMS 0x0000000086000000, 0x0000000086000000| Complete 
|  96|0x0000000086000000, 0x0000000086100000, 0x0000000086100000|100%|HS|  |TAMS 0x0000000086100000, 0x0000000086100000| Complete 
|  97|0x0000000086100000, 0x0000000086200000, 0x0000000086200000|100%|HC|  |TAMS 0x0000000086200000, 0x0000000086200000| Complete 
|  98|0x0000000086200000, 0x0000000086300000, 0x0000000086300000|100%|HC|  |TAMS 0x0000000086300000, 0x0000000086300000| Complete 
|  99|0x0000000086300000, 0x0000000086400000, 0x0000000086400000|100%| O|  |TAMS 0x0000000086400000, 0x0000000086400000| Untracked 
| 100|0x0000000086400000, 0x0000000086500000, 0x0000000086500000|100%| O|  |TAMS 0x0000000086500000, 0x0000000086500000| Untracked 
| 101|0x0000000086500000, 0x0000000086600000, 0x0000000086600000|100%| O|  |TAMS 0x0000000086600000, 0x0000000086600000| Untracked 
| 102|0x0000000086600000, 0x0000000086700000, 0x0000000086700000|100%| O|  |TAMS 0x0000000086700000, 0x0000000086700000| Untracked 
| 103|0x0000000086700000, 0x00000000867ffff8, 0x0000000086800000| 99%| O|  |TAMS 0x00000000867ffff8, 0x00000000867ffff8| Untracked 
| 104|0x0000000086800000, 0x0000000086900000, 0x0000000086900000|100%| O|  |TAMS 0x0000000086800000, 0x0000000086900000| Untracked 
| 105|0x0000000086900000, 0x0000000086a00000, 0x0000000086a00000|100%| O|  |TAMS 0x0000000086a00000, 0x0000000086a00000| Untracked 
| 106|0x0000000086a00000, 0x0000000086b00000, 0x0000000086b00000|100%| O|  |TAMS 0x0000000086a00000, 0x0000000086b00000| Untracked 
| 107|0x0000000086b00000, 0x0000000086c00000, 0x0000000086c00000|100%|HS|  |TAMS 0x0000000086c00000, 0x0000000086c00000| Complete 
| 108|0x0000000086c00000, 0x0000000086d00000, 0x0000000086d00000|100%|HS|  |TAMS 0x0000000086d00000, 0x0000000086d00000| Complete 
| 109|0x0000000086d00000, 0x0000000086e00000, 0x0000000086e00000|100%|HS|  |TAMS 0x0000000086e00000, 0x0000000086e00000| Complete 
| 110|0x0000000086e00000, 0x0000000086f00000, 0x0000000086f00000|100%|HC|  |TAMS 0x0000000086f00000, 0x0000000086f00000| Complete 
| 111|0x0000000086f00000, 0x0000000087000000, 0x0000000087000000|100%|HC|  |TAMS 0x0000000087000000, 0x0000000087000000| Complete 
| 112|0x0000000087000000, 0x0000000087100000, 0x0000000087100000|100%| O|  |TAMS 0x0000000087100000, 0x0000000087100000| Untracked 
| 113|0x0000000087100000, 0x00000000871a8000, 0x0000000087200000| 65%| O|  |TAMS 0x0000000087100000, 0x00000000871a8000| Untracked 
| 114|0x0000000087200000, 0x0000000087300000, 0x0000000087300000|100%| O|  |TAMS 0x0000000087300000, 0x0000000087300000| Untracked 
| 115|0x0000000087300000, 0x0000000087400000, 0x0000000087400000|100%| O|  |TAMS 0x0000000087400000, 0x0000000087400000| Untracked 
| 116|0x0000000087400000, 0x0000000087500000, 0x0000000087500000|100%| O|  |TAMS 0x0000000087500000, 0x0000000087500000| Untracked 
| 117|0x0000000087500000, 0x0000000087500000, 0x0000000087600000|  0%| F|  |TAMS 0x0000000087500000, 0x0000000087500000| Untracked 
| 118|0x0000000087600000, 0x0000000087700000, 0x0000000087700000|100%| O|  |TAMS 0x0000000087700000, 0x0000000087700000| Untracked 
| 119|0x0000000087700000, 0x0000000087800000, 0x0000000087800000|100%| O|  |TAMS 0x0000000087800000, 0x0000000087800000| Untracked 
| 120|0x0000000087800000, 0x0000000087800000, 0x0000000087900000|  0%| F|  |TAMS 0x0000000087800000, 0x0000000087800000| Untracked 
| 121|0x0000000087900000, 0x0000000087a00000, 0x0000000087a00000|100%| O|  |TAMS 0x0000000087a00000, 0x0000000087a00000| Untracked 
| 122|0x0000000087a00000, 0x0000000087b00000, 0x0000000087b00000|100%| O|  |TAMS 0x0000000087b00000, 0x0000000087b00000| Untracked 
| 123|0x0000000087b00000, 0x0000000087c00000, 0x0000000087c00000|100%| O|  |TAMS 0x0000000087c00000, 0x0000000087c00000| Untracked 
| 124|0x0000000087c00000, 0x0000000087d00000, 0x0000000087d00000|100%| O|  |TAMS 0x0000000087d00000, 0x0000000087d00000| Untracked 
| 125|0x0000000087d00000, 0x0000000087e00000, 0x0000000087e00000|100%| O|  |TAMS 0x0000000087e00000, 0x0000000087e00000| Untracked 
| 126|0x0000000087e00000, 0x0000000087f00000, 0x0000000087f00000|100%| O|  |TAMS 0x0000000087f00000, 0x0000000087f00000| Untracked 
| 127|0x0000000087f00000, 0x0000000087f00000, 0x0000000088000000|  0%| F|  |TAMS 0x0000000087f00000, 0x0000000087f00000| Untracked 
| 128|0x0000000088000000, 0x0000000088000000, 0x0000000088100000|  0%| F|  |TAMS 0x0000000088000000, 0x0000000088000000| Untracked 
| 129|0x0000000088100000, 0x0000000088200000, 0x0000000088200000|100%| O|  |TAMS 0x0000000088200000, 0x0000000088200000| Untracked 
| 130|0x0000000088200000, 0x0000000088300000, 0x0000000088300000|100%| O|  |TAMS 0x0000000088300000, 0x0000000088300000| Untracked 
| 131|0x0000000088300000, 0x0000000088400000, 0x0000000088400000|100%| O|  |TAMS 0x0000000088400000, 0x0000000088400000| Untracked 
| 132|0x0000000088400000, 0x0000000088500000, 0x0000000088500000|100%| O|  |TAMS 0x0000000088500000, 0x0000000088500000| Untracked 
| 133|0x0000000088500000, 0x0000000088600000, 0x0000000088600000|100%| O|  |TAMS 0x0000000088600000, 0x0000000088600000| Untracked 
| 134|0x0000000088600000, 0x0000000088600000, 0x0000000088700000|  0%| F|  |TAMS 0x0000000088600000, 0x0000000088600000| Untracked 
| 135|0x0000000088700000, 0x0000000088700000, 0x0000000088800000|  0%| F|  |TAMS 0x0000000088700000, 0x0000000088700000| Untracked 
| 136|0x0000000088800000, 0x0000000088900000, 0x0000000088900000|100%| O|  |TAMS 0x0000000088900000, 0x0000000088900000| Untracked 
| 137|0x0000000088900000, 0x0000000088a00000, 0x0000000088a00000|100%| O|  |TAMS 0x0000000088a00000, 0x0000000088a00000| Untracked 
| 138|0x0000000088a00000, 0x0000000088b00000, 0x0000000088b00000|100%| O|  |TAMS 0x0000000088a6dc00, 0x0000000088b00000| Untracked 
| 139|0x0000000088b00000, 0x0000000088c00000, 0x0000000088c00000|100%|HS|  |TAMS 0x0000000088b00000, 0x0000000088c00000| Complete 
| 140|0x0000000088c00000, 0x0000000088d00000, 0x0000000088d00000|100%|HC|  |TAMS 0x0000000088c00000, 0x0000000088d00000| Complete 
| 141|0x0000000088d00000, 0x0000000088d00000, 0x0000000088e00000|  0%| F|  |TAMS 0x0000000088d00000, 0x0000000088d00000| Untracked 
| 142|0x0000000088e00000, 0x0000000088e00000, 0x0000000088f00000|  0%| F|  |TAMS 0x0000000088e00000, 0x0000000088e00000| Untracked 
| 143|0x0000000088f00000, 0x0000000088f00000, 0x0000000089000000|  0%| F|  |TAMS 0x0000000088f00000, 0x0000000088f00000| Untracked 
| 144|0x0000000089000000, 0x0000000089000000, 0x0000000089100000|  0%| F|  |TAMS 0x0000000089000000, 0x0000000089000000| Untracked 
| 145|0x0000000089100000, 0x0000000089200000, 0x0000000089200000|100%| O|  |TAMS 0x0000000089200000, 0x0000000089200000| Untracked 
| 146|0x0000000089200000, 0x0000000089300000, 0x0000000089300000|100%| O|  |TAMS 0x0000000089300000, 0x0000000089300000| Untracked 
| 147|0x0000000089300000, 0x0000000089400000, 0x0000000089400000|100%| O|  |TAMS 0x0000000089400000, 0x0000000089400000| Untracked 
| 148|0x0000000089400000, 0x0000000089500000, 0x0000000089500000|100%| O|  |TAMS 0x0000000089500000, 0x0000000089500000| Untracked 
| 149|0x0000000089500000, 0x0000000089600000, 0x0000000089600000|100%| O|  |TAMS 0x0000000089600000, 0x0000000089600000| Untracked 
| 150|0x0000000089600000, 0x0000000089600000, 0x0000000089700000|  0%| F|  |TAMS 0x0000000089600000, 0x0000000089600000| Untracked 
| 151|0x0000000089700000, 0x0000000089800000, 0x0000000089800000|100%| O|  |TAMS 0x0000000089800000, 0x0000000089800000| Untracked 
| 152|0x0000000089800000, 0x0000000089900000, 0x0000000089900000|100%| O|  |TAMS 0x0000000089900000, 0x0000000089900000| Untracked 
| 153|0x0000000089900000, 0x0000000089900000, 0x0000000089a00000|  0%| F|  |TAMS 0x0000000089900000, 0x0000000089900000| Untracked 
| 154|0x0000000089a00000, 0x0000000089b00000, 0x0000000089b00000|100%| O|  |TAMS 0x0000000089b00000, 0x0000000089b00000| Untracked 
| 155|0x0000000089b00000, 0x0000000089c00000, 0x0000000089c00000|100%| O|  |TAMS 0x0000000089c00000, 0x0000000089c00000| Untracked 
| 156|0x0000000089c00000, 0x0000000089d00000, 0x0000000089d00000|100%| O|  |TAMS 0x0000000089d00000, 0x0000000089d00000| Untracked 
| 157|0x0000000089d00000, 0x0000000089e00000, 0x0000000089e00000|100%| O|  |TAMS 0x0000000089e00000, 0x0000000089e00000| Untracked 
| 158|0x0000000089e00000, 0x0000000089f00000, 0x0000000089f00000|100%| O|  |TAMS 0x0000000089f00000, 0x0000000089f00000| Untracked 
| 159|0x0000000089f00000, 0x000000008a000000, 0x000000008a000000|100%| O|  |TAMS 0x000000008a000000, 0x000000008a000000| Untracked 
| 160|0x000000008a000000, 0x000000008a100000, 0x000000008a100000|100%| O|  |TAMS 0x000000008a100000, 0x000000008a100000| Untracked 
| 161|0x000000008a100000, 0x000000008a200000, 0x000000008a200000|100%| O|  |TAMS 0x000000008a200000, 0x000000008a200000| Untracked 
| 162|0x000000008a200000, 0x000000008a300000, 0x000000008a300000|100%| O|  |TAMS 0x000000008a300000, 0x000000008a300000| Untracked 
| 163|0x000000008a300000, 0x000000008a400000, 0x000000008a400000|100%| O|  |TAMS 0x000000008a400000, 0x000000008a400000| Untracked 
| 164|0x000000008a400000, 0x000000008a500000, 0x000000008a500000|100%| O|  |TAMS 0x000000008a500000, 0x000000008a500000| Untracked 
| 165|0x000000008a500000, 0x000000008a500000, 0x000000008a600000|  0%| F|  |TAMS 0x000000008a500000, 0x000000008a500000| Untracked 
| 166|0x000000008a600000, 0x000000008a600000, 0x000000008a700000|  0%| F|  |TAMS 0x000000008a600000, 0x000000008a600000| Untracked 
| 167|0x000000008a700000, 0x000000008a800000, 0x000000008a800000|100%| O|  |TAMS 0x000000008a800000, 0x000000008a800000| Untracked 
| 168|0x000000008a800000, 0x000000008a800000, 0x000000008a900000|  0%| F|  |TAMS 0x000000008a800000, 0x000000008a800000| Untracked 
| 169|0x000000008a900000, 0x000000008a900000, 0x000000008aa00000|  0%| F|  |TAMS 0x000000008a900000, 0x000000008a900000| Untracked 
| 170|0x000000008aa00000, 0x000000008ab00000, 0x000000008ab00000|100%| O|  |TAMS 0x000000008ab00000, 0x000000008ab00000| Untracked 
| 171|0x000000008ab00000, 0x000000008ab00000, 0x000000008ac00000|  0%| F|  |TAMS 0x000000008ab00000, 0x000000008ab00000| Untracked 
| 172|0x000000008ac00000, 0x000000008ad00000, 0x000000008ad00000|100%| O|  |TAMS 0x000000008ad00000, 0x000000008ad00000| Untracked 
| 173|0x000000008ad00000, 0x000000008ae00000, 0x000000008ae00000|100%| O|  |TAMS 0x000000008ae00000, 0x000000008ae00000| Untracked 
| 174|0x000000008ae00000, 0x000000008af00000, 0x000000008af00000|100%| O|  |TAMS 0x000000008af00000, 0x000000008af00000| Untracked 
| 175|0x000000008af00000, 0x000000008af00000, 0x000000008b000000|  0%| F|  |TAMS 0x000000008af00000, 0x000000008af00000| Untracked 
| 176|0x000000008b000000, 0x000000008b100000, 0x000000008b100000|100%| O|  |TAMS 0x000000008b100000, 0x000000008b100000| Untracked 
| 177|0x000000008b100000, 0x000000008b200000, 0x000000008b200000|100%| O|  |TAMS 0x000000008b200000, 0x000000008b200000| Untracked 
| 178|0x000000008b200000, 0x000000008b300000, 0x000000008b300000|100%| O|  |TAMS 0x000000008b300000, 0x000000008b300000| Untracked 
| 179|0x000000008b300000, 0x000000008b300000, 0x000000008b400000|  0%| F|  |TAMS 0x000000008b300000, 0x000000008b300000| Untracked 
| 180|0x000000008b400000, 0x000000008b400000, 0x000000008b500000|  0%| F|  |TAMS 0x000000008b400000, 0x000000008b400000| Untracked 
| 181|0x000000008b500000, 0x000000008b500000, 0x000000008b600000|  0%| F|  |TAMS 0x000000008b500000, 0x000000008b500000| Untracked 
| 182|0x000000008b600000, 0x000000008b600000, 0x000000008b700000|  0%| F|  |TAMS 0x000000008b600000, 0x000000008b600000| Untracked 
| 183|0x000000008b700000, 0x000000008b800000, 0x000000008b800000|100%| O|  |TAMS 0x000000008b800000, 0x000000008b800000| Untracked 
| 184|0x000000008b800000, 0x000000008b900000, 0x000000008b900000|100%| O|  |TAMS 0x000000008b900000, 0x000000008b900000| Untracked 
| 185|0x000000008b900000, 0x000000008ba00000, 0x000000008ba00000|100%| O|  |TAMS 0x000000008ba00000, 0x000000008ba00000| Untracked 
| 186|0x000000008ba00000, 0x000000008ba00000, 0x000000008bb00000|  0%| F|  |TAMS 0x000000008ba00000, 0x000000008ba00000| Untracked 
| 187|0x000000008bb00000, 0x000000008bb00000, 0x000000008bc00000|  0%| F|  |TAMS 0x000000008bb00000, 0x000000008bb00000| Untracked 
| 188|0x000000008bc00000, 0x000000008bd00000, 0x000000008bd00000|100%| O|  |TAMS 0x000000008bd00000, 0x000000008bd00000| Untracked 
| 189|0x000000008bd00000, 0x000000008be00000, 0x000000008be00000|100%| O|  |TAMS 0x000000008be00000, 0x000000008be00000| Untracked 
| 190|0x000000008be00000, 0x000000008be00000, 0x000000008bf00000|  0%| F|  |TAMS 0x000000008be00000, 0x000000008be00000| Untracked 
| 191|0x000000008bf00000, 0x000000008c000000, 0x000000008c000000|100%| O|  |TAMS 0x000000008c000000, 0x000000008c000000| Untracked 
| 192|0x000000008c000000, 0x000000008c000000, 0x000000008c100000|  0%| F|  |TAMS 0x000000008c000000, 0x000000008c000000| Untracked 
| 193|0x000000008c100000, 0x000000008c100000, 0x000000008c200000|  0%| F|  |TAMS 0x000000008c100000, 0x000000008c100000| Untracked 
| 194|0x000000008c200000, 0x000000008c200000, 0x000000008c300000|  0%| F|  |TAMS 0x000000008c200000, 0x000000008c200000| Untracked 
| 195|0x000000008c300000, 0x000000008c300000, 0x000000008c400000|  0%| F|  |TAMS 0x000000008c300000, 0x000000008c300000| Untracked 
| 196|0x000000008c400000, 0x000000008c400000, 0x000000008c500000|  0%| F|  |TAMS 0x000000008c400000, 0x000000008c400000| Untracked 
| 197|0x000000008c500000, 0x000000008c500000, 0x000000008c600000|  0%| F|  |TAMS 0x000000008c500000, 0x000000008c500000| Untracked 
| 198|0x000000008c600000, 0x000000008c600000, 0x000000008c700000|  0%| F|  |TAMS 0x000000008c600000, 0x000000008c600000| Untracked 
| 199|0x000000008c700000, 0x000000008c700000, 0x000000008c800000|  0%| F|  |TAMS 0x000000008c700000, 0x000000008c700000| Untracked 
| 200|0x000000008c800000, 0x000000008c900000, 0x000000008c900000|100%| O|  |TAMS 0x000000008c900000, 0x000000008c900000| Untracked 
| 201|0x000000008c900000, 0x000000008c900000, 0x000000008ca00000|  0%| F|  |TAMS 0x000000008c900000, 0x000000008c900000| Untracked 
| 202|0x000000008ca00000, 0x000000008cb00000, 0x000000008cb00000|100%| O|  |TAMS 0x000000008cb00000, 0x000000008cb00000| Untracked 
| 203|0x000000008cb00000, 0x000000008cc00000, 0x000000008cc00000|100%| O|  |TAMS 0x000000008cc00000, 0x000000008cc00000| Untracked 
| 204|0x000000008cc00000, 0x000000008cd00000, 0x000000008cd00000|100%| O|  |TAMS 0x000000008cd00000, 0x000000008cd00000| Untracked 
| 205|0x000000008cd00000, 0x000000008ce00000, 0x000000008ce00000|100%| O|  |TAMS 0x000000008ce00000, 0x000000008ce00000| Untracked 
| 206|0x000000008ce00000, 0x000000008cf00000, 0x000000008cf00000|100%| O|  |TAMS 0x000000008cf00000, 0x000000008cf00000| Untracked 
| 207|0x000000008cf00000, 0x000000008d000000, 0x000000008d000000|100%| O|  |TAMS 0x000000008d000000, 0x000000008d000000| Untracked 
| 208|0x000000008d000000, 0x000000008d100000, 0x000000008d100000|100%| O|  |TAMS 0x000000008d100000, 0x000000008d100000| Untracked 
| 209|0x000000008d100000, 0x000000008d200000, 0x000000008d200000|100%| O|  |TAMS 0x000000008d200000, 0x000000008d200000| Untracked 
| 210|0x000000008d200000, 0x000000008d300000, 0x000000008d300000|100%| O|  |TAMS 0x000000008d300000, 0x000000008d300000| Untracked 
| 211|0x000000008d300000, 0x000000008d400000, 0x000000008d400000|100%| O|  |TAMS 0x000000008d400000, 0x000000008d400000| Untracked 
| 212|0x000000008d400000, 0x000000008d500000, 0x000000008d500000|100%| O|  |TAMS 0x000000008d500000, 0x000000008d500000| Untracked 
| 213|0x000000008d500000, 0x000000008d600000, 0x000000008d600000|100%| O|  |TAMS 0x000000008d600000, 0x000000008d600000| Untracked 
| 214|0x000000008d600000, 0x000000008d700000, 0x000000008d700000|100%| O|  |TAMS 0x000000008d700000, 0x000000008d700000| Untracked 
| 215|0x000000008d700000, 0x000000008d700000, 0x000000008d800000|  0%| F|  |TAMS 0x000000008d700000, 0x000000008d700000| Untracked 
| 216|0x000000008d800000, 0x000000008d900000, 0x000000008d900000|100%| O|  |TAMS 0x000000008d900000, 0x000000008d900000| Untracked 
| 217|0x000000008d900000, 0x000000008da00000, 0x000000008da00000|100%| O|  |TAMS 0x000000008da00000, 0x000000008da00000| Untracked 
| 218|0x000000008da00000, 0x000000008db00000, 0x000000008db00000|100%| O|  |TAMS 0x000000008db00000, 0x000000008db00000| Untracked 
| 219|0x000000008db00000, 0x000000008dc00000, 0x000000008dc00000|100%| O|  |TAMS 0x000000008dc00000, 0x000000008dc00000| Untracked 
| 220|0x000000008dc00000, 0x000000008dd00000, 0x000000008dd00000|100%| O|  |TAMS 0x000000008dd00000, 0x000000008dd00000| Untracked 
| 221|0x000000008dd00000, 0x000000008de00000, 0x000000008de00000|100%| O|  |TAMS 0x000000008de00000, 0x000000008de00000| Untracked 
| 222|0x000000008de00000, 0x000000008df00000, 0x000000008df00000|100%| O|  |TAMS 0x000000008df00000, 0x000000008df00000| Untracked 
| 223|0x000000008df00000, 0x000000008e000000, 0x000000008e000000|100%| O|  |TAMS 0x000000008e000000, 0x000000008e000000| Untracked 
| 224|0x000000008e000000, 0x000000008e100000, 0x000000008e100000|100%| O|  |TAMS 0x000000008e100000, 0x000000008e100000| Untracked 
| 225|0x000000008e100000, 0x000000008e100000, 0x000000008e200000|  0%| F|  |TAMS 0x000000008e100000, 0x000000008e100000| Untracked 
| 226|0x000000008e200000, 0x000000008e200000, 0x000000008e300000|  0%| F|  |TAMS 0x000000008e200000, 0x000000008e200000| Untracked 
| 227|0x000000008e300000, 0x000000008e300000, 0x000000008e400000|  0%| F|  |TAMS 0x000000008e300000, 0x000000008e300000| Untracked 
| 228|0x000000008e400000, 0x000000008e400000, 0x000000008e500000|  0%| F|  |TAMS 0x000000008e400000, 0x000000008e400000| Untracked 
| 229|0x000000008e500000, 0x000000008e500000, 0x000000008e600000|  0%| F|  |TAMS 0x000000008e500000, 0x000000008e500000| Untracked 
| 230|0x000000008e600000, 0x000000008e600000, 0x000000008e700000|  0%| F|  |TAMS 0x000000008e600000, 0x000000008e600000| Untracked 
| 231|0x000000008e700000, 0x000000008e700000, 0x000000008e800000|  0%| F|  |TAMS 0x000000008e700000, 0x000000008e700000| Untracked 
| 232|0x000000008e800000, 0x000000008e800000, 0x000000008e900000|  0%| F|  |TAMS 0x000000008e800000, 0x000000008e800000| Untracked 
| 233|0x000000008e900000, 0x000000008e900000, 0x000000008ea00000|  0%| F|  |TAMS 0x000000008e900000, 0x000000008e900000| Untracked 
| 234|0x000000008ea00000, 0x000000008ea00000, 0x000000008eb00000|  0%| F|  |TAMS 0x000000008ea00000, 0x000000008ea00000| Untracked 
| 235|0x000000008eb00000, 0x000000008eb00000, 0x000000008ec00000|  0%| F|  |TAMS 0x000000008eb00000, 0x000000008eb00000| Untracked 
| 236|0x000000008ec00000, 0x000000008ec00000, 0x000000008ed00000|  0%| F|  |TAMS 0x000000008ec00000, 0x000000008ec00000| Untracked 
| 237|0x000000008ed00000, 0x000000008ed00000, 0x000000008ee00000|  0%| F|  |TAMS 0x000000008ed00000, 0x000000008ed00000| Untracked 
| 238|0x000000008ee00000, 0x000000008ee00000, 0x000000008ef00000|  0%| F|  |TAMS 0x000000008ee00000, 0x000000008ee00000| Untracked 
| 239|0x000000008ef00000, 0x000000008ef00000, 0x000000008f000000|  0%| F|  |TAMS 0x000000008ef00000, 0x000000008ef00000| Untracked 
| 240|0x000000008f000000, 0x000000008f000000, 0x000000008f100000|  0%| F|  |TAMS 0x000000008f000000, 0x000000008f000000| Untracked 
| 241|0x000000008f100000, 0x000000008f100000, 0x000000008f200000|  0%| F|  |TAMS 0x000000008f100000, 0x000000008f100000| Untracked 
| 242|0x000000008f200000, 0x000000008f200000, 0x000000008f300000|  0%| F|  |TAMS 0x000000008f200000, 0x000000008f200000| Untracked 
| 243|0x000000008f300000, 0x000000008f300000, 0x000000008f400000|  0%| F|  |TAMS 0x000000008f300000, 0x000000008f300000| Untracked 
| 244|0x000000008f400000, 0x000000008f400000, 0x000000008f500000|  0%| F|  |TAMS 0x000000008f400000, 0x000000008f400000| Untracked 
| 245|0x000000008f500000, 0x000000008f500000, 0x000000008f600000|  0%| F|  |TAMS 0x000000008f500000, 0x000000008f500000| Untracked 
| 246|0x000000008f600000, 0x000000008f600000, 0x000000008f700000|  0%| F|  |TAMS 0x000000008f600000, 0x000000008f600000| Untracked 
| 247|0x000000008f700000, 0x000000008f700000, 0x000000008f800000|  0%| F|  |TAMS 0x000000008f700000, 0x000000008f700000| Untracked 
| 248|0x000000008f800000, 0x000000008f800000, 0x000000008f900000|  0%| F|  |TAMS 0x000000008f800000, 0x000000008f800000| Untracked 
| 249|0x000000008f900000, 0x000000008f900000, 0x000000008fa00000|  0%| F|  |TAMS 0x000000008f900000, 0x000000008f900000| Untracked 
| 250|0x000000008fa00000, 0x000000008fa00000, 0x000000008fb00000|  0%| F|  |TAMS 0x000000008fa00000, 0x000000008fa00000| Untracked 
| 251|0x000000008fb00000, 0x000000008fb00000, 0x000000008fc00000|  0%| F|  |TAMS 0x000000008fb00000, 0x000000008fb00000| Untracked 
| 252|0x000000008fc00000, 0x000000008fc00000, 0x000000008fd00000|  0%| F|  |TAMS 0x000000008fc00000, 0x000000008fc00000| Untracked 
| 253|0x000000008fd00000, 0x000000008fd00000, 0x000000008fe00000|  0%| F|  |TAMS 0x000000008fd00000, 0x000000008fd00000| Untracked 
| 254|0x000000008fe00000, 0x000000008fe00000, 0x000000008ff00000|  0%| F|  |TAMS 0x000000008fe00000, 0x000000008fe00000| Untracked 
| 255|0x000000008ff00000, 0x000000008ff00000, 0x0000000090000000|  0%| F|  |TAMS 0x000000008ff00000, 0x000000008ff00000| Untracked 
| 256|0x0000000090000000, 0x0000000090000000, 0x0000000090100000|  0%| F|  |TAMS 0x0000000090000000, 0x0000000090000000| Untracked 
| 257|0x0000000090100000, 0x0000000090100000, 0x0000000090200000|  0%| F|  |TAMS 0x0000000090100000, 0x0000000090100000| Untracked 
| 258|0x0000000090200000, 0x0000000090200000, 0x0000000090300000|  0%| F|  |TAMS 0x0000000090200000, 0x0000000090200000| Untracked 
| 259|0x0000000090300000, 0x0000000090300000, 0x0000000090400000|  0%| F|  |TAMS 0x0000000090300000, 0x0000000090300000| Untracked 
| 260|0x0000000090400000, 0x0000000090400000, 0x0000000090500000|  0%| F|  |TAMS 0x0000000090400000, 0x0000000090400000| Untracked 
| 261|0x0000000090500000, 0x0000000090500000, 0x0000000090600000|  0%| F|  |TAMS 0x0000000090500000, 0x0000000090500000| Untracked 
| 262|0x0000000090600000, 0x0000000090600000, 0x0000000090700000|  0%| F|  |TAMS 0x0000000090600000, 0x0000000090600000| Untracked 
| 263|0x0000000090700000, 0x0000000090700000, 0x0000000090800000|  0%| F|  |TAMS 0x0000000090700000, 0x0000000090700000| Untracked 
| 264|0x0000000090800000, 0x0000000090800000, 0x0000000090900000|  0%| F|  |TAMS 0x0000000090800000, 0x0000000090800000| Untracked 
| 265|0x0000000090900000, 0x0000000090900000, 0x0000000090a00000|  0%| F|  |TAMS 0x0000000090900000, 0x0000000090900000| Untracked 
| 266|0x0000000090a00000, 0x0000000090a00000, 0x0000000090b00000|  0%| F|  |TAMS 0x0000000090a00000, 0x0000000090a00000| Untracked 
| 267|0x0000000090b00000, 0x0000000090b00000, 0x0000000090c00000|  0%| F|  |TAMS 0x0000000090b00000, 0x0000000090b00000| Untracked 
| 268|0x0000000090c00000, 0x0000000090c00000, 0x0000000090d00000|  0%| F|  |TAMS 0x0000000090c00000, 0x0000000090c00000| Untracked 
| 269|0x0000000090d00000, 0x0000000090d00000, 0x0000000090e00000|  0%| F|  |TAMS 0x0000000090d00000, 0x0000000090d00000| Untracked 
| 270|0x0000000090e00000, 0x0000000090e00000, 0x0000000090f00000|  0%| F|  |TAMS 0x0000000090e00000, 0x0000000090e00000| Untracked 
| 271|0x0000000090f00000, 0x0000000090f00000, 0x0000000091000000|  0%| F|  |TAMS 0x0000000090f00000, 0x0000000090f00000| Untracked 
| 272|0x0000000091000000, 0x0000000091000000, 0x0000000091100000|  0%| F|  |TAMS 0x0000000091000000, 0x0000000091000000| Untracked 
| 273|0x0000000091100000, 0x0000000091100000, 0x0000000091200000|  0%| F|  |TAMS 0x0000000091100000, 0x0000000091100000| Untracked 
| 274|0x0000000091200000, 0x0000000091200000, 0x0000000091300000|  0%| F|  |TAMS 0x0000000091200000, 0x0000000091200000| Untracked 
| 275|0x0000000091300000, 0x0000000091300000, 0x0000000091400000|  0%| F|  |TAMS 0x0000000091300000, 0x0000000091300000| Untracked 
| 276|0x0000000091400000, 0x0000000091400000, 0x0000000091500000|  0%| F|  |TAMS 0x0000000091400000, 0x0000000091400000| Untracked 
| 277|0x0000000091500000, 0x0000000091500000, 0x0000000091600000|  0%| F|  |TAMS 0x0000000091500000, 0x0000000091500000| Untracked 
| 278|0x0000000091600000, 0x0000000091600000, 0x0000000091700000|  0%| F|  |TAMS 0x0000000091600000, 0x0000000091600000| Untracked 
| 279|0x0000000091700000, 0x0000000091700000, 0x0000000091800000|  0%| F|  |TAMS 0x0000000091700000, 0x0000000091700000| Untracked 
| 280|0x0000000091800000, 0x0000000091800000, 0x0000000091900000|  0%| F|  |TAMS 0x0000000091800000, 0x0000000091800000| Untracked 
| 281|0x0000000091900000, 0x0000000091900000, 0x0000000091a00000|  0%| F|  |TAMS 0x0000000091900000, 0x0000000091900000| Untracked 
| 282|0x0000000091a00000, 0x0000000091a00000, 0x0000000091b00000|  0%| F|  |TAMS 0x0000000091a00000, 0x0000000091a00000| Untracked 
| 283|0x0000000091b00000, 0x0000000091b00000, 0x0000000091c00000|  0%| F|  |TAMS 0x0000000091b00000, 0x0000000091b00000| Untracked 
| 284|0x0000000091c00000, 0x0000000091c00000, 0x0000000091d00000|  0%| F|  |TAMS 0x0000000091c00000, 0x0000000091c00000| Untracked 
| 285|0x0000000091d00000, 0x0000000091d690d0, 0x0000000091e00000| 41%| S|CS|TAMS 0x0000000091d00000, 0x0000000091d00000| Complete 
| 286|0x0000000091e00000, 0x0000000091f00000, 0x0000000091f00000|100%| S|CS|TAMS 0x0000000091e00000, 0x0000000091e00000| Complete 
| 287|0x0000000091f00000, 0x0000000092000000, 0x0000000092000000|100%| S|CS|TAMS 0x0000000091f00000, 0x0000000091f00000| Complete 
| 288|0x0000000092000000, 0x0000000092100000, 0x0000000092100000|100%| S|CS|TAMS 0x0000000092000000, 0x0000000092000000| Complete 
| 289|0x0000000092100000, 0x0000000092200000, 0x0000000092200000|100%| S|CS|TAMS 0x0000000092100000, 0x0000000092100000| Complete 
| 290|0x0000000092200000, 0x0000000092200000, 0x0000000092300000|  0%| F|  |TAMS 0x0000000092200000, 0x0000000092200000| Untracked 
| 291|0x0000000092300000, 0x0000000092300000, 0x0000000092400000|  0%| F|  |TAMS 0x0000000092300000, 0x0000000092300000| Untracked 
| 292|0x0000000092400000, 0x0000000092400000, 0x0000000092500000|  0%| F|  |TAMS 0x0000000092400000, 0x0000000092400000| Untracked 
| 293|0x0000000092500000, 0x0000000092500000, 0x0000000092600000|  0%| F|  |TAMS 0x0000000092500000, 0x0000000092500000| Untracked 
| 294|0x0000000092600000, 0x0000000092600000, 0x0000000092700000|  0%| F|  |TAMS 0x0000000092600000, 0x0000000092600000| Untracked 
| 295|0x0000000092700000, 0x0000000092700000, 0x0000000092800000|  0%| F|  |TAMS 0x0000000092700000, 0x0000000092700000| Untracked 
| 296|0x0000000092800000, 0x0000000092800000, 0x0000000092900000|  0%| F|  |TAMS 0x0000000092800000, 0x0000000092800000| Untracked 
| 297|0x0000000092900000, 0x0000000092900000, 0x0000000092a00000|  0%| F|  |TAMS 0x0000000092900000, 0x0000000092900000| Untracked 
| 298|0x0000000092a00000, 0x0000000092a00000, 0x0000000092b00000|  0%| F|  |TAMS 0x0000000092a00000, 0x0000000092a00000| Untracked 
| 299|0x0000000092b00000, 0x0000000092b00000, 0x0000000092c00000|  0%| F|  |TAMS 0x0000000092b00000, 0x0000000092b00000| Untracked 
| 300|0x0000000092c00000, 0x0000000092c00000, 0x0000000092d00000|  0%| F|  |TAMS 0x0000000092c00000, 0x0000000092c00000| Untracked 
| 301|0x0000000092d00000, 0x0000000092d00000, 0x0000000092e00000|  0%| F|  |TAMS 0x0000000092d00000, 0x0000000092d00000| Untracked 
| 302|0x0000000092e00000, 0x0000000092e00000, 0x0000000092f00000|  0%| F|  |TAMS 0x0000000092e00000, 0x0000000092e00000| Untracked 
| 303|0x0000000092f00000, 0x0000000092f00000, 0x0000000093000000|  0%| F|  |TAMS 0x0000000092f00000, 0x0000000092f00000| Untracked 
| 304|0x0000000093000000, 0x0000000093000000, 0x0000000093100000|  0%| F|  |TAMS 0x0000000093000000, 0x0000000093000000| Untracked 
| 305|0x0000000093100000, 0x0000000093100000, 0x0000000093200000|  0%| F|  |TAMS 0x0000000093100000, 0x0000000093100000| Untracked 
| 306|0x0000000093200000, 0x0000000093200000, 0x0000000093300000|  0%| F|  |TAMS 0x0000000093200000, 0x0000000093200000| Untracked 
| 307|0x0000000093300000, 0x0000000093300000, 0x0000000093400000|  0%| F|  |TAMS 0x0000000093300000, 0x0000000093300000| Untracked 
| 308|0x0000000093400000, 0x0000000093400000, 0x0000000093500000|  0%| F|  |TAMS 0x0000000093400000, 0x0000000093400000| Untracked 
| 309|0x0000000093500000, 0x0000000093500000, 0x0000000093600000|  0%| F|  |TAMS 0x0000000093500000, 0x0000000093500000| Untracked 
| 310|0x0000000093600000, 0x0000000093600000, 0x0000000093700000|  0%| F|  |TAMS 0x0000000093600000, 0x0000000093600000| Untracked 
| 311|0x0000000093700000, 0x0000000093700000, 0x0000000093800000|  0%| F|  |TAMS 0x0000000093700000, 0x0000000093700000| Untracked 
| 312|0x0000000093800000, 0x0000000093800000, 0x0000000093900000|  0%| F|  |TAMS 0x0000000093800000, 0x0000000093800000| Untracked 
| 313|0x0000000093900000, 0x0000000093900000, 0x0000000093a00000|  0%| F|  |TAMS 0x0000000093900000, 0x0000000093900000| Untracked 
| 314|0x0000000093a00000, 0x0000000093a00000, 0x0000000093b00000|  0%| F|  |TAMS 0x0000000093a00000, 0x0000000093a00000| Untracked 
| 315|0x0000000093b00000, 0x0000000093b00000, 0x0000000093c00000|  0%| F|  |TAMS 0x0000000093b00000, 0x0000000093b00000| Untracked 
| 316|0x0000000093c00000, 0x0000000093c00000, 0x0000000093d00000|  0%| F|  |TAMS 0x0000000093c00000, 0x0000000093c00000| Untracked 

Card table byte_map: [0x00000232f47a0000,0x00000232f4ba0000] _byte_map_base: 0x00000232f43a0000

Marking Bits (Prev, Next): (CMBitMap*) 0x00000232eead0e98, (CMBitMap*) 0x00000232eead0ed0
 Prev Bits: [0x00000232f4fa0000, 0x00000232f6fa0000)
 Next Bits: [0x00000232f6fa0000, 0x00000232f8fa0000)

Polling page: 0x00000232ee8e0000

Metaspace:

Usage:
  Non-class:    130.54 MB capacity,   127.60 MB ( 98%) used,     2.47 MB (  2%) free+waste,   485.69 KB ( <1%) overhead. 
      Class:     19.80 MB capacity,    18.09 MB ( 91%) used,     1.50 MB (  8%) free+waste,   214.13 KB (  1%) overhead. 
       Both:    150.34 MB capacity,   145.69 MB ( 97%) used,     3.97 MB (  3%) free+waste,   699.81 KB ( <1%) overhead. 

Virtual space:
  Non-class space:      152.00 MB reserved,     130.58 MB ( 86%) committed 
      Class space:      504.00 MB reserved,      19.88 MB (  4%) committed 
             Both:      656.00 MB reserved,     150.45 MB ( 23%) committed 

Chunk freelists:
   Non-Class:  34.00 KB
       Class:  16.00 KB
        Both:  50.00 KB

MaxMetaspaceSize: 512.00 MB
CompressedClassSpaceSize: 504.00 MB
Initial GC threshold: 20.80 MB
Current GC threshold: 246.08 MB
CDS: off

CodeHeap 'non-profiled nmethods': size=120064Kb used=12353Kb max_used=12353Kb free=107710Kb
 bounds [0x0000023287ac0000, 0x00000232886e0000, 0x000002328f000000]
CodeHeap 'profiled nmethods': size=120000Kb used=50203Kb max_used=50203Kb free=69796Kb
 bounds [0x0000023280590000, 0x00000232836a0000, 0x0000023287ac0000]
CodeHeap 'non-nmethods': size=5696Kb used=2489Kb max_used=2542Kb free=3206Kb
 bounds [0x0000023280000000, 0x0000023280290000, 0x0000023280590000]
 total_blobs=23490 nmethods=22452 adapters=949
 compilation: enabled
              stopped_count=0, restarted_count=0
 full_count=0

Compilation events (20 events):
Event: 317.219 Thread 0x00000232fbdb7800 24040       3       com.android.tools.r8.internal.sp::a (246 bytes)
Event: 317.221 Thread 0x00000232fbdb7800 nmethod 24040 0x0000023283694390 code [0x0000023283694680, 0x0000023283695768]
Event: 317.221 Thread 0x00000232fbdb7800 24041       3       com.android.tools.r8.internal.tp::b (57 bytes)
Event: 317.222 Thread 0x00000232fbdb7800 nmethod 24041 0x0000023283695d90 code [0x0000023283695f80, 0x00000232836963d8]
Event: 317.243 Thread 0x00000232fbdb7800 24042       3       com.android.tools.r8.graph.b1::h (24 bytes)
Event: 317.244 Thread 0x00000232fbdb7800 nmethod 24042 0x0000023283696590 code [0x0000023283696780, 0x0000023283696be8]
Event: 317.245 Thread 0x00000232fbdb7800 24043       3       com.android.tools.r8.graph.b1::<init> (59 bytes)
Event: 317.246 Thread 0x00000232fbdb7800 nmethod 24043 0x0000023283696d10 code [0x0000023283696ee0, 0x0000023283697278]
Event: 317.431 Thread 0x00000232fbda7800 24044       4       com.google.common.collect.TransformedIterator::hasNext (10 bytes)
Event: 317.432 Thread 0x00000232fbda7800 nmethod 24044 0x00000232886cef10 code [0x00000232886cf0a0, 0x00000232886cf138]
Event: 317.502 Thread 0x00000232fbdb7800 24045       1       com.android.tools.r8.ProgramResource$ByteResource::getKind (5 bytes)
Event: 317.502 Thread 0x00000232fbdb7800 nmethod 24045 0x00000232886cf210 code [0x00000232886cf3c0, 0x00000232886cf478]
Event: 317.517 Thread 0x00000232fbda7800 24046       4       java.util.Collections$SetFromMap::add (22 bytes)
Event: 317.536 Thread 0x00000232fbda7800 nmethod 24046 0x00000232886cf810 code [0x00000232886cfa00, 0x00000232886d00d0]
Event: 317.650 Thread 0x00000232fbdb7800 24048   !   3       org.gradle.internal.classloader.CachingClassLoader::loadClass (85 bytes)
Event: 317.650 Thread 0x00000232fbdb7800 nmethod 24048 0x0000023283697410 code [0x0000023283697620, 0x0000023283697d28]
Event: 317.650 Thread 0x00000232fbdb7800 24049       3       com.google.common.collect.MapMakerInternalMap::get (23 bytes)
Event: 317.651 Thread 0x00000232fbdb7800 nmethod 24049 0x0000023283697f10 code [0x0000023283698120, 0x0000023283698608]
Event: 317.679 Thread 0x00000232fbdb7800 24050   !   3       com.google.common.collect.MapMakerInternalMap$Segment::runLockedCleanup (34 bytes)
Event: 317.680 Thread 0x00000232fbdb7800 nmethod 24050 0x0000023283698810 code [0x0000023283698a20, 0x0000023283698ff8]

GC Heap History (20 events):
Event: 305.789 GC heap before
{Heap before GC invocations=127 (full 0):
 garbage-first heap   total 324608K, used 268990K [0x0000000080000000, 0x0000000100000000)
  region size 1024K, 64 young (65536K), 8 survivors (8192K)
 Metaspace       used 144812K, capacity 149262K, committed 149584K, reserved 647168K
  class space    used 17992K, capacity 19632K, committed 19712K, reserved 516096K
}
Event: 305.857 GC heap after
{Heap after GC invocations=128 (full 0):
 garbage-first heap   total 324608K, used 219269K [0x0000000080000000, 0x0000000100000000)
  region size 1024K, 8 young (8192K), 8 survivors (8192K)
 Metaspace       used 144812K, capacity 149262K, committed 149584K, reserved 647168K
  class space    used 17992K, capacity 19632K, committed 19712K, reserved 516096K
}
Event: 306.102 GC heap before
{Heap before GC invocations=128 (full 0):
 garbage-first heap   total 324608K, used 226437K [0x0000000080000000, 0x0000000100000000)
  region size 1024K, 15 young (15360K), 8 survivors (8192K)
 Metaspace       used 144880K, capacity 149335K, committed 149584K, reserved 647168K
  class space    used 17993K, capacity 19634K, committed 19712K, reserved 516096K
}
Event: 306.150 GC heap after
{Heap after GC invocations=129 (full 0):
 garbage-first heap   total 324608K, used 216125K [0x0000000080000000, 0x0000000100000000)
  region size 1024K, 2 young (2048K), 2 survivors (2048K)
 Metaspace       used 144880K, capacity 149335K, committed 149584K, reserved 647168K
  class space    used 17993K, capacity 19634K, committed 19712K, reserved 516096K
}
Event: 307.502 GC heap before
{Heap before GC invocations=129 (full 0):
 garbage-first heap   total 324608K, used 270397K [0x0000000080000000, 0x0000000100000000)
  region size 1024K, 55 young (56320K), 2 survivors (2048K)
 Metaspace       used 145229K, capacity 149790K, committed 149840K, reserved 647168K
  class space    used 18011K, capacity 19666K, committed 19712K, reserved 516096K
}
Event: 307.557 GC heap after
{Heap after GC invocations=130 (full 0):
 garbage-first heap   total 324608K, used 225700K [0x0000000080000000, 0x0000000100000000)
  region size 1024K, 7 young (7168K), 7 survivors (7168K)
 Metaspace       used 145229K, capacity 149790K, committed 149840K, reserved 647168K
  class space    used 18011K, capacity 19666K, committed 19712K, reserved 516096K
}
Event: 309.398 GC heap before
{Heap before GC invocations=131 (full 0):
 garbage-first heap   total 324608K, used 267684K [0x0000000080000000, 0x0000000100000000)
  region size 1024K, 53 young (54272K), 7 survivors (7168K)
 Metaspace       used 145547K, capacity 150055K, committed 150224K, reserved 647168K
  class space    used 18044K, capacity 19727K, committed 19840K, reserved 516096K
}
Event: 309.433 GC heap after
{Heap after GC invocations=132 (full 0):
 garbage-first heap   total 324608K, used 225583K [0x0000000080000000, 0x0000000100000000)
  region size 1024K, 5 young (5120K), 5 survivors (5120K)
 Metaspace       used 145547K, capacity 150055K, committed 150224K, reserved 647168K
  class space    used 18044K, capacity 19727K, committed 19840K, reserved 516096K
}
Event: 310.335 GC heap before
{Heap before GC invocations=132 (full 0):
 garbage-first heap   total 324608K, used 235823K [0x0000000080000000, 0x0000000100000000)
  region size 1024K, 15 young (15360K), 5 survivors (5120K)
 Metaspace       used 145661K, capacity 150244K, committed 150480K, reserved 647168K
  class space    used 18065K, capacity 19766K, committed 19840K, reserved 516096K
}
Event: 310.381 GC heap after
{Heap after GC invocations=133 (full 0):
 garbage-first heap   total 324608K, used 199679K [0x0000000080000000, 0x0000000100000000)
  region size 1024K, 1 young (1024K), 1 survivors (1024K)
 Metaspace       used 145661K, capacity 150244K, committed 150480K, reserved 647168K
  class space    used 18065K, capacity 19766K, committed 19840K, reserved 516096K
}
Event: 311.341 GC heap before
{Heap before GC invocations=133 (full 0):
 garbage-first heap   total 324608K, used 212991K [0x0000000080000000, 0x0000000100000000)
  region size 1024K, 15 young (15360K), 1 survivors (1024K)
 Metaspace       used 145743K, capacity 150382K, committed 150480K, reserved 647168K
  class space    used 18070K, capacity 19768K, committed 19840K, reserved 516096K
}
Event: 311.388 GC heap after
{Heap after GC invocations=134 (full 0):
 garbage-first heap   total 324608K, used 190041K [0x0000000080000000, 0x0000000100000000)
  region size 1024K, 2 young (2048K), 2 survivors (2048K)
 Metaspace       used 145743K, capacity 150382K, committed 150480K, reserved 647168K
  class space    used 18070K, capacity 19768K, committed 19840K, reserved 516096K
}
Event: 312.786 GC heap before
{Heap before GC invocations=134 (full 0):
 garbage-first heap   total 324608K, used 210521K [0x0000000080000000, 0x0000000100000000)
  region size 1024K, 23 young (23552K), 2 survivors (2048K)
 Metaspace       used 145929K, capacity 150732K, committed 150992K, reserved 649216K
  class space    used 18085K, capacity 19812K, committed 19840K, reserved 516096K
}
Event: 312.800 GC heap after
{Heap after GC invocations=135 (full 0):
 garbage-first heap   total 324608K, used 191088K [0x0000000080000000, 0x0000000100000000)
  region size 1024K, 3 young (3072K), 3 survivors (3072K)
 Metaspace       used 145929K, capacity 150732K, committed 150992K, reserved 649216K
  class space    used 18085K, capacity 19812K, committed 19840K, reserved 516096K
}
Event: 316.101 GC heap before
{Heap before GC invocations=136 (full 0):
 garbage-first heap   total 324608K, used 261744K [0x0000000080000000, 0x0000000100000000)
  region size 1024K, 65 young (66560K), 3 survivors (3072K)
 Metaspace       used 146259K, capacity 150984K, committed 151120K, reserved 649216K
  class space    used 18136K, capacity 19852K, committed 19968K, reserved 516096K
}
Event: 316.128 GC heap after
{Heap after GC invocations=137 (full 0):
 garbage-first heap   total 324608K, used 195186K [0x0000000080000000, 0x0000000100000000)
  region size 1024K, 7 young (7168K), 7 survivors (7168K)
 Metaspace       used 146259K, capacity 150984K, committed 151120K, reserved 649216K
  class space    used 18136K, capacity 19852K, committed 19968K, reserved 516096K
}
Event: 316.272 GC heap before
{Heap before GC invocations=137 (full 0):
 garbage-first heap   total 324608K, used 202354K [0x0000000080000000, 0x0000000100000000)
  region size 1024K, 15 young (15360K), 7 survivors (7168K)
 Metaspace       used 146270K, capacity 150994K, committed 151120K, reserved 649216K
  class space    used 18139K, capacity 19856K, committed 19968K, reserved 516096K
}
Event: 316.310 GC heap after
{Heap after GC invocations=138 (full 0):
 garbage-first heap   total 324608K, used 193672K [0x0000000080000000, 0x0000000100000000)
  region size 1024K, 2 young (2048K), 2 survivors (2048K)
 Metaspace       used 146270K, capacity 150994K, committed 151120K, reserved 649216K
  class space    used 18139K, capacity 19856K, committed 19968K, reserved 516096K
}
Event: 317.699 GC heap before
{Heap before GC invocations=138 (full 0):
 garbage-first heap   total 324608K, used 217224K [0x0000000080000000, 0x0000000100000000)
  region size 1024K, 27 young (27648K), 2 survivors (2048K)
 Metaspace       used 149186K, capacity 153950K, committed 154064K, reserved 669696K
  class space    used 18524K, capacity 20272K, committed 20352K, reserved 516096K
}
Event: 317.721 GC heap after
{Heap after GC invocations=139 (full 0):
 garbage-first heap   total 324608K, used 196676K [0x0000000080000000, 0x0000000100000000)
  region size 1024K, 5 young (5120K), 5 survivors (5120K)
 Metaspace       used 149186K, capacity 153950K, committed 154064K, reserved 669696K
  class space    used 18524K, capacity 20272K, committed 20352K, reserved 516096K
}

Deoptimization events (20 events):
Event: 316.615 Thread 0x000002328f66f800 Uncommon trap: trap_request=0xffffff4d fr.pc=0x000002328865fba0 relative=0x00000000000002c0
Event: 316.615 Thread 0x000002328f66f800 Uncommon trap: reason=unstable_if action=reinterpret pc=0x000002328865fba0 method=com.google.common.collect.MapMakerInternalMap$Segment.getEntry(Ljava/lang/Object;I)Lcom/google/common/collect/MapMakerInternalMap$InternalEntry; @ 63 c2
Event: 316.615 Thread 0x000002328f66f800 DEOPT PACKING pc=0x000002328865fba0 sp=0x000000f1d7cf5d70
Event: 316.615 Thread 0x000002328f66f800 DEOPT UNPACKING pc=0x000002328004a1af sp=0x000000f1d7cf5d28 mode 2
Event: 316.750 Thread 0x000002328f66c800 Uncommon trap: trap_request=0xffffff4d fr.pc=0x0000023287c1d420 relative=0x00000000000025a0
Event: 316.750 Thread 0x000002328f66f800 Uncommon trap: trap_request=0xffffff4d fr.pc=0x0000023287c1d420 relative=0x00000000000025a0
Event: 316.751 Thread 0x000002328f66c800 Uncommon trap: reason=unstable_if action=reinterpret pc=0x0000023287c1d420 method=java.util.zip.ZipFile.getInputStream(Ljava/util/zip/ZipEntry;)Ljava/io/InputStream; @ 150 c2
Event: 316.751 Thread 0x000002328f66c800 DEOPT PACKING pc=0x0000023287c1d420 sp=0x000000f1d7dfae30
Event: 316.751 Thread 0x000002328f66c800 DEOPT UNPACKING pc=0x000002328004a1af sp=0x000000f1d7dfae18 mode 2
Event: 316.751 Thread 0x000002328f66f800 Uncommon trap: reason=unstable_if action=reinterpret pc=0x0000023287c1d420 method=java.util.zip.ZipFile.getInputStream(Ljava/util/zip/ZipEntry;)Ljava/io/InputStream; @ 150 c2
Event: 316.752 Thread 0x000002328f66f800 DEOPT PACKING pc=0x0000023287c1d420 sp=0x000000f1d7cfae70
Event: 316.752 Thread 0x000002328f66f800 DEOPT UNPACKING pc=0x000002328004a1af sp=0x000000f1d7cfae58 mode 2
Event: 317.242 Thread 0x000002328f66c800 Uncommon trap: trap_request=0xffffff4d fr.pc=0x00000232883f64c4 relative=0x0000000000000324
Event: 317.242 Thread 0x000002328f66c800 Uncommon trap: reason=unstable_if action=reinterpret pc=0x00000232883f64c4 method=java.util.stream.StreamOpFlag.getMask(I)I @ 1 c2
Event: 317.242 Thread 0x000002328f66c800 DEOPT PACKING pc=0x00000232883f64c4 sp=0x000000f1d7dfa860
Event: 317.242 Thread 0x000002328f66c800 DEOPT UNPACKING pc=0x000002328004a1af sp=0x000000f1d7dfa698 mode 2
Event: 317.245 Thread 0x000002328f66f800 Uncommon trap: trap_request=0xffffff4d fr.pc=0x0000023287b1e2ac relative=0x000000000000038c
Event: 317.245 Thread 0x000002328f66f800 Uncommon trap: reason=unstable_if action=reinterpret pc=0x0000023287b1e2ac method=java.util.stream.StreamOpFlag.getMask(I)I @ 1 c2
Event: 317.245 Thread 0x000002328f66f800 DEOPT PACKING pc=0x0000023287b1e2ac sp=0x000000f1d7cfa800
Event: 317.245 Thread 0x000002328f66f800 DEOPT UNPACKING pc=0x000002328004a1af sp=0x000000f1d7cfa6f0 mode 2

Classes redefined (0 events):
No events

Internal exceptions (20 events):
Event: 312.053 Thread 0x000002328f66f800 Exception <a 'java/lang/NoSuchMethodError'{0x00000000932afc10}: <clinit>> (0x00000000932afc10) thrown at [./src/hotspot/share/prims/jni.cpp, line 1366]
Event: 315.696 Thread 0x000002328f66f800 Exception <a 'sun/nio/fs/WindowsException'{0x0000000090414ec8}> (0x0000000090414ec8) thrown at [./src/hotspot/share/prims/jni.cpp, line 616]
Event: 315.696 Thread 0x000002328f66f800 Exception <a 'sun/nio/fs/WindowsException'{0x0000000090415da0}> (0x0000000090415da0) thrown at [./src/hotspot/share/prims/jni.cpp, line 616]
Event: 315.740 Thread 0x0000023299f91000 Exception <a 'sun/nio/fs/WindowsException'{0x000000009041ffb8}> (0x000000009041ffb8) thrown at [./src/hotspot/share/prims/jni.cpp, line 616]
Event: 315.741 Thread 0x0000023299f91000 Exception <a 'sun/nio/fs/WindowsException'{0x0000000090420220}> (0x0000000090420220) thrown at [./src/hotspot/share/prims/jni.cpp, line 616]
Event: 315.741 Thread 0x0000023299f91000 Exception <a 'sun/nio/fs/WindowsException'{0x00000000904202c0}> (0x00000000904202c0) thrown at [./src/hotspot/share/prims/jni.cpp, line 616]
Event: 315.741 Thread 0x0000023299f91000 Exception <a 'sun/nio/fs/WindowsException'{0x00000000904203a8}> (0x00000000904203a8) thrown at [./src/hotspot/share/prims/jni.cpp, line 616]
Event: 315.748 Thread 0x000002328f66c800 Exception <a 'sun/nio/fs/WindowsException'{0x0000000090463b38}> (0x0000000090463b38) thrown at [./src/hotspot/share/prims/jni.cpp, line 616]
Event: 315.748 Thread 0x000002328f66c800 Exception <a 'sun/nio/fs/WindowsException'{0x00000000904649f0}> (0x00000000904649f0) thrown at [./src/hotspot/share/prims/jni.cpp, line 616]
Event: 315.753 Thread 0x0000023299f8d000 Exception <a 'sun/nio/fs/WindowsException'{0x0000000090429288}> (0x0000000090429288) thrown at [./src/hotspot/share/prims/jni.cpp, line 616]
Event: 315.754 Thread 0x0000023299f8d000 Exception <a 'sun/nio/fs/WindowsException'{0x00000000904294a0}> (0x00000000904294a0) thrown at [./src/hotspot/share/prims/jni.cpp, line 616]
Event: 315.754 Thread 0x0000023299f8d000 Exception <a 'sun/nio/fs/WindowsException'{0x0000000090429540}> (0x0000000090429540) thrown at [./src/hotspot/share/prims/jni.cpp, line 616]
Event: 315.754 Thread 0x0000023299f8d000 Exception <a 'sun/nio/fs/WindowsException'{0x00000000904296d0}> (0x00000000904296d0) thrown at [./src/hotspot/share/prims/jni.cpp, line 616]
Event: 316.813 Thread 0x000002328f66f800 Exception <a 'sun/nio/fs/WindowsException'{0x00000000931f5578}> (0x00000000931f5578) thrown at [./src/hotspot/share/prims/jni.cpp, line 616]
Event: 316.852 Thread 0x000002328f66c800 Exception <a 'sun/nio/fs/WindowsException'{0x0000000092da2e08}> (0x0000000092da2e08) thrown at [./src/hotspot/share/prims/jni.cpp, line 616]
Event: 317.084 Thread 0x000002328f66f800 Exception <a 'java/lang/NoSuchMethodError'{0x0000000092b15b50}: 'java.lang.Object java.lang.invoke.DirectMethodHandle$Holder.newInvokeSpecial(java.lang.Object, int)'> (0x0000000092b15b50) thrown at [./src/hotspot/share/interpreter/linkResolver.cpp, line 773]
Event: 317.085 Thread 0x000002328f66c800 Exception <a 'java/lang/NoSuchMethodError'{0x0000000092b64aa0}: 'java.lang.Object java.lang.invoke.DirectMethodHandle$Holder.newInvokeSpecial(java.lang.Object, int)'> (0x0000000092b64aa0) thrown at [./src/hotspot/share/interpreter/linkResolver.cpp, line 773]
Event: 317.519 Thread 0x000002328f66c800 Exception <a 'java/lang/NoSuchMethodError'{0x0000000092522718}: 'java.lang.Object java.lang.invoke.DirectMethodHandle$Holder.invokeStaticInit(java.lang.Object, java.lang.Object, java.lang.Object, java.lang.Object, java.lang.Object, java.lang.Object, java.lang.Object, java.lang.Object, java.lang.Object, java.lang.Object, java.lang.Object, java.lang.Object, java.lang.Object, java.lang.Object, java.lang.Object, java.lang.Object, java.lang.Object, java.lang.Object, int, java.lang.Object, java.lang.Object)'> (0
Event: 317.623 Thread 0x000002328f66f800 Exception <a 'java/lang/IncompatibleClassChangeError'{0x000000009243c0c0}: Found class java.lang.Object, but interface was expected> (0x000000009243c0c0) thrown at [./src/hotspot/share/interpreter/linkResolver.cpp, line 839]
Event: 317.623 Thread 0x000002328f66c800 Exception <a 'java/lang/IncompatibleClassChangeError'{0x00000000925bfe80}: Found class java.lang.Object, but interface was expected> (0x00000000925bfe80) thrown at [./src/hotspot/share/interpreter/linkResolver.cpp, line 839]

Events (20 events):
Event: 317.689 loading class com/android/tools/r8/internal/cH done
Event: 317.690 loading class com/android/tools/r8/internal/td
Event: 317.690 loading class com/android/tools/r8/internal/td done
Event: 317.691 loading class com/android/tools/r8/internal/v1
Event: 317.691 loading class com/android/tools/r8/internal/v1 done
Event: 317.692 loading class com/android/tools/r8/graph/N
Event: 317.692 loading class com/android/tools/r8/graph/N done
Event: 317.692 loading class com/android/tools/r8/internal/kW
Event: 317.692 loading class com/android/tools/r8/internal/kW done
Event: 317.693 loading class com/android/tools/r8/internal/wq
Event: 317.693 loading class com/android/tools/r8/internal/wq done
Event: 317.694 loading class com/android/tools/r8/graph/k0
Event: 317.694 loading class com/android/tools/r8/graph/k0 done
Event: 317.694 loading class com/android/tools/r8/ir/optimize/a
Event: 317.695 loading class com/android/tools/r8/internal/MA
Event: 317.695 loading class com/android/tools/r8/internal/MA done
Event: 317.696 loading class com/android/tools/r8/ir/optimize/a done
Event: 317.696 loading class com/android/tools/r8/shaking/N1
Event: 317.696 loading class com/android/tools/r8/shaking/N1 done
Event: 317.698 Executing VM operation: CollectForMetadataAllocation


Dynamic libraries:
0x00007ff7a0cd0000 - 0x00007ff7a0cda000 	C:\Program Files\Android\Android Studio\jre\bin\java.exe
0x00007ffd79a90000 - 0x00007ffd79c88000 	C:\WINDOWS\SYSTEM32\ntdll.dll
0x00007ffd79990000 - 0x00007ffd79a4f000 	C:\WINDOWS\System32\KERNEL32.DLL
0x00007ffd777f0000 - 0x00007ffd77ae6000 	C:\WINDOWS\System32\KERNELBASE.dll
0x00007ffd77660000 - 0x00007ffd77760000 	C:\WINDOWS\System32\ucrtbase.dll
0x00007ffd65ad0000 - 0x00007ffd65ae9000 	C:\Program Files\Android\Android Studio\jre\bin\jli.dll
0x00007ffd61290000 - 0x00007ffd612a7000 	C:\Program Files\Android\Android Studio\jre\bin\VCRUNTIME140.dll
0x00007ffd79430000 - 0x00007ffd795cd000 	C:\WINDOWS\System32\USER32.dll
0x00007ffd77210000 - 0x00007ffd77232000 	C:\WINDOWS\System32\win32u.dll
0x00007ffd76490000 - 0x00007ffd7672a000 	C:\WINDOWS\WinSxS\amd64_microsoft.windows.common-controls_6595b64144ccf1df_6.0.19041.1110_none_60b5254171f9507e\COMCTL32.dll
0x00007ffd77ef0000 - 0x00007ffd77f1c000 	C:\WINDOWS\System32\GDI32.dll
0x00007ffd77c40000 - 0x00007ffd77cde000 	C:\WINDOWS\System32\msvcrt.dll
0x00007ffd77490000 - 0x00007ffd775a5000 	C:\WINDOWS\System32\gdi32full.dll
0x00007ffd77170000 - 0x00007ffd7720d000 	C:\WINDOWS\System32\msvcp_win.dll
0x00007ffd784c0000 - 0x00007ffd784f0000 	C:\WINDOWS\System32\IMM32.DLL
0x00007ffd2afe0000 - 0x00007ffd2b07d000 	C:\Program Files\Android\Android Studio\jre\bin\msvcp140.dll
0x00007ffd0e200000 - 0x00007ffd0ed02000 	C:\Program Files\Android\Android Studio\jre\bin\server\jvm.dll
0x00007ffd77af0000 - 0x00007ffd77b9f000 	C:\WINDOWS\System32\ADVAPI32.dll
0x00007ffd77ba0000 - 0x00007ffd77c3c000 	C:\WINDOWS\System32\sechost.dll
0x00007ffd78560000 - 0x00007ffd78686000 	C:\WINDOWS\System32\RPCRT4.dll
0x00007ffd77f20000 - 0x00007ffd77f28000 	C:\WINDOWS\System32\PSAPI.DLL
0x00007ffd6d1b0000 - 0x00007ffd6d1b9000 	C:\WINDOWS\SYSTEM32\WSOCK32.dll
0x00007ffd66d80000 - 0x00007ffd66da7000 	C:\WINDOWS\SYSTEM32\WINMM.dll
0x00007ffd67ec0000 - 0x00007ffd67eca000 	C:\WINDOWS\SYSTEM32\VERSION.dll
0x00007ffd784f0000 - 0x00007ffd7855b000 	C:\WINDOWS\System32\WS2_32.dll
0x00007ffd74a00000 - 0x00007ffd74a12000 	C:\WINDOWS\SYSTEM32\kernel.appcore.dll
0x00007ffd5fe00000 - 0x00007ffd5fe11000 	C:\Program Files\Android\Android Studio\jre\bin\verify.dll
0x00007ffd76b80000 - 0x00007ffd76d64000 	C:\WINDOWS\SYSTEM32\DBGHELP.DLL
0x00007ffd76a40000 - 0x00007ffd76a74000 	C:\WINDOWS\SYSTEM32\dbgcore.DLL
0x00007ffd77760000 - 0x00007ffd777e2000 	C:\WINDOWS\System32\bcryptPrimitives.dll
0x00007ffd2b580000 - 0x00007ffd2b5a9000 	C:\Program Files\Android\Android Studio\jre\bin\java.dll
0x00007ffd68a50000 - 0x00007ffd68a5b000 	C:\Program Files\Android\Android Studio\jre\bin\jimage.dll
0x00007ffd3e3f0000 - 0x00007ffd3e408000 	C:\Program Files\Android\Android Studio\jre\bin\zip.dll
0x00007ffd78b40000 - 0x00007ffd79284000 	C:\WINDOWS\System32\SHELL32.dll
0x00007ffd74b70000 - 0x00007ffd75304000 	C:\WINDOWS\SYSTEM32\windows.storage.dll
0x00007ffd78740000 - 0x00007ffd78a94000 	C:\WINDOWS\System32\combase.dll
0x00007ffd763f0000 - 0x00007ffd7641e000 	C:\WINDOWS\SYSTEM32\Wldp.dll
0x00007ffd796b0000 - 0x00007ffd7975d000 	C:\WINDOWS\System32\SHCORE.dll
0x00007ffd79290000 - 0x00007ffd792e5000 	C:\WINDOWS\System32\shlwapi.dll
0x00007ffd770a0000 - 0x00007ffd770c5000 	C:\WINDOWS\SYSTEM32\profapi.dll
0x00007ffd3dd40000 - 0x00007ffd3dd5a000 	C:\Program Files\Android\Android Studio\jre\bin\net.dll
0x00007ffd6f200000 - 0x00007ffd6f30a000 	C:\WINDOWS\SYSTEM32\WINHTTP.dll
0x00007ffd76320000 - 0x00007ffd7638a000 	C:\WINDOWS\system32\mswsock.dll
0x00007ffd3d5b0000 - 0x00007ffd3d5c4000 	C:\Program Files\Android\Android Studio\jre\bin\nio.dll
0x00007ffd2b550000 - 0x00007ffd2b577000 	C:\Users\fezia\.gradle\native\e1d6ef7f7dcc3fd88c89a11ec53ec762bb8ba0a96d01ffa2cd45eb1d1d8dd5c5\windows-amd64\native-platform.dll
0x00007ffd1d040000 - 0x00007ffd1d184000 	C:\Users\fezia\.gradle\native\0d407fdbe67a94daf76414ababcb853783967236a71b16ec16e742cd7a986fd3\windows-amd64\native-platform-file-events.dll
0x00007ffd61490000 - 0x00007ffd6149a000 	C:\Program Files\Android\Android Studio\jre\bin\management.dll
0x00007ffd61260000 - 0x00007ffd6126d000 	C:\Program Files\Android\Android Studio\jre\bin\management_ext.dll
0x00007ffd76ee0000 - 0x00007ffd76ef8000 	C:\WINDOWS\SYSTEM32\CRYPTSP.dll
0x00007ffd75b50000 - 0x00007ffd75b84000 	C:\WINDOWS\system32\rsaenh.dll
0x00007ffd77300000 - 0x00007ffd77327000 	C:\WINDOWS\System32\bcrypt.dll
0x00007ffd77060000 - 0x00007ffd7708e000 	C:\WINDOWS\SYSTEM32\USERENV.dll
0x00007ffd763b0000 - 0x00007ffd763bc000 	C:\WINDOWS\SYSTEM32\CRYPTBASE.dll
0x00007ffd75ec0000 - 0x00007ffd75efc000 	C:\WINDOWS\SYSTEM32\IPHLPAPI.DLL
0x00007ffd77ce0000 - 0x00007ffd77ce8000 	C:\WINDOWS\System32\NSI.dll
0x00007ffd6e2d0000 - 0x00007ffd6e2e7000 	C:\WINDOWS\SYSTEM32\dhcpcsvc6.DLL
0x00007ffd6ee80000 - 0x00007ffd6ee9d000 	C:\WINDOWS\SYSTEM32\dhcpcsvc.DLL
0x00007ffd75f00000 - 0x00007ffd75fca000 	C:\WINDOWS\SYSTEM32\DNSAPI.dll
0x00007ffd3e820000 - 0x00007ffd3e847000 	C:\Program Files\Android\Android Studio\jre\bin\sunec.dll
0x00007ffd6ab50000 - 0x00007ffd6ab5a000 	C:\Windows\System32\rasadhlp.dll
0x00007ffd6eed0000 - 0x00007ffd6ef52000 	C:\WINDOWS\System32\fwpuclnt.dll
0x00007ffd3e800000 - 0x00007ffd3e81e000 	C:\Users\fezia\AppData\Local\Temp\native-platform15203700220715743400dir\native-platform.dll
0x00007ffd611e0000 - 0x00007ffd611e8000 	C:\Program Files\Android\Android Studio\jre\bin\rmi.dll
0x00007ffd76ea0000 - 0x00007ffd76ed3000 	C:\WINDOWS\SYSTEM32\ntmarta.dll
0x00007ffd2ba50000 - 0x00007ffd2ba6e000 	C:\Users\fezia\AppData\Local\Temp\native-platform7760289057777787283dir\native-platform.dll
0x00007ffd2b530000 - 0x00007ffd2b54e000 	C:\Users\fezia\AppData\Local\Temp\native-platform13280664558914867022dir\native-platform.dll

dbghelp: loaded successfully - version: 4.0.5 - missing functions: none
symbol engine: initialized successfully - sym options: 0x614 - pdb path: .;C:\Program Files\Android\Android Studio\jre\bin;C:\WINDOWS\SYSTEM32;C:\WINDOWS\WinSxS\amd64_microsoft.windows.common-controls_6595b64144ccf1df_6.0.19041.1110_none_60b5254171f9507e;C:\Program Files\Android\Android Studio\jre\bin\server;C:\Users\fezia\.gradle\native\e1d6ef7f7dcc3fd88c89a11ec53ec762bb8ba0a96d01ffa2cd45eb1d1d8dd5c5\windows-amd64;C:\Users\fezia\.gradle\native\0d407fdbe67a94daf76414ababcb853783967236a71b16ec16e742cd7a986fd3\windows-amd64;C:\Users\fezia\AppData\Local\Temp\native-platform15203700220715743400dir;C:\Users\fezia\AppData\Local\Temp\native-platform7760289057777787283dir;C:\Users\fezia\AppData\Local\Temp\native-platform13280664558914867022dir

VM Arguments:
jvm_args: -XX:MaxMetaspaceSize=512m --add-opens=java.base/java.util=ALL-UNNAMED --add-opens=java.base/java.lang=ALL-UNNAMED --add-opens=java.base/java.lang.invoke=ALL-UNNAMED --add-opens=java.base/java.util=ALL-UNNAMED --add-opens=java.prefs/java.util.prefs=ALL-UNNAMED --add-opens=java.prefs/java.util.prefs=ALL-UNNAMED --add-opens=java.base/java.nio.charset=ALL-UNNAMED --add-opens=java.base/java.net=ALL-UNNAMED --add-opens=java.base/java.util.concurrent.atomic=ALL-UNNAMED -Xmx2048m -Dfile.encoding=windows-1252 -Duser.country=US -Duser.language=en -Duser.variant 
java_command: org.gradle.launcher.daemon.bootstrap.GradleDaemon 7.5.1
java_class_path (initial): C:\Users\fezia\.gradle\wrapper\dists\gradle-7.5.1-all\1ehga6e77gqps5uk2kc5kf1vc\gradle-7.5.1\lib\gradle-launcher-7.5.1.jar
Launcher Type: SUN_STANDARD

[Global flags]
     intx CICompilerCount                          = 3                                         {product} {ergonomic}
   size_t CompressedClassSpaceSize                 = 528482304                                 {product} {ergonomic}
     uint ConcGCThreads                            = 1                                         {product} {ergonomic}
     uint G1ConcRefinementThreads                  = 4                                         {product} {ergonomic}
   size_t G1HeapRegionSize                         = 1048576                                   {product} {ergonomic}
    uintx GCDrainStackTargetSize                   = 64                                        {product} {ergonomic}
   size_t InitialHeapSize                          = 65011712                                  {product} {ergonomic}
   size_t MarkStackSize                            = 4194304                                   {product} {ergonomic}
   size_t MaxHeapSize                              = 2147483648                                {product} {command line}
   size_t MaxMetaspaceSize                         = 536870912                                 {product} {command line}
   size_t MaxNewSize                               = 1287651328                                {product} {ergonomic}
   size_t MinHeapDeltaBytes                        = 1048576                                   {product} {ergonomic}
    uintx NonNMethodCodeHeapSize                   = 5830732                                {pd product} {ergonomic}
    uintx NonProfiledCodeHeapSize                  = 122913754                              {pd product} {ergonomic}
    uintx ProfiledCodeHeapSize                     = 122913754                              {pd product} {ergonomic}
    uintx ReservedCodeCacheSize                    = 251658240                              {pd product} {ergonomic}
     bool SegmentedCodeCache                       = true                                      {product} {ergonomic}
     bool UseCompressedClassPointers               = true                                 {lp64_product} {ergonomic}
     bool UseCompressedOops                        = true                                 {lp64_product} {ergonomic}
     bool UseG1GC                                  = true                                      {product} {ergonomic}
     bool UseLargePagesIndividualAllocation        = false                                  {pd product} {ergonomic}

Logging:
Log output configuration:
 #0: stdout all=warning uptime,level,tags
 #1: stderr all=off uptime,level,tags

Environment Variables:
JAVA_HOME=C:\Program Files\Android\Android Studio\jre
CLASSPATH=C:\Users\fezia\Tradly\android\\gradle\wrapper\gradle-wrapper.jar
PATH=C:\Users\fezia\Tradly\android\node_modules\.bin;C:\Users\fezia\Tradly\node_modules\.bin;C:\Users\fezia\node_modules\.bin;C:\Users\node_modules\.bin;C:\node_modules\.bin;C:\Program Files\nodejs;C:\Users\fezia\AppData\Local\Temp\yarn--1689840503311-0.5493678242574487;C:\Users\fezia\Tradly\node_modules\.bin;C:\Users\fezia\AppData\Local\Yarn\Data\link\node_modules\.bin;C:\Users\fezia\AppData\Local\Yarn\bin;C:\Program Files\libexec\lib\node_modules\npm\bin\node-gyp-bin;C:\Program Files\lib\node_modules\npm\bin\node-gyp-bin;C:\Program Files\nodejs\node_modules\npm\bin\node-gyp-bin;C:\Program Files\Microsoft\jdk-11.0.18.10-hotspot\bin;C:\WINDOWS\system32;C:\WINDOWS;C:\WINDOWS\System32\Wbem;C:\WINDOWS\System32\WindowsPowerShell\v1.0\;C:\WINDOWS\System32\OpenSSH\;C:\Program Files\Git\cmd;C:\ProgramData\chocolatey\bin;C:\Program Files\nodejs\;C:\Users\fezia\AppData\Local\Android\Sdk\platform-tools;C:\Users\fezia\AppData\Local\Microsoft\WindowsApps;C:\Users\fezia\AppData\Local\Programs\Microsoft VS Code\bin;C:\Users\fezia\AppData\Local\Android\Sdk\platform-tools;C:\Users\fezia\AppData\Roaming\npm
USERNAME=fezia
OS=Windows_NT
PROCESSOR_IDENTIFIER=Intel64 Family 6 Model 58 Stepping 9, GenuineIntel



---------------  S Y S T E M  ---------------

OS: Windows 10 , 64 bit Build 19041 (10.0.19041.3155)
OS uptime: 4 days 12:51 hours
Hyper-V role detected

CPU:total 4 (initial active 4) (2 cores per cpu, 2 threads per core) family 6 model 58 stepping 9 microcode 0x21, cmov, cx8, fxsr, mmx, sse, sse2, sse3, ssse3, sse4.1, sse4.2, popcnt, avx, aes, clmul, erms, ht, tsc, tscinvbit, tscinv

Memory: 4k page, system-wide physical 3959M (376M free)
TotalPageFile size 16247M (AvailPageFile size 111M)
current process WorkingSet (physical memory assigned to process): 530M, peak: 564M
current process commit charge ("private bytes"): 743M, peak: 748M

vm_info: OpenJDK 64-Bit Server VM (11.0.13+0-b1751.21-8125866) for windows-amd64 JRE (11.0.13+0-b1751.21-8125866), built on Feb  2 2022 03:00:22 by "builder" with MS VC++ 14.0 (VS2015)

END.
