#
# There is insufficient memory for the Java Runtime Environment to continue.
# Native memory allocation (malloc) failed to allocate 1341216 bytes for Chunk::new
# Possible reasons:
#   The system is out of physical RAM or swap space
#   The process is running with CompressedOops enabled, and the Java Heap may be blocking the growth of the native heap
# Possible solutions:
#   Reduce memory load on the system
#   Increase physical memory or swap space
#   Check if swap backing store is full
#   Decrease Java heap size (-Xmx/-Xms)
#   Decrease number of Java threads
#   Decrease Java thread stack sizes (-Xss)
#   Set larger code cache with -XX:ReservedCodeCacheSize=
#   JVM is running with Unscaled Compressed Oops mode in which the Java heap is
#     placed in the first 4GB address space. The Java Heap base address is the
#     maximum limit for the native heap growth. Please use -XX:HeapBaseMinAddress
#     to set the Java Heap base and to place the Java Heap above 4GB virtual address.
# This output file may be truncated or incomplete.
#
#  Out of Memory Error (./src/hotspot/share/memory/arena.cpp:197), pid=15280, tid=16668
#
# JRE version: OpenJDK Runtime Environment (11.0.13) (build 11.0.13+0-b1751.21-8125866)
# Java VM: OpenJDK 64-Bit Server VM (11.0.13+0-b1751.21-8125866, mixed mode, tiered, compressed oops, g1 gc, windows-amd64)
# No core dump will be written. Minidumps are not enabled by default on client versions of Windows
#

---------------  S U M M A R Y ------------

Command Line: -XX:MaxMetaspaceSize=512m --add-opens=java.base/java.util=ALL-UNNAMED --add-opens=java.base/java.lang=ALL-UNNAMED --add-opens=java.base/java.lang.invoke=ALL-UNNAMED --add-opens=java.base/java.util=ALL-UNNAMED --add-opens=java.prefs/java.util.prefs=ALL-UNNAMED --add-opens=java.prefs/java.util.prefs=ALL-UNNAMED --add-opens=java.base/java.nio.charset=ALL-UNNAMED --add-opens=java.base/java.net=ALL-UNNAMED --add-opens=java.base/java.util.concurrent.atomic=ALL-UNNAMED -Xmx2048m -Dfile.encoding=windows-1252 -Duser.country=US -Duser.language=en -Duser.variant org.gradle.launcher.daemon.bootstrap.GradleDaemon 7.5.1

Host: Intel(R) Core(TM) i5-3320M CPU @ 2.60GHz, 4 cores, 3G,  Windows 10 , 64 bit Build 19041 (10.0.19041.3155)
Time: Thu Jul 20 13:22:38 2023 Pakistan Standard Time elapsed time: 81.097696 seconds (0d 0h 1m 21s)

---------------  T H R E A D  ---------------

Current thread (0x000001d9a0d55800):  JavaThread "C2 CompilerThread0" daemon [_thread_in_native, id=16668, stack(0x000000b2d9500000,0x000000b2d9600000)]


Current CompileTask:
C2:  81097 20077       4       com.android.tools.r8.graph.Y::a (1046 bytes)

Stack: [0x000000b2d9500000,0x000000b2d9600000]
Native frames: (J=compiled Java code, j=interpreted, Vv=VM code, C=native code)
V  [jvm.dll+0x6100fa]
V  [jvm.dll+0x747090]
V  [jvm.dll+0x7486ad]
V  [jvm.dll+0x748d83]
V  [jvm.dll+0x24ab48]
V  [jvm.dll+0xc04dc]
V  [jvm.dll+0xc0a0c]
V  [jvm.dll+0x2bfab4]
V  [jvm.dll+0x524238]
V  [jvm.dll+0x204802]
V  [jvm.dll+0x2023c2]
V  [jvm.dll+0x188e01]
V  [jvm.dll+0x21106b]
V  [jvm.dll+0x20f8c1]
V  [jvm.dll+0x70de0f]
V  [jvm.dll+0x706a75]
V  [jvm.dll+0x60ed66]
C  [ucrtbase.dll+0x21bb2]
C  [KERNEL32.DLL+0x17614]
C  [ntdll.dll+0x526b1]


---------------  P R O C E S S  ---------------

Threads class SMR info:
_java_thread_list=0x000001d9a9324a30, length=105, elements={
0x000001d986940800, 0x000001d9a0cf0800, 0x000001d9a0cf2000, 0x000001d9a0d4e000,
0x000001d9a0d50800, 0x000001d9a0d51800, 0x000001d9a0d55800, 0x000001d9a0d5c000,
0x000001d9a0d5e800, 0x000001d9a0fd1800, 0x000001d9a29a4800, 0x000001d9a2eab800,
0x000001d9a282c000, 0x000001d9a2d2b000, 0x000001d9a2d94000, 0x000001d9a1b13000,
0x000001d9a2f5c800, 0x000001d9a2f6b800, 0x000001d9a309d000, 0x000001d9a30f8000,
0x000001d9a2e23000, 0x000001d9a2e22000, 0x000001d9a2e1f000, 0x000001d9a2e1d000,
0x000001d9a2e1f800, 0x000001d9a2e21800, 0x000001d9a2e23800, 0x000001d9a2e1e000,
0x000001d9a2e20800, 0x000001d9a3bfc000, 0x000001d9a3bf7000, 0x000001d9a3bf8000,
0x000001d9a3bf8800, 0x000001d9a3bfe800, 0x000001d9a3bfd000, 0x000001d9a3bfa800,
0x000001d9a3bf9800, 0x000001d9a3bfd800, 0x000001d9a3bff800, 0x000001d9a3bfb000,
0x000001d9a3c00000, 0x000001d9a3c01000, 0x000001d9a3c02800, 0x000001d9a3c01800,
0x000001d9a3c05000, 0x000001d9a3c03800, 0x000001d9a3c04000, 0x000001d9a7a0b800,
0x000001d9a7a0c800, 0x000001d9a7a0d000, 0x000001d9a7a0b000, 0x000001d9a7a09000,
0x000001d9a7a07800, 0x000001d9a7a0e000, 0x000001d9a7a08800, 0x000001d9a7a0f000,
0x000001d9a7a0f800, 0x000001d9a7a0a000, 0x000001d9a7a10800, 0x000001d9a7a11800,
0x000001d9a7a12000, 0x000001d9a7a13000, 0x000001d9a7a14000, 0x000001d9a7a14800,
0x000001d9a7a16000, 0x000001d9a7a15800, 0x000001d9a1e59000, 0x000001d9a1e58000,
0x000001d9a1e5a000, 0x000001d9a1e56800, 0x000001d9a1e57800, 0x000001d9a1e5a800,
0x000001d9a1e60800, 0x000001d9a1e5c000, 0x000001d9a1e61000, 0x000001d9a1e5b800,
0x000001d9a1e62000, 0x000001d9a1e5f800, 0x000001d9a1e5e000, 0x000001d9a1e5e800,
0x000001d9a1e62800, 0x000001d9a1e5d000, 0x000001d9a1e63800, 0x000001d9a1e64800,
0x000001d9a1e65000, 0x000001d9a7301800, 0x000001d9a7303000, 0x000001d9a72ff800,
0x000001d9a7300800, 0x000001d9a72fe000, 0x000001d9a7305800, 0x000001d9a7309800,
0x000001d9a7307000, 0x000001d9a72fd800, 0x000001d9a7304000, 0x000001d9a7306000,
0x000001d9a730a800, 0x000001d9a7308000, 0x000001d9a7308800, 0x000001d9a7304800,
0x000001d9a730b000, 0x000001d9a9c9a800, 0x000001d9ad376000, 0x000001d9a9c9d000,
0x000001d9a9c9b800
}

Java Threads: ( => current thread )
  0x000001d986940800 JavaThread "main" [_thread_blocked, id=15764, stack(0x000000b2d8900000,0x000000b2d8a00000)]
  0x000001d9a0cf0800 JavaThread "Reference Handler" daemon [_thread_blocked, id=14356, stack(0x000000b2d9000000,0x000000b2d9100000)]
  0x000001d9a0cf2000 JavaThread "Finalizer" daemon [_thread_blocked, id=1716, stack(0x000000b2d9100000,0x000000b2d9200000)]
  0x000001d9a0d4e000 JavaThread "Signal Dispatcher" daemon [_thread_blocked, id=18376, stack(0x000000b2d9200000,0x000000b2d9300000)]
  0x000001d9a0d50800 JavaThread "Attach Listener" daemon [_thread_blocked, id=15440, stack(0x000000b2d9300000,0x000000b2d9400000)]
  0x000001d9a0d51800 JavaThread "Service Thread" daemon [_thread_blocked, id=17360, stack(0x000000b2d9400000,0x000000b2d9500000)]
=>0x000001d9a0d55800 JavaThread "C2 CompilerThread0" daemon [_thread_in_native, id=16668, stack(0x000000b2d9500000,0x000000b2d9600000)]
  0x000001d9a0d5c000 JavaThread "C1 CompilerThread0" daemon [_thread_blocked, id=7616, stack(0x000000b2d9600000,0x000000b2d9700000)]
  0x000001d9a0d5e800 JavaThread "Sweeper thread" daemon [_thread_blocked, id=15320, stack(0x000000b2d9700000,0x000000b2d9800000)]
  0x000001d9a0fd1800 JavaThread "Common-Cleaner" daemon [_thread_blocked, id=3768, stack(0x000000b2d9800000,0x000000b2d9900000)]
  0x000001d9a29a4800 JavaThread "Daemon health stats" [_thread_blocked, id=12500, stack(0x000000b2d9b00000,0x000000b2d9c00000)]
  0x000001d9a2eab800 JavaThread "Incoming local TCP Connector on port 52888" [_thread_in_native, id=14420, stack(0x000000b2d9c00000,0x000000b2d9d00000)]
  0x000001d9a282c000 JavaThread "Daemon periodic checks" [_thread_blocked, id=2684, stack(0x000000b2d9d00000,0x000000b2d9e00000)]
  0x000001d9a2d2b000 JavaThread "Daemon" [_thread_blocked, id=7076, stack(0x000000b2d9e00000,0x000000b2d9f00000)]
  0x000001d9a2d94000 JavaThread "Handler for socket connection from /127.0.0.1:52888 to /127.0.0.1:52889" [_thread_in_native, id=11004, stack(0x000000b2d9f00000,0x000000b2da000000)]
  0x000001d9a1b13000 JavaThread "Cancel handler" [_thread_blocked, id=5384, stack(0x000000b2da000000,0x000000b2da100000)]
  0x000001d9a2f5c800 JavaThread "Daemon worker" [_thread_blocked, id=4580, stack(0x000000b2da100000,0x000000b2da200000)]
  0x000001d9a2f6b800 JavaThread "Asynchronous log dispatcher for DefaultDaemonConnection: socket connection from /127.0.0.1:52888 to /127.0.0.1:52889" [_thread_blocked, id=1040, stack(0x000000b2da200000,0x000000b2da300000)]
  0x000001d9a309d000 JavaThread "Stdin handler" [_thread_blocked, id=14312, stack(0x000000b2da300000,0x000000b2da400000)]
  0x000001d9a30f8000 JavaThread "Daemon client event forwarder" [_thread_blocked, id=16780, stack(0x000000b2da400000,0x000000b2da500000)]
  0x000001d9a2e23000 JavaThread "Cache worker for journal cache (C:\Users\fezia\.gradle\caches\journal-1)" [_thread_blocked, id=5716, stack(0x000000b2da500000,0x000000b2da600000)]
  0x000001d9a2e22000 JavaThread "File lock request listener" [_thread_in_native, id=9292, stack(0x000000b2da600000,0x000000b2da700000)]
  0x000001d9a2e1f000 JavaThread "Cache worker for file hash cache (C:\Users\fezia\.gradle\caches\7.5.1\fileHashes)" [_thread_blocked, id=15300, stack(0x000000b2da900000,0x000000b2daa00000)]
  0x000001d9a2e1d000 JavaThread "File watcher server" daemon [_thread_in_native, id=5760, stack(0x000000b2daa00000,0x000000b2dab00000)]
  0x000001d9a2e1f800 JavaThread "File watcher consumer" daemon [_thread_blocked, id=15584, stack(0x000000b2dab00000,0x000000b2dac00000)]
  0x000001d9a2e21800 JavaThread "Cache worker for checksums cache (C:\Users\fezia\Tradly\android\.gradle\7.5.1\checksums)" [_thread_blocked, id=6028, stack(0x000000b2dac00000,0x000000b2dad00000)]
  0x000001d9a2e23800 JavaThread "Cache worker for cache directory md-rule (C:\Users\fezia\.gradle\caches\7.5.1\md-rule)" [_thread_blocked, id=5984, stack(0x000000b2dad00000,0x000000b2dae00000)]
  0x000001d9a2e1e000 JavaThread "Cache worker for file content cache (C:\Users\fezia\.gradle\caches\7.5.1\fileContent)" [_thread_blocked, id=3952, stack(0x000000b2dae00000,0x000000b2daf00000)]
  0x000001d9a2e20800 JavaThread "Cache worker for file hash cache (C:\Users\fezia\Tradly\android\.gradle\7.5.1\fileHashes)" [_thread_blocked, id=13172, stack(0x000000b2daf00000,0x000000b2db000000)]
  0x000001d9a3bfc000 JavaThread "Cache worker for cache directory md-supplier (C:\Users\fezia\.gradle\caches\7.5.1\md-supplier)" [_thread_blocked, id=17180, stack(0x000000b2db000000,0x000000b2db100000)]
  0x000001d9a3bf7000 JavaThread "Cache worker for execution history cache (C:\Users\fezia\.gradle\caches\7.5.1\executionHistory)" [_thread_blocked, id=11828, stack(0x000000b2db100000,0x000000b2db200000)]
  0x000001d9a3bf8000 JavaThread "jar transforms" [_thread_blocked, id=9884, stack(0x000000b2db200000,0x000000b2db300000)]
  0x000001d9a3bf8800 JavaThread "jar transforms Thread 2" [_thread_blocked, id=10128, stack(0x000000b2db300000,0x000000b2db400000)]
  0x000001d9a3bfe800 JavaThread "jar transforms Thread 3" [_thread_blocked, id=8888, stack(0x000000b2db400000,0x000000b2db500000)]
  0x000001d9a3bfd000 JavaThread "jar transforms Thread 4" [_thread_blocked, id=408, stack(0x000000b2db500000,0x000000b2db600000)]
  0x000001d9a3bfa800 JavaThread "Cache worker for kotlin-dsl (C:\Users\fezia\.gradle\caches\7.5.1\kotlin-dsl)" [_thread_blocked, id=7728, stack(0x000000b2db700000,0x000000b2db800000)]
  0x000001d9a3bf9800 JavaThread "Cache worker for dependencies-accessors (C:\Users\fezia\Tradly\android\.gradle\7.5.1\dependencies-accessors)" [_thread_blocked, id=4940, stack(0x000000b2db800000,0x000000b2db900000)]
  0x000001d9a3bfd800 JavaThread "Cache worker for Build Output Cleanup Cache (C:\Users\fezia\Tradly\node_modules\react-native-gradle-plugin\.gradle\buildOutputCleanup)" [_thread_blocked, id=7836, stack(0x000000b2db900000,0x000000b2dba00000)]
  0x000001d9a3bff800 JavaThread "Unconstrained build operations" [_thread_blocked, id=15232, stack(0x000000b2dba00000,0x000000b2dbb00000)]
  0x000001d9a3bfb000 JavaThread "Unconstrained build operations Thread 2" [_thread_blocked, id=10452, stack(0x000000b2dbb00000,0x000000b2dbc00000)]
  0x000001d9a3c00000 JavaThread "Unconstrained build operations Thread 3" [_thread_blocked, id=2420, stack(0x000000b2dbc00000,0x000000b2dbd00000)]
  0x000001d9a3c01000 JavaThread "Unconstrained build operations Thread 4" [_thread_blocked, id=4616, stack(0x000000b2dbd00000,0x000000b2dbe00000)]
  0x000001d9a3c02800 JavaThread "Unconstrained build operations Thread 5" [_thread_blocked, id=2956, stack(0x000000b2dbe00000,0x000000b2dbf00000)]
  0x000001d9a3c01800 JavaThread "Unconstrained build operations Thread 6" [_thread_blocked, id=12612, stack(0x000000b2dbf00000,0x000000b2dc000000)]
  0x000001d9a3c05000 JavaThread "Unconstrained build operations Thread 7" [_thread_blocked, id=2244, stack(0x000000b2dc000000,0x000000b2dc100000)]
  0x000001d9a3c03800 JavaThread "Unconstrained build operations Thread 8" [_thread_blocked, id=16776, stack(0x000000b2dc100000,0x000000b2dc200000)]
  0x000001d9a3c04000 JavaThread "Unconstrained build operations Thread 9" [_thread_blocked, id=11804, stack(0x000000b2dc200000,0x000000b2dc300000)]
  0x000001d9a7a0b800 JavaThread "Unconstrained build operations Thread 10" [_thread_blocked, id=1272, stack(0x000000b2dc300000,0x000000b2dc400000)]
  0x000001d9a7a0c800 JavaThread "Unconstrained build operations Thread 11" [_thread_blocked, id=368, stack(0x000000b2dc400000,0x000000b2dc500000)]
  0x000001d9a7a0d000 JavaThread "Unconstrained build operations Thread 12" [_thread_blocked, id=16364, stack(0x000000b2dc500000,0x000000b2dc600000)]
  0x000001d9a7a0b000 JavaThread "Unconstrained build operations Thread 13" [_thread_blocked, id=10504, stack(0x000000b2dc600000,0x000000b2dc700000)]
  0x000001d9a7a09000 JavaThread "Unconstrained build operations Thread 14" [_thread_blocked, id=1180, stack(0x000000b2dc700000,0x000000b2dc800000)]
  0x000001d9a7a07800 JavaThread "Unconstrained build operations Thread 15" [_thread_blocked, id=3200, stack(0x000000b2dc800000,0x000000b2dc900000)]
  0x000001d9a7a0e000 JavaThread "Unconstrained build operations Thread 16" [_thread_blocked, id=9956, stack(0x000000b2dc900000,0x000000b2dca00000)]
  0x000001d9a7a08800 JavaThread "Unconstrained build operations Thread 17" [_thread_blocked, id=5368, stack(0x000000b2dca00000,0x000000b2dcb00000)]
  0x000001d9a7a0f000 JavaThread "Unconstrained build operations Thread 18" [_thread_blocked, id=10396, stack(0x000000b2dcb00000,0x000000b2dcc00000)]
  0x000001d9a7a0f800 JavaThread "Unconstrained build operations Thread 19" [_thread_blocked, id=5812, stack(0x000000b2dcc00000,0x000000b2dcd00000)]
  0x000001d9a7a0a000 JavaThread "Unconstrained build operations Thread 20" [_thread_blocked, id=6228, stack(0x000000b2dcd00000,0x000000b2dce00000)]
  0x000001d9a7a10800 JavaThread "Unconstrained build operations Thread 21" [_thread_blocked, id=1928, stack(0x000000b2dce00000,0x000000b2dcf00000)]
  0x000001d9a7a11800 JavaThread "Unconstrained build operations Thread 22" [_thread_blocked, id=14016, stack(0x000000b2dcf00000,0x000000b2dd000000)]
  0x000001d9a7a12000 JavaThread "Unconstrained build operations Thread 23" [_thread_blocked, id=9360, stack(0x000000b2dd000000,0x000000b2dd100000)]
  0x000001d9a7a13000 JavaThread "Unconstrained build operations Thread 24" [_thread_blocked, id=1080, stack(0x000000b2dd100000,0x000000b2dd200000)]
  0x000001d9a7a14000 JavaThread "Unconstrained build operations Thread 25" [_thread_blocked, id=18240, stack(0x000000b2dd200000,0x000000b2dd300000)]
  0x000001d9a7a14800 JavaThread "Unconstrained build operations Thread 26" [_thread_blocked, id=11736, stack(0x000000b2dd300000,0x000000b2dd400000)]
  0x000001d9a7a16000 JavaThread "Unconstrained build operations Thread 27" [_thread_blocked, id=17516, stack(0x000000b2dd400000,0x000000b2dd500000)]
  0x000001d9a7a15800 JavaThread "Unconstrained build operations Thread 28" [_thread_blocked, id=2800, stack(0x000000b2dd500000,0x000000b2dd600000)]
  0x000001d9a1e59000 JavaThread "Unconstrained build operations Thread 29" [_thread_blocked, id=5808, stack(0x000000b2dd600000,0x000000b2dd700000)]
  0x000001d9a1e58000 JavaThread "Unconstrained build operations Thread 30" [_thread_blocked, id=4468, stack(0x000000b2dd700000,0x000000b2dd800000)]
  0x000001d9a1e5a000 JavaThread "Unconstrained build operations Thread 31" [_thread_blocked, id=12692, stack(0x000000b2dd800000,0x000000b2dd900000)]
  0x000001d9a1e56800 JavaThread "Unconstrained build operations Thread 32" [_thread_blocked, id=13748, stack(0x000000b2dd900000,0x000000b2dda00000)]
  0x000001d9a1e57800 JavaThread "Unconstrained build operations Thread 33" [_thread_blocked, id=2176, stack(0x000000b2dda00000,0x000000b2ddb00000)]
  0x000001d9a1e5a800 JavaThread "build event listener" [_thread_blocked, id=2628, stack(0x000000b2ddb00000,0x000000b2ddc00000)]
  0x000001d9a1e60800 JavaThread "Memory manager" [_thread_blocked, id=4188, stack(0x000000b2ddc00000,0x000000b2ddd00000)]
  0x000001d9a1e5c000 JavaThread "Cache worker for Build Output Cleanup Cache (C:\Users\fezia\Tradly\android\.gradle\buildOutputCleanup)" [_thread_blocked, id=15436, stack(0x000000b2db600000,0x000000b2db700000)]
  0x000001d9a1e61000 JavaThread "included builds" [_thread_blocked, id=17444, stack(0x000000b2ddd00000,0x000000b2dde00000)]
  0x000001d9a1e5b800 JavaThread "Execution worker" [_thread_in_vm, id=9604, stack(0x000000b2dde00000,0x000000b2ddf00000)]
  0x000001d9a1e62000 JavaThread "Execution worker Thread 2" [_thread_blocked, id=17996, stack(0x000000b2ddf00000,0x000000b2de000000)]
  0x000001d9a1e5f800 JavaThread "Execution worker Thread 3" [_thread_blocked, id=11968, stack(0x000000b2de000000,0x000000b2de100000)]
  0x000001d9a1e5e000 JavaThread "Cache worker for execution history cache (C:\Users\fezia\Tradly\node_modules\react-native-gradle-plugin\.gradle\7.5.1\executionHistory)" [_thread_blocked, id=9848, stack(0x000000b2de100000,0x000000b2de200000)]
  0x000001d9a1e5e800 JavaThread "Unconstrained build operations Thread 34" [_thread_blocked, id=14536, stack(0x000000b2de200000,0x000000b2de300000)]
  0x000001d9a1e62800 JavaThread "Unconstrained build operations Thread 35" [_thread_blocked, id=240, stack(0x000000b2de300000,0x000000b2de400000)]
  0x000001d9a1e5d000 JavaThread "Unconstrained build operations Thread 36" [_thread_blocked, id=5388, stack(0x000000b2de400000,0x000000b2de500000)]
  0x000001d9a1e63800 JavaThread "Unconstrained build operations Thread 37" [_thread_blocked, id=10084, stack(0x000000b2de500000,0x000000b2de600000)]
  0x000001d9a1e64800 JavaThread "Unconstrained build operations Thread 38" [_thread_blocked, id=11948, stack(0x000000b2de600000,0x000000b2de700000)]
  0x000001d9a1e65000 JavaThread "Unconstrained build operations Thread 39" [_thread_blocked, id=9916, stack(0x000000b2de700000,0x000000b2de800000)]
  0x000001d9a7301800 JavaThread "Unconstrained build operations Thread 40" [_thread_blocked, id=14632, stack(0x000000b2de800000,0x000000b2de900000)]
  0x000001d9a7303000 JavaThread "pool-3-thread-1" [_thread_blocked, id=16216, stack(0x000000b2deb00000,0x000000b2dec00000)]
  0x000001d9a72ff800 JavaThread "build event listener" [_thread_blocked, id=1700, stack(0x000000b2dec00000,0x000000b2ded00000)]
  0x000001d9a7300800 JavaThread "Cache worker for execution history cache (C:\Users\fezia\Tradly\android\.gradle\7.5.1\executionHistory)" [_thread_blocked, id=8540, stack(0x000000b2ded00000,0x000000b2dee00000)]
  0x000001d9a72fe000 JavaThread "WorkerExecutor Queue" [_thread_in_native, id=9488, stack(0x000000b2dee00000,0x000000b2def00000)]
  0x000001d9a7305800 JavaThread "WorkerExecutor Queue Thread 2" [_thread_in_native, id=11356, stack(0x000000b2df000000,0x000000b2df100000)]
  0x000001d9a7309800 JavaThread "WorkerExecutor Queue Thread 3" [_thread_blocked, id=15600, stack(0x000000b2df200000,0x000000b2df300000)]
  0x000001d9a7307000 JavaThread "WorkerExecutor Queue Thread 4" [_thread_blocked, id=10496, stack(0x000000b2df300000,0x000000b2df400000)]
  0x000001d9a72fd800 JavaThread "RMI Scheduler(0)" daemon [_thread_blocked, id=4640, stack(0x000000b2d8600000,0x000000b2d8700000)]
  0x000001d9a7304000 JavaThread "RMI RenewClean-[127.0.0.1:17991,org.jetbrains.kotlin.daemon.common.LoopbackNetworkInterface$ClientLoopbackSocketFactory@2518598c]" daemon [_thread_in_native, id=5088, stack(0x000000b2d8700000,0x000000b2d8800000)]
  0x000001d9a7306000 JavaThread "RMI GC Daemon" daemon [_thread_blocked, id=10772, stack(0x000000b2d8800000,0x000000b2d8900000)]
  0x000001d9a730a800 JavaThread "RMI TCP Accept-0" daemon [_thread_in_native, id=3260, stack(0x000000b2def00000,0x000000b2df000000)]
  0x000001d9a7308000 JavaThread "RMI Reaper" [_thread_blocked, id=6268, stack(0x000000b2df400000,0x000000b2df500000)]
  0x000001d9a7308800 JavaThread "RMI TCP Connection(idle)" daemon [_thread_blocked, id=12516, stack(0x000000b2df500000,0x000000b2df600000)]
  0x000001d9a7304800 JavaThread "RMI RenewClean-[127.0.0.1:17820,org.jetbrains.kotlin.daemon.common.LoopbackNetworkInterface$ClientLoopbackSocketFactory@d3febca]" daemon [_thread_in_native, id=3480, stack(0x000000b2df100000,0x000000b2df200000)]
  0x000001d9a730b000 JavaThread "RMI TCP Accept-0" daemon [_thread_in_native, id=17972, stack(0x000000b2df600000,0x000000b2df700000)]
  0x000001d9a9c9a800 JavaThread "RMI TCP Connection(idle)" daemon [_thread_blocked, id=17956, stack(0x000000b2df700000,0x000000b2df800000)]
  0x000001d9ad376000 JavaThread "C2 CompilerThread1" daemon [_thread_in_native, id=16768, stack(0x000000b2df800000,0x000000b2df900000)]
  0x000001d9a9c9d000 JavaThread "Thread-81" [_thread_in_native, id=15132, stack(0x000000b2df900000,0x000000b2dfa00000)]
  0x000001d9a9c9b800 JavaThread "Thread-82" [_thread_in_native, id=5140, stack(0x000000b2dfa00000,0x000000b2dfb00000)]

Other Threads:
  0x000001d9a0ceb800 VMThread "VM Thread" [stack: 0x000000b2d8f00000,0x000000b2d9000000] [id=9340]
  0x000001d9a0fd6800 WatcherThread [stack: 0x000000b2d9900000,0x000000b2d9a00000] [id=17468]
  0x000001d98695a000 GCTaskThread "GC Thread#0" [stack: 0x000000b2d8a00000,0x000000b2d8b00000] [id=14856]
  0x000001d9a165a000 GCTaskThread "GC Thread#1" [stack: 0x000000b2d9a00000,0x000000b2d9b00000] [id=14432]
  0x000001d9a3199000 GCTaskThread "GC Thread#2" [stack: 0x000000b2da700000,0x000000b2da800000] [id=17072]
  0x000001d9a319c000 GCTaskThread "GC Thread#3" [stack: 0x000000b2da800000,0x000000b2da900000] [id=7456]
  0x000001d98698c000 ConcurrentGCThread "G1 Main Marker" [stack: 0x000000b2d8b00000,0x000000b2d8c00000] [id=17060]
  0x000001d98698d000 ConcurrentGCThread "G1 Conc#0" [stack: 0x000000b2d8c00000,0x000000b2d8d00000] [id=18212]
  0x000001d9869e7000 ConcurrentGCThread "G1 Refine#0" [stack: 0x000000b2d8d00000,0x000000b2d8e00000] [id=14068]
  0x000001d9869e8000 ConcurrentGCThread "G1 Young RemSet Sampling" [stack: 0x000000b2d8e00000,0x000000b2d8f00000] [id=11916]

Threads with active compile tasks:
C2 CompilerThread0  81152 20077       4       com.android.tools.r8.graph.Y::a (1046 bytes)
C2 CompilerThread1  81152 19800       4       com.android.tools.r8.internal.w20::f0 (25 bytes)

VM state:not at safepoint (normal execution)

VM Mutex/Monitor currently owned by a thread: None

Heap address: 0x0000000080000000, size: 2048 MB, Compressed Oops mode: 32-bit
Narrow klass base: 0x0000000000000000, Narrow klass shift: 3
Compressed class space size: 528482304 Address: 0x0000000100000000

Heap:
 garbage-first heap   total 334848K, used 245285K [0x0000000080000000, 0x0000000100000000)
  region size 1024K, 60 young (61440K), 7 survivors (7168K)
 Metaspace       used 130837K, capacity 135031K, committed 135300K, reserved 634880K
  class space    used 16822K, capacity 18437K, committed 18508K, reserved 516096K
Heap Regions: E=young(eden), S=young(survivor), O=old, HS=humongous(starts), HC=humongous(continues), CS=collection set, F=free, A=archive, TAMS=top-at-mark-start (previous, next)
|   0|0x0000000080000000, 0x0000000080100000, 0x0000000080100000|100%|HS|  |TAMS 0x0000000080100000, 0x0000000080000000| Complete 
|   1|0x0000000080100000, 0x0000000080200000, 0x0000000080200000|100%|HC|  |TAMS 0x0000000080200000, 0x0000000080100000| Complete 
|   2|0x0000000080200000, 0x0000000080300000, 0x0000000080300000|100%|HC|  |TAMS 0x0000000080300000, 0x0000000080200000| Complete 
|   3|0x0000000080300000, 0x0000000080400000, 0x0000000080400000|100%| O|  |TAMS 0x0000000080400000, 0x0000000080300000| Untracked 
|   4|0x0000000080400000, 0x0000000080500000, 0x0000000080500000|100%| O|  |TAMS 0x0000000080500000, 0x0000000080400000| Untracked 
|   5|0x0000000080500000, 0x0000000080600000, 0x0000000080600000|100%| O|  |TAMS 0x0000000080600000, 0x0000000080500000| Untracked 
|   6|0x0000000080600000, 0x0000000080700000, 0x0000000080700000|100%| O|  |TAMS 0x0000000080700000, 0x0000000080600000| Untracked 
|   7|0x0000000080700000, 0x0000000080800000, 0x0000000080800000|100%| O|  |TAMS 0x0000000080800000, 0x0000000080700000| Untracked 
|   8|0x0000000080800000, 0x0000000080900000, 0x0000000080900000|100%| O|  |TAMS 0x0000000080900000, 0x0000000080800000| Untracked 
|   9|0x0000000080900000, 0x0000000080a00000, 0x0000000080a00000|100%| O|  |TAMS 0x0000000080a00000, 0x0000000080900000| Untracked 
|  10|0x0000000080a00000, 0x0000000080b00000, 0x0000000080b00000|100%| O|  |TAMS 0x0000000080b00000, 0x0000000080a00000| Untracked 
|  11|0x0000000080b00000, 0x0000000080c00000, 0x0000000080c00000|100%| O|  |TAMS 0x0000000080c00000, 0x0000000080b00000| Untracked 
|  12|0x0000000080c00000, 0x0000000080d00000, 0x0000000080d00000|100%| O|  |TAMS 0x0000000080d00000, 0x0000000080c00000| Untracked 
|  13|0x0000000080d00000, 0x0000000080e00000, 0x0000000080e00000|100%| O|  |TAMS 0x0000000080e00000, 0x0000000080d00000| Untracked 
|  14|0x0000000080e00000, 0x0000000080f00000, 0x0000000080f00000|100%| O|  |TAMS 0x0000000080f00000, 0x0000000080e00000| Untracked 
|  15|0x0000000080f00000, 0x0000000081000000, 0x0000000081000000|100%| O|  |TAMS 0x0000000081000000, 0x0000000080f00000| Untracked 
|  16|0x0000000081000000, 0x0000000081100000, 0x0000000081100000|100%| O|  |TAMS 0x0000000081100000, 0x0000000081000000| Untracked 
|  17|0x0000000081100000, 0x0000000081200000, 0x0000000081200000|100%| O|  |TAMS 0x0000000081200000, 0x0000000081100000| Untracked 
|  18|0x0000000081200000, 0x0000000081300000, 0x0000000081300000|100%| O|  |TAMS 0x0000000081300000, 0x0000000081200000| Untracked 
|  19|0x0000000081300000, 0x0000000081400000, 0x0000000081400000|100%| O|  |TAMS 0x0000000081400000, 0x0000000081300000| Untracked 
|  20|0x0000000081400000, 0x0000000081500000, 0x0000000081500000|100%| O|  |TAMS 0x0000000081500000, 0x0000000081400000| Untracked 
|  21|0x0000000081500000, 0x0000000081600000, 0x0000000081600000|100%| O|  |TAMS 0x0000000081600000, 0x0000000081500000| Untracked 
|  22|0x0000000081600000, 0x0000000081700000, 0x0000000081700000|100%| O|  |TAMS 0x0000000081700000, 0x0000000081600000| Untracked 
|  23|0x0000000081700000, 0x0000000081800000, 0x0000000081800000|100%| O|  |TAMS 0x0000000081800000, 0x0000000081700000| Untracked 
|  24|0x0000000081800000, 0x0000000081900000, 0x0000000081900000|100%| O|  |TAMS 0x0000000081900000, 0x0000000081800000| Untracked 
|  25|0x0000000081900000, 0x0000000081a00000, 0x0000000081a00000|100%| O|  |TAMS 0x0000000081a00000, 0x0000000081900000| Untracked 
|  26|0x0000000081a00000, 0x0000000081b00000, 0x0000000081b00000|100%| O|  |TAMS 0x0000000081b00000, 0x0000000081a00000| Untracked 
|  27|0x0000000081b00000, 0x0000000081c00000, 0x0000000081c00000|100%| O|  |TAMS 0x0000000081c00000, 0x0000000081b00000| Untracked 
|  28|0x0000000081c00000, 0x0000000081d00000, 0x0000000081d00000|100%| O|  |TAMS 0x0000000081d00000, 0x0000000081c00000| Untracked 
|  29|0x0000000081d00000, 0x0000000081e00000, 0x0000000081e00000|100%| O|  |TAMS 0x0000000081e00000, 0x0000000081d00000| Untracked 
|  30|0x0000000081e00000, 0x0000000081f00000, 0x0000000081f00000|100%| O|  |TAMS 0x0000000081f00000, 0x0000000081e00000| Untracked 
|  31|0x0000000081f00000, 0x0000000082000000, 0x0000000082000000|100%|HS|  |TAMS 0x0000000082000000, 0x0000000081f00000| Complete 
|  32|0x0000000082000000, 0x0000000082100000, 0x0000000082100000|100%|HS|  |TAMS 0x0000000082100000, 0x0000000082000000| Complete 
|  33|0x0000000082100000, 0x0000000082200000, 0x0000000082200000|100%|HC|  |TAMS 0x0000000082200000, 0x0000000082100000| Complete 
|  34|0x0000000082200000, 0x0000000082300000, 0x0000000082300000|100%|HC|  |TAMS 0x0000000082300000, 0x0000000082200000| Complete 
|  35|0x0000000082300000, 0x0000000082400000, 0x0000000082400000|100%| O|  |TAMS 0x0000000082400000, 0x0000000082300000| Untracked 
|  36|0x0000000082400000, 0x0000000082500000, 0x0000000082500000|100%| O|  |TAMS 0x0000000082500000, 0x0000000082400000| Untracked 
|  37|0x0000000082500000, 0x0000000082600000, 0x0000000082600000|100%| O|  |TAMS 0x0000000082600000, 0x0000000082500000| Untracked 
|  38|0x0000000082600000, 0x0000000082700000, 0x0000000082700000|100%| O|  |TAMS 0x0000000082700000, 0x0000000082600000| Untracked 
|  39|0x0000000082700000, 0x0000000082800000, 0x0000000082800000|100%| O|  |TAMS 0x0000000082800000, 0x0000000082700000| Untracked 
|  40|0x0000000082800000, 0x0000000082900000, 0x0000000082900000|100%| O|  |TAMS 0x0000000082900000, 0x0000000082800000| Untracked 
|  41|0x0000000082900000, 0x0000000082a00000, 0x0000000082a00000|100%| O|  |TAMS 0x0000000082a00000, 0x0000000082900000| Untracked 
|  42|0x0000000082a00000, 0x0000000082b00000, 0x0000000082b00000|100%| O|  |TAMS 0x0000000082b00000, 0x0000000082a00000| Untracked 
|  43|0x0000000082b00000, 0x0000000082c00000, 0x0000000082c00000|100%| O|  |TAMS 0x0000000082c00000, 0x0000000082b00000| Untracked 
|  44|0x0000000082c00000, 0x0000000082d00000, 0x0000000082d00000|100%| O|  |TAMS 0x0000000082d00000, 0x0000000082c00000| Untracked 
|  45|0x0000000082d00000, 0x0000000082e00000, 0x0000000082e00000|100%| O|  |TAMS 0x0000000082e00000, 0x0000000082d00000| Untracked 
|  46|0x0000000082e00000, 0x0000000082f00000, 0x0000000082f00000|100%| O|  |TAMS 0x0000000082f00000, 0x0000000082e00000| Untracked 
|  47|0x0000000082f00000, 0x0000000083000000, 0x0000000083000000|100%| O|  |TAMS 0x0000000083000000, 0x0000000082f00000| Untracked 
|  48|0x0000000083000000, 0x0000000083100000, 0x0000000083100000|100%| O|  |TAMS 0x0000000083100000, 0x0000000083000000| Untracked 
|  49|0x0000000083100000, 0x0000000083200000, 0x0000000083200000|100%| O|  |TAMS 0x0000000083200000, 0x0000000083100000| Untracked 
|  50|0x0000000083200000, 0x0000000083300000, 0x0000000083300000|100%| O|  |TAMS 0x0000000083300000, 0x0000000083200000| Untracked 
|  51|0x0000000083300000, 0x0000000083400000, 0x0000000083400000|100%| O|  |TAMS 0x0000000083400000, 0x0000000083300000| Untracked 
|  52|0x0000000083400000, 0x0000000083500000, 0x0000000083500000|100%|HS|  |TAMS 0x0000000083500000, 0x0000000083400000| Complete 
|  53|0x0000000083500000, 0x0000000083600000, 0x0000000083600000|100%|HS|  |TAMS 0x0000000083600000, 0x0000000083500000| Complete 
|  54|0x0000000083600000, 0x0000000083700000, 0x0000000083700000|100%| O|  |TAMS 0x0000000083700000, 0x0000000083600000| Untracked 
|  55|0x0000000083700000, 0x0000000083800000, 0x0000000083800000|100%| O|  |TAMS 0x0000000083800000, 0x0000000083700000| Untracked 
|  56|0x0000000083800000, 0x0000000083900000, 0x0000000083900000|100%| O|  |TAMS 0x0000000083900000, 0x0000000083800000| Untracked 
|  57|0x0000000083900000, 0x0000000083a00000, 0x0000000083a00000|100%| O|  |TAMS 0x0000000083a00000, 0x0000000083900000| Untracked 
|  58|0x0000000083a00000, 0x0000000083b00000, 0x0000000083b00000|100%| O|  |TAMS 0x0000000083b00000, 0x0000000083a00000| Untracked 
|  59|0x0000000083b00000, 0x0000000083c00000, 0x0000000083c00000|100%| O|  |TAMS 0x0000000083c00000, 0x0000000083b00000| Untracked 
|  60|0x0000000083c00000, 0x0000000083d00000, 0x0000000083d00000|100%|HS|  |TAMS 0x0000000083d00000, 0x0000000083c00000| Complete 
|  61|0x0000000083d00000, 0x0000000083e00000, 0x0000000083e00000|100%|HC|  |TAMS 0x0000000083e00000, 0x0000000083d00000| Complete 
|  62|0x0000000083e00000, 0x0000000083f00000, 0x0000000083f00000|100%| O|  |TAMS 0x0000000083f00000, 0x0000000083e00000| Untracked 
|  63|0x0000000083f00000, 0x0000000084000000, 0x0000000084000000|100%| O|  |TAMS 0x0000000084000000, 0x0000000083f00000| Untracked 
|  64|0x0000000084000000, 0x0000000084100000, 0x0000000084100000|100%| O|  |TAMS 0x0000000084100000, 0x0000000084000000| Untracked 
|  65|0x0000000084100000, 0x0000000084200000, 0x0000000084200000|100%| O|  |TAMS 0x0000000084200000, 0x0000000084100000| Untracked 
|  66|0x0000000084200000, 0x0000000084300000, 0x0000000084300000|100%| O|  |TAMS 0x0000000084300000, 0x0000000084200000| Untracked 
|  67|0x0000000084300000, 0x0000000084400000, 0x0000000084400000|100%| O|  |TAMS 0x0000000084400000, 0x0000000084300000| Untracked 
|  68|0x0000000084400000, 0x0000000084500000, 0x0000000084500000|100%| O|  |TAMS 0x0000000084500000, 0x0000000084400000| Untracked 
|  69|0x0000000084500000, 0x0000000084600000, 0x0000000084600000|100%| O|  |TAMS 0x0000000084600000, 0x0000000084500000| Untracked 
|  70|0x0000000084600000, 0x0000000084700000, 0x0000000084700000|100%| O|  |TAMS 0x0000000084700000, 0x0000000084600000| Untracked 
|  71|0x0000000084700000, 0x0000000084800000, 0x0000000084800000|100%| O|  |TAMS 0x0000000084800000, 0x0000000084700000| Untracked 
|  72|0x0000000084800000, 0x0000000084900000, 0x0000000084900000|100%| O|  |TAMS 0x0000000084900000, 0x0000000084800000| Untracked 
|  73|0x0000000084900000, 0x0000000084a00000, 0x0000000084a00000|100%| O|  |TAMS 0x0000000084a00000, 0x0000000084900000| Untracked 
|  74|0x0000000084a00000, 0x0000000084b00000, 0x0000000084b00000|100%| O|  |TAMS 0x0000000084b00000, 0x0000000084a00000| Untracked 
|  75|0x0000000084b00000, 0x0000000084c00000, 0x0000000084c00000|100%| O|  |TAMS 0x0000000084c00000, 0x0000000084b00000| Untracked 
|  76|0x0000000084c00000, 0x0000000084d00000, 0x0000000084d00000|100%|HS|  |TAMS 0x0000000084d00000, 0x0000000084c00000| Complete 
|  77|0x0000000084d00000, 0x0000000084e00000, 0x0000000084e00000|100%|HC|  |TAMS 0x0000000084e00000, 0x0000000084d00000| Complete 
|  78|0x0000000084e00000, 0x0000000084f00000, 0x0000000084f00000|100%|HS|  |TAMS 0x0000000084f00000, 0x0000000084e00000| Complete 
|  79|0x0000000084f00000, 0x0000000085000000, 0x0000000085000000|100%|HC|  |TAMS 0x0000000085000000, 0x0000000084f00000| Complete 
|  80|0x0000000085000000, 0x0000000085100000, 0x0000000085100000|100%| O|  |TAMS 0x0000000085100000, 0x0000000085000000| Untracked 
|  81|0x0000000085100000, 0x0000000085200000, 0x0000000085200000|100%| O|  |TAMS 0x0000000085200000, 0x0000000085100000| Untracked 
|  82|0x0000000085200000, 0x0000000085300000, 0x0000000085300000|100%| O|  |TAMS 0x0000000085300000, 0x0000000085200000| Untracked 
|  83|0x0000000085300000, 0x0000000085400000, 0x0000000085400000|100%| O|  |TAMS 0x0000000085400000, 0x0000000085300000| Untracked 
|  84|0x0000000085400000, 0x0000000085500000, 0x0000000085500000|100%| O|  |TAMS 0x0000000085500000, 0x0000000085400000| Untracked 
|  85|0x0000000085500000, 0x0000000085600000, 0x0000000085600000|100%|HS|  |TAMS 0x0000000085600000, 0x0000000085500000| Complete 
|  86|0x0000000085600000, 0x0000000085700000, 0x0000000085700000|100%|HS|  |TAMS 0x0000000085700000, 0x0000000085600000| Complete 
|  87|0x0000000085700000, 0x0000000085800000, 0x0000000085800000|100%|HC|  |TAMS 0x0000000085800000, 0x0000000085700000| Complete 
|  88|0x0000000085800000, 0x0000000085900000, 0x0000000085900000|100%|HC|  |TAMS 0x0000000085900000, 0x0000000085800000| Complete 
|  89|0x0000000085900000, 0x0000000085a00000, 0x0000000085a00000|100%| O|  |TAMS 0x0000000085a00000, 0x0000000085900000| Untracked 
|  90|0x0000000085a00000, 0x0000000085b00000, 0x0000000085b00000|100%| O|  |TAMS 0x0000000085b00000, 0x0000000085a00000| Untracked 
|  91|0x0000000085b00000, 0x0000000085c00000, 0x0000000085c00000|100%| O|  |TAMS 0x0000000085c00000, 0x0000000085b00000| Untracked 
|  92|0x0000000085c00000, 0x0000000085d00000, 0x0000000085d00000|100%| O|  |TAMS 0x0000000085d00000, 0x0000000085c00000| Untracked 
|  93|0x0000000085d00000, 0x0000000085e00000, 0x0000000085e00000|100%| O|  |TAMS 0x0000000085e00000, 0x0000000085d00000| Untracked 
|  94|0x0000000085e00000, 0x0000000085f00000, 0x0000000085f00000|100%| O|  |TAMS 0x0000000085f00000, 0x0000000085e00000| Untracked 
|  95|0x0000000085f00000, 0x0000000086000000, 0x0000000086000000|100%| O|  |TAMS 0x0000000086000000, 0x0000000085f00000| Untracked 
|  96|0x0000000086000000, 0x0000000086100000, 0x0000000086100000|100%| O|  |TAMS 0x0000000086100000, 0x0000000086000000| Untracked 
|  97|0x0000000086100000, 0x0000000086200000, 0x0000000086200000|100%| O|  |TAMS 0x0000000086200000, 0x0000000086100000| Untracked 
|  98|0x0000000086200000, 0x0000000086300000, 0x0000000086300000|100%| O|  |TAMS 0x0000000086300000, 0x0000000086200000| Untracked 
|  99|0x0000000086300000, 0x0000000086400000, 0x0000000086400000|100%|HS|  |TAMS 0x0000000086400000, 0x0000000086300000| Complete 
| 100|0x0000000086400000, 0x0000000086500000, 0x0000000086500000|100%| O|  |TAMS 0x0000000086500000, 0x0000000086400000| Untracked 
| 101|0x0000000086500000, 0x0000000086600000, 0x0000000086600000|100%| O|  |TAMS 0x0000000086600000, 0x0000000086500000| Untracked 
| 102|0x0000000086600000, 0x0000000086700000, 0x0000000086700000|100%| O|  |TAMS 0x0000000086700000, 0x0000000086600000| Untracked 
| 103|0x0000000086700000, 0x0000000086800000, 0x0000000086800000|100%|HS|  |TAMS 0x0000000086800000, 0x0000000086700000| Complete 
| 104|0x0000000086800000, 0x0000000086900000, 0x0000000086900000|100%|HS|  |TAMS 0x0000000086900000, 0x0000000086800000| Complete 
| 105|0x0000000086900000, 0x0000000086a00000, 0x0000000086a00000|100%|HC|  |TAMS 0x0000000086a00000, 0x0000000086900000| Complete 
| 106|0x0000000086a00000, 0x0000000086b00000, 0x0000000086b00000|100%|HC|  |TAMS 0x0000000086b00000, 0x0000000086a00000| Complete 
| 107|0x0000000086b00000, 0x0000000086c00000, 0x0000000086c00000|100%| O|  |TAMS 0x0000000086c00000, 0x0000000086b00000| Untracked 
| 108|0x0000000086c00000, 0x0000000086d00000, 0x0000000086d00000|100%| O|  |TAMS 0x0000000086d00000, 0x0000000086c00000| Untracked 
| 109|0x0000000086d00000, 0x0000000086e00000, 0x0000000086e00000|100%| O|  |TAMS 0x0000000086e00000, 0x0000000086d00000| Untracked 
| 110|0x0000000086e00000, 0x0000000086f00000, 0x0000000086f00000|100%| O|  |TAMS 0x0000000086f00000, 0x0000000086e00000| Untracked 
| 111|0x0000000086f00000, 0x0000000087000000, 0x0000000087000000|100%| O|  |TAMS 0x0000000087000000, 0x0000000086f00000| Untracked 
| 112|0x0000000087000000, 0x0000000087100000, 0x0000000087100000|100%| O|  |TAMS 0x0000000087100000, 0x0000000087000000| Untracked 
| 113|0x0000000087100000, 0x0000000087200000, 0x0000000087200000|100%| O|  |TAMS 0x0000000087200000, 0x0000000087100000| Untracked 
| 114|0x0000000087200000, 0x0000000087300000, 0x0000000087300000|100%| O|  |TAMS 0x0000000087300000, 0x0000000087200000| Untracked 
| 115|0x0000000087300000, 0x0000000087400000, 0x0000000087400000|100%| O|  |TAMS 0x0000000087400000, 0x0000000087300000| Untracked 
| 116|0x0000000087400000, 0x0000000087500000, 0x0000000087500000|100%| O|  |TAMS 0x0000000087500000, 0x0000000087400000| Untracked 
| 117|0x0000000087500000, 0x0000000087600000, 0x0000000087600000|100%| O|  |TAMS 0x0000000087600000, 0x0000000087500000| Untracked 
| 118|0x0000000087600000, 0x0000000087700000, 0x0000000087700000|100%| O|  |TAMS 0x0000000087700000, 0x0000000087600000| Untracked 
| 119|0x0000000087700000, 0x0000000087800000, 0x0000000087800000|100%| O|  |TAMS 0x0000000087800000, 0x0000000087700000| Untracked 
| 120|0x0000000087800000, 0x0000000087900000, 0x0000000087900000|100%| O|  |TAMS 0x0000000087900000, 0x0000000087800000| Untracked 
| 121|0x0000000087900000, 0x0000000087a00000, 0x0000000087a00000|100%| O|  |TAMS 0x0000000087a00000, 0x0000000087900000| Untracked 
| 122|0x0000000087a00000, 0x0000000087b00000, 0x0000000087b00000|100%| O|  |TAMS 0x0000000087b00000, 0x0000000087a00000| Untracked 
| 123|0x0000000087b00000, 0x0000000087c00000, 0x0000000087c00000|100%| O|  |TAMS 0x0000000087c00000, 0x0000000087b00000| Untracked 
| 124|0x0000000087c00000, 0x0000000087d00000, 0x0000000087d00000|100%| O|  |TAMS 0x0000000087d00000, 0x0000000087c00000| Untracked 
| 125|0x0000000087d00000, 0x0000000087e00000, 0x0000000087e00000|100%| O|  |TAMS 0x0000000087e00000, 0x0000000087d00000| Untracked 
| 126|0x0000000087e00000, 0x0000000087f00000, 0x0000000087f00000|100%| O|  |TAMS 0x0000000087f00000, 0x0000000087e00000| Untracked 
| 127|0x0000000087f00000, 0x0000000088000000, 0x0000000088000000|100%| O|  |TAMS 0x0000000088000000, 0x0000000087f00000| Untracked 
| 128|0x0000000088000000, 0x0000000088100000, 0x0000000088100000|100%| O|  |TAMS 0x0000000088100000, 0x0000000088000000| Untracked 
| 129|0x0000000088100000, 0x0000000088200000, 0x0000000088200000|100%| O|  |TAMS 0x0000000088200000, 0x0000000088100000| Untracked 
| 130|0x0000000088200000, 0x0000000088300000, 0x0000000088300000|100%| O|  |TAMS 0x0000000088300000, 0x0000000088200000| Untracked 
| 131|0x0000000088300000, 0x0000000088400000, 0x0000000088400000|100%| O|  |TAMS 0x0000000088400000, 0x0000000088300000| Untracked 
| 132|0x0000000088400000, 0x0000000088500000, 0x0000000088500000|100%| O|  |TAMS 0x0000000088500000, 0x0000000088400000| Untracked 
| 133|0x0000000088500000, 0x0000000088600000, 0x0000000088600000|100%| O|  |TAMS 0x0000000088600000, 0x0000000088500000| Untracked 
| 134|0x0000000088600000, 0x0000000088700000, 0x0000000088700000|100%| O|  |TAMS 0x0000000088700000, 0x0000000088600000| Untracked 
| 135|0x0000000088700000, 0x0000000088800000, 0x0000000088800000|100%| O|  |TAMS 0x0000000088800000, 0x0000000088700000| Untracked 
| 136|0x0000000088800000, 0x0000000088900000, 0x0000000088900000|100%| O|  |TAMS 0x0000000088900000, 0x0000000088800000| Untracked 
| 137|0x0000000088900000, 0x0000000088a00000, 0x0000000088a00000|100%| O|  |TAMS 0x0000000088a00000, 0x0000000088900000| Untracked 
| 138|0x0000000088a00000, 0x0000000088b00000, 0x0000000088b00000|100%| O|  |TAMS 0x0000000088b00000, 0x0000000088a00000| Untracked 
| 139|0x0000000088b00000, 0x0000000088c00000, 0x0000000088c00000|100%| O|  |TAMS 0x0000000088c00000, 0x0000000088b00000| Untracked 
| 140|0x0000000088c00000, 0x0000000088d00000, 0x0000000088d00000|100%| O|  |TAMS 0x0000000088d00000, 0x0000000088c00000| Untracked 
| 141|0x0000000088d00000, 0x0000000088e00000, 0x0000000088e00000|100%| O|  |TAMS 0x0000000088e00000, 0x0000000088d00000| Untracked 
| 142|0x0000000088e00000, 0x0000000088f00000, 0x0000000088f00000|100%| O|  |TAMS 0x0000000088f00000, 0x0000000088e00000| Untracked 
| 143|0x0000000088f00000, 0x0000000089000000, 0x0000000089000000|100%| O|  |TAMS 0x0000000089000000, 0x0000000088f00000| Untracked 
| 144|0x0000000089000000, 0x0000000089100000, 0x0000000089100000|100%| O|  |TAMS 0x0000000089100000, 0x0000000089000000| Untracked 
| 145|0x0000000089100000, 0x0000000089200000, 0x0000000089200000|100%| O|  |TAMS 0x0000000089200000, 0x0000000089100000| Untracked 
| 146|0x0000000089200000, 0x0000000089300000, 0x0000000089300000|100%| O|  |TAMS 0x0000000089300000, 0x0000000089200000| Untracked 
| 147|0x0000000089300000, 0x0000000089400000, 0x0000000089400000|100%| O|  |TAMS 0x0000000089400000, 0x0000000089300000| Untracked 
| 148|0x0000000089400000, 0x0000000089500000, 0x0000000089500000|100%| O|  |TAMS 0x0000000089500000, 0x0000000089400000| Untracked 
| 149|0x0000000089500000, 0x0000000089600000, 0x0000000089600000|100%| O|  |TAMS 0x0000000089600000, 0x0000000089500000| Untracked 
| 150|0x0000000089600000, 0x0000000089700000, 0x0000000089700000|100%| O|  |TAMS 0x0000000089700000, 0x0000000089600000| Untracked 
| 151|0x0000000089700000, 0x0000000089800000, 0x0000000089800000|100%| O|  |TAMS 0x0000000089800000, 0x0000000089700000| Untracked 
| 152|0x0000000089800000, 0x0000000089900000, 0x0000000089900000|100%| O|  |TAMS 0x0000000089900000, 0x0000000089800000| Untracked 
| 153|0x0000000089900000, 0x0000000089a00000, 0x0000000089a00000|100%| O|  |TAMS 0x0000000089a00000, 0x0000000089900000| Untracked 
| 154|0x0000000089a00000, 0x0000000089b00000, 0x0000000089b00000|100%|HS|  |TAMS 0x0000000089b00000, 0x0000000089a00000| Complete 
| 155|0x0000000089b00000, 0x0000000089c00000, 0x0000000089c00000|100%|HC|  |TAMS 0x0000000089c00000, 0x0000000089b00000| Complete 
| 156|0x0000000089c00000, 0x0000000089d00000, 0x0000000089d00000|100%| O|  |TAMS 0x0000000089d00000, 0x0000000089c00000| Untracked 
| 157|0x0000000089d00000, 0x0000000089e00000, 0x0000000089e00000|100%| O|  |TAMS 0x0000000089e00000, 0x0000000089d00000| Untracked 
| 158|0x0000000089e00000, 0x0000000089f00000, 0x0000000089f00000|100%| O|  |TAMS 0x0000000089f00000, 0x0000000089e00000| Untracked 
| 159|0x0000000089f00000, 0x000000008a000000, 0x000000008a000000|100%| O|  |TAMS 0x000000008a000000, 0x0000000089f00000| Untracked 
| 160|0x000000008a000000, 0x000000008a100000, 0x000000008a100000|100%| O|  |TAMS 0x000000008a100000, 0x000000008a000000| Untracked 
| 161|0x000000008a100000, 0x000000008a200000, 0x000000008a200000|100%| O|  |TAMS 0x000000008a200000, 0x000000008a100000| Untracked 
| 162|0x000000008a200000, 0x000000008a300000, 0x000000008a300000|100%| O|  |TAMS 0x000000008a300000, 0x000000008a200000| Untracked 
| 163|0x000000008a300000, 0x000000008a400000, 0x000000008a400000|100%| O|  |TAMS 0x000000008a400000, 0x000000008a300000| Untracked 
| 164|0x000000008a400000, 0x000000008a500000, 0x000000008a500000|100%| O|  |TAMS 0x000000008a500000, 0x000000008a400000| Untracked 
| 165|0x000000008a500000, 0x000000008a600000, 0x000000008a600000|100%| O|  |TAMS 0x000000008a600000, 0x000000008a500000| Untracked 
| 166|0x000000008a600000, 0x000000008a700000, 0x000000008a700000|100%| O|  |TAMS 0x000000008a700000, 0x000000008a600000| Untracked 
| 167|0x000000008a700000, 0x000000008a800000, 0x000000008a800000|100%| O|  |TAMS 0x000000008a800000, 0x000000008a700000| Untracked 
| 168|0x000000008a800000, 0x000000008a900000, 0x000000008a900000|100%| O|  |TAMS 0x000000008a900000, 0x000000008a800000| Untracked 
| 169|0x000000008a900000, 0x000000008aa00000, 0x000000008aa00000|100%| O|  |TAMS 0x000000008aa00000, 0x000000008a900000| Untracked 
| 170|0x000000008aa00000, 0x000000008ab00000, 0x000000008ab00000|100%| O|  |TAMS 0x000000008ab00000, 0x000000008aa00000| Untracked 
| 171|0x000000008ab00000, 0x000000008ac00000, 0x000000008ac00000|100%| O|  |TAMS 0x000000008ac00000, 0x000000008ab00000| Untracked 
| 172|0x000000008ac00000, 0x000000008ad00000, 0x000000008ad00000|100%| O|  |TAMS 0x000000008ad00000, 0x000000008ac00000| Untracked 
| 173|0x000000008ad00000, 0x000000008ae00000, 0x000000008ae00000|100%| O|  |TAMS 0x000000008ae00000, 0x000000008ad00000| Untracked 
| 174|0x000000008ae00000, 0x000000008af00000, 0x000000008af00000|100%| O|  |TAMS 0x000000008af00000, 0x000000008ae00000| Untracked 
| 175|0x000000008af00000, 0x000000008b000000, 0x000000008b000000|100%| O|  |TAMS 0x000000008b000000, 0x000000008af00000| Untracked 
| 176|0x000000008b000000, 0x000000008b100000, 0x000000008b100000|100%| O|  |TAMS 0x000000008b100000, 0x000000008b000000| Untracked 
| 177|0x000000008b100000, 0x000000008b200000, 0x000000008b200000|100%| O|  |TAMS 0x000000008b200000, 0x000000008b100000| Untracked 
| 178|0x000000008b200000, 0x000000008b300000, 0x000000008b300000|100%| O|  |TAMS 0x000000008b300000, 0x000000008b200000| Untracked 
| 179|0x000000008b300000, 0x000000008b400000, 0x000000008b400000|100%| O|  |TAMS 0x000000008b400000, 0x000000008b300000| Untracked 
| 180|0x000000008b400000, 0x000000008b4b0000, 0x000000008b500000| 68%| O|  |TAMS 0x000000008b4b0000, 0x000000008b400000| Untracked 
| 181|0x000000008b500000, 0x000000008b500000, 0x000000008b600000|  0%| F|  |TAMS 0x000000008b500000, 0x000000008b500000| Untracked 
| 182|0x000000008b600000, 0x000000008b600000, 0x000000008b700000|  0%| F|  |TAMS 0x000000008b600000, 0x000000008b600000| Untracked 
| 183|0x000000008b700000, 0x000000008b700000, 0x000000008b800000|  0%| F|  |TAMS 0x000000008b700000, 0x000000008b700000| Untracked 
| 184|0x000000008b800000, 0x000000008b800000, 0x000000008b900000|  0%| F|  |TAMS 0x000000008b800000, 0x000000008b800000| Untracked 
| 185|0x000000008b900000, 0x000000008b900000, 0x000000008ba00000|  0%| F|  |TAMS 0x000000008b900000, 0x000000008b900000| Untracked 
| 186|0x000000008ba00000, 0x000000008ba00000, 0x000000008bb00000|  0%| F|  |TAMS 0x000000008ba00000, 0x000000008ba00000| Untracked 
| 187|0x000000008bb00000, 0x000000008bb00000, 0x000000008bc00000|  0%| F|  |TAMS 0x000000008bb00000, 0x000000008bb00000| Untracked 
| 188|0x000000008bc00000, 0x000000008bc00000, 0x000000008bd00000|  0%| F|  |TAMS 0x000000008bc00000, 0x000000008bc00000| Untracked 
| 189|0x000000008bd00000, 0x000000008bd00000, 0x000000008be00000|  0%| F|  |TAMS 0x000000008bd00000, 0x000000008bd00000| Untracked 
| 190|0x000000008be00000, 0x000000008be00000, 0x000000008bf00000|  0%| F|  |TAMS 0x000000008be00000, 0x000000008be00000| Untracked 
| 191|0x000000008bf00000, 0x000000008bf00000, 0x000000008c000000|  0%| F|  |TAMS 0x000000008bf00000, 0x000000008bf00000| Untracked 
| 192|0x000000008c000000, 0x000000008c000000, 0x000000008c100000|  0%| F|  |TAMS 0x000000008c000000, 0x000000008c000000| Untracked 
| 193|0x000000008c100000, 0x000000008c100000, 0x000000008c200000|  0%| F|  |TAMS 0x000000008c100000, 0x000000008c100000| Untracked 
| 194|0x000000008c200000, 0x000000008c200000, 0x000000008c300000|  0%| F|  |TAMS 0x000000008c200000, 0x000000008c200000| Untracked 
| 195|0x000000008c300000, 0x000000008c300000, 0x000000008c400000|  0%| F|  |TAMS 0x000000008c300000, 0x000000008c300000| Untracked 
| 196|0x000000008c400000, 0x000000008c400000, 0x000000008c500000|  0%| F|  |TAMS 0x000000008c400000, 0x000000008c400000| Untracked 
| 197|0x000000008c500000, 0x000000008c500000, 0x000000008c600000|  0%| F|  |TAMS 0x000000008c500000, 0x000000008c500000| Untracked 
| 198|0x000000008c600000, 0x000000008c600000, 0x000000008c700000|  0%| F|  |TAMS 0x000000008c600000, 0x000000008c600000| Untracked 
| 199|0x000000008c700000, 0x000000008c700000, 0x000000008c800000|  0%| F|  |TAMS 0x000000008c700000, 0x000000008c700000| Untracked 
| 200|0x000000008c800000, 0x000000008c800000, 0x000000008c900000|  0%| F|  |TAMS 0x000000008c800000, 0x000000008c800000| Untracked 
| 201|0x000000008c900000, 0x000000008c900000, 0x000000008ca00000|  0%| F|  |TAMS 0x000000008c900000, 0x000000008c900000| Untracked 
| 202|0x000000008ca00000, 0x000000008ca00000, 0x000000008cb00000|  0%| F|  |TAMS 0x000000008ca00000, 0x000000008ca00000| Untracked 
| 203|0x000000008cb00000, 0x000000008cb00000, 0x000000008cc00000|  0%| F|  |TAMS 0x000000008cb00000, 0x000000008cb00000| Untracked 
| 204|0x000000008cc00000, 0x000000008cc00000, 0x000000008cd00000|  0%| F|  |TAMS 0x000000008cc00000, 0x000000008cc00000| Untracked 
| 205|0x000000008cd00000, 0x000000008cd00000, 0x000000008ce00000|  0%| F|  |TAMS 0x000000008cd00000, 0x000000008cd00000| Untracked 
| 206|0x000000008ce00000, 0x000000008ce00000, 0x000000008cf00000|  0%| F|  |TAMS 0x000000008ce00000, 0x000000008ce00000| Untracked 
| 207|0x000000008cf00000, 0x000000008cf00000, 0x000000008d000000|  0%| F|  |TAMS 0x000000008cf00000, 0x000000008cf00000| Untracked 
| 208|0x000000008d000000, 0x000000008d000000, 0x000000008d100000|  0%| F|  |TAMS 0x000000008d000000, 0x000000008d000000| Untracked 
| 209|0x000000008d100000, 0x000000008d100000, 0x000000008d200000|  0%| F|  |TAMS 0x000000008d100000, 0x000000008d100000| Untracked 
| 210|0x000000008d200000, 0x000000008d200000, 0x000000008d300000|  0%| F|  |TAMS 0x000000008d200000, 0x000000008d200000| Untracked 
| 211|0x000000008d300000, 0x000000008d300000, 0x000000008d400000|  0%| F|  |TAMS 0x000000008d300000, 0x000000008d300000| Untracked 
| 212|0x000000008d400000, 0x000000008d400000, 0x000000008d500000|  0%| F|  |TAMS 0x000000008d400000, 0x000000008d400000| Untracked 
| 213|0x000000008d500000, 0x000000008d500000, 0x000000008d600000|  0%| F|  |TAMS 0x000000008d500000, 0x000000008d500000| Untracked 
| 214|0x000000008d600000, 0x000000008d600000, 0x000000008d700000|  0%| F|  |TAMS 0x000000008d600000, 0x000000008d600000| Untracked 
| 215|0x000000008d700000, 0x000000008d700000, 0x000000008d800000|  0%| F|  |TAMS 0x000000008d700000, 0x000000008d700000| Untracked 
| 216|0x000000008d800000, 0x000000008d800000, 0x000000008d900000|  0%| F|  |TAMS 0x000000008d800000, 0x000000008d800000| Untracked 
| 217|0x000000008d900000, 0x000000008d900000, 0x000000008da00000|  0%| F|  |TAMS 0x000000008d900000, 0x000000008d900000| Untracked 
| 218|0x000000008da00000, 0x000000008da00000, 0x000000008db00000|  0%| F|  |TAMS 0x000000008da00000, 0x000000008da00000| Untracked 
| 219|0x000000008db00000, 0x000000008db00000, 0x000000008dc00000|  0%| F|  |TAMS 0x000000008db00000, 0x000000008db00000| Untracked 
| 220|0x000000008dc00000, 0x000000008dc00000, 0x000000008dd00000|  0%| F|  |TAMS 0x000000008dc00000, 0x000000008dc00000| Untracked 
| 221|0x000000008dd00000, 0x000000008ddd96f8, 0x000000008de00000| 84%| S|CS|TAMS 0x000000008dd00000, 0x000000008dd00000| Complete 
| 222|0x000000008de00000, 0x000000008df00000, 0x000000008df00000|100%| S|CS|TAMS 0x000000008de00000, 0x000000008de00000| Complete 
| 223|0x000000008df00000, 0x000000008df00000, 0x000000008e000000|  0%| F|  |TAMS 0x000000008df00000, 0x000000008df00000| Untracked 
| 224|0x000000008e000000, 0x000000008e000000, 0x000000008e100000|  0%| F|  |TAMS 0x000000008e000000, 0x000000008e000000| Untracked 
| 225|0x000000008e100000, 0x000000008e200000, 0x000000008e200000|100%| S|CS|TAMS 0x000000008e100000, 0x000000008e100000| Complete 
| 226|0x000000008e200000, 0x000000008e200000, 0x000000008e300000|  0%| F|  |TAMS 0x000000008e200000, 0x000000008e200000| Untracked 
| 227|0x000000008e300000, 0x000000008e300000, 0x000000008e400000|  0%| F|  |TAMS 0x000000008e300000, 0x000000008e300000| Untracked 
| 228|0x000000008e400000, 0x000000008e400000, 0x000000008e500000|  0%| F|  |TAMS 0x000000008e400000, 0x000000008e400000| Untracked 
| 229|0x000000008e500000, 0x000000008e500000, 0x000000008e600000|  0%| F|  |TAMS 0x000000008e500000, 0x000000008e500000| Untracked 
| 230|0x000000008e600000, 0x000000008e600000, 0x000000008e700000|  0%| F|  |TAMS 0x000000008e600000, 0x000000008e600000| Untracked 
| 231|0x000000008e700000, 0x000000008e800000, 0x000000008e800000|100%| S|CS|TAMS 0x000000008e700000, 0x000000008e700000| Complete 
| 232|0x000000008e800000, 0x000000008e900000, 0x000000008e900000|100%| S|CS|TAMS 0x000000008e800000, 0x000000008e800000| Complete 
| 233|0x000000008e900000, 0x000000008ea00000, 0x000000008ea00000|100%| S|CS|TAMS 0x000000008e900000, 0x000000008e900000| Complete 
| 234|0x000000008ea00000, 0x000000008eb00000, 0x000000008eb00000|100%| S|CS|TAMS 0x000000008ea00000, 0x000000008ea00000| Complete 
| 235|0x000000008eb00000, 0x000000008eb00000, 0x000000008ec00000|  0%| F|  |TAMS 0x000000008eb00000, 0x000000008eb00000| Untracked 
| 236|0x000000008ec00000, 0x000000008ec00000, 0x000000008ed00000|  0%| F|  |TAMS 0x000000008ec00000, 0x000000008ec00000| Untracked 
| 237|0x000000008ed00000, 0x000000008ed00000, 0x000000008ee00000|  0%| F|  |TAMS 0x000000008ed00000, 0x000000008ed00000| Untracked 
| 238|0x000000008ee00000, 0x000000008ee00000, 0x000000008ef00000|  0%| F|  |TAMS 0x000000008ee00000, 0x000000008ee00000| Untracked 
| 239|0x000000008ef00000, 0x000000008ef00000, 0x000000008f000000|  0%| F|  |TAMS 0x000000008ef00000, 0x000000008ef00000| Untracked 
| 240|0x000000008f000000, 0x000000008f000000, 0x000000008f100000|  0%| F|  |TAMS 0x000000008f000000, 0x000000008f000000| Untracked 
| 241|0x000000008f100000, 0x000000008f100000, 0x000000008f200000|  0%| F|  |TAMS 0x000000008f100000, 0x000000008f100000| Untracked 
| 242|0x000000008f200000, 0x000000008f200000, 0x000000008f300000|  0%| F|  |TAMS 0x000000008f200000, 0x000000008f200000| Untracked 
| 243|0x000000008f300000, 0x000000008f300000, 0x000000008f400000|  0%| F|  |TAMS 0x000000008f300000, 0x000000008f300000| Untracked 
| 244|0x000000008f400000, 0x000000008f400000, 0x000000008f500000|  0%| F|  |TAMS 0x000000008f400000, 0x000000008f400000| Untracked 
| 245|0x000000008f500000, 0x000000008f500000, 0x000000008f600000|  0%| F|  |TAMS 0x000000008f500000, 0x000000008f500000| Untracked 
| 246|0x000000008f600000, 0x000000008f600000, 0x000000008f700000|  0%| F|  |TAMS 0x000000008f600000, 0x000000008f600000| Untracked 
| 247|0x000000008f700000, 0x000000008f700000, 0x000000008f800000|  0%| F|  |TAMS 0x000000008f700000, 0x000000008f700000| Untracked 
| 248|0x000000008f800000, 0x000000008f800000, 0x000000008f900000|  0%| F|  |TAMS 0x000000008f800000, 0x000000008f800000| Untracked 
| 249|0x000000008f900000, 0x000000008f900000, 0x000000008fa00000|  0%| F|  |TAMS 0x000000008f900000, 0x000000008f900000| Untracked 
| 250|0x000000008fa00000, 0x000000008fa00000, 0x000000008fb00000|  0%| F|  |TAMS 0x000000008fa00000, 0x000000008fa00000| Untracked 
| 251|0x000000008fb00000, 0x000000008fb00000, 0x000000008fc00000|  0%| F|  |TAMS 0x000000008fb00000, 0x000000008fb00000| Untracked 
| 252|0x000000008fc00000, 0x000000008fc00000, 0x000000008fd00000|  0%| F|  |TAMS 0x000000008fc00000, 0x000000008fc00000| Untracked 
| 253|0x000000008fd00000, 0x000000008fd00000, 0x000000008fe00000|  0%| F|  |TAMS 0x000000008fd00000, 0x000000008fd00000| Untracked 
| 254|0x000000008fe00000, 0x000000008fe00000, 0x000000008ff00000|  0%| F|  |TAMS 0x000000008fe00000, 0x000000008fe00000| Untracked 
| 255|0x000000008ff00000, 0x000000008ff00000, 0x0000000090000000|  0%| F|  |TAMS 0x000000008ff00000, 0x000000008ff00000| Untracked 
| 256|0x0000000090000000, 0x0000000090000000, 0x0000000090100000|  0%| F|  |TAMS 0x0000000090000000, 0x0000000090000000| Untracked 
| 257|0x0000000090100000, 0x0000000090100000, 0x0000000090200000|  0%| F|  |TAMS 0x0000000090100000, 0x0000000090100000| Untracked 
| 258|0x0000000090200000, 0x0000000090200000, 0x0000000090300000|  0%| F|  |TAMS 0x0000000090200000, 0x0000000090200000| Untracked 
| 259|0x0000000090300000, 0x0000000090300000, 0x0000000090400000|  0%| F|  |TAMS 0x0000000090300000, 0x0000000090300000| Untracked 
| 260|0x0000000090400000, 0x0000000090400000, 0x0000000090500000|  0%| F|  |TAMS 0x0000000090400000, 0x0000000090400000| Untracked 
| 261|0x0000000090500000, 0x0000000090500000, 0x0000000090600000|  0%| F|  |TAMS 0x0000000090500000, 0x0000000090500000| Untracked 
| 262|0x0000000090600000, 0x0000000090600000, 0x0000000090700000|  0%| F|  |TAMS 0x0000000090600000, 0x0000000090600000| Untracked 
| 263|0x0000000090700000, 0x0000000090700000, 0x0000000090800000|  0%| F|  |TAMS 0x0000000090700000, 0x0000000090700000| Untracked 
| 264|0x0000000090800000, 0x0000000090800000, 0x0000000090900000|  0%| F|  |TAMS 0x0000000090800000, 0x0000000090800000| Untracked 
| 265|0x0000000090900000, 0x0000000090900000, 0x0000000090a00000|  0%| F|  |TAMS 0x0000000090900000, 0x0000000090900000| Untracked 
| 266|0x0000000090a00000, 0x0000000090a00000, 0x0000000090b00000|  0%| F|  |TAMS 0x0000000090a00000, 0x0000000090a00000| Untracked 
| 267|0x0000000090b00000, 0x0000000090b00000, 0x0000000090c00000|  0%| F|  |TAMS 0x0000000090b00000, 0x0000000090b00000| Untracked 
| 268|0x0000000090c00000, 0x0000000090c00000, 0x0000000090d00000|  0%| F|  |TAMS 0x0000000090c00000, 0x0000000090c00000| Untracked 
| 269|0x0000000090d00000, 0x0000000090d00000, 0x0000000090e00000|  0%| F|  |TAMS 0x0000000090d00000, 0x0000000090d00000| Untracked 
| 270|0x0000000090e00000, 0x0000000090e00000, 0x0000000090f00000|  0%| F|  |TAMS 0x0000000090e00000, 0x0000000090e00000| Untracked 
| 271|0x0000000090f00000, 0x0000000090f00000, 0x0000000091000000|  0%| F|  |TAMS 0x0000000090f00000, 0x0000000090f00000| Untracked 
| 272|0x0000000091000000, 0x0000000091000000, 0x0000000091100000|  0%| F|  |TAMS 0x0000000091000000, 0x0000000091000000| Untracked 
| 273|0x0000000091100000, 0x0000000091100000, 0x0000000091200000|  0%| F|  |TAMS 0x0000000091100000, 0x0000000091100000| Untracked 
| 274|0x0000000091200000, 0x0000000091213040, 0x0000000091300000|  7%| E|  |TAMS 0x0000000091200000, 0x0000000091200000| Complete 
| 275|0x0000000091300000, 0x0000000091400000, 0x0000000091400000|100%| E|CS|TAMS 0x0000000091300000, 0x0000000091300000| Complete 
| 276|0x0000000091400000, 0x0000000091500000, 0x0000000091500000|100%| E|CS|TAMS 0x0000000091400000, 0x0000000091400000| Complete 
| 277|0x0000000091500000, 0x0000000091600000, 0x0000000091600000|100%| E|CS|TAMS 0x0000000091500000, 0x0000000091500000| Complete 
| 278|0x0000000091600000, 0x0000000091700000, 0x0000000091700000|100%| E|CS|TAMS 0x0000000091600000, 0x0000000091600000| Complete 
| 279|0x0000000091700000, 0x0000000091800000, 0x0000000091800000|100%| E|CS|TAMS 0x0000000091700000, 0x0000000091700000| Complete 
| 280|0x0000000091800000, 0x0000000091900000, 0x0000000091900000|100%| E|CS|TAMS 0x0000000091800000, 0x0000000091800000| Complete 
| 281|0x0000000091900000, 0x0000000091a00000, 0x0000000091a00000|100%| E|CS|TAMS 0x0000000091900000, 0x0000000091900000| Complete 
| 282|0x0000000091a00000, 0x0000000091b00000, 0x0000000091b00000|100%| E|CS|TAMS 0x0000000091a00000, 0x0000000091a00000| Complete 
| 283|0x0000000091b00000, 0x0000000091c00000, 0x0000000091c00000|100%| E|CS|TAMS 0x0000000091b00000, 0x0000000091b00000| Complete 
| 284|0x0000000091c00000, 0x0000000091d00000, 0x0000000091d00000|100%| E|CS|TAMS 0x0000000091c00000, 0x0000000091c00000| Complete 
| 285|0x0000000091d00000, 0x0000000091e00000, 0x0000000091e00000|100%| E|CS|TAMS 0x0000000091d00000, 0x0000000091d00000| Complete 
| 286|0x0000000091e00000, 0x0000000091f00000, 0x0000000091f00000|100%| E|CS|TAMS 0x0000000091e00000, 0x0000000091e00000| Complete 
| 287|0x0000000091f00000, 0x0000000092000000, 0x0000000092000000|100%| E|CS|TAMS 0x0000000091f00000, 0x0000000091f00000| Complete 
| 288|0x0000000092000000, 0x0000000092100000, 0x0000000092100000|100%| E|CS|TAMS 0x0000000092000000, 0x0000000092000000| Complete 
| 289|0x0000000092100000, 0x0000000092200000, 0x0000000092200000|100%| E|CS|TAMS 0x0000000092100000, 0x0000000092100000| Complete 
| 290|0x0000000092200000, 0x0000000092300000, 0x0000000092300000|100%| E|CS|TAMS 0x0000000092200000, 0x0000000092200000| Complete 
| 291|0x0000000092300000, 0x0000000092400000, 0x0000000092400000|100%| E|CS|TAMS 0x0000000092300000, 0x0000000092300000| Complete 
| 292|0x0000000092400000, 0x0000000092500000, 0x0000000092500000|100%| E|CS|TAMS 0x0000000092400000, 0x0000000092400000| Complete 
| 293|0x0000000092500000, 0x0000000092600000, 0x0000000092600000|100%| E|CS|TAMS 0x0000000092500000, 0x0000000092500000| Complete 
| 294|0x0000000092600000, 0x0000000092700000, 0x0000000092700000|100%| E|CS|TAMS 0x0000000092600000, 0x0000000092600000| Complete 
| 295|0x0000000092700000, 0x0000000092800000, 0x0000000092800000|100%| E|CS|TAMS 0x0000000092700000, 0x0000000092700000| Complete 
| 296|0x0000000092800000, 0x0000000092900000, 0x0000000092900000|100%| E|CS|TAMS 0x0000000092800000, 0x0000000092800000| Complete 
| 297|0x0000000092900000, 0x0000000092a00000, 0x0000000092a00000|100%| E|CS|TAMS 0x0000000092900000, 0x0000000092900000| Complete 
| 298|0x0000000092a00000, 0x0000000092b00000, 0x0000000092b00000|100%| E|CS|TAMS 0x0000000092a00000, 0x0000000092a00000| Complete 
| 299|0x0000000092b00000, 0x0000000092c00000, 0x0000000092c00000|100%| E|CS|TAMS 0x0000000092b00000, 0x0000000092b00000| Complete 
| 300|0x0000000092c00000, 0x0000000092d00000, 0x0000000092d00000|100%| E|CS|TAMS 0x0000000092c00000, 0x0000000092c00000| Complete 
| 301|0x0000000092d00000, 0x0000000092e00000, 0x0000000092e00000|100%| E|CS|TAMS 0x0000000092d00000, 0x0000000092d00000| Complete 
| 302|0x0000000092e00000, 0x0000000092f00000, 0x0000000092f00000|100%| E|CS|TAMS 0x0000000092e00000, 0x0000000092e00000| Complete 
| 303|0x0000000092f00000, 0x0000000093000000, 0x0000000093000000|100%| E|CS|TAMS 0x0000000092f00000, 0x0000000092f00000| Complete 
| 304|0x0000000093000000, 0x0000000093100000, 0x0000000093100000|100%| E|CS|TAMS 0x0000000093000000, 0x0000000093000000| Complete 
| 305|0x0000000093100000, 0x0000000093200000, 0x0000000093200000|100%| E|CS|TAMS 0x0000000093100000, 0x0000000093100000| Complete 
| 306|0x0000000093200000, 0x0000000093300000, 0x0000000093300000|100%| E|CS|TAMS 0x0000000093200000, 0x0000000093200000| Complete 
| 307|0x0000000093300000, 0x0000000093400000, 0x0000000093400000|100%| E|CS|TAMS 0x0000000093300000, 0x0000000093300000| Complete 
| 308|0x0000000093400000, 0x0000000093500000, 0x0000000093500000|100%| E|CS|TAMS 0x0000000093400000, 0x0000000093400000| Complete 
| 309|0x0000000093500000, 0x0000000093600000, 0x0000000093600000|100%| E|CS|TAMS 0x0000000093500000, 0x0000000093500000| Complete 
| 310|0x0000000093600000, 0x0000000093700000, 0x0000000093700000|100%| E|CS|TAMS 0x0000000093600000, 0x0000000093600000| Complete 
| 311|0x0000000093700000, 0x0000000093800000, 0x0000000093800000|100%| E|CS|TAMS 0x0000000093700000, 0x0000000093700000| Complete 
| 312|0x0000000093800000, 0x0000000093900000, 0x0000000093900000|100%| E|CS|TAMS 0x0000000093800000, 0x0000000093800000| Complete 
| 313|0x0000000093900000, 0x0000000093a00000, 0x0000000093a00000|100%| E|CS|TAMS 0x0000000093900000, 0x0000000093900000| Complete 
| 314|0x0000000093a00000, 0x0000000093b00000, 0x0000000093b00000|100%| E|CS|TAMS 0x0000000093a00000, 0x0000000093a00000| Complete 
| 315|0x0000000093b00000, 0x0000000093c00000, 0x0000000093c00000|100%| E|CS|TAMS 0x0000000093b00000, 0x0000000093b00000| Complete 
| 316|0x0000000093c00000, 0x0000000093d00000, 0x0000000093d00000|100%| E|CS|TAMS 0x0000000093c00000, 0x0000000093c00000| Complete 
| 317|0x0000000093d00000, 0x0000000093e00000, 0x0000000093e00000|100%| E|CS|TAMS 0x0000000093d00000, 0x0000000093d00000| Complete 
| 318|0x0000000093e00000, 0x0000000093f00000, 0x0000000093f00000|100%| E|CS|TAMS 0x0000000093e00000, 0x0000000093e00000| Complete 
| 319|0x0000000093f00000, 0x0000000094000000, 0x0000000094000000|100%| E|CS|TAMS 0x0000000093f00000, 0x0000000093f00000| Complete 
| 320|0x0000000094000000, 0x0000000094100000, 0x0000000094100000|100%| E|CS|TAMS 0x0000000094000000, 0x0000000094000000| Complete 
| 321|0x0000000094100000, 0x0000000094200000, 0x0000000094200000|100%| E|CS|TAMS 0x0000000094100000, 0x0000000094100000| Complete 
| 322|0x0000000094200000, 0x0000000094300000, 0x0000000094300000|100%| E|CS|TAMS 0x0000000094200000, 0x0000000094200000| Complete 
| 323|0x0000000094300000, 0x0000000094400000, 0x0000000094400000|100%| E|CS|TAMS 0x0000000094300000, 0x0000000094300000| Complete 
| 324|0x0000000094400000, 0x0000000094500000, 0x0000000094500000|100%| E|CS|TAMS 0x0000000094400000, 0x0000000094400000| Complete 
| 325|0x0000000094500000, 0x0000000094600000, 0x0000000094600000|100%| E|CS|TAMS 0x0000000094500000, 0x0000000094500000| Complete 
| 326|0x0000000094600000, 0x0000000094700000, 0x0000000094700000|100%| E|CS|TAMS 0x0000000094600000, 0x0000000094600000| Complete 

Card table byte_map: [0x000001d999860000,0x000001d999c60000] _byte_map_base: 0x000001d999460000

Marking Bits (Prev, Next): (CMBitMap*) 0x000001d986983048, (CMBitMap*) 0x000001d986983080
 Prev Bits: [0x000001d99a060000, 0x000001d99c060000)
 Next Bits: [0x000001d99c060000, 0x000001d99e060000)

Polling page: 0x000001d984900000

Metaspace:

Usage:
  Non-class:    113.92 MB capacity,   111.39 MB ( 98%) used,     2.11 MB (  2%) free+waste,   435.00 KB ( <1%) overhead. 
      Class:     18.00 MB capacity,    16.44 MB ( 91%) used,     1.38 MB (  8%) free+waste,   194.63 KB (  1%) overhead. 
       Both:    131.93 MB capacity,   127.82 MB ( 97%) used,     3.49 MB (  3%) free+waste,   629.63 KB ( <1%) overhead. 

Virtual space:
  Non-class space:      116.00 MB reserved,     114.05 MB ( 98%) committed 
      Class space:      504.00 MB reserved,      18.07 MB (  4%) committed 
             Both:      620.00 MB reserved,     132.13 MB ( 21%) committed 

Chunk freelists:
   Non-Class:  6.00 KB
       Class:  27.00 KB
        Both:  33.00 KB

MaxMetaspaceSize: 512.00 MB
CompressedClassSpaceSize: 504.00 MB
Initial GC threshold: 20.80 MB
Current GC threshold: 218.76 MB
CDS: off

CodeHeap 'non-profiled nmethods': size=120064Kb used=10384Kb max_used=10384Kb free=109679Kb
 bounds [0x000001d991f20000, 0x000001d992950000, 0x000001d999460000]
CodeHeap 'profiled nmethods': size=120000Kb used=44383Kb max_used=44383Kb free=75616Kb
 bounds [0x000001d98a9f0000, 0x000001d98d550000, 0x000001d991f20000]
CodeHeap 'non-nmethods': size=5696Kb used=2449Kb max_used=2519Kb free=3247Kb
 bounds [0x000001d98a460000, 0x000001d98a6e0000, 0x000001d98a9f0000]
 total_blobs=20537 nmethods=19547 adapters=900
 compilation: enabled
              stopped_count=0, restarted_count=0
 full_count=0

Compilation events (20 events):
Event: 80.991 Thread 0x000001d9ad376000 nmethod 20064 0x000001d992935c90 code [0x000001d992936060, 0x000001d992939e90]
Event: 80.991 Thread 0x000001d9ad376000 19526       4       com.android.tools.r8.internal.E20::a (188 bytes)
Event: 80.994 Thread 0x000001d9ad376000 nmethod 19526 0x000001d99293c790 code [0x000001d99293c940, 0x000001d99293ca58]
Event: 80.994 Thread 0x000001d9ad376000 19907       4       com.android.tools.r8.graph.d::c (38 bytes)
Event: 81.024 Thread 0x000001d9a0d5c000 20129   !   2       java.util.Locale::getDefault (132 bytes)
Event: 81.025 Thread 0x000001d9a0d5c000 nmethod 20129 0x000001d98d546490 code [0x000001d98d546680, 0x000001d98d546cb8]
Event: 81.025 Thread 0x000001d9a0d5c000 20130       2       java.lang.String::format (16 bytes)
Event: 81.026 Thread 0x000001d9a0d5c000 nmethod 20130 0x000001d98d546e90 code [0x000001d98d5470a0, 0x000001d98d5474e8]
Event: 81.026 Thread 0x000001d9a0d5c000 20131       2       java.util.Formatter::<init> (18 bytes)
Event: 81.027 Thread 0x000001d9a0d5c000 nmethod 20131 0x000001d98d547790 code [0x000001d98d547980, 0x000001d98d547c78]
Event: 81.037 Thread 0x000001d9ad376000 nmethod 19907 0x000001d99293cb90 code [0x000001d99293cdc0, 0x000001d99293d950]
Event: 81.037 Thread 0x000001d9ad376000 19914       4       com.android.tools.r8.synthesis.s::a (188 bytes)
Event: 81.078 Thread 0x000001d9ad376000 nmethod 19914 0x000001d99293e390 code [0x000001d99293e5c0, 0x000001d99293f150]
Event: 81.078 Thread 0x000001d9ad376000 19929       4       com.android.tools.r8.internal.K8::a (8 bytes)
Event: 81.081 Thread 0x000001d9ad376000 nmethod 19929 0x000001d99293f990 code [0x000001d99293fb40, 0x000001d99293fc78]
Event: 81.081 Thread 0x000001d9ad376000 19553       4       com.android.tools.r8.internal.at::iterator (13 bytes)
Event: 81.083 Thread 0x000001d9ad376000 nmethod 19553 0x000001d99293fd90 code [0x000001d99293ff40, 0x000001d992940078]
Event: 81.083 Thread 0x000001d9ad376000 19928       4       com.android.tools.r8.internal.dn::a (18 bytes)
Event: 81.084 Thread 0x000001d9ad376000 nmethod 19928 0x000001d992940190 code [0x000001d992940320, 0x000001d9929403b8]
Event: 81.084 Thread 0x000001d9ad376000 19930       4       com.android.tools.r8.internal.D4::b (46 bytes)

GC Heap History (20 events):
Event: 57.468 GC heap before
{Heap before GC invocations=84 (full 0):
 garbage-first heap   total 278528K, used 228955K [0x0000000080000000, 0x0000000100000000)
  region size 1024K, 63 young (64512K), 8 survivors (8192K)
 Metaspace       used 115118K, capacity 118631K, committed 118916K, reserved 620544K
  class space    used 14780K, capacity 16114K, committed 16204K, reserved 516096K
}
Event: 57.496 GC heap after
{Heap after GC invocations=85 (full 0):
 garbage-first heap   total 278528K, used 169901K [0x0000000080000000, 0x0000000100000000)
  region size 1024K, 8 young (8192K), 8 survivors (8192K)
 Metaspace       used 115118K, capacity 118631K, committed 118916K, reserved 620544K
  class space    used 14780K, capacity 16114K, committed 16204K, reserved 516096K
}
Event: 58.539 GC heap before
{Heap before GC invocations=86 (full 0):
 garbage-first heap   total 278528K, used 203693K [0x0000000080000000, 0x0000000100000000)
  region size 1024K, 41 young (41984K), 8 survivors (8192K)
 Metaspace       used 116244K, capacity 119857K, committed 120068K, reserved 620544K
  class space    used 14946K, capacity 16264K, committed 16332K, reserved 516096K
}
Event: 58.570 GC heap after
{Heap after GC invocations=87 (full 0):
 garbage-first heap   total 334848K, used 176787K [0x0000000080000000, 0x0000000100000000)
  region size 1024K, 8 young (8192K), 8 survivors (8192K)
 Metaspace       used 116244K, capacity 119857K, committed 120068K, reserved 620544K
  class space    used 14946K, capacity 16264K, committed 16332K, reserved 516096K
}
Event: 63.386 GC heap before
{Heap before GC invocations=88 (full 0):
 garbage-first heap   total 334848K, used 261779K [0x0000000080000000, 0x0000000100000000)
  region size 1024K, 87 young (89088K), 8 survivors (8192K)
 Metaspace       used 123940K, capacity 127810K, committed 127876K, reserved 626688K
  class space    used 15980K, capacity 17451K, committed 17484K, reserved 516096K
}
Event: 63.434 GC heap after
{Heap after GC invocations=89 (full 0):
 garbage-first heap   total 334848K, used 185344K [0x0000000080000000, 0x0000000100000000)
  region size 1024K, 11 young (11264K), 11 survivors (11264K)
 Metaspace       used 123940K, capacity 127810K, committed 127876K, reserved 626688K
  class space    used 15980K, capacity 17451K, committed 17484K, reserved 516096K
}
Event: 67.473 GC heap before
{Heap before GC invocations=89 (full 0):
 garbage-first heap   total 334848K, used 269312K [0x0000000080000000, 0x0000000100000000)
  region size 1024K, 93 young (95232K), 11 survivors (11264K)
 Metaspace       used 128314K, capacity 132325K, committed 132612K, reserved 630784K
  class space    used 16547K, capacity 18070K, committed 18124K, reserved 516096K
}
Event: 67.540 GC heap after
{Heap after GC invocations=90 (full 0):
 garbage-first heap   total 334848K, used 188585K [0x0000000080000000, 0x0000000100000000)
  region size 1024K, 4 young (4096K), 4 survivors (4096K)
 Metaspace       used 128314K, capacity 132325K, committed 132612K, reserved 630784K
  class space    used 16547K, capacity 18070K, committed 18124K, reserved 516096K
}
Event: 70.529 GC heap before
{Heap before GC invocations=91 (full 0):
 garbage-first heap   total 334848K, used 273577K [0x0000000080000000, 0x0000000100000000)
  region size 1024K, 87 young (89088K), 4 survivors (4096K)
 Metaspace       used 129405K, capacity 133399K, committed 133508K, reserved 632832K
  class space    used 16658K, capacity 18186K, committed 18252K, reserved 516096K
}
Event: 70.546 GC heap after
{Heap after GC invocations=92 (full 0):
 garbage-first heap   total 334848K, used 189349K [0x0000000080000000, 0x0000000100000000)
  region size 1024K, 5 young (5120K), 5 survivors (5120K)
 Metaspace       used 129405K, capacity 133399K, committed 133508K, reserved 632832K
  class space    used 16658K, capacity 18186K, committed 18252K, reserved 516096K
}
Event: 73.190 GC heap before
{Heap before GC invocations=92 (full 0):
 garbage-first heap   total 334848K, used 276389K [0x0000000080000000, 0x0000000100000000)
  region size 1024K, 90 young (92160K), 5 survivors (5120K)
 Metaspace       used 129692K, capacity 133735K, committed 134020K, reserved 632832K
  class space    used 16677K, capacity 18209K, committed 18252K, reserved 516096K
}
Event: 73.202 GC heap after
{Heap after GC invocations=93 (full 0):
 garbage-first heap   total 334848K, used 189893K [0x0000000080000000, 0x0000000100000000)
  region size 1024K, 5 young (5120K), 5 survivors (5120K)
 Metaspace       used 129692K, capacity 133735K, committed 134020K, reserved 632832K
  class space    used 16677K, capacity 18209K, committed 18252K, reserved 516096K
}
Event: 74.884 GC heap before
{Heap before GC invocations=94 (full 0):
 garbage-first heap   total 334848K, used 282053K [0x0000000080000000, 0x0000000100000000)
  region size 1024K, 95 young (97280K), 5 survivors (5120K)
 Metaspace       used 129817K, capacity 133831K, committed 134020K, reserved 632832K
  class space    used 16679K, capacity 18213K, committed 18252K, reserved 516096K
}
Event: 74.909 GC heap after
{Heap after GC invocations=95 (full 0):
 garbage-first heap   total 334848K, used 190776K [0x0000000080000000, 0x0000000100000000)
  region size 1024K, 6 young (6144K), 6 survivors (6144K)
 Metaspace       used 129817K, capacity 133831K, committed 134020K, reserved 632832K
  class space    used 16679K, capacity 18213K, committed 18252K, reserved 516096K
}
Event: 75.438 GC heap before
{Heap before GC invocations=95 (full 0):
 garbage-first heap   total 334848K, used 282936K [0x0000000080000000, 0x0000000100000000)
  region size 1024K, 96 young (98304K), 6 survivors (6144K)
 Metaspace       used 129829K, capacity 133832K, committed 134020K, reserved 632832K
  class space    used 16679K, capacity 18213K, committed 18252K, reserved 516096K
}
Event: 75.452 GC heap after
{Heap after GC invocations=96 (full 0):
 garbage-first heap   total 334848K, used 190900K [0x0000000080000000, 0x0000000100000000)
  region size 1024K, 6 young (6144K), 6 survivors (6144K)
 Metaspace       used 129829K, capacity 133832K, committed 134020K, reserved 632832K
  class space    used 16679K, capacity 18213K, committed 18252K, reserved 516096K
}
Event: 76.790 GC heap before
{Heap before GC invocations=97 (full 0):
 garbage-first heap   total 334848K, used 284084K [0x0000000080000000, 0x0000000100000000)
  region size 1024K, 97 young (99328K), 6 survivors (6144K)
 Metaspace       used 130030K, capacity 134169K, committed 134404K, reserved 632832K
  class space    used 16708K, capacity 18281K, committed 18380K, reserved 516096K
}
Event: 76.812 GC heap after
{Heap after GC invocations=98 (full 0):
 garbage-first heap   total 334848K, used 191441K [0x0000000080000000, 0x0000000100000000)
  region size 1024K, 7 young (7168K), 7 survivors (7168K)
 Metaspace       used 130030K, capacity 134169K, committed 134404K, reserved 632832K
  class space    used 16708K, capacity 18281K, committed 18380K, reserved 516096K
}
Event: 78.575 GC heap before
{Heap before GC invocations=98 (full 0):
 garbage-first heap   total 334848K, used 285649K [0x0000000080000000, 0x0000000100000000)
  region size 1024K, 99 young (101376K), 7 survivors (7168K)
 Metaspace       used 130117K, capacity 134272K, committed 134404K, reserved 632832K
  class space    used 16717K, capacity 18314K, committed 18380K, reserved 516096K
}
Event: 78.593 GC heap after
{Heap after GC invocations=99 (full 0):
 garbage-first heap   total 334848K, used 192037K [0x0000000080000000, 0x0000000100000000)
  region size 1024K, 7 young (7168K), 7 survivors (7168K)
 Metaspace       used 130117K, capacity 134272K, committed 134404K, reserved 632832K
  class space    used 16717K, capacity 18314K, committed 18380K, reserved 516096K
}

Deoptimization events (20 events):
Event: 77.406 Thread 0x000001d9a1e5b800 DEOPT PACKING pc=0x000001d98ccebcfb sp=0x000000b2ddef8ed0
Event: 77.406 Thread 0x000001d9a1e5b800 DEOPT UNPACKING pc=0x000001d98a4aa95e sp=0x000000b2ddef83f8 mode 0
Event: 77.571 Thread 0x000001d9a1e5b800 DEOPT PACKING pc=0x000001d98d4b80ec sp=0x000000b2ddef8690
Event: 77.571 Thread 0x000001d9a1e5b800 DEOPT UNPACKING pc=0x000001d98a4aa95e sp=0x000000b2ddef7c28 mode 0
Event: 78.487 Thread 0x000001d9a1e5b800 DEOPT PACKING pc=0x000001d98d4ef8a2 sp=0x000000b2ddef8ce0
Event: 78.487 Thread 0x000001d9a1e5b800 DEOPT UNPACKING pc=0x000001d98a4aa95e sp=0x000000b2ddef8158 mode 0
Event: 79.448 Thread 0x000001d9a1e5b800 DEOPT PACKING pc=0x000001d98d1bbf4e sp=0x000000b2ddef90a0
Event: 79.448 Thread 0x000001d9a1e5b800 DEOPT UNPACKING pc=0x000001d98a4aa95e sp=0x000000b2ddef8908 mode 0
Event: 79.705 Thread 0x000001d9a1e5b800 Uncommon trap: trap_request=0xfffffff4 fr.pc=0x000001d992903fd0 relative=0x00000000000029d0
Event: 79.705 Thread 0x000001d9a1e5b800 Uncommon trap: reason=null_check action=make_not_entrant pc=0x000001d992903fd0 method=com.android.tools.r8.graph.N2.a(Lcom/android/tools/r8/graph/X0;Lcom/android/tools/r8/graph/a1;)Lcom/android/tools/r8/graph/n0; @ 24 c2
Event: 79.705 Thread 0x000001d9a1e5b800 DEOPT PACKING pc=0x000001d992903fd0 sp=0x000000b2ddef90b0
Event: 79.705 Thread 0x000001d9a1e5b800 DEOPT UNPACKING pc=0x000001d98a4aa1af sp=0x000000b2ddef8f58 mode 2
Event: 80.791 Thread 0x000001d9a1e5b800 DEOPT PACKING pc=0x000001d98d291577 sp=0x000000b2ddef8fe0
Event: 80.791 Thread 0x000001d9a1e5b800 DEOPT UNPACKING pc=0x000001d98a4aa95e sp=0x000000b2ddef8558 mode 0
Event: 80.919 Thread 0x000001d9a1e5b800 Uncommon trap: trap_request=0xffffff4d fr.pc=0x000001d992900c80 relative=0x0000000000000180
Event: 80.919 Thread 0x000001d9a1e5b800 Uncommon trap: reason=unstable_if action=reinterpret pc=0x000001d992900c80 method=com.android.tools.r8.graph.s.a()Lcom/android/tools/r8/internal/Xa; @ 13 c2
Event: 80.919 Thread 0x000001d9a1e5b800 DEOPT PACKING pc=0x000001d992900c80 sp=0x000000b2ddefac80
Event: 80.919 Thread 0x000001d9a1e5b800 DEOPT UNPACKING pc=0x000001d98a4aa1af sp=0x000000b2ddefab38 mode 2
Event: 80.923 Thread 0x000001d9a1e5b800 DEOPT PACKING pc=0x000001d98d07dad4 sp=0x000000b2ddefad30
Event: 80.923 Thread 0x000001d9a1e5b800 DEOPT UNPACKING pc=0x000001d98a4aa95e sp=0x000000b2ddefa268 mode 0

Classes redefined (0 events):
No events

Internal exceptions (20 events):
Event: 64.238 Thread 0x000001d9a7305800 Exception <a 'java/lang/NoSuchMethodError'{0x0000000093ab4218}: <clinit>> (0x0000000093ab4218) thrown at [./src/hotspot/share/prims/jni.cpp, line 1366]
Event: 64.239 Thread 0x000001d9a7305800 Exception <a 'java/lang/NoSuchMethodError'{0x0000000093ac0de8}: <clinit>> (0x0000000093ac0de8) thrown at [./src/hotspot/share/prims/jni.cpp, line 1366]
Event: 64.249 Thread 0x000001d9a7305800 Exception <a 'java/lang/NoSuchMethodError'{0x0000000093ae3528}: <clinit>> (0x0000000093ae3528) thrown at [./src/hotspot/share/prims/jni.cpp, line 1366]
Event: 68.245 Thread 0x000001d9a1e5b800 Exception <a 'java/lang/NoSuchMethodError'{0x0000000093852120}: 'java.lang.Object java.lang.invoke.DirectMethodHandle$Holder.invokeInterface(java.lang.Object, java.lang.Object, int)'> (0x0000000093852120) thrown at [./src/hotspot/share/interpreter/linkResolver.cpp, line 773]
Event: 68.747 Thread 0x000001d9a1e5b800 Exception <a 'java/lang/NoSuchMethodError'{0x00000000933ce4e0}: 'int java.lang.invoke.DirectMethodHandle$Holder.invokeInterface(java.lang.Object, java.lang.Object, int)'> (0x00000000933ce4e0) thrown at [./src/hotspot/share/interpreter/linkResolver.cpp, line 773]
Event: 69.789 Thread 0x000001d9a1e5b800 Implicit null exception at 0x000001d9927bf18d to 0x000001d9927bf278
Event: 69.797 Thread 0x000001d9a72fe000 Exception <a 'sun/net/ConnectionResetException'{0x00000000923808b0}: > (0x00000000923808b0) thrown at [./src/hotspot/share/prims/jni.cpp, line 637]
Event: 69.801 Thread 0x000001d9a7308800 Exception <a 'sun/net/ConnectionResetException'{0x00000000923a1cc0}: > (0x00000000923a1cc0) thrown at [./src/hotspot/share/prims/jni.cpp, line 637]
Event: 69.828 Thread 0x000001d9a7305800 Exception <a 'sun/net/ConnectionResetException'{0x000000009228d7e0}: > (0x000000009228d7e0) thrown at [./src/hotspot/share/prims/jni.cpp, line 637]
Event: 69.843 Thread 0x000001d9a9c9a800 Exception <a 'sun/net/ConnectionResetException'{0x00000000921a3c58}: > (0x00000000921a3c58) thrown at [./src/hotspot/share/prims/jni.cpp, line 637]
Event: 72.189 Thread 0x000001d9a72fe000 Exception <a 'java/net/ConnectException'{0x000000008f800048}: Connection refused: connect> (0x000000008f800048) thrown at [./src/hotspot/share/prims/jni.cpp, line 637]
Event: 72.206 Thread 0x000001d9a7305800 Exception <a 'java/net/ConnectException'{0x000000008f816e60}: Connection refused: connect> (0x000000008f816e60) thrown at [./src/hotspot/share/prims/jni.cpp, line 637]
Event: 74.490 Thread 0x000001d9a7305800 Exception <a 'java/net/ConnectException'{0x000000009048ffb0}: Connection refused: connect> (0x000000009048ffb0) thrown at [./src/hotspot/share/prims/jni.cpp, line 637]
Event: 74.490 Thread 0x000001d9a72fe000 Exception <a 'java/net/ConnectException'{0x0000000090480848}: Connection refused: connect> (0x0000000090480848) thrown at [./src/hotspot/share/prims/jni.cpp, line 637]
Event: 75.311 Thread 0x000001d9a1e5b800 Implicit null exception at 0x000001d99287a818 to 0x000001d99287fd6c
Event: 76.616 Thread 0x000001d9a72fe000 Exception <a 'java/net/ConnectException'{0x000000008f900048}: Connection refused: connect> (0x000000008f900048) thrown at [./src/hotspot/share/prims/jni.cpp, line 637]
Event: 76.812 Thread 0x000001d9a7305800 Exception <a 'java/net/ConnectException'{0x0000000094600848}: Connection refused: connect> (0x0000000094600848) thrown at [./src/hotspot/share/prims/jni.cpp, line 637]
Event: 79.705 Thread 0x000001d9a1e5b800 Implicit null exception at 0x000001d992902d30 to 0x000001d992903fb4
Event: 80.960 Thread 0x000001d9a1e5b800 Exception <a 'java/lang/NoSuchMethodError'{0x0000000091481c80}: 'java.lang.Object java.lang.invoke.Invokers$Holder.linkToTargetMethod(java.lang.Object, int, java.lang.Object, java.lang.Object, java.lang.Object, java.lang.Object)'> (0x0000000091481c80) thrown at [./src/hotspot/share/interpreter/linkResolver.cpp, line 773]
Event: 80.965 Thread 0x000001d9a1e5b800 Exception <a 'java/lang/NoSuchMethodError'{0x000000009149b0e8}: 'void java.lang.invoke.DirectMethodHandle$Holder.invokeStatic(java.lang.Object, java.lang.Object, java.lang.Object, java.lang.Object, java.lang.Object, java.lang.Object, java.lang.Object, java.lang.Object)'> (0x000000009149b0e8) thrown at [./src/hotspot/share/interpreter/linkResolver.cpp, line 773]

Events (20 events):
Event: 81.033 loading class com/android/tools/r8/internal/d10
Event: 81.033 loading class com/android/tools/r8/internal/d10 done
Event: 81.035 loading class com/android/tools/r8/internal/e10
Event: 81.035 loading class com/android/tools/r8/internal/e10 done
Event: 81.036 loading class com/android/tools/r8/internal/f10
Event: 81.036 loading class com/android/tools/r8/internal/f10 done
Event: 81.037 loading class com/android/tools/r8/internal/w00
Event: 81.037 loading class com/android/tools/r8/internal/w00 done
Event: 81.051 loading class com/android/tools/r8/internal/x00
Event: 81.051 loading class com/android/tools/r8/internal/x00 done
Event: 81.076 loading class com/android/tools/r8/internal/A00
Event: 81.076 loading class com/android/tools/r8/internal/A00 done
Event: 81.078 loading class com/android/tools/r8/internal/B00
Event: 81.078 loading class com/android/tools/r8/internal/B00 done
Event: 81.079 loading class com/android/tools/r8/internal/D00
Event: 81.079 loading class com/android/tools/r8/internal/D00 done
Event: 81.084 loading class com/android/tools/r8/internal/E00
Event: 81.084 loading class com/android/tools/r8/internal/E00 done
Event: 81.086 loading class com/android/tools/r8/internal/C00
Event: 81.086 loading class com/android/tools/r8/internal/C00 done


Dynamic libraries:
0x00007ff7a0cd0000 - 0x00007ff7a0cda000 	C:\Program Files\Android\Android Studio\jre\bin\java.exe
0x00007ffd79a90000 - 0x00007ffd79c88000 	C:\WINDOWS\SYSTEM32\ntdll.dll
0x00007ffd79990000 - 0x00007ffd79a4f000 	C:\WINDOWS\System32\KERNEL32.DLL
0x00007ffd777f0000 - 0x00007ffd77ae6000 	C:\WINDOWS\System32\KERNELBASE.dll
0x00007ffd77660000 - 0x00007ffd77760000 	C:\WINDOWS\System32\ucrtbase.dll
0x00007ffd61290000 - 0x00007ffd612a7000 	C:\Program Files\Android\Android Studio\jre\bin\VCRUNTIME140.dll
0x00007ffd65ad0000 - 0x00007ffd65ae9000 	C:\Program Files\Android\Android Studio\jre\bin\jli.dll
0x00007ffd79430000 - 0x00007ffd795cd000 	C:\WINDOWS\System32\USER32.dll
0x00007ffd77210000 - 0x00007ffd77232000 	C:\WINDOWS\System32\win32u.dll
0x00007ffd77ef0000 - 0x00007ffd77f1c000 	C:\WINDOWS\System32\GDI32.dll
0x00007ffd77490000 - 0x00007ffd775a5000 	C:\WINDOWS\System32\gdi32full.dll
0x00007ffd76490000 - 0x00007ffd7672a000 	C:\WINDOWS\WinSxS\amd64_microsoft.windows.common-controls_6595b64144ccf1df_6.0.19041.1110_none_60b5254171f9507e\COMCTL32.dll
0x00007ffd77170000 - 0x00007ffd7720d000 	C:\WINDOWS\System32\msvcp_win.dll
0x00007ffd77c40000 - 0x00007ffd77cde000 	C:\WINDOWS\System32\msvcrt.dll
0x00007ffd784c0000 - 0x00007ffd784f0000 	C:\WINDOWS\System32\IMM32.DLL
0x00007ffd2afe0000 - 0x00007ffd2b07d000 	C:\Program Files\Android\Android Studio\jre\bin\msvcp140.dll
0x00007ffd0e200000 - 0x00007ffd0ed02000 	C:\Program Files\Android\Android Studio\jre\bin\server\jvm.dll
0x00007ffd77af0000 - 0x00007ffd77b9f000 	C:\WINDOWS\System32\ADVAPI32.dll
0x00007ffd77ba0000 - 0x00007ffd77c3c000 	C:\WINDOWS\System32\sechost.dll
0x00007ffd78560000 - 0x00007ffd78686000 	C:\WINDOWS\System32\RPCRT4.dll
0x00007ffd77f20000 - 0x00007ffd77f28000 	C:\WINDOWS\System32\PSAPI.DLL
0x00007ffd66d80000 - 0x00007ffd66da7000 	C:\WINDOWS\SYSTEM32\WINMM.dll
0x00007ffd6d1b0000 - 0x00007ffd6d1b9000 	C:\WINDOWS\SYSTEM32\WSOCK32.dll
0x00007ffd67ec0000 - 0x00007ffd67eca000 	C:\WINDOWS\SYSTEM32\VERSION.dll
0x00007ffd784f0000 - 0x00007ffd7855b000 	C:\WINDOWS\System32\WS2_32.dll
0x00007ffd74a00000 - 0x00007ffd74a12000 	C:\WINDOWS\SYSTEM32\kernel.appcore.dll
0x00007ffd5fe00000 - 0x00007ffd5fe11000 	C:\Program Files\Android\Android Studio\jre\bin\verify.dll
0x00007ffd76b80000 - 0x00007ffd76d64000 	C:\WINDOWS\SYSTEM32\DBGHELP.DLL
0x00007ffd76a40000 - 0x00007ffd76a74000 	C:\WINDOWS\SYSTEM32\dbgcore.DLL
0x00007ffd77760000 - 0x00007ffd777e2000 	C:\WINDOWS\System32\bcryptPrimitives.dll
0x00007ffd2b580000 - 0x00007ffd2b5a9000 	C:\Program Files\Android\Android Studio\jre\bin\java.dll
0x00007ffd68a50000 - 0x00007ffd68a5b000 	C:\Program Files\Android\Android Studio\jre\bin\jimage.dll
0x00007ffd3e3f0000 - 0x00007ffd3e408000 	C:\Program Files\Android\Android Studio\jre\bin\zip.dll
0x00007ffd78b40000 - 0x00007ffd79284000 	C:\WINDOWS\System32\SHELL32.dll
0x00007ffd74b70000 - 0x00007ffd75304000 	C:\WINDOWS\SYSTEM32\windows.storage.dll
0x00007ffd78740000 - 0x00007ffd78a94000 	C:\WINDOWS\System32\combase.dll
0x00007ffd763f0000 - 0x00007ffd7641e000 	C:\WINDOWS\SYSTEM32\Wldp.dll
0x00007ffd796b0000 - 0x00007ffd7975d000 	C:\WINDOWS\System32\SHCORE.dll
0x00007ffd79290000 - 0x00007ffd792e5000 	C:\WINDOWS\System32\shlwapi.dll
0x00007ffd770a0000 - 0x00007ffd770c5000 	C:\WINDOWS\SYSTEM32\profapi.dll
0x00007ffd3dd40000 - 0x00007ffd3dd5a000 	C:\Program Files\Android\Android Studio\jre\bin\net.dll
0x00007ffd6f200000 - 0x00007ffd6f30a000 	C:\WINDOWS\SYSTEM32\WINHTTP.dll
0x00007ffd76320000 - 0x00007ffd7638a000 	C:\WINDOWS\system32\mswsock.dll
0x00007ffd3d5b0000 - 0x00007ffd3d5c4000 	C:\Program Files\Android\Android Studio\jre\bin\nio.dll
0x00007ffd3e820000 - 0x00007ffd3e847000 	C:\Users\fezia\.gradle\native\e1d6ef7f7dcc3fd88c89a11ec53ec762bb8ba0a96d01ffa2cd45eb1d1d8dd5c5\windows-amd64\native-platform.dll
0x00007ffd1aa60000 - 0x00007ffd1aba4000 	C:\Users\fezia\.gradle\native\0d407fdbe67a94daf76414ababcb853783967236a71b16ec16e742cd7a986fd3\windows-amd64\native-platform-file-events.dll
0x00007ffd61490000 - 0x00007ffd6149a000 	C:\Program Files\Android\Android Studio\jre\bin\management.dll
0x00007ffd61260000 - 0x00007ffd6126d000 	C:\Program Files\Android\Android Studio\jre\bin\management_ext.dll
0x00007ffd76ee0000 - 0x00007ffd76ef8000 	C:\WINDOWS\SYSTEM32\CRYPTSP.dll
0x00007ffd75b50000 - 0x00007ffd75b84000 	C:\WINDOWS\system32\rsaenh.dll
0x00007ffd77300000 - 0x00007ffd77327000 	C:\WINDOWS\System32\bcrypt.dll
0x00007ffd77060000 - 0x00007ffd7708e000 	C:\WINDOWS\SYSTEM32\USERENV.dll
0x00007ffd763b0000 - 0x00007ffd763bc000 	C:\WINDOWS\SYSTEM32\CRYPTBASE.dll
0x00007ffd75ec0000 - 0x00007ffd75efc000 	C:\WINDOWS\SYSTEM32\IPHLPAPI.DLL
0x00007ffd77ce0000 - 0x00007ffd77ce8000 	C:\WINDOWS\System32\NSI.dll
0x00007ffd6e2d0000 - 0x00007ffd6e2e7000 	C:\WINDOWS\SYSTEM32\dhcpcsvc6.DLL
0x00007ffd6ee80000 - 0x00007ffd6ee9d000 	C:\WINDOWS\SYSTEM32\dhcpcsvc.DLL
0x00007ffd75f00000 - 0x00007ffd75fca000 	C:\WINDOWS\SYSTEM32\DNSAPI.dll
0x00007ffd3e410000 - 0x00007ffd3e42e000 	C:\Users\fezia\AppData\Local\Temp\native-platform9565532479720735252dir\native-platform.dll
0x00007ffd2ba50000 - 0x00007ffd2ba6e000 	C:\Users\fezia\AppData\Local\Temp\native-platform17822355400753814808dir\native-platform.dll
0x00007ffd611e0000 - 0x00007ffd611e8000 	C:\Program Files\Android\Android Studio\jre\bin\rmi.dll

dbghelp: loaded successfully - version: 4.0.5 - missing functions: none
symbol engine: initialized successfully - sym options: 0x614 - pdb path: .;C:\Program Files\Android\Android Studio\jre\bin;C:\WINDOWS\SYSTEM32;C:\WINDOWS\WinSxS\amd64_microsoft.windows.common-controls_6595b64144ccf1df_6.0.19041.1110_none_60b5254171f9507e;C:\Program Files\Android\Android Studio\jre\bin\server;C:\Users\fezia\.gradle\native\e1d6ef7f7dcc3fd88c89a11ec53ec762bb8ba0a96d01ffa2cd45eb1d1d8dd5c5\windows-amd64;C:\Users\fezia\.gradle\native\0d407fdbe67a94daf76414ababcb853783967236a71b16ec16e742cd7a986fd3\windows-amd64;C:\Users\fezia\AppData\Local\Temp\native-platform9565532479720735252dir;C:\Users\fezia\AppData\Local\Temp\native-platform17822355400753814808dir

VM Arguments:
jvm_args: -XX:MaxMetaspaceSize=512m --add-opens=java.base/java.util=ALL-UNNAMED --add-opens=java.base/java.lang=ALL-UNNAMED --add-opens=java.base/java.lang.invoke=ALL-UNNAMED --add-opens=java.base/java.util=ALL-UNNAMED --add-opens=java.prefs/java.util.prefs=ALL-UNNAMED --add-opens=java.prefs/java.util.prefs=ALL-UNNAMED --add-opens=java.base/java.nio.charset=ALL-UNNAMED --add-opens=java.base/java.net=ALL-UNNAMED --add-opens=java.base/java.util.concurrent.atomic=ALL-UNNAMED -Xmx2048m -Dfile.encoding=windows-1252 -Duser.country=US -Duser.language=en -Duser.variant 
java_command: org.gradle.launcher.daemon.bootstrap.GradleDaemon 7.5.1
java_class_path (initial): C:\Users\fezia\.gradle\wrapper\dists\gradle-7.5.1-all\1ehga6e77gqps5uk2kc5kf1vc\gradle-7.5.1\lib\gradle-launcher-7.5.1.jar
Launcher Type: SUN_STANDARD

[Global flags]
     intx CICompilerCount                          = 3                                         {product} {ergonomic}
   size_t CompressedClassSpaceSize                 = 528482304                                 {product} {ergonomic}
     uint ConcGCThreads                            = 1                                         {product} {ergonomic}
     uint G1ConcRefinementThreads                  = 4                                         {product} {ergonomic}
   size_t G1HeapRegionSize                         = 1048576                                   {product} {ergonomic}
    uintx GCDrainStackTargetSize                   = 64                                        {product} {ergonomic}
   size_t InitialHeapSize                          = 65011712                                  {product} {ergonomic}
   size_t MarkStackSize                            = 4194304                                   {product} {ergonomic}
   size_t MaxHeapSize                              = 2147483648                                {product} {command line}
   size_t MaxMetaspaceSize                         = 536870912                                 {product} {command line}
   size_t MaxNewSize                               = 1287651328                                {product} {ergonomic}
   size_t MinHeapDeltaBytes                        = 1048576                                   {product} {ergonomic}
    uintx NonNMethodCodeHeapSize                   = 5830732                                {pd product} {ergonomic}
    uintx NonProfiledCodeHeapSize                  = 122913754                              {pd product} {ergonomic}
    uintx ProfiledCodeHeapSize                     = 122913754                              {pd product} {ergonomic}
    uintx ReservedCodeCacheSize                    = 251658240                              {pd product} {ergonomic}
     bool SegmentedCodeCache                       = true                                      {product} {ergonomic}
     bool UseCompressedClassPointers               = true                                 {lp64_product} {ergonomic}
     bool UseCompressedOops                        = true                                 {lp64_product} {ergonomic}
     bool UseG1GC                                  = true                                      {product} {ergonomic}
     bool UseLargePagesIndividualAllocation        = false                                  {pd product} {ergonomic}

Logging:
Log output configuration:
 #0: stdout all=warning uptime,level,tags
 #1: stderr all=off uptime,level,tags

Environment Variables:
JAVA_HOME=C:\Program Files\Android\Android Studio\jre
CLASSPATH=C:\Users\fezia\Tradly\android\\gradle\wrapper\gradle-wrapper.jar
PATH=C:\Users\fezia\Tradly\android\node_modules\.bin;C:\Users\fezia\Tradly\node_modules\.bin;C:\Users\fezia\node_modules\.bin;C:\Users\node_modules\.bin;C:\node_modules\.bin;C:\Program Files\nodejs;C:\Users\fezia\AppData\Local\Temp\yarn--1689841270105-0.004753462815412224;C:\Users\fezia\Tradly\node_modules\.bin;C:\Users\fezia\AppData\Local\Yarn\Data\link\node_modules\.bin;C:\Users\fezia\AppData\Local\Yarn\bin;C:\Program Files\libexec\lib\node_modules\npm\bin\node-gyp-bin;C:\Program Files\lib\node_modules\npm\bin\node-gyp-bin;C:\Program Files\nodejs\node_modules\npm\bin\node-gyp-bin;C:\Program Files\Microsoft\jdk-11.0.18.10-hotspot\bin;C:\WINDOWS\system32;C:\WINDOWS;C:\WINDOWS\System32\Wbem;C:\WINDOWS\System32\WindowsPowerShell\v1.0\;C:\WINDOWS\System32\OpenSSH\;C:\Program Files\Git\cmd;C:\ProgramData\chocolatey\bin;C:\Program Files\nodejs\;C:\Users\fezia\AppData\Local\Android\Sdk\platform-tools;C:\Users\fezia\AppData\Local\Microsoft\WindowsApps;C:\Users\fezia\AppData\Local\Programs\Microsoft VS Code\bin;C:\Users\fezia\AppData\Local\Android\Sdk\platform-tools;C:\Users\fezia\AppData\Roaming\npm
USERNAME=fezia
OS=Windows_NT
PROCESSOR_IDENTIFIER=Intel64 Family 6 Model 58 Stepping 9, GenuineIntel



---------------  S Y S T E M  ---------------

OS: Windows 10 , 64 bit Build 19041 (10.0.19041.3155)
OS uptime: 4 days 13:00 hours
Hyper-V role detected

CPU:total 4 (initial active 4) (2 cores per cpu, 2 threads per core) family 6 model 58 stepping 9 microcode 0x21, cmov, cx8, fxsr, mmx, sse, sse2, sse3, ssse3, sse4.1, sse4.2, popcnt, avx, aes, clmul, erms, ht, tsc, tscinvbit, tscinv

Memory: 4k page, system-wide physical 3959M (341M free)
TotalPageFile size 16247M (AvailPageFile size 1M)
current process WorkingSet (physical memory assigned to process): 605M, peak: 642M
current process commit charge ("private bytes"): 743M, peak: 753M

vm_info: OpenJDK 64-Bit Server VM (11.0.13+0-b1751.21-8125866) for windows-amd64 JRE (11.0.13+0-b1751.21-8125866), built on Feb  2 2022 03:00:22 by "builder" with MS VC++ 14.0 (VS2015)

END.
